<?xml version="1.0" encoding="utf-8"?>
<TestRun id="4d310ac8-8f79-42dd-bf78-b1d45f9c1a32" name="@534fafdaaf2d 2025-12-04 22:42:17" xmlns="http://microsoft.com/schemas/VisualStudio/TeamTest/2010">
  <Times creation="2025-12-04T22:42:17.7728912+00:00" queuing="2025-12-04T22:42:17.7728913+00:00" start="2025-12-04T22:42:17.1904939+00:00" finish="2025-12-04T22:42:18.3998275+00:00" />
  <TestSettings name="default" id="af274dd1-5ace-46fa-a5a8-1096ebbc56ba">
    <Deployment runDeploymentRoot="_534fafdaaf2d_2025-12-04_22_42_17" />
  </TestSettings>
  <Results>
    <UnitTestResult executionId="d960c5f3-bd62-4f15-9280-ec67c9ac099a" testId="73eeab13-e94f-36b6-971a-6d2da5564e91" testName="TheatreCenter.Tests.Services.MusicalServiceMockTests.CreateMusicalAsync_InvalidDuration_ThrowsArgumentException" computerName="534fafdaaf2d" duration="00:00:00.0019656" startTime="2025-12-04T22:42:17.8138538+00:00" endTime="2025-12-04T22:42:17.8158364+00:00" testType="13cdc9d9-ddb5-4fa4-a97d-d965ccfc6d4b" outcome="Passed" testListId="8c84fa94-04c1-424b-9868-57a2d4851a1d" relativeResultsDirectory="d960c5f3-bd62-4f15-9280-ec67c9ac099a" />
    <UnitTestResult executionId="d5b7e7e6-e6d0-45c8-907a-c03ff7200944" testId="e5b82b09-2bc8-85c8-d5ab-0a53f1e7b284" testName="TheatreCenter.Tests.Repositories.MusicalRepositoryTests.GetByIdAsync_MusicalNotExists_ReturnsNull" computerName="534fafdaaf2d" duration="00:00:00.0159572" startTime="2025-12-04T22:42:18.1814467+00:00" endTime="2025-12-04T22:42:18.1972711+00:00" testType="13cdc9d9-ddb5-4fa4-a97d-d965ccfc6d4b" outcome="Passed" testListId="8c84fa94-04c1-424b-9868-57a2d4851a1d" relativeResultsDirectory="d5b7e7e6-e6d0-45c8-907a-c03ff7200944" />
    <UnitTestResult executionId="d310ad8e-2dde-4d63-b228-1aefeb78d231" testId="6cd2bad4-b9b9-93d6-8720-c0c8f2226cb0" testName="TheatreCenter.Tests.Services.ShowServiceMockTests.GetByIdAsync_InvalidId_ThrowsArgumentException" computerName="534fafdaaf2d" duration="00:00:00.0532569" startTime="2025-12-04T22:42:17.6670442+00:00" endTime="2025-12-04T22:42:17.7215542+00:00" testType="13cdc9d9-ddb5-4fa4-a97d-d965ccfc6d4b" outcome="Passed" testListId="8c84fa94-04c1-424b-9868-57a2d4851a1d" relativeResultsDirectory="d310ad8e-2dde-4d63-b228-1aefeb78d231" />
    <UnitTestResult executionId="c97a5fa1-26d2-4e7b-bc2b-ab5772dd40c5" testId="f1b2ac44-ad81-3cf6-85cd-dc94fae680a4" testName="TheatreCenter.Tests.Repositories.TheatreRepositoryTests.GetByIdAsync_TheatreExists_ReturnsTheatre" computerName="534fafdaaf2d" duration="00:00:00.0015251" startTime="2025-12-04T22:42:18.2129325+00:00" endTime="2025-12-04T22:42:18.2138748+00:00" testType="13cdc9d9-ddb5-4fa4-a97d-d965ccfc6d4b" outcome="Passed" testListId="8c84fa94-04c1-424b-9868-57a2d4851a1d" relativeResultsDirectory="c97a5fa1-26d2-4e7b-bc2b-ab5772dd40c5" />
    <UnitTestResult executionId="c0fc3ed8-d3de-4322-8782-c1f634eeb8fe" testId="2723228c-42b2-29c9-f096-15f5194bdaf0" testName="TheatreCenter.Tests.Services.TheatreServiceMockTests.DeleteTheatreAsync_ValidId_ReturnsTrue" computerName="534fafdaaf2d" duration="00:00:00.0028405" startTime="2025-12-04T22:42:17.8091894+00:00" endTime="2025-12-04T22:42:17.8116030+00:00" testType="13cdc9d9-ddb5-4fa4-a97d-d965ccfc6d4b" outcome="Passed" testListId="8c84fa94-04c1-424b-9868-57a2d4851a1d" relativeResultsDirectory="c0fc3ed8-d3de-4322-8782-c1f634eeb8fe" />
    <UnitTestResult executionId="2b972857-4295-4e9a-be4a-7eee0b5cdb10" testId="31203775-f63a-6b4d-f6c3-edc8ec852d7f" testName="TheatreCenter.Tests.Repositories.ShowRepositoryTests.GetByIdAsync_ShowExists_ReturnsShow" computerName="534fafdaaf2d" duration="00:00:00.0012042" startTime="2025-12-04T22:42:18.2173511+00:00" endTime="2025-12-04T22:42:18.2181183+00:00" testType="13cdc9d9-ddb5-4fa4-a97d-d965ccfc6d4b" outcome="Passed" testListId="8c84fa94-04c1-424b-9868-57a2d4851a1d" relativeResultsDirectory="2b972857-4295-4e9a-be4a-7eee0b5cdb10" />
    <UnitTestResult executionId="6e9ce8f0-89ae-4c1a-b007-05a0744b7ea2" testId="6bed8b59-a40f-883e-7efa-2d441d4ff52b" testName="TheatreCenter.Tests.Services.RoleServiceMockTests.DeleteAsync_ValidRole_ReturnsTrue" computerName="534fafdaaf2d" duration="00:00:00.0036386" startTime="2025-12-04T22:42:17.8029783+00:00" endTime="2025-12-04T22:42:17.8065571+00:00" testType="13cdc9d9-ddb5-4fa4-a97d-d965ccfc6d4b" outcome="Passed" testListId="8c84fa94-04c1-424b-9868-57a2d4851a1d" relativeResultsDirectory="6e9ce8f0-89ae-4c1a-b007-05a0744b7ea2" />
    <UnitTestResult executionId="13a8531d-fc8c-47e1-b9b4-d2c5e98b2440" testId="d9489141-fb80-ffcd-d4f7-1c43a05de285" testName="TheatreCenter.Tests.Repositories.ShowRepositoryTests.GetByMusicalIdAsync_NoShowsForMusical_ReturnsEmpty" computerName="534fafdaaf2d" duration="00:00:00.0011315" startTime="2025-12-04T22:42:18.2194469+00:00" endTime="2025-12-04T22:42:18.2204448+00:00" testType="13cdc9d9-ddb5-4fa4-a97d-d965ccfc6d4b" outcome="Passed" testListId="8c84fa94-04c1-424b-9868-57a2d4851a1d" relativeResultsDirectory="13a8531d-fc8c-47e1-b9b4-d2c5e98b2440" />
    <UnitTestResult executionId="e87f2d35-3249-44ef-ae2e-6a8d311967ac" testId="d86b6472-26f5-816a-d159-2c1795e900ac" testName="TheatreCenter.Tests.Repositories.ThemeRepositoryTests.GetByIdAsync_ThemeExists_ReturnsTheme" computerName="534fafdaaf2d" duration="00:00:00.4974565" startTime="2025-12-04T22:42:17.6670650+00:00" endTime="2025-12-04T22:42:18.1641076+00:00" testType="13cdc9d9-ddb5-4fa4-a97d-d965ccfc6d4b" outcome="Passed" testListId="8c84fa94-04c1-424b-9868-57a2d4851a1d" relativeResultsDirectory="e87f2d35-3249-44ef-ae2e-6a8d311967ac" />
    <UnitTestResult executionId="82daff6d-fa3f-4d89-ad41-b22bf7a85a4a" testId="6406a12e-e1a0-31b6-01e3-3f150d7dfe97" testName="TheatreCenter.Tests.Repositories.ActorRepositoryTests.GetAllAsync_NoActors_ReturnsEmpty" computerName="534fafdaaf2d" duration="00:00:00.0112306" startTime="2025-12-04T22:42:18.1979915+00:00" endTime="2025-12-04T22:42:18.2085746+00:00" testType="13cdc9d9-ddb5-4fa4-a97d-d965ccfc6d4b" outcome="Passed" testListId="8c84fa94-04c1-424b-9868-57a2d4851a1d" relativeResultsDirectory="82daff6d-fa3f-4d89-ad41-b22bf7a85a4a" />
    <UnitTestResult executionId="14f9382c-6dee-4a70-8255-cfd7ea37595c" testId="04d53c06-cf51-b187-e653-d7f0f638c47f" testName="TheatreCenter.UnitTests.Tests.Monitoring.MonitoringOverheadTests.Collects_resource_usage_snapshots(tracingEnabled: False, extendedLogging: False)" computerName="534fafdaaf2d" duration="00:00:00.0128855" startTime="2025-12-04T22:42:17.9431245+00:00" endTime="2025-12-04T22:42:17.9561713+00:00" testType="13cdc9d9-ddb5-4fa4-a97d-d965ccfc6d4b" outcome="Passed" testListId="8c84fa94-04c1-424b-9868-57a2d4851a1d" relativeResultsDirectory="14f9382c-6dee-4a70-8255-cfd7ea37595c" />
    <UnitTestResult executionId="49deedaa-a21b-493e-9e07-663c5e5bb04b" testId="d995ebad-1463-0988-7b5d-464e8a788d39" testName="TheatreCenter.Tests.Services.ActorServiceMockTests.CreateActorAsync_InvalidHeight_ThrowsArgumentException" computerName="534fafdaaf2d" duration="00:00:00.0903658" startTime="2025-12-04T22:42:17.6867074+00:00" endTime="2025-12-04T22:42:17.7569337+00:00" testType="13cdc9d9-ddb5-4fa4-a97d-d965ccfc6d4b" outcome="Passed" testListId="8c84fa94-04c1-424b-9868-57a2d4851a1d" relativeResultsDirectory="49deedaa-a21b-493e-9e07-663c5e5bb04b" />
    <UnitTestResult executionId="920536b4-3b58-4809-8599-c02e04e42706" testId="d11470df-1e41-0fce-432d-720824e12271" testName="TheatreCenter.Tests.Services.AccountServiceMockTests.AuthenticateAsync_InvalidPassword_ThrowsUnauthorizedAccessException" computerName="534fafdaaf2d" duration="00:00:00.0053963" startTime="2025-12-04T22:42:17.7882783+00:00" endTime="2025-12-04T22:42:17.7937343+00:00" testType="13cdc9d9-ddb5-4fa4-a97d-d965ccfc6d4b" outcome="Passed" testListId="8c84fa94-04c1-424b-9868-57a2d4851a1d" relativeResultsDirectory="920536b4-3b58-4809-8599-c02e04e42706" />
    <UnitTestResult executionId="3a53cc5c-6d94-47e6-8cf5-d90fa589125a" testId="632908aa-89fa-99fe-c438-da1fbb6889e5" testName="TheatreCenter.Tests.Services.AccountServiceMockTests.ChangePasswordAsync_ValidAccount_ChangesPassword" computerName="534fafdaaf2d" duration="00:00:00.0037590" startTime="2025-12-04T22:42:17.7845048+00:00" endTime="2025-12-04T22:42:17.7881693+00:00" testType="13cdc9d9-ddb5-4fa4-a97d-d965ccfc6d4b" outcome="Passed" testListId="8c84fa94-04c1-424b-9868-57a2d4851a1d" relativeResultsDirectory="3a53cc5c-6d94-47e6-8cf5-d90fa589125a" />
    <UnitTestResult executionId="4d82b0a4-b103-49fb-881b-bf6794ececcb" testId="fe3d6643-cf08-339c-eb18-a0bc9e5129f5" testName="TheatreCenter.Tests.Repositories.ThemeRepositoryTests.GetByIdAsync_ThemeNotExists_ReturnsNull" computerName="534fafdaaf2d" duration="00:00:00.0103556" startTime="2025-12-04T22:42:18.2073868+00:00" endTime="2025-12-04T22:42:18.2091410+00:00" testType="13cdc9d9-ddb5-4fa4-a97d-d965ccfc6d4b" outcome="Passed" testListId="8c84fa94-04c1-424b-9868-57a2d4851a1d" relativeResultsDirectory="4d82b0a4-b103-49fb-881b-bf6794ececcb" />
    <UnitTestResult executionId="d002e5f8-dfc0-40ad-9dc3-49c125c8d81f" testId="2ccea7c4-5783-a0e7-6630-f21a0ea5ba0a" testName="TheatreCenter.Tests.Repositories.CastMemberRepositoryTests.GetByShowAndRoleAsync_NoMatch_ReturnsNull" computerName="534fafdaaf2d" duration="00:00:00.0005118" startTime="2025-12-04T22:42:18.2402377+00:00" endTime="2025-12-04T22:42:18.2406595+00:00" testType="13cdc9d9-ddb5-4fa4-a97d-d965ccfc6d4b" outcome="Passed" testListId="8c84fa94-04c1-424b-9868-57a2d4851a1d" relativeResultsDirectory="d002e5f8-dfc0-40ad-9dc3-49c125c8d81f" />
    <UnitTestResult executionId="c6b8d907-d610-44f4-be1d-3e84e6d416c1" testId="493630b0-743a-af09-e650-22f161ccde24" testName="TheatreCenter.Tests.Services.TheatreServiceMockTests.UpdateTheatreAsync_ValidTheatre_ReturnsUpdatedTheatre" computerName="534fafdaaf2d" duration="00:00:00.1189852" startTime="2025-12-04T22:42:17.6871538+00:00" endTime="2025-12-04T22:42:17.7868115+00:00" testType="13cdc9d9-ddb5-4fa4-a97d-d965ccfc6d4b" outcome="Passed" testListId="8c84fa94-04c1-424b-9868-57a2d4851a1d" relativeResultsDirectory="c6b8d907-d610-44f4-be1d-3e84e6d416c1" />
    <UnitTestResult executionId="4fab2440-0456-4293-a21e-d5546ecaed16" testId="29db070a-116a-d87c-ebce-19a3b9a8e79e" testName="TheatreCenter.Tests.Repositories.RoleRepositoryTests.UpdateAsync_ValidRole_UpdatesSuccessfully" computerName="534fafdaaf2d" duration="00:00:00.0017345" startTime="2025-12-04T22:42:18.2113193+00:00" endTime="2025-12-04T22:42:18.2123963+00:00" testType="13cdc9d9-ddb5-4fa4-a97d-d965ccfc6d4b" outcome="Passed" testListId="8c84fa94-04c1-424b-9868-57a2d4851a1d" relativeResultsDirectory="4fab2440-0456-4293-a21e-d5546ecaed16" />
    <UnitTestResult executionId="eacf94c6-2979-4c22-8386-c9695aaee1db" testId="648606a5-fc5a-7653-8c7f-f61369336063" testName="TheatreCenter.Tests.Repositories.ShowRepositoryTests.GetByIdAsync_ShowNotExists_ReturnsNull" computerName="534fafdaaf2d" duration="00:00:00.0005294" startTime="2025-12-04T22:42:18.2319484+00:00" endTime="2025-12-04T22:42:18.2328994+00:00" testType="13cdc9d9-ddb5-4fa4-a97d-d965ccfc6d4b" outcome="Passed" testListId="8c84fa94-04c1-424b-9868-57a2d4851a1d" relativeResultsDirectory="eacf94c6-2979-4c22-8386-c9695aaee1db" />
    <UnitTestResult executionId="f7b10d69-8baa-4e6b-8425-0d7b5d6a9059" testId="f04df164-cc9d-da24-65ed-d9d3667e5dcb" testName="TheatreCenter.Tests.Repositories.CastMemberRepositoryTests.GetByActorIdAsync_ValidActorId_ReturnsCastMembers" computerName="534fafdaaf2d" duration="00:00:00.0059477" startTime="2025-12-04T22:42:18.2289929+00:00" endTime="2025-12-04T22:42:18.2342123+00:00" testType="13cdc9d9-ddb5-4fa4-a97d-d965ccfc6d4b" outcome="Passed" testListId="8c84fa94-04c1-424b-9868-57a2d4851a1d" relativeResultsDirectory="f7b10d69-8baa-4e6b-8425-0d7b5d6a9059" />
    <UnitTestResult executionId="90ff1d7d-c032-4d69-be69-2cb3d146f041" testId="4c991c94-6cc1-df16-3802-de8e952cbf67" testName="TheatreCenter.Tests.Services.CastMemberServiceMockTests.GetByActorIdAsync_ValidId_ReturnsCastMembers" computerName="534fafdaaf2d" duration="00:00:00.0040577" startTime="2025-12-04T22:42:17.8293690+00:00" endTime="2025-12-04T22:42:17.8299825+00:00" testType="13cdc9d9-ddb5-4fa4-a97d-d965ccfc6d4b" outcome="Passed" testListId="8c84fa94-04c1-424b-9868-57a2d4851a1d" relativeResultsDirectory="90ff1d7d-c032-4d69-be69-2cb3d146f041" />
    <UnitTestResult executionId="2b89b197-a888-4aa1-b656-cfcd24f292c8" testId="964bf5a3-3eeb-a499-37fe-9fcb4223698f" testName="TheatreCenter.Tests.Services.TheatreServiceMockTests.CreateTheatreAsync_NullTheatre_ThrowsArgumentNullException" computerName="534fafdaaf2d" duration="00:00:00.0067300" startTime="2025-12-04T22:42:17.7954648+00:00" endTime="2025-12-04T22:42:17.8015360+00:00" testType="13cdc9d9-ddb5-4fa4-a97d-d965ccfc6d4b" outcome="Passed" testListId="8c84fa94-04c1-424b-9868-57a2d4851a1d" relativeResultsDirectory="2b89b197-a888-4aa1-b656-cfcd24f292c8" />
    <UnitTestResult executionId="59ccce0f-7574-463c-b3e9-fd3d9f299ebe" testId="ccd63bca-e611-9a5b-5b95-3b69f4e687f1" testName="TheatreCenter.Tests.Services.CastMemberServiceMockTests.CreateAsync_RoleAlreadyAssigned_ThrowsInvalidOperationException" computerName="534fafdaaf2d" duration="00:00:00.0178800" startTime="2025-12-04T22:42:17.8097760+00:00" endTime="2025-12-04T22:42:17.8292545+00:00" testType="13cdc9d9-ddb5-4fa4-a97d-d965ccfc6d4b" outcome="Passed" testListId="8c84fa94-04c1-424b-9868-57a2d4851a1d" relativeResultsDirectory="59ccce0f-7574-463c-b3e9-fd3d9f299ebe" />
    <UnitTestResult executionId="a534d964-2df9-42b6-9661-8af35f526f85" testId="19598e97-740b-73d3-1352-52f0bd468a97" testName="TheatreCenter.Tests.Repositories.AccountRepositoryTests.GetByUsernameAsync_UsernameNotExists_ReturnsNull" computerName="534fafdaaf2d" duration="00:00:00.0004650" startTime="2025-12-04T22:42:18.3057542+00:00" endTime="2025-12-04T22:42:18.3061252+00:00" testType="13cdc9d9-ddb5-4fa4-a97d-d965ccfc6d4b" outcome="Passed" testListId="8c84fa94-04c1-424b-9868-57a2d4851a1d" relativeResultsDirectory="a534d964-2df9-42b6-9661-8af35f526f85" />
    <UnitTestResult executionId="4dedc6ab-2efa-442c-81fb-d37607641818" testId="9ea04b0d-2348-aca0-d1b7-d5967bfa7da9" testName="TheatreCenter.Tests.Services.AccountServiceMockTests.DeleteAsync_ValidId_DeletesSuccessfully" computerName="534fafdaaf2d" duration="00:00:00.0023053" startTime="2025-12-04T22:42:17.8025598+00:00" endTime="2025-12-04T22:42:17.8048575+00:00" testType="13cdc9d9-ddb5-4fa4-a97d-d965ccfc6d4b" outcome="Passed" testListId="8c84fa94-04c1-424b-9868-57a2d4851a1d" relativeResultsDirectory="4dedc6ab-2efa-442c-81fb-d37607641818" />
    <UnitTestResult executionId="a74c2a4b-ded6-41f2-92d9-6d015c3c0464" testId="715b13ac-f729-a6bb-ad9b-e04d31531cf9" testName="TheatreCenter.Tests.Repositories.TheatreRepositoryTests.GetAllAsync_TheatresExist_ReturnsTheatres" computerName="534fafdaaf2d" duration="00:00:00.0143177" startTime="2025-12-04T22:42:18.1976528+00:00" endTime="2025-12-04T22:42:18.2116832+00:00" testType="13cdc9d9-ddb5-4fa4-a97d-d965ccfc6d4b" outcome="Passed" testListId="8c84fa94-04c1-424b-9868-57a2d4851a1d" relativeResultsDirectory="a74c2a4b-ded6-41f2-92d9-6d015c3c0464" />
    <UnitTestResult executionId="67484575-5b1f-4162-a8da-c10986f4b964" testId="ef308d39-86c4-3f2d-a745-3d3072995ae8" testName="TheatreCenter.Tests.Services.ShowServiceMockTests.GetUpcomingShowsAsync_ReturnsShows" computerName="534fafdaaf2d" duration="00:00:00.0047966" startTime="2025-12-04T22:42:17.7900787+00:00" endTime="2025-12-04T22:42:17.7947796+00:00" testType="13cdc9d9-ddb5-4fa4-a97d-d965ccfc6d4b" outcome="Passed" testListId="8c84fa94-04c1-424b-9868-57a2d4851a1d" relativeResultsDirectory="67484575-5b1f-4162-a8da-c10986f4b964" />
    <UnitTestResult executionId="4416e5e6-6d5c-4592-98ca-f72b2b3943ff" testId="ab36c658-d099-535d-d48e-357d1b6b03c4" testName="TheatreCenter.Tests.Repositories.AccountRepositoryTests.GetAllAsync_NoAccounts_ReturnsEmpty" computerName="534fafdaaf2d" duration="00:00:00.0022907" startTime="2025-12-04T22:42:18.2975317+00:00" endTime="2025-12-04T22:42:18.2991280+00:00" testType="13cdc9d9-ddb5-4fa4-a97d-d965ccfc6d4b" outcome="Passed" testListId="8c84fa94-04c1-424b-9868-57a2d4851a1d" relativeResultsDirectory="4416e5e6-6d5c-4592-98ca-f72b2b3943ff" />
    <UnitTestResult executionId="dc6a0791-2e63-4a8a-8bb8-6b4417e14bee" testId="887e68b3-c4fe-8b55-8859-c5b189eee0f6" testName="TheatreCenter.Tests.Services.TheatreServiceMockTests.CreateTheatreAsync_ValidTheatre_ReturnsCreatedTheatre" computerName="534fafdaaf2d" duration="00:00:00.0016237" startTime="2025-12-04T22:42:17.8355675+00:00" endTime="2025-12-04T22:42:17.8370100+00:00" testType="13cdc9d9-ddb5-4fa4-a97d-d965ccfc6d4b" outcome="Passed" testListId="8c84fa94-04c1-424b-9868-57a2d4851a1d" relativeResultsDirectory="dc6a0791-2e63-4a8a-8bb8-6b4417e14bee" />
    <UnitTestResult executionId="f3688465-76f7-46fb-a057-9cdbd37e1cc3" testId="da0d630d-bc16-cd1c-db36-26a40e05a163" testName="TheatreCenter.Tests.Services.RoleServiceMockTests.GetByMusicalIdAsync_ValidId_ReturnsRoles" computerName="534fafdaaf2d" duration="00:00:00.0031325" startTime="2025-12-04T22:42:17.8121085+00:00" endTime="2025-12-04T22:42:17.8156649+00:00" testType="13cdc9d9-ddb5-4fa4-a97d-d965ccfc6d4b" outcome="Passed" testListId="8c84fa94-04c1-424b-9868-57a2d4851a1d" relativeResultsDirectory="f3688465-76f7-46fb-a057-9cdbd37e1cc3" />
    <UnitTestResult executionId="e9b77c48-7f8a-4862-b2ab-23382b0414cc" testId="207bcccd-5192-2027-4ca3-f2062f67b35f" testName="TheatreCenter.Tests.Services.ShowServiceMockTests.CreateAsync_MusicalNotFound_ThrowsArgumentException" computerName="534fafdaaf2d" duration="00:00:00.0024576" startTime="2025-12-04T22:42:17.8032750+00:00" endTime="2025-12-04T22:42:17.8056573+00:00" testType="13cdc9d9-ddb5-4fa4-a97d-d965ccfc6d4b" outcome="Passed" testListId="8c84fa94-04c1-424b-9868-57a2d4851a1d" relativeResultsDirectory="e9b77c48-7f8a-4862-b2ab-23382b0414cc" />
    <UnitTestResult executionId="d67c9257-15f6-4889-beb1-97c309b1dbc3" testId="e2c257a3-bda3-c0bb-cd6a-ea8604de21c5" testName="TheatreCenter.Tests.Services.MusicalServiceMockTests.CreateMusicalAsync_EmptyTitle_ThrowsArgumentException" computerName="534fafdaaf2d" duration="00:00:00.0089810" startTime="2025-12-04T22:42:17.7936549+00:00" endTime="2025-12-04T22:42:17.8025938+00:00" testType="13cdc9d9-ddb5-4fa4-a97d-d965ccfc6d4b" outcome="Passed" testListId="8c84fa94-04c1-424b-9868-57a2d4851a1d" relativeResultsDirectory="d67c9257-15f6-4889-beb1-97c309b1dbc3" />
    <UnitTestResult executionId="ec7bcb07-13ac-4d35-88fb-7d4125325c7e" testId="b5820dd9-79ef-d2d2-dd17-a7fd903004f1" testName="TheatreCenter.Tests.Repositories.ThemeRepositoryTests.RemoveAsync_ThemeExists_RemovesTheme" computerName="534fafdaaf2d" duration="00:00:00.0104280" startTime="2025-12-04T22:42:18.1884316+00:00" endTime="2025-12-04T22:42:18.1992068+00:00" testType="13cdc9d9-ddb5-4fa4-a97d-d965ccfc6d4b" outcome="Passed" testListId="8c84fa94-04c1-424b-9868-57a2d4851a1d" relativeResultsDirectory="ec7bcb07-13ac-4d35-88fb-7d4125325c7e" />
    <UnitTestResult executionId="90cb8c97-4b51-43f9-8065-ba7325ba5bdd" testId="e5d174bf-d760-26c6-ecb8-66d830021560" testName="TheatreCenter.Tests.Repositories.MusicalRepositoryTests.GetAllAsync_MusicalsExist_ReturnsMusicals" computerName="534fafdaaf2d" duration="00:00:00.5043796" startTime="2025-12-04T22:42:17.6670086+00:00" endTime="2025-12-04T22:42:18.1709248+00:00" testType="13cdc9d9-ddb5-4fa4-a97d-d965ccfc6d4b" outcome="Passed" testListId="8c84fa94-04c1-424b-9868-57a2d4851a1d" relativeResultsDirectory="90cb8c97-4b51-43f9-8065-ba7325ba5bdd" />
    <UnitTestResult executionId="1c73a94d-d9f7-4ed5-ab7c-8b5d9dd02899" testId="06abd993-f418-8dea-4e1a-b8bffb3f2dc6" testName="TheatreCenter.Tests.Repositories.AccountRepositoryTests.GetByIdAsync_AccountExists_ReturnsAccount" computerName="534fafdaaf2d" duration="00:00:00.0014677" startTime="2025-12-04T22:42:18.3092393+00:00" endTime="2025-12-04T22:42:18.3106199+00:00" testType="13cdc9d9-ddb5-4fa4-a97d-d965ccfc6d4b" outcome="Passed" testListId="8c84fa94-04c1-424b-9868-57a2d4851a1d" relativeResultsDirectory="1c73a94d-d9f7-4ed5-ab7c-8b5d9dd02899" />
    <UnitTestResult executionId="a752b1ae-cca4-41cd-82ed-6739cf3205de" testId="bcbae016-76ba-19bd-64e0-449193e8747c" testName="TheatreCenter.Tests.Services.CastMemberServiceMockTests.CreateAsync_ValidCastMember_ReturnsCreatedCastMember" computerName="534fafdaaf2d" duration="00:00:00.1205879" startTime="2025-12-04T22:42:17.6870202+00:00" endTime="2025-12-04T22:42:17.7878985+00:00" testType="13cdc9d9-ddb5-4fa4-a97d-d965ccfc6d4b" outcome="Passed" testListId="8c84fa94-04c1-424b-9868-57a2d4851a1d" relativeResultsDirectory="a752b1ae-cca4-41cd-82ed-6739cf3205de" />
    <UnitTestResult executionId="8b37e23d-41f3-409d-b5a1-2e5c484130f9" testId="0f3c1056-e6ac-7dba-b68e-fac1a049edce" testName="TheatreCenter.Tests.Services.TheatreServiceMockTests.GetTheatreByIdAsync_RepositoryThrowsException_ThrowsException" computerName="534fafdaaf2d" duration="00:00:00.0012883" startTime="2025-12-04T22:42:17.8123743+00:00" endTime="2025-12-04T22:42:17.8139257+00:00" testType="13cdc9d9-ddb5-4fa4-a97d-d965ccfc6d4b" outcome="Passed" testListId="8c84fa94-04c1-424b-9868-57a2d4851a1d" relativeResultsDirectory="8b37e23d-41f3-409d-b5a1-2e5c484130f9" />
    <UnitTestResult executionId="ffcc7039-3e51-4da1-901a-4c91683c9d4f" testId="b031f0dd-43b9-f21e-727c-145cd420709c" testName="TheatreCenter.Tests.Services.ActorServiceMockTests.DeleteActorAsync_ActorWithRoles_ThrowsInvalidOperationException" computerName="534fafdaaf2d" duration="00:00:00.0074689" startTime="2025-12-04T22:42:17.7776278+00:00" endTime="2025-12-04T22:42:17.7849534+00:00" testType="13cdc9d9-ddb5-4fa4-a97d-d965ccfc6d4b" outcome="Passed" testListId="8c84fa94-04c1-424b-9868-57a2d4851a1d" relativeResultsDirectory="ffcc7039-3e51-4da1-901a-4c91683c9d4f" />
    <UnitTestResult executionId="e1c7cbdc-03b2-49f0-ba26-8d774ed9463a" testId="1ca56c21-b450-5c77-fa85-b5e0b1b6f470" testName="TheatreCenter.Tests.Services.ShowServiceMockTests.GetByIdAsync_ShowNotFound_ThrowsKeyNotFoundException" computerName="534fafdaaf2d" duration="00:00:00.0014166" startTime="2025-12-04T22:42:17.7866538+00:00" endTime="2025-12-04T22:42:17.7871354+00:00" testType="13cdc9d9-ddb5-4fa4-a97d-d965ccfc6d4b" outcome="Passed" testListId="8c84fa94-04c1-424b-9868-57a2d4851a1d" relativeResultsDirectory="e1c7cbdc-03b2-49f0-ba26-8d774ed9463a" />
    <UnitTestResult executionId="da032d5f-c58b-4b01-97a4-e435e20ade81" testId="257b5747-bd20-a185-9f32-6ff1d1f76a50" testName="TheatreCenter.Tests.Services.CastMemberServiceMockTests.GetByIdAsync_CastMemberExists_ReturnsCastMember" computerName="534fafdaaf2d" duration="00:00:00.0056962" startTime="2025-12-04T22:42:17.7880081+00:00" endTime="2025-12-04T22:42:17.7929087+00:00" testType="13cdc9d9-ddb5-4fa4-a97d-d965ccfc6d4b" outcome="Passed" testListId="8c84fa94-04c1-424b-9868-57a2d4851a1d" relativeResultsDirectory="da032d5f-c58b-4b01-97a4-e435e20ade81" />
    <UnitTestResult executionId="8a44a791-5136-4e09-9e1b-c7614f4d7372" testId="95e28f35-ff16-5b77-8142-049d31619ec6" testName="TheatreCenter.Tests.Repositories.RoleRepositoryTests.GetAllAsync_NoRoles_ReturnsEmpty" computerName="534fafdaaf2d" duration="00:00:00.0091162" startTime="2025-12-04T22:42:18.2184885+00:00" endTime="2025-12-04T22:42:18.2276465+00:00" testType="13cdc9d9-ddb5-4fa4-a97d-d965ccfc6d4b" outcome="Passed" testListId="8c84fa94-04c1-424b-9868-57a2d4851a1d" relativeResultsDirectory="8a44a791-5136-4e09-9e1b-c7614f4d7372" />
    <UnitTestResult executionId="07bbe298-68fe-4d37-9cbb-0106dff6bfba" testId="4dfd5655-d529-57b3-c01f-8523dc94c45f" testName="TheatreCenter.Tests.Repositories.AccountRepositoryTests.GetFavoritesAsync_AccountExists_ReturnsFavorites" computerName="534fafdaaf2d" duration="00:00:00.0076726" startTime="2025-12-04T22:42:18.2791206+00:00" endTime="2025-12-04T22:42:18.2866969+00:00" testType="13cdc9d9-ddb5-4fa4-a97d-d965ccfc6d4b" outcome="Passed" testListId="8c84fa94-04c1-424b-9868-57a2d4851a1d" relativeResultsDirectory="07bbe298-68fe-4d37-9cbb-0106dff6bfba" />
    <UnitTestResult executionId="b3d19e9a-0c93-4a0f-b22d-4d61d20c17ea" testId="c7b1e48d-4f56-3270-d3d6-2ebf0ef93173" testName="TheatreCenter.Tests.Services.MusicalServiceMockTests.GetMusicalByIdAsync_MusicalExists_ReturnsMusical" computerName="534fafdaaf2d" duration="00:00:00.0032913" startTime="2025-12-04T22:42:17.8048402+00:00" endTime="2025-12-04T22:42:17.8098233+00:00" testType="13cdc9d9-ddb5-4fa4-a97d-d965ccfc6d4b" outcome="Passed" testListId="8c84fa94-04c1-424b-9868-57a2d4851a1d" relativeResultsDirectory="b3d19e9a-0c93-4a0f-b22d-4d61d20c17ea" />
    <UnitTestResult executionId="b05b40cc-931a-4abe-b756-096f64312533" testId="2bd04e49-e56f-94a6-f1e5-6e0b8f88a1ae" testName="TheatreCenter.Tests.Repositories.ActorRepositoryTests.GetByVoiceTypeAsync_NoActorsWithVoiceType_ReturnsEmpty" computerName="534fafdaaf2d" duration="00:00:00.0026202" startTime="2025-12-04T22:42:18.2164498+00:00" endTime="2025-12-04T22:42:18.2186217+00:00" testType="13cdc9d9-ddb5-4fa4-a97d-d965ccfc6d4b" outcome="Passed" testListId="8c84fa94-04c1-424b-9868-57a2d4851a1d" relativeResultsDirectory="b05b40cc-931a-4abe-b756-096f64312533" />
    <UnitTestResult executionId="2bb1f947-a434-4ce5-8871-780d778197b6" testId="15cddb2d-7b0b-4675-a329-f2affee8cce9" testName="TheatreCenter.Tests.Repositories.CastMemberRepositoryTests.GetByIdAsync_CastMemberExists_ReturnsCastMember" computerName="534fafdaaf2d" duration="00:00:00.0032607" startTime="2025-12-04T22:42:18.2449347+00:00" endTime="2025-12-04T22:42:18.2475538+00:00" testType="13cdc9d9-ddb5-4fa4-a97d-d965ccfc6d4b" outcome="Passed" testListId="8c84fa94-04c1-424b-9868-57a2d4851a1d" relativeResultsDirectory="2bb1f947-a434-4ce5-8871-780d778197b6" />
    <UnitTestResult executionId="bff51a74-46d7-4c3d-b441-54fedee0e6fd" testId="f1b1383d-6e37-1b11-2097-913c6ddda414" testName="TheatreCenter.Tests.Services.ActorServiceMockTests.DeleteActorAsync_ValidActor_ReturnsTrue" computerName="534fafdaaf2d" duration="00:00:00.0204472" startTime="2025-12-04T22:42:17.7571119+00:00" endTime="2025-12-04T22:42:17.7774615+00:00" testType="13cdc9d9-ddb5-4fa4-a97d-d965ccfc6d4b" outcome="Passed" testListId="8c84fa94-04c1-424b-9868-57a2d4851a1d" relativeResultsDirectory="bff51a74-46d7-4c3d-b441-54fedee0e6fd" />
    <UnitTestResult executionId="fc50f640-cc78-4684-92e4-d385bdcac986" testId="ed4846d6-9dc9-4c26-1b09-b52b33997f10" testName="TheatreCenter.Tests.Repositories.MusicalRepositoryTests.AddAsync_ValidMusical_AddsToDatabase" computerName="534fafdaaf2d" duration="00:00:00.0016464" startTime="2025-12-04T22:42:18.2331540+00:00" endTime="2025-12-04T22:42:18.2344192+00:00" testType="13cdc9d9-ddb5-4fa4-a97d-d965ccfc6d4b" outcome="Passed" testListId="8c84fa94-04c1-424b-9868-57a2d4851a1d" relativeResultsDirectory="fc50f640-cc78-4684-92e4-d385bdcac986" />
    <UnitTestResult executionId="92b13537-d48d-4534-95aa-dc13d1511262" testId="53a78241-2da0-c886-0e26-cc8638570280" testName="TheatreCenter.Tests.Services.ActorServiceMockTests.GetActorByIdAsync_InvalidId_ThrowsArgumentException" computerName="534fafdaaf2d" duration="00:00:00.0014132" startTime="2025-12-04T22:42:17.8411820+00:00" endTime="2025-12-04T22:42:17.8424422+00:00" testType="13cdc9d9-ddb5-4fa4-a97d-d965ccfc6d4b" outcome="Passed" testListId="8c84fa94-04c1-424b-9868-57a2d4851a1d" relativeResultsDirectory="92b13537-d48d-4534-95aa-dc13d1511262" />
    <UnitTestResult executionId="f3452e7a-6b45-4603-bbcb-ae9ce72f7fbf" testId="c5bb147c-877c-6b3e-6e23-2c006512103f" testName="TheatreCenter.Tests.Services.AccountServiceMockTests.AuthenticateAsync_AccountNotFound_ThrowsUnauthorizedAccessException" computerName="534fafdaaf2d" duration="00:00:00.0012341" startTime="2025-12-04T22:42:17.8133240+00:00" endTime="2025-12-04T22:42:17.8141821+00:00" testType="13cdc9d9-ddb5-4fa4-a97d-d965ccfc6d4b" outcome="Passed" testListId="8c84fa94-04c1-424b-9868-57a2d4851a1d" relativeResultsDirectory="f3452e7a-6b45-4603-bbcb-ae9ce72f7fbf" />
    <UnitTestResult executionId="57ae6969-8a3f-4e54-bc34-9c73370a6fb3" testId="973141f5-9849-0bb9-ede0-151f115dd471" testName="TheatreCenter.Tests.Services.CastMemberServiceMockTests.GetByIdAsync_CastMemberNotFound_ThrowsKeyNotFoundException" computerName="534fafdaaf2d" duration="00:00:00.0012543" startTime="2025-12-04T22:42:17.8088701+00:00" endTime="2025-12-04T22:42:17.8095653+00:00" testType="13cdc9d9-ddb5-4fa4-a97d-d965ccfc6d4b" outcome="Passed" testListId="8c84fa94-04c1-424b-9868-57a2d4851a1d" relativeResultsDirectory="57ae6969-8a3f-4e54-bc34-9c73370a6fb3" />
    <UnitTestResult executionId="f6cbc244-5543-408e-92c9-8b1ce62f1484" testId="54eef5c9-0630-c0c6-2486-f946389abd9a" testName="TheatreCenter.Tests.Services.RoleServiceMockTests.DeleteAsync_RoleWithActors_ThrowsInvalidOperationException" computerName="534fafdaaf2d" duration="00:00:00.0089845" startTime="2025-12-04T22:42:17.7947149+00:00" endTime="2025-12-04T22:42:17.8028513+00:00" testType="13cdc9d9-ddb5-4fa4-a97d-d965ccfc6d4b" outcome="Passed" testListId="8c84fa94-04c1-424b-9868-57a2d4851a1d" relativeResultsDirectory="f6cbc244-5543-408e-92c9-8b1ce62f1484" />
    <UnitTestResult executionId="23860807-5818-4132-85b6-74e3dc0963e4" testId="f52cc6be-b3a3-f2e6-ac40-23d2ed0f3434" testName="TheatreCenter.Tests.Services.AccountServiceMockTests.UpdateAsync_ValidAccount_UpdatesSuccessfully" computerName="534fafdaaf2d" duration="00:00:00.0188180" startTime="2025-12-04T22:42:17.7656155+00:00" endTime="2025-12-04T22:42:17.7843680+00:00" testType="13cdc9d9-ddb5-4fa4-a97d-d965ccfc6d4b" outcome="Passed" testListId="8c84fa94-04c1-424b-9868-57a2d4851a1d" relativeResultsDirectory="23860807-5818-4132-85b6-74e3dc0963e4" />
    <UnitTestResult executionId="0a462943-cb5c-4427-b72d-71ef019fb595" testId="145866a6-1e3c-02d6-cd92-dda8804ee470" testName="TheatreCenter.Tests.Services.AccountServiceMockTests.ChangePasswordAsync_AccountNotFound_ThrowsArgumentException" computerName="534fafdaaf2d" duration="00:00:00.0008624" startTime="2025-12-04T22:42:17.8143573+00:00" endTime="2025-12-04T22:42:17.8144279+00:00" testType="13cdc9d9-ddb5-4fa4-a97d-d965ccfc6d4b" outcome="Passed" testListId="8c84fa94-04c1-424b-9868-57a2d4851a1d" relativeResultsDirectory="0a462943-cb5c-4427-b72d-71ef019fb595" />
    <UnitTestResult executionId="096dbe46-176c-4141-a6fc-65ff5f887589" testId="0242f2b4-b74c-167c-3728-52bbad979adb" testName="TheatreCenter.Tests.Services.MusicalServiceMockTests.DeleteMusicalAsync_MusicalWithShows_ThrowsInvalidOperationException" computerName="534fafdaaf2d" duration="00:00:00.0818048" startTime="2025-12-04T22:42:17.6882431+00:00" endTime="2025-12-04T22:42:17.7553402+00:00" testType="13cdc9d9-ddb5-4fa4-a97d-d965ccfc6d4b" outcome="Passed" testListId="8c84fa94-04c1-424b-9868-57a2d4851a1d" relativeResultsDirectory="096dbe46-176c-4141-a6fc-65ff5f887589" />
    <UnitTestResult executionId="61b4061e-876b-4212-8f05-1832d5d4f966" testId="1446828a-dca2-b7ee-1b73-190e45e6849f" testName="TheatreCenter.Tests.Repositories.AccountRepositoryTests.DeleteAsync_AccountNotExists_DoesNothing" computerName="534fafdaaf2d" duration="00:00:00.0014618" startTime="2025-12-04T22:42:18.3107154+00:00" endTime="2025-12-04T22:42:18.3121250+00:00" testType="13cdc9d9-ddb5-4fa4-a97d-d965ccfc6d4b" outcome="Passed" testListId="8c84fa94-04c1-424b-9868-57a2d4851a1d" relativeResultsDirectory="61b4061e-876b-4212-8f05-1832d5d4f966" />
    <UnitTestResult executionId="d11701b9-f945-433b-8191-e13e16a3a24d" testId="19e97e1b-7694-26e4-d6ba-0c487b86c169" testName="TheatreCenter.Tests.Services.TheatreServiceMockTests.GetTheatreByIdAsync_TheatreExists_ReturnsTheatre" computerName="534fafdaaf2d" duration="00:00:00.0026526" startTime="2025-12-04T22:42:17.7869441+00:00" endTime="2025-12-04T22:42:17.7883213+00:00" testType="13cdc9d9-ddb5-4fa4-a97d-d965ccfc6d4b" outcome="Passed" testListId="8c84fa94-04c1-424b-9868-57a2d4851a1d" relativeResultsDirectory="d11701b9-f945-433b-8191-e13e16a3a24d" />
    <UnitTestResult executionId="ebe22ca0-c971-48ac-aad8-bc618b22d233" testId="17d26306-7a32-f555-2324-bc079b29e821" testName="TheatreCenter.Tests.Repositories.TheatreRepositoryTests.UpdateAsync_ValidTheatre_UpdatesSuccessfully" computerName="534fafdaaf2d" duration="00:00:00.0020359" startTime="2025-12-04T22:42:18.2139672+00:00" endTime="2025-12-04T22:42:18.2159804+00:00" testType="13cdc9d9-ddb5-4fa4-a97d-d965ccfc6d4b" outcome="Passed" testListId="8c84fa94-04c1-424b-9868-57a2d4851a1d" relativeResultsDirectory="ebe22ca0-c971-48ac-aad8-bc618b22d233" />
    <UnitTestResult executionId="0d62f1d5-9365-44a8-9c4b-27478319a500" testId="f67b3a3d-0778-706b-3b98-0d430d3565e0" testName="TheatreCenter.Tests.Services.ActorServiceMockTests.GetActorByIdAsync_ActorNotFound_ThrowsArgumentNullException" computerName="534fafdaaf2d" duration="00:00:00.0019776" startTime="2025-12-04T22:42:17.8434076+00:00" endTime="2025-12-04T22:42:17.8444545+00:00" testType="13cdc9d9-ddb5-4fa4-a97d-d965ccfc6d4b" outcome="Passed" testListId="8c84fa94-04c1-424b-9868-57a2d4851a1d" relativeResultsDirectory="0d62f1d5-9365-44a8-9c4b-27478319a500" />
    <UnitTestResult executionId="76e833f1-f70c-43f7-9640-62a3675e01bf" testId="7b28f451-0bea-ace6-8cfc-c08c82550386" testName="TheatreCenter.Tests.Repositories.RoleRepositoryTests.GetAllAsync_RolesExist_ReturnsRoles" computerName="534fafdaaf2d" duration="00:00:00.0023333" startTime="2025-12-04T22:42:18.2316678+00:00" endTime="2025-12-04T22:42:18.2339918+00:00" testType="13cdc9d9-ddb5-4fa4-a97d-d965ccfc6d4b" outcome="Passed" testListId="8c84fa94-04c1-424b-9868-57a2d4851a1d" relativeResultsDirectory="76e833f1-f70c-43f7-9640-62a3675e01bf" />
    <UnitTestResult executionId="e02c8552-8d6e-45c0-969d-7ecf35ac5a3a" testId="c360e3a9-bd8d-0ad1-7a94-97c967c6a452" testName="TheatreCenter.Tests.Repositories.TheatreRepositoryTests.AddAsync_ValidTheatre_AddsToDatabase" computerName="534fafdaaf2d" duration="00:00:00.4973628" startTime="2025-12-04T22:42:17.6884565+00:00" endTime="2025-12-04T22:42:18.1639482+00:00" testType="13cdc9d9-ddb5-4fa4-a97d-d965ccfc6d4b" outcome="Passed" testListId="8c84fa94-04c1-424b-9868-57a2d4851a1d" relativeResultsDirectory="e02c8552-8d6e-45c0-969d-7ecf35ac5a3a" />
    <UnitTestResult executionId="dfb0fdf8-19e3-47df-a4ed-05f480f68e89" testId="bea14ba5-2e67-65d7-47cf-6874f2333ad2" testName="TheatreCenter.Tests.Repositories.ShowRepositoryTests.GetUpcomingShowsAsync_NoFutureShows_ReturnsEmpty" computerName="534fafdaaf2d" duration="00:00:00.0012294" startTime="2025-12-04T22:42:18.2182062+00:00" endTime="2025-12-04T22:42:18.2192750+00:00" testType="13cdc9d9-ddb5-4fa4-a97d-d965ccfc6d4b" outcome="Passed" testListId="8c84fa94-04c1-424b-9868-57a2d4851a1d" relativeResultsDirectory="dfb0fdf8-19e3-47df-a4ed-05f480f68e89" />
    <UnitTestResult executionId="a02a4228-241a-45f5-9f73-564b3001b298" testId="9c9524a8-854f-4364-a0a3-e10ba8d1c19d" testName="TheatreCenter.Tests.Repositories.MusicalRepositoryTests.GetByIdAsync_MusicalExists_ReturnsMusical" computerName="534fafdaaf2d" duration="00:00:00.0103069" startTime="2025-12-04T22:42:18.1711029+00:00" endTime="2025-12-04T22:42:18.1812732+00:00" testType="13cdc9d9-ddb5-4fa4-a97d-d965ccfc6d4b" outcome="Passed" testListId="8c84fa94-04c1-424b-9868-57a2d4851a1d" relativeResultsDirectory="a02a4228-241a-45f5-9f73-564b3001b298" />
    <UnitTestResult executionId="d702a9e6-46bb-49a5-9af8-447c55a8cf03" testId="445ffbd4-e9e5-c3cc-241e-f20fc3706b49" testName="TheatreCenter.Tests.Services.MusicalServiceMockTests.GetMusicalsByTheatreAsync_InvalidId_ThrowsArgumentException" computerName="534fafdaaf2d" duration="00:00:00.0022180" startTime="2025-12-04T22:42:17.8027991+00:00" endTime="2025-12-04T22:42:17.8047062+00:00" testType="13cdc9d9-ddb5-4fa4-a97d-d965ccfc6d4b" outcome="Passed" testListId="8c84fa94-04c1-424b-9868-57a2d4851a1d" relativeResultsDirectory="d702a9e6-46bb-49a5-9af8-447c55a8cf03" />
    <UnitTestResult executionId="355e56a4-8091-4870-80a2-0c4df4cd9418" testId="49979a83-cd00-5b78-629b-16b7daf4d3bb" testName="TheatreCenter.Tests.Services.RoleServiceMockTests.GetByIdAsync_InvalidId_ThrowsArgumentException" computerName="534fafdaaf2d" duration="00:00:00.0014049" startTime="2025-12-04T22:42:17.7892074+00:00" endTime="2025-12-04T22:42:17.7904739+00:00" testType="13cdc9d9-ddb5-4fa4-a97d-d965ccfc6d4b" outcome="Passed" testListId="8c84fa94-04c1-424b-9868-57a2d4851a1d" relativeResultsDirectory="355e56a4-8091-4870-80a2-0c4df4cd9418" />
    <UnitTestResult executionId="6738cba8-6d2f-4b9a-b93c-92a642937f0f" testId="2f94db4f-558c-271f-66fd-4e7e8eb54737" testName="TheatreCenter.Tests.Repositories.CastMemberRepositoryTests.GetByShowIdAsync_NoCastMembersForShow_ReturnsEmpty" computerName="534fafdaaf2d" duration="00:00:00.5292451" startTime="2025-12-04T22:42:17.6871153+00:00" endTime="2025-12-04T22:42:18.1960036+00:00" testType="13cdc9d9-ddb5-4fa4-a97d-d965ccfc6d4b" outcome="Passed" testListId="8c84fa94-04c1-424b-9868-57a2d4851a1d" relativeResultsDirectory="6738cba8-6d2f-4b9a-b93c-92a642937f0f" />
    <UnitTestResult executionId="f481f429-cfae-4955-a0ad-01e73a33ab63" testId="bfd93530-6cfa-8e64-b9d3-40c161dd1c39" testName="TheatreCenter.Tests.Services.ShowServiceMockTests.GetByIdAsync_ShowExists_ReturnsShow" computerName="534fafdaaf2d" duration="00:00:00.0373582" startTime="2025-12-04T22:42:17.7552823+00:00" endTime="2025-12-04T22:42:17.7865404+00:00" testType="13cdc9d9-ddb5-4fa4-a97d-d965ccfc6d4b" outcome="Passed" testListId="8c84fa94-04c1-424b-9868-57a2d4851a1d" relativeResultsDirectory="f481f429-cfae-4955-a0ad-01e73a33ab63" />
    <UnitTestResult executionId="51bdaf79-b827-4660-b377-a41c361d89f9" testId="42e9a238-c0b7-d120-7bde-7c49cf0ba155" testName="TheatreCenter.Tests.Services.ActorServiceMockTests.GetActorByIdAsync_ActorExists_ReturnsActor" computerName="534fafdaaf2d" duration="00:00:00.0049569" startTime="2025-12-04T22:42:17.8292053+00:00" endTime="2025-12-04T22:42:17.8307183+00:00" testType="13cdc9d9-ddb5-4fa4-a97d-d965ccfc6d4b" outcome="Passed" testListId="8c84fa94-04c1-424b-9868-57a2d4851a1d" relativeResultsDirectory="51bdaf79-b827-4660-b377-a41c361d89f9" />
    <UnitTestResult executionId="47351a29-41d8-4096-9af0-9da21e1d97f4" testId="4fee6ddd-eccd-e4c5-66dd-92a1dfa6facd" testName="TheatreCenter.Tests.Services.ActorServiceMockTests.GetActorsByVoiceTypeAsync_ValidVoiceType_ReturnsActors" computerName="534fafdaaf2d" duration="00:00:00.0059805" startTime="2025-12-04T22:42:17.8351948+00:00" endTime="2025-12-04T22:42:17.8409939+00:00" testType="13cdc9d9-ddb5-4fa4-a97d-d965ccfc6d4b" outcome="Passed" testListId="8c84fa94-04c1-424b-9868-57a2d4851a1d" relativeResultsDirectory="47351a29-41d8-4096-9af0-9da21e1d97f4" />
    <UnitTestResult executionId="d5263ba7-8cf1-4192-b44f-c6582d5c5664" testId="b932e756-d6a8-25fc-fe3f-d8f47cbb9599" testName="TheatreCenter.Tests.Repositories.MusicalRepositoryTests.GetAllAsync_NoMusicals_ReturnsEmpty" computerName="534fafdaaf2d" duration="00:00:00.0004102" startTime="2025-12-04T22:42:18.2328334+00:00" endTime="2025-12-04T22:42:18.2330271+00:00" testType="13cdc9d9-ddb5-4fa4-a97d-d965ccfc6d4b" outcome="Passed" testListId="8c84fa94-04c1-424b-9868-57a2d4851a1d" relativeResultsDirectory="d5263ba7-8cf1-4192-b44f-c6582d5c5664" />
    <UnitTestResult executionId="41efa0db-5caa-4f19-bbe7-9b4bc041d0e2" testId="98fcdd9f-84d9-c2e5-ac28-9bb247b2132b" testName="TheatreCenter.Tests.Repositories.ThemeRepositoryTests.UpdateAsync_ValidTheme_UpdatesSuccessfully" computerName="534fafdaaf2d" duration="00:00:00.0023682" startTime="2025-12-04T22:42:18.1860001+00:00" endTime="2025-12-04T22:42:18.1882940+00:00" testType="13cdc9d9-ddb5-4fa4-a97d-d965ccfc6d4b" outcome="Passed" testListId="8c84fa94-04c1-424b-9868-57a2d4851a1d" relativeResultsDirectory="41efa0db-5caa-4f19-bbe7-9b4bc041d0e2" />
    <UnitTestResult executionId="8bdd67cc-d5a5-4dd3-a874-01721238bc68" testId="eb500613-4642-12af-b199-52fb4e466e7f" testName="TheatreCenter.Tests.Repositories.ShowRepositoryTests.GetByMusicalIdAsync_ValidMusicalId_ReturnsShows" computerName="534fafdaaf2d" duration="00:00:00.0049119" startTime="2025-12-04T22:42:18.2119243+00:00" endTime="2025-12-04T22:42:18.2172532+00:00" testType="13cdc9d9-ddb5-4fa4-a97d-d965ccfc6d4b" outcome="Passed" testListId="8c84fa94-04c1-424b-9868-57a2d4851a1d" relativeResultsDirectory="8bdd67cc-d5a5-4dd3-a874-01721238bc68" />
    <UnitTestResult executionId="86f0b3a3-23e4-4b12-8580-7e563ac52bb6" testId="e99f64d3-8320-7ddd-6a85-50da6c78dfd6" testName="TheatreCenter.Tests.Services.AccountServiceMockTests.AuthenticateAsync_ValidCredentials_ReturnsAccount" computerName="534fafdaaf2d" duration="00:00:00.0136000" startTime="2025-12-04T22:42:17.8163497+00:00" endTime="2025-12-04T22:42:17.8294089+00:00" testType="13cdc9d9-ddb5-4fa4-a97d-d965ccfc6d4b" outcome="Passed" testListId="8c84fa94-04c1-424b-9868-57a2d4851a1d" relativeResultsDirectory="86f0b3a3-23e4-4b12-8580-7e563ac52bb6" />
    <UnitTestResult executionId="6ada92c8-f0d7-4fff-935a-a43b04e4cad6" testId="ae9d2f96-53ee-ddca-4f37-a9020bb63518" testName="TheatreCenter.Tests.Services.RoleServiceMockTests.GetByIdAsync_RoleExists_ReturnsRole" computerName="534fafdaaf2d" duration="00:00:00.0019499" startTime="2025-12-04T22:42:17.8109711+00:00" endTime="2025-12-04T22:42:17.8119048+00:00" testType="13cdc9d9-ddb5-4fa4-a97d-d965ccfc6d4b" outcome="Passed" testListId="8c84fa94-04c1-424b-9868-57a2d4851a1d" relativeResultsDirectory="6ada92c8-f0d7-4fff-935a-a43b04e4cad6" />
    <UnitTestResult executionId="cd1bb98a-ebac-4259-a3c7-a4ced3affca4" testId="84e598f1-07d8-a820-27c6-b01eb283f140" testName="TheatreCenter.Tests.Repositories.ActorRepositoryTests.GetByIdAsync_ActorNotExists_ReturnsNull" computerName="534fafdaaf2d" duration="00:00:00.0108023" startTime="2025-12-04T22:42:18.2191798+00:00" endTime="2025-12-04T22:42:18.2294654+00:00" testType="13cdc9d9-ddb5-4fa4-a97d-d965ccfc6d4b" outcome="Passed" testListId="8c84fa94-04c1-424b-9868-57a2d4851a1d" relativeResultsDirectory="cd1bb98a-ebac-4259-a3c7-a4ced3affca4" />
    <UnitTestResult executionId="0ae084b8-487d-4c86-878a-fb04bb6cc1bc" testId="ffa793ac-4d6d-3a52-7308-7a306cfbbb00" testName="TheatreCenter.Tests.Repositories.AccountRepositoryTests.CreateAsync_ValidAccount_AddsToDatabase" computerName="534fafdaaf2d" duration="00:00:00.0014677" startTime="2025-12-04T22:42:18.2913349+00:00" endTime="2025-12-04T22:42:18.2926866+00:00" testType="13cdc9d9-ddb5-4fa4-a97d-d965ccfc6d4b" outcome="Passed" testListId="8c84fa94-04c1-424b-9868-57a2d4851a1d" relativeResultsDirectory="0ae084b8-487d-4c86-878a-fb04bb6cc1bc" />
    <UnitTestResult executionId="761ca13e-b6f7-4d86-ae5f-762dcaf46f5b" testId="bae98a04-5ff9-d592-ff13-245cee8d9643" testName="TheatreCenter.Tests.Services.ShowServiceMockTests.GetByMusicalIdAsync_ValidId_ReturnsShows" computerName="534fafdaaf2d" duration="00:00:00.0091295" startTime="2025-12-04T22:42:17.7949813+00:00" endTime="2025-12-04T22:42:17.8031529+00:00" testType="13cdc9d9-ddb5-4fa4-a97d-d965ccfc6d4b" outcome="Passed" testListId="8c84fa94-04c1-424b-9868-57a2d4851a1d" relativeResultsDirectory="761ca13e-b6f7-4d86-ae5f-762dcaf46f5b" />
    <UnitTestResult executionId="51f4e1ff-3395-4e00-b046-fe9b3256eb91" testId="257fe9b5-212e-fee6-d430-e009eeeabe89" testName="TheatreCenter.Tests.Services.ShowServiceMockTests.DeleteAsync_PastShow_ThrowsInvalidOperationException" computerName="534fafdaaf2d" duration="00:00:00.0243195" startTime="2025-12-04T22:42:17.7425296+00:00" endTime="2025-12-04T22:42:17.7476413+00:00" testType="13cdc9d9-ddb5-4fa4-a97d-d965ccfc6d4b" outcome="Passed" testListId="8c84fa94-04c1-424b-9868-57a2d4851a1d" relativeResultsDirectory="51f4e1ff-3395-4e00-b046-fe9b3256eb91" />
    <UnitTestResult executionId="d868b504-596e-46a9-aa23-1cdfc55cbb87" testId="148d5faa-418d-a235-574b-993b7187f08f" testName="TheatreCenter.Tests.Services.AccountServiceMockTests.RegisterAsync_UsernameExists_ThrowsArgumentException" computerName="534fafdaaf2d" duration="00:00:00.0087049" startTime="2025-12-04T22:42:17.7944793+00:00" endTime="2025-12-04T22:42:17.8024112+00:00" testType="13cdc9d9-ddb5-4fa4-a97d-d965ccfc6d4b" outcome="Passed" testListId="8c84fa94-04c1-424b-9868-57a2d4851a1d" relativeResultsDirectory="d868b504-596e-46a9-aa23-1cdfc55cbb87" />
    <UnitTestResult executionId="cb013de2-c6af-4540-9ded-02b2c7ecf4fa" testId="cfb17352-2dd6-7d90-9d2a-28ce0c96a26b" testName="TheatreCenter.Tests.Services.MusicalServiceMockTests.DeleteMusicalAsync_ValidMusical_ReturnsTrue" computerName="534fafdaaf2d" duration="00:00:00.0041313" startTime="2025-12-04T22:42:17.8100226+00:00" endTime="2025-12-04T22:42:17.8136647+00:00" testType="13cdc9d9-ddb5-4fa4-a97d-d965ccfc6d4b" outcome="Passed" testListId="8c84fa94-04c1-424b-9868-57a2d4851a1d" relativeResultsDirectory="cb013de2-c6af-4540-9ded-02b2c7ecf4fa" />
    <UnitTestResult executionId="ab5cd56a-67d1-46e6-8d95-2f4e2e359473" testId="eeaf43d6-1a16-1906-173c-5fa0a0e8a63b" testName="TheatreCenter.Tests.Services.MusicalServiceMockTests.GetMusicalByIdAsync_MusicalNotFound_ThrowsKeyNotFoundException" computerName="534fafdaaf2d" duration="00:00:00.0030974" startTime="2025-12-04T22:42:17.7903996+00:00" endTime="2025-12-04T22:42:17.7934097+00:00" testType="13cdc9d9-ddb5-4fa4-a97d-d965ccfc6d4b" outcome="Passed" testListId="8c84fa94-04c1-424b-9868-57a2d4851a1d" relativeResultsDirectory="ab5cd56a-67d1-46e6-8d95-2f4e2e359473" />
    <UnitTestResult executionId="96bae37a-6187-4654-81b2-840f1e2f9e6a" testId="a54ac10d-47d7-d5cd-a820-29ec6c5c2003" testName="TheatreCenter.Tests.Services.TheatreServiceMockTests.UpdateTheatreAsync_TheatreNotExists_ThrowsKeyNotFoundException" computerName="534fafdaaf2d" duration="00:00:00.0020678" startTime="2025-12-04T22:42:17.8305435+00:00" endTime="2025-12-04T22:42:17.8325718+00:00" testType="13cdc9d9-ddb5-4fa4-a97d-d965ccfc6d4b" outcome="Passed" testListId="8c84fa94-04c1-424b-9868-57a2d4851a1d" relativeResultsDirectory="96bae37a-6187-4654-81b2-840f1e2f9e6a" />
    <UnitTestResult executionId="9a30d96e-27f2-4f44-b7a0-f875018df6db" testId="ad55f318-28d5-ed2f-887a-884b240f516f" testName="TheatreCenter.Tests.Services.RoleServiceMockTests.CreateAsync_NullRole_ThrowsArgumentNullException" computerName="534fafdaaf2d" duration="00:00:00.0012677" startTime="2025-12-04T22:42:17.7868926+00:00" endTime="2025-12-04T22:42:17.7872745+00:00" testType="13cdc9d9-ddb5-4fa4-a97d-d965ccfc6d4b" outcome="Passed" testListId="8c84fa94-04c1-424b-9868-57a2d4851a1d" relativeResultsDirectory="9a30d96e-27f2-4f44-b7a0-f875018df6db" />
    <UnitTestResult executionId="004dd6c4-035e-4909-abcd-334ad041be9c" testId="a03e466d-e997-dede-32ee-41d551cdf38b" testName="TheatreCenter.Tests.Services.TheatreServiceMockTests.GetTheatreByIdAsync_TheatreNotExists_ReturnsNull" computerName="534fafdaaf2d" duration="00:00:00.0015044" startTime="2025-12-04T22:42:17.8141091+00:00" endTime="2025-12-04T22:42:17.8146694+00:00" testType="13cdc9d9-ddb5-4fa4-a97d-d965ccfc6d4b" outcome="Passed" testListId="8c84fa94-04c1-424b-9868-57a2d4851a1d" relativeResultsDirectory="004dd6c4-035e-4909-abcd-334ad041be9c" />
    <UnitTestResult executionId="a5721872-c5d3-4754-bac3-70cb1db8e8fd" testId="3c096c3f-e482-6db7-2133-acf3d51b4689" testName="TheatreCenter.Tests.Repositories.AccountRepositoryTests.ProcessUpgradeRequestAsync_ValidAccount_ReturnsTrue" computerName="534fafdaaf2d" duration="00:00:00.0023804" startTime="2025-12-04T22:42:18.3033341+00:00" endTime="2025-12-04T22:42:18.3056264+00:00" testType="13cdc9d9-ddb5-4fa4-a97d-d965ccfc6d4b" outcome="Passed" testListId="8c84fa94-04c1-424b-9868-57a2d4851a1d" relativeResultsDirectory="a5721872-c5d3-4754-bac3-70cb1db8e8fd" />
    <UnitTestResult executionId="dfa2b974-8676-495c-97d2-7aa1c8ba2703" testId="80aa0beb-ec46-5470-1481-3b2b057bcf54" testName="TheatreCenter.Tests.Repositories.TheatreRepositoryTests.GetByIdAsync_TheatreNotExists_ReturnsNull" computerName="534fafdaaf2d" duration="00:00:00.0332495" startTime="2025-12-04T22:42:18.1641397+00:00" endTime="2025-12-04T22:42:18.1973620+00:00" testType="13cdc9d9-ddb5-4fa4-a97d-d965ccfc6d4b" outcome="Passed" testListId="8c84fa94-04c1-424b-9868-57a2d4851a1d" relativeResultsDirectory="dfa2b974-8676-495c-97d2-7aa1c8ba2703" />
    <UnitTestResult executionId="36161201-903c-4558-ac2a-9f479830a806" testId="c71190c3-ff05-7136-2577-49728e0c07ae" testName="TheatreCenter.Tests.Repositories.CastMemberRepositoryTests.RemoveAsync_CastMemberExists_RemovesCastMember" computerName="534fafdaaf2d" duration="00:00:00.0066361" startTime="2025-12-04T22:42:18.2116436+00:00" endTime="2025-12-04T22:42:18.2179767+00:00" testType="13cdc9d9-ddb5-4fa4-a97d-d965ccfc6d4b" outcome="Passed" testListId="8c84fa94-04c1-424b-9868-57a2d4851a1d" relativeResultsDirectory="36161201-903c-4558-ac2a-9f479830a806" />
    <UnitTestResult executionId="bab9703a-d405-4b7d-85c2-40946c249ff5" testId="ebe7c4f9-3c35-58f0-778b-8e8348b8ac77" testName="TheatreCenter.Tests.Repositories.AccountRepositoryTests.AuthenticateAsync_ValidCredentials_ReturnsAccount" computerName="534fafdaaf2d" duration="00:00:00.5407600" startTime="2025-12-04T22:42:17.6870538+00:00" endTime="2025-12-04T22:42:18.2074359+00:00" testType="13cdc9d9-ddb5-4fa4-a97d-d965ccfc6d4b" outcome="Passed" testListId="8c84fa94-04c1-424b-9868-57a2d4851a1d" relativeResultsDirectory="bab9703a-d405-4b7d-85c2-40946c249ff5" />
    <UnitTestResult executionId="7670180d-185c-4d28-b7eb-7f5b1d3ac784" testId="22331429-bd56-7488-739b-af3b89b515bb" testName="TheatreCenter.Tests.Services.MusicalServiceMockTests.GetMusicalsByTheatreAsync_ValidId_ReturnsMusicals" computerName="534fafdaaf2d" duration="00:00:00.0142651" startTime="2025-12-04T22:42:17.8166020+00:00" endTime="2025-12-04T22:42:17.8296976+00:00" testType="13cdc9d9-ddb5-4fa4-a97d-d965ccfc6d4b" outcome="Passed" testListId="8c84fa94-04c1-424b-9868-57a2d4851a1d" relativeResultsDirectory="7670180d-185c-4d28-b7eb-7f5b1d3ac784" />
    <UnitTestResult executionId="1a0c776b-3397-45aa-b7b3-7aea484f3851" testId="b51a149f-a9a0-6fdf-a3f1-3c07f90aa226" testName="TheatreCenter.Tests.Repositories.CastMemberRepositoryTests.GetByIdAsync_CastMemberNotExists_ReturnsNull" computerName="534fafdaaf2d" duration="00:00:00.0005151" startTime="2025-12-04T22:42:18.2362457+00:00" endTime="2025-12-04T22:42:18.2363018+00:00" testType="13cdc9d9-ddb5-4fa4-a97d-d965ccfc6d4b" outcome="Passed" testListId="8c84fa94-04c1-424b-9868-57a2d4851a1d" relativeResultsDirectory="1a0c776b-3397-45aa-b7b3-7aea484f3851" />
    <UnitTestResult executionId="6456092b-a160-4a60-b550-4438a13f2ab4" testId="7f4fbde7-9bf8-8278-5b2d-a2ae881c3734" testName="TheatreCenter.Tests.Services.RoleServiceMockTests.GetByIdAsync_RoleNotFound_ThrowsKeyNotFoundException" computerName="534fafdaaf2d" duration="00:00:00.0011019" startTime="2025-12-04T22:42:17.8094815+00:00" endTime="2025-12-04T22:42:17.8100966+00:00" testType="13cdc9d9-ddb5-4fa4-a97d-d965ccfc6d4b" outcome="Passed" testListId="8c84fa94-04c1-424b-9868-57a2d4851a1d" relativeResultsDirectory="6456092b-a160-4a60-b550-4438a13f2ab4" />
    <UnitTestResult executionId="e6fe1c96-a665-4bce-90d2-e61411613f2f" testId="b161ffec-76b0-2ed5-d9f8-086c5ad494fa" testName="TheatreCenter.Tests.Repositories.RoleRepositoryTests.AddAsync_ValidRole_AddsToDatabase" computerName="534fafdaaf2d" duration="00:00:00.0020356" startTime="2025-12-04T22:42:18.1959376+00:00" endTime="2025-12-04T22:42:18.1982979+00:00" testType="13cdc9d9-ddb5-4fa4-a97d-d965ccfc6d4b" outcome="Passed" testListId="8c84fa94-04c1-424b-9868-57a2d4851a1d" relativeResultsDirectory="e6fe1c96-a665-4bce-90d2-e61411613f2f" />
    <UnitTestResult executionId="82c4f394-8b79-4e80-9dd0-3051b6e25c53" testId="8c6722de-ae25-aa56-0df0-2068fb0ae756" testName="TheatreCenter.UnitTests.Tests.Monitoring.MonitoringOverheadTests.Collects_resource_usage_snapshots(tracingEnabled: True, extendedLogging: False)" computerName="534fafdaaf2d" duration="00:00:00.2554038" startTime="2025-12-04T22:42:17.6515598+00:00" endTime="2025-12-04T22:42:17.9113766+00:00" testType="13cdc9d9-ddb5-4fa4-a97d-d965ccfc6d4b" outcome="Passed" testListId="8c84fa94-04c1-424b-9868-57a2d4851a1d" relativeResultsDirectory="82c4f394-8b79-4e80-9dd0-3051b6e25c53" />
    <UnitTestResult executionId="e643faa1-44c1-4e6b-b411-492974316b75" testId="58ca7e48-608e-01ce-1f20-6e77222d3b30" testName="TheatreCenter.Tests.Repositories.AccountRepositoryTests.ProcessUpgradeRequestAsync_AccountNotExists_ReturnsFalse" computerName="534fafdaaf2d" duration="00:00:00.0029614" startTime="2025-12-04T22:42:18.3062388+00:00" endTime="2025-12-04T22:42:18.3091242+00:00" testType="13cdc9d9-ddb5-4fa4-a97d-d965ccfc6d4b" outcome="Passed" testListId="8c84fa94-04c1-424b-9868-57a2d4851a1d" relativeResultsDirectory="e643faa1-44c1-4e6b-b411-492974316b75" />
    <UnitTestResult executionId="a52e7d16-6e58-472b-b273-750ad8fd0e22" testId="17186257-6cbe-64c8-604d-dda79e804684" testName="TheatreCenter.Tests.Repositories.AccountRepositoryTests.AuthenticateAsync_InvalidCredentials_ReturnsNull" computerName="534fafdaaf2d" duration="00:00:00.0013756" startTime="2025-12-04T22:42:18.2992580+00:00" endTime="2025-12-04T22:42:18.3005314+00:00" testType="13cdc9d9-ddb5-4fa4-a97d-d965ccfc6d4b" outcome="Passed" testListId="8c84fa94-04c1-424b-9868-57a2d4851a1d" relativeResultsDirectory="a52e7d16-6e58-472b-b273-750ad8fd0e22" />
    <UnitTestResult executionId="b1f1b54a-57dd-45f3-8f5b-633c38ad1543" testId="36325ef4-daab-b66d-1339-80f5de4b165f" testName="TheatreCenter.Tests.Repositories.RoleRepositoryTests.GetByRoleTypeAsync_ValidRoleType_ReturnsRoles" computerName="534fafdaaf2d" duration="00:00:00.0039407" startTime="2025-12-04T22:42:18.2279546+00:00" endTime="2025-12-04T22:42:18.2315626+00:00" testType="13cdc9d9-ddb5-4fa4-a97d-d965ccfc6d4b" outcome="Passed" testListId="8c84fa94-04c1-424b-9868-57a2d4851a1d" relativeResultsDirectory="b1f1b54a-57dd-45f3-8f5b-633c38ad1543" />
    <UnitTestResult executionId="0193bfaf-3f0b-4a03-b6b7-d3404448ce2e" testId="92a85405-d94e-07f2-da73-1be838699f7a" testName="TheatreCenter.Tests.Services.ShowServiceMockTests.CreateAsync_ValidShow_ReturnsCreatedShow" computerName="534fafdaaf2d" duration="00:00:00.0050237" startTime="2025-12-04T22:42:17.8115167+00:00" endTime="2025-12-04T22:42:17.8161382+00:00" testType="13cdc9d9-ddb5-4fa4-a97d-d965ccfc6d4b" outcome="Passed" testListId="8c84fa94-04c1-424b-9868-57a2d4851a1d" relativeResultsDirectory="0193bfaf-3f0b-4a03-b6b7-d3404448ce2e" />
    <UnitTestResult executionId="3e96d193-7f82-4b66-a0b4-d96ce528c9de" testId="98ffa484-479c-02ec-225f-b4fb028b936e" testName="TheatreCenter.Tests.Services.TheatreServiceMockTests.GetAllTheatresAsync_TheatresExist_ReturnsTheatres" computerName="534fafdaaf2d" duration="00:00:00.0014267" startTime="2025-12-04T22:42:17.8341204+00:00" endTime="2025-12-04T22:42:17.8353555+00:00" testType="13cdc9d9-ddb5-4fa4-a97d-d965ccfc6d4b" outcome="Passed" testListId="8c84fa94-04c1-424b-9868-57a2d4851a1d" relativeResultsDirectory="3e96d193-7f82-4b66-a0b4-d96ce528c9de" />
    <UnitTestResult executionId="34df5d6b-f20c-40f6-8eed-e775112d0512" testId="8ab17f1c-e551-80f5-8aa5-a024aa122075" testName="TheatreCenter.Tests.Repositories.TheatreRepositoryTests.RemoveAsync_TheatreExists_RemovesTheatre" computerName="534fafdaaf2d" duration="00:00:00.0016710" startTime="2025-12-04T22:42:18.2163827+00:00" endTime="2025-12-04T22:42:18.2176694+00:00" testType="13cdc9d9-ddb5-4fa4-a97d-d965ccfc6d4b" outcome="Passed" testListId="8c84fa94-04c1-424b-9868-57a2d4851a1d" relativeResultsDirectory="34df5d6b-f20c-40f6-8eed-e775112d0512" />
    <UnitTestResult executionId="cbe2c37b-973b-4370-9e36-1dae54b2e6fe" testId="bdb31920-d390-814e-e7da-eaf499498f1d" testName="TheatreCenter.Tests.Services.CastMemberServiceMockTests.GetByShowIdAsync_ValidId_ReturnsCastMembers" computerName="534fafdaaf2d" duration="00:00:00.0106371" startTime="2025-12-04T22:42:17.7952570+00:00" endTime="2025-12-04T22:42:17.8054950+00:00" testType="13cdc9d9-ddb5-4fa4-a97d-d965ccfc6d4b" outcome="Passed" testListId="8c84fa94-04c1-424b-9868-57a2d4851a1d" relativeResultsDirectory="cbe2c37b-973b-4370-9e36-1dae54b2e6fe" />
    <UnitTestResult executionId="acf57cde-47f1-42e9-a1ef-77af663950da" testId="f8d677ca-6ac5-9352-8054-e2ff100b6cbb" testName="TheatreCenter.Tests.Services.AccountServiceMockTests.SubmitUpgradeRequestAsync_ValidAccount_ReturnsTrue" computerName="534fafdaaf2d" duration="00:00:00.0121643" startTime="2025-12-04T22:42:17.7563669+00:00" endTime="2025-12-04T22:42:17.7654902+00:00" testType="13cdc9d9-ddb5-4fa4-a97d-d965ccfc6d4b" outcome="Passed" testListId="8c84fa94-04c1-424b-9868-57a2d4851a1d" relativeResultsDirectory="acf57cde-47f1-42e9-a1ef-77af663950da" />
    <UnitTestResult executionId="74460530-e72a-4f8c-aa90-c3d59b6f55f6" testId="183967ff-0601-b179-91bf-f2128edf8ea7" testName="TheatreCenter.Tests.Repositories.RoleRepositoryTests.GetByMusicalIdAsync_NoRolesForMusical_ReturnsEmpty" computerName="534fafdaaf2d" duration="00:00:00.5292372" startTime="2025-12-04T22:42:17.6864678+00:00" endTime="2025-12-04T22:42:18.1957720+00:00" testType="13cdc9d9-ddb5-4fa4-a97d-d965ccfc6d4b" outcome="Passed" testListId="8c84fa94-04c1-424b-9868-57a2d4851a1d" relativeResultsDirectory="74460530-e72a-4f8c-aa90-c3d59b6f55f6" />
    <UnitTestResult executionId="74344c8e-69c5-4899-b636-a3a483d5fb8f" testId="ef18fd4f-bbef-447c-c0ad-4cd022f92d7f" testName="TheatreCenter.Tests.Services.TheatreServiceMockTests.DeleteTheatreAsync_RepositoryThrowsException_ThrowsException" computerName="534fafdaaf2d" duration="00:00:00.0064247" startTime="2025-12-04T22:42:17.7884291+00:00" endTime="2025-12-04T22:42:17.7952970+00:00" testType="13cdc9d9-ddb5-4fa4-a97d-d965ccfc6d4b" outcome="Passed" testListId="8c84fa94-04c1-424b-9868-57a2d4851a1d" relativeResultsDirectory="74344c8e-69c5-4899-b636-a3a483d5fb8f" />
    <UnitTestResult executionId="6a2e0f98-6d85-4cac-bf40-1f3cdd88aa7b" testId="1cfe0427-d193-6224-6930-57a927e32d92" testName="TheatreCenter.Tests.Services.ShowServiceMockTests.GetByMusicalIdAsync_InvalidId_ThrowsArgumentException" computerName="534fafdaaf2d" duration="00:00:00.0014411" startTime="2025-12-04T22:42:17.7411993+00:00" endTime="2025-12-04T22:42:17.7412973+00:00" testType="13cdc9d9-ddb5-4fa4-a97d-d965ccfc6d4b" outcome="Passed" testListId="8c84fa94-04c1-424b-9868-57a2d4851a1d" relativeResultsDirectory="6a2e0f98-6d85-4cac-bf40-1f3cdd88aa7b" />
    <UnitTestResult executionId="7e4dcfaf-95c5-4f7e-9c83-8cb78d39046a" testId="91c25b4a-cfcb-bb00-f0d5-e458ae730307" testName="TheatreCenter.Tests.Repositories.AccountRepositoryTests.UpdateAsync_ValidAccount_UpdatesSuccessfully" computerName="534fafdaaf2d" duration="00:00:00.0020122" startTime="2025-12-04T22:42:18.2633787+00:00" endTime="2025-12-04T22:42:18.2652747+00:00" testType="13cdc9d9-ddb5-4fa4-a97d-d965ccfc6d4b" outcome="Passed" testListId="8c84fa94-04c1-424b-9868-57a2d4851a1d" relativeResultsDirectory="7e4dcfaf-95c5-4f7e-9c83-8cb78d39046a" />
    <UnitTestResult executionId="c8be4a4f-3134-4114-a4de-6721948d699e" testId="f4571693-2a00-ddeb-3e0c-3ee1c6afe4fc" testName="TheatreCenter.Tests.Repositories.AccountRepositoryTests.GetByUsernameAsync_UsernameExists_ReturnsAccount" computerName="534fafdaaf2d" duration="00:00:00.0040709" startTime="2025-12-04T22:42:18.2927994+00:00" endTime="2025-12-04T22:42:18.2968042+00:00" testType="13cdc9d9-ddb5-4fa4-a97d-d965ccfc6d4b" outcome="Passed" testListId="8c84fa94-04c1-424b-9868-57a2d4851a1d" relativeResultsDirectory="c8be4a4f-3134-4114-a4de-6721948d699e" />
    <UnitTestResult executionId="a1f07502-fb87-4b58-86f5-00709ce59bcc" testId="2b9ac397-04c9-24aa-e3ed-b03d86fc2f68" testName="TheatreCenter.Tests.Repositories.RoleRepositoryTests.RemoveAsync_RoleExists_RemovesRole" computerName="534fafdaaf2d" duration="00:00:00.0126953" startTime="2025-12-04T22:42:18.1991386+00:00" endTime="2025-12-04T22:42:18.2105567+00:00" testType="13cdc9d9-ddb5-4fa4-a97d-d965ccfc6d4b" outcome="Passed" testListId="8c84fa94-04c1-424b-9868-57a2d4851a1d" relativeResultsDirectory="a1f07502-fb87-4b58-86f5-00709ce59bcc" />
    <UnitTestResult executionId="b35a93a0-30c1-45e8-8e18-16dd60aab433" testId="7ab09f16-3a04-7052-62eb-c398355f45ec" testName="TheatreCenter.Tests.Repositories.AccountRepositoryTests.GetFavoritesAsync_AccountNotExists_ReturnsNull" computerName="534fafdaaf2d" duration="00:00:00.0136558" startTime="2025-12-04T22:42:18.2654126+00:00" endTime="2025-12-04T22:42:18.2789792+00:00" testType="13cdc9d9-ddb5-4fa4-a97d-d965ccfc6d4b" outcome="Passed" testListId="8c84fa94-04c1-424b-9868-57a2d4851a1d" relativeResultsDirectory="b35a93a0-30c1-45e8-8e18-16dd60aab433" />
    <UnitTestResult executionId="509566fb-f6ad-4c59-90bc-0b3f16800399" testId="96555bea-b4c7-3573-d333-74ff99a10557" testName="TheatreCenter.Tests.Repositories.MusicalRepositoryTests.GetByAgeRestrictionAsync_NoMusicalsWithRestriction_ReturnsEmpty" computerName="534fafdaaf2d" duration="00:00:00.0084196" startTime="2025-12-04T22:42:18.2194851+00:00" endTime="2025-12-04T22:42:18.2280148+00:00" testType="13cdc9d9-ddb5-4fa4-a97d-d965ccfc6d4b" outcome="Passed" testListId="8c84fa94-04c1-424b-9868-57a2d4851a1d" relativeResultsDirectory="509566fb-f6ad-4c59-90bc-0b3f16800399" />
    <UnitTestResult executionId="b2f7566b-046f-48e2-8df7-aff7379e81e3" testId="5871b081-e878-206e-4f2a-bff54bc1777d" testName="TheatreCenter.Tests.Services.MusicalServiceMockTests.CreateMusicalAsync_ValidMusical_ReturnsCreatedMusical" computerName="534fafdaaf2d" duration="00:00:00.0372916" startTime="2025-12-04T22:42:17.7560442+00:00" endTime="2025-12-04T22:42:17.7869726+00:00" testType="13cdc9d9-ddb5-4fa4-a97d-d965ccfc6d4b" outcome="Passed" testListId="8c84fa94-04c1-424b-9868-57a2d4851a1d" relativeResultsDirectory="b2f7566b-046f-48e2-8df7-aff7379e81e3" />
    <UnitTestResult executionId="6f9b204b-e8b3-4745-9dd1-b7f5938ec911" testId="25ba74fb-ac32-bdfa-b99b-357c8975c669" testName="TheatreCenter.Tests.Repositories.CastMemberRepositoryTests.GetByShowIdAsync_ValidShowId_ReturnsCastMembers" computerName="534fafdaaf2d" duration="00:00:00.0101648" startTime="2025-12-04T22:42:18.2180799+00:00" endTime="2025-12-04T22:42:18.2282058+00:00" testType="13cdc9d9-ddb5-4fa4-a97d-d965ccfc6d4b" outcome="Passed" testListId="8c84fa94-04c1-424b-9868-57a2d4851a1d" relativeResultsDirectory="6f9b204b-e8b3-4745-9dd1-b7f5938ec911" />
    <UnitTestResult executionId="4e7d6275-370c-471c-8c0b-88608cfbf720" testId="130dade6-16f8-2655-676a-1a94e4cbcacd" testName="TheatreCenter.Tests.Services.TheatreServiceMockTests.UpdateTheatreAsync_RepositoryThrowsException_ThrowsException" computerName="534fafdaaf2d" duration="00:00:00.0146692" startTime="2025-12-04T22:42:17.8155714+00:00" endTime="2025-12-04T22:42:17.8295525+00:00" testType="13cdc9d9-ddb5-4fa4-a97d-d965ccfc6d4b" outcome="Passed" testListId="8c84fa94-04c1-424b-9868-57a2d4851a1d" relativeResultsDirectory="4e7d6275-370c-471c-8c0b-88608cfbf720" />
    <UnitTestResult executionId="c680d5cc-dd1d-480b-ad04-87a17064554d" testId="29d440f4-948e-3d0e-18b8-3c100770154f" testName="TheatreCenter.Tests.Services.CastMemberServiceMockTests.GetByShowIdAsync_InvalidId_ThrowsArgumentException" computerName="534fafdaaf2d" duration="00:00:00.0005796" startTime="2025-12-04T22:42:17.8300797+00:00" endTime="2025-12-04T22:42:17.8305917+00:00" testType="13cdc9d9-ddb5-4fa4-a97d-d965ccfc6d4b" outcome="Passed" testListId="8c84fa94-04c1-424b-9868-57a2d4851a1d" relativeResultsDirectory="c680d5cc-dd1d-480b-ad04-87a17064554d" />
    <UnitTestResult executionId="8aa5ccd1-bd88-4186-aafb-f76a35659313" testId="59da4877-9243-7481-6d49-a8167204c60e" testName="TheatreCenter.Tests.Services.RoleServiceMockTests.CreateAsync_MusicalNotFound_ThrowsArgumentException" computerName="534fafdaaf2d" duration="00:00:00.0033715" startTime="2025-12-04T22:42:17.7908180+00:00" endTime="2025-12-04T22:42:17.7945418+00:00" testType="13cdc9d9-ddb5-4fa4-a97d-d965ccfc6d4b" outcome="Passed" testListId="8c84fa94-04c1-424b-9868-57a2d4851a1d" relativeResultsDirectory="8aa5ccd1-bd88-4186-aafb-f76a35659313" />
    <UnitTestResult executionId="8e972231-064f-4c1b-b7fb-c3133533ce43" testId="44f99f58-248b-516d-8dcb-36703b17dea5" testName="TheatreCenter.Tests.Repositories.RoleRepositoryTests.GetByMusicalIdAsync_ValidMusicalId_ReturnsRoles" computerName="534fafdaaf2d" duration="00:00:00.0029947" startTime="2025-12-04T22:42:18.2340932+00:00" endTime="2025-12-04T22:42:18.2369699+00:00" testType="13cdc9d9-ddb5-4fa4-a97d-d965ccfc6d4b" outcome="Passed" testListId="8c84fa94-04c1-424b-9868-57a2d4851a1d" relativeResultsDirectory="8e972231-064f-4c1b-b7fb-c3133533ce43" />
    <UnitTestResult executionId="f71de5e3-d9d9-4193-a81c-55bd0d18e10f" testId="d596f806-f9e4-ffbe-00a7-b2440d249e06" testName="TheatreCenter.Tests.Repositories.CastMemberRepositoryTests.GetAllAsync_CastMembersExist_ReturnsCastMembers" computerName="534fafdaaf2d" duration="00:00:00.0039481" startTime="2025-12-04T22:42:18.2364276+00:00" endTime="2025-12-04T22:42:18.2401168+00:00" testType="13cdc9d9-ddb5-4fa4-a97d-d965ccfc6d4b" outcome="Passed" testListId="8c84fa94-04c1-424b-9868-57a2d4851a1d" relativeResultsDirectory="f71de5e3-d9d9-4193-a81c-55bd0d18e10f" />
    <UnitTestResult executionId="1ecb5bab-098c-4839-b25a-27998f3d519c" testId="132910fb-53b0-62f5-c16c-3e13705ffa13" testName="TheatreCenter.Tests.Services.MusicalServiceMockTests.GetMusicalByIdAsync_InvalidId_ThrowsArgumentException" computerName="534fafdaaf2d" duration="00:00:00.0010653" startTime="2025-12-04T22:42:17.8159984+00:00" endTime="2025-12-04T22:42:17.8164667+00:00" testType="13cdc9d9-ddb5-4fa4-a97d-d965ccfc6d4b" outcome="Passed" testListId="8c84fa94-04c1-424b-9868-57a2d4851a1d" relativeResultsDirectory="1ecb5bab-098c-4839-b25a-27998f3d519c" />
    <UnitTestResult executionId="46e14c9e-b394-4b3a-b77a-ebfd4e9b4d4f" testId="497554aa-612d-5398-6ac1-cb26e4bbadd4" testName="TheatreCenter.Tests.Repositories.CastMemberRepositoryTests.AddAsync_ValidCastMember_AddsToDatabase" computerName="534fafdaaf2d" duration="00:00:00.0013602" startTime="2025-12-04T22:42:18.2343611+00:00" endTime="2025-12-04T22:42:18.2356018+00:00" testType="13cdc9d9-ddb5-4fa4-a97d-d965ccfc6d4b" outcome="Passed" testListId="8c84fa94-04c1-424b-9868-57a2d4851a1d" relativeResultsDirectory="46e14c9e-b394-4b3a-b77a-ebfd4e9b4d4f" />
    <UnitTestResult executionId="7b427787-d4fa-4499-b2af-ab9d91158c99" testId="56cb9d58-baf0-9f96-6cd9-7525598033a7" testName="TheatreCenter.Tests.Repositories.ActorRepositoryTests.UpdateAsync_ValidActor_UpdatesSuccessfully" computerName="534fafdaaf2d" duration="00:00:00.0021114" startTime="2025-12-04T22:42:18.2295712+00:00" endTime="2025-12-04T22:42:18.2317142+00:00" testType="13cdc9d9-ddb5-4fa4-a97d-d965ccfc6d4b" outcome="Passed" testListId="8c84fa94-04c1-424b-9868-57a2d4851a1d" relativeResultsDirectory="7b427787-d4fa-4499-b2af-ab9d91158c99" />
    <UnitTestResult executionId="bfbe5133-b63c-4871-8962-e9b1bc385f89" testId="29dfe63a-b794-ae5f-7410-d76f1f4a1438" testName="TheatreCenter.Tests.Repositories.ActorRepositoryTests.GetByIdAsync_ActorExists_ReturnsActor" computerName="534fafdaaf2d" duration="00:00:00.0023596" startTime="2025-12-04T22:42:18.2086774+00:00" endTime="2025-12-04T22:42:18.2114048+00:00" testType="13cdc9d9-ddb5-4fa4-a97d-d965ccfc6d4b" outcome="Passed" testListId="8c84fa94-04c1-424b-9868-57a2d4851a1d" relativeResultsDirectory="bfbe5133-b63c-4871-8962-e9b1bc385f89" />
    <UnitTestResult executionId="f4a11555-85a3-4e47-b549-956ca528679d" testId="72916445-774c-45d0-ac00-049e892b0888" testName="TheatreCenter.Tests.Repositories.CastMemberRepositoryTests.GetByActorIdAsync_NoCastMembersForActor_ReturnsEmpty" computerName="534fafdaaf2d" duration="00:00:00.0013757" startTime="2025-12-04T22:42:18.2407798+00:00" endTime="2025-12-04T22:42:18.2420724+00:00" testType="13cdc9d9-ddb5-4fa4-a97d-d965ccfc6d4b" outcome="Passed" testListId="8c84fa94-04c1-424b-9868-57a2d4851a1d" relativeResultsDirectory="f4a11555-85a3-4e47-b549-956ca528679d" />
    <UnitTestResult executionId="a462bc16-eaf3-46ff-823a-3c53375a5e36" testId="d639e037-d8c4-cd31-af6c-cbb237639cd0" testName="TheatreCenter.Tests.Repositories.ShowRepositoryTests.GetUpcomingShowsAsync_FutureShowsExist_ReturnsShows" computerName="534fafdaaf2d" duration="00:00:00.0388582" startTime="2025-12-04T22:42:18.1586815+00:00" endTime="2025-12-04T22:42:18.1980358+00:00" testType="13cdc9d9-ddb5-4fa4-a97d-d965ccfc6d4b" outcome="Passed" testListId="8c84fa94-04c1-424b-9868-57a2d4851a1d" relativeResultsDirectory="a462bc16-eaf3-46ff-823a-3c53375a5e36" />
    <UnitTestResult executionId="169cb662-b79d-4a2d-9c50-06a3d609c594" testId="2153b0a8-de38-41d5-1751-88345f65dc84" testName="TheatreCenter.Tests.Services.TheatreServiceMockTests.GetAllTheatresAsync_NoTheatres_ReturnsEmptyList" computerName="534fafdaaf2d" duration="00:00:00.0054129" startTime="2025-12-04T22:42:17.8023428+00:00" endTime="2025-12-04T22:42:17.8089770+00:00" testType="13cdc9d9-ddb5-4fa4-a97d-d965ccfc6d4b" outcome="Passed" testListId="8c84fa94-04c1-424b-9868-57a2d4851a1d" relativeResultsDirectory="169cb662-b79d-4a2d-9c50-06a3d609c594" />
    <UnitTestResult executionId="5c3e9d74-09e2-4131-9d08-8b92fb282198" testId="a1b0ee18-d4da-12ad-f816-0883002576c3" testName="TheatreCenter.Tests.Services.CastMemberServiceMockTests.GetByActorIdAsync_InvalidId_ThrowsArgumentException" computerName="534fafdaaf2d" duration="00:00:00.0013107" startTime="2025-12-04T22:42:17.8056144+00:00" endTime="2025-12-04T22:42:17.8086167+00:00" testType="13cdc9d9-ddb5-4fa4-a97d-d965ccfc6d4b" outcome="Passed" testListId="8c84fa94-04c1-424b-9868-57a2d4851a1d" relativeResultsDirectory="5c3e9d74-09e2-4131-9d08-8b92fb282198" />
    <UnitTestResult executionId="cd87c346-55a0-412e-828a-9faca8d5946e" testId="9ba8027d-81a9-fe72-0e89-2f0911322859" testName="TheatreCenter.Tests.Repositories.ThemeRepositoryTests.GetAllAsync_ThemesExist_ReturnsThemes" computerName="534fafdaaf2d" duration="00:00:00.0050682" startTime="2025-12-04T22:42:18.1810401+00:00" endTime="2025-12-04T22:42:18.1858807+00:00" testType="13cdc9d9-ddb5-4fa4-a97d-d965ccfc6d4b" outcome="Passed" testListId="8c84fa94-04c1-424b-9868-57a2d4851a1d" relativeResultsDirectory="cd87c346-55a0-412e-828a-9faca8d5946e" />
    <UnitTestResult executionId="b7c2c7bf-44db-464f-a480-19df5c271ae1" testId="b1cfb503-c7ac-de4b-1178-d14e38f7afb8" testName="TheatreCenter.Tests.Repositories.ShowRepositoryTests.UpdateAsync_ValidShow_UpdatesSuccessfully" computerName="534fafdaaf2d" duration="00:00:00.0095840" startTime="2025-12-04T22:42:18.2205421+00:00" endTime="2025-12-04T22:42:18.2300666+00:00" testType="13cdc9d9-ddb5-4fa4-a97d-d965ccfc6d4b" outcome="Passed" testListId="8c84fa94-04c1-424b-9868-57a2d4851a1d" relativeResultsDirectory="b7c2c7bf-44db-464f-a480-19df5c271ae1" />
    <UnitTestResult executionId="5e0889cc-16da-46f4-9aad-497d18b1993c" testId="741bd98c-3d1e-becd-486b-e2cb0b74d552" testName="TheatreCenter.Tests.Services.ActorServiceMockTests.CreateActorAsync_FutureBirthDate_ThrowsArgumentException" computerName="534fafdaaf2d" duration="00:00:00.0056738" startTime="2025-12-04T22:42:17.8059637+00:00" endTime="2025-12-04T22:42:17.8134060+00:00" testType="13cdc9d9-ddb5-4fa4-a97d-d965ccfc6d4b" outcome="Passed" testListId="8c84fa94-04c1-424b-9868-57a2d4851a1d" relativeResultsDirectory="5e0889cc-16da-46f4-9aad-497d18b1993c" />
    <UnitTestResult executionId="1f808bae-9ccb-4d66-b9a0-7abc4c6b1328" testId="336ec73b-d886-f8a5-8d1b-4d4b8a5a1871" testName="TheatreCenter.Tests.Repositories.CastMemberRepositoryTests.UpdateAsync_ValidCastMember_UpdatesSuccessfully" computerName="534fafdaaf2d" duration="00:00:00.0016570" startTime="2025-12-04T22:42:18.2426582+00:00" endTime="2025-12-04T22:42:18.2442350+00:00" testType="13cdc9d9-ddb5-4fa4-a97d-d965ccfc6d4b" outcome="Passed" testListId="8c84fa94-04c1-424b-9868-57a2d4851a1d" relativeResultsDirectory="1f808bae-9ccb-4d66-b9a0-7abc4c6b1328" />
    <UnitTestResult executionId="b4334eba-ab69-43b9-a4ba-7c3388edd84b" testId="2df2bbed-5663-311d-b259-7dfbbcafa740" testName="TheatreCenter.Tests.Repositories.MusicalRepositoryTests.GetByTheatreIdAsync_NoMusicalsForTheatre_ReturnsEmpty" computerName="534fafdaaf2d" duration="00:00:00.0052896" startTime="2025-12-04T22:42:18.2140959+00:00" endTime="2025-12-04T22:42:18.2192985+00:00" testType="13cdc9d9-ddb5-4fa4-a97d-d965ccfc6d4b" outcome="Passed" testListId="8c84fa94-04c1-424b-9868-57a2d4851a1d" relativeResultsDirectory="b4334eba-ab69-43b9-a4ba-7c3388edd84b" />
    <UnitTestResult executionId="b23daeb3-c65c-4392-a881-201aee7cbdbc" testId="12b5228f-41a4-b71b-e041-50249e689bdc" testName="TheatreCenter.Tests.Services.ActorServiceMockTests.UpdateActorAsync_ValidActor_ReturnsUpdatedActor" computerName="534fafdaaf2d" duration="00:00:00.0153663" startTime="2025-12-04T22:42:17.7908631+00:00" endTime="2025-12-04T22:42:17.8058175+00:00" testType="13cdc9d9-ddb5-4fa4-a97d-d965ccfc6d4b" outcome="Passed" testListId="8c84fa94-04c1-424b-9868-57a2d4851a1d" relativeResultsDirectory="b23daeb3-c65c-4392-a881-201aee7cbdbc" />
    <UnitTestResult executionId="19603d07-326f-46fd-acf6-79e22285eb70" testId="38f5d702-6155-2576-7a18-740ca568ad74" testName="TheatreCenter.Tests.Repositories.CastMemberRepositoryTests.GetAllAsync_NoCastMembers_ReturnsEmpty" computerName="534fafdaaf2d" duration="00:00:00.0004360" startTime="2025-12-04T22:42:18.2421919+00:00" endTime="2025-12-04T22:42:18.2425410+00:00" testType="13cdc9d9-ddb5-4fa4-a97d-d965ccfc6d4b" outcome="Passed" testListId="8c84fa94-04c1-424b-9868-57a2d4851a1d" relativeResultsDirectory="19603d07-326f-46fd-acf6-79e22285eb70" />
    <UnitTestResult executionId="bac9e658-6263-49be-8ea0-1f1974307fc0" testId="8962620f-60dd-a1e9-1a5d-fe904edd8141" testName="TheatreCenter.Tests.Repositories.AccountRepositoryTests.GetAccountsWithUpgradeRequestAsync_AccountsExist_ReturnsAccounts" computerName="534fafdaaf2d" duration="00:00:00.0022529" startTime="2025-12-04T22:42:18.3122405+00:00" endTime="2025-12-04T22:42:18.3144166+00:00" testType="13cdc9d9-ddb5-4fa4-a97d-d965ccfc6d4b" outcome="Passed" testListId="8c84fa94-04c1-424b-9868-57a2d4851a1d" relativeResultsDirectory="bac9e658-6263-49be-8ea0-1f1974307fc0" />
    <UnitTestResult executionId="4f9758d3-f18a-483d-abfb-015a4d30cfb8" testId="5411a142-a736-ac0f-8f72-5abf65963a01" testName="TheatreCenter.Tests.Repositories.MusicalRepositoryTests.UpdateAsync_ValidMusical_UpdatesSuccessfully" computerName="534fafdaaf2d" duration="00:00:00.0020967" startTime="2025-12-04T22:42:18.2345492+00:00" endTime="2025-12-04T22:42:18.2364792+00:00" testType="13cdc9d9-ddb5-4fa4-a97d-d965ccfc6d4b" outcome="Passed" testListId="8c84fa94-04c1-424b-9868-57a2d4851a1d" relativeResultsDirectory="4f9758d3-f18a-483d-abfb-015a4d30cfb8" />
    <UnitTestResult executionId="cd58cf46-e0db-48fb-a9db-bbe4baea3ad2" testId="35a484c7-621f-d2fe-fcfa-beac128c6983" testName="TheatreCenter.Tests.Repositories.RoleRepositoryTests.GetByIdAsync_RoleExists_ReturnsRole" computerName="534fafdaaf2d" duration="00:00:00.0016571" startTime="2025-12-04T22:42:18.2172100+00:00" endTime="2025-12-04T22:42:18.2177638+00:00" testType="13cdc9d9-ddb5-4fa4-a97d-d965ccfc6d4b" outcome="Passed" testListId="8c84fa94-04c1-424b-9868-57a2d4851a1d" relativeResultsDirectory="cd58cf46-e0db-48fb-a9db-bbe4baea3ad2" />
    <UnitTestResult executionId="6bb09336-8c50-4c83-af27-dd3437aef9b1" testId="fdbaee09-3a0f-9667-aba8-390d0309f492" testName="TheatreCenter.Tests.Services.ActorServiceMockTests.CreateActorAsync_ValidActor_ReturnsCreatedActor" computerName="534fafdaaf2d" duration="00:00:00.0053987" startTime="2025-12-04T22:42:17.7864901+00:00" endTime="2025-12-04T22:42:17.7905561+00:00" testType="13cdc9d9-ddb5-4fa4-a97d-d965ccfc6d4b" outcome="Passed" testListId="8c84fa94-04c1-424b-9868-57a2d4851a1d" relativeResultsDirectory="6bb09336-8c50-4c83-af27-dd3437aef9b1" />
    <UnitTestResult executionId="cd601f18-6718-4073-bb3b-7e1ca569d88d" testId="02cf2ee9-cc7c-4e26-c4f4-dfa7cac88451" testName="TheatreCenter.Tests.Repositories.CastMemberRepositoryTests.GetByShowAndRoleAsync_ValidData_ReturnsCastMember" computerName="534fafdaaf2d" duration="00:00:00.0154577" startTime="2025-12-04T22:42:18.1969670+00:00" endTime="2025-12-04T22:42:18.2115461+00:00" testType="13cdc9d9-ddb5-4fa4-a97d-d965ccfc6d4b" outcome="Passed" testListId="8c84fa94-04c1-424b-9868-57a2d4851a1d" relativeResultsDirectory="cd601f18-6718-4073-bb3b-7e1ca569d88d" />
    <UnitTestResult executionId="ff94bbd6-e7e3-4b48-b7c6-229bcc4fe6c7" testId="91e77d45-bf47-58d1-791b-2aaf95efa374" testName="TheatreCenter.Tests.Repositories.MusicalRepositoryTests.RemoveAsync_MusicalExists_RemovesMusical" computerName="534fafdaaf2d" duration="00:00:00.0019603" startTime="2025-12-04T22:42:18.2365967+00:00" endTime="2025-12-04T22:42:18.2383852+00:00" testType="13cdc9d9-ddb5-4fa4-a97d-d965ccfc6d4b" outcome="Passed" testListId="8c84fa94-04c1-424b-9868-57a2d4851a1d" relativeResultsDirectory="ff94bbd6-e7e3-4b48-b7c6-229bcc4fe6c7" />
    <UnitTestResult executionId="c77283b3-4942-4b89-a3ca-66cfb37cd8b3" testId="50885ab8-c951-b4a0-9cd7-4c2042151255" testName="TheatreCenter.Tests.Repositories.AccountRepositoryTests.GetAllAsync_AccountsExist_ReturnsAccounts" computerName="534fafdaaf2d" duration="00:00:00.0026633" startTime="2025-12-04T22:42:18.3006375+00:00" endTime="2025-12-04T22:42:18.3032114+00:00" testType="13cdc9d9-ddb5-4fa4-a97d-d965ccfc6d4b" outcome="Passed" testListId="8c84fa94-04c1-424b-9868-57a2d4851a1d" relativeResultsDirectory="c77283b3-4942-4b89-a3ca-66cfb37cd8b3" />
    <UnitTestResult executionId="c1425313-d25a-4be5-b8fd-4fe6f3728d13" testId="75564e37-65e1-e779-c53d-7cb28b9ce209" testName="TheatreCenter.Tests.Repositories.AccountRepositoryTests.GetAccountsWithUpgradeRequestAsync_NoRequests_ReturnsEmpty" computerName="534fafdaaf2d" duration="00:00:00.0039498" startTime="2025-12-04T22:42:18.2873467+00:00" endTime="2025-12-04T22:42:18.2911969+00:00" testType="13cdc9d9-ddb5-4fa4-a97d-d965ccfc6d4b" outcome="Passed" testListId="8c84fa94-04c1-424b-9868-57a2d4851a1d" relativeResultsDirectory="c1425313-d25a-4be5-b8fd-4fe6f3728d13" />
    <UnitTestResult executionId="f8af265c-c80b-4ca4-b288-01cd74e460c0" testId="e7847343-6a51-43d5-2106-5f48391d6c5f" testName="TheatreCenter.Tests.Services.AccountServiceMockTests.GetByIdAsync_AccountNotExists_ReturnsNull" computerName="534fafdaaf2d" duration="00:00:00.0018996" startTime="2025-12-04T22:42:17.8054346+00:00" endTime="2025-12-04T22:42:17.8067943+00:00" testType="13cdc9d9-ddb5-4fa4-a97d-d965ccfc6d4b" outcome="Passed" testListId="8c84fa94-04c1-424b-9868-57a2d4851a1d" relativeResultsDirectory="f8af265c-c80b-4ca4-b288-01cd74e460c0" />
    <UnitTestResult executionId="e3c31fc7-2551-433d-87f4-badf2d23c317" testId="7d5106e8-4cb5-cf67-ff04-ed30460172a7" testName="TheatreCenter.Tests.Services.ShowServiceMockTests.DeleteAsync_FutureShow_ReturnsTrue" computerName="534fafdaaf2d" duration="00:00:00.0039767" startTime="2025-12-04T22:42:17.8057704+00:00" endTime="2025-12-04T22:42:17.8112930+00:00" testType="13cdc9d9-ddb5-4fa4-a97d-d965ccfc6d4b" outcome="Passed" testListId="8c84fa94-04c1-424b-9868-57a2d4851a1d" relativeResultsDirectory="e3c31fc7-2551-433d-87f4-badf2d23c317" />
    <UnitTestResult executionId="6e4e48f1-fab7-40a3-8545-0c3a137e7f4a" testId="7769fef5-fc97-2ccc-77cb-8b314b903fbc" testName="TheatreCenter.Tests.Repositories.ActorRepositoryTests.RemoveAsync_ActorExists_RemovesActor" computerName="534fafdaaf2d" duration="00:00:00.0022232" startTime="2025-12-04T22:42:18.2318131+00:00" endTime="2025-12-04T22:42:18.2338815+00:00" testType="13cdc9d9-ddb5-4fa4-a97d-d965ccfc6d4b" outcome="Passed" testListId="8c84fa94-04c1-424b-9868-57a2d4851a1d" relativeResultsDirectory="6e4e48f1-fab7-40a3-8545-0c3a137e7f4a" />
    <UnitTestResult executionId="cbe378d3-48c5-4e88-a5e0-593c6c6042b1" testId="7d26e4ce-e826-711b-a0b6-b2e469ba376f" testName="TheatreCenter.Tests.Repositories.RoleRepositoryTests.GetByIdAsync_RoleNotExists_ReturnsNull" computerName="534fafdaaf2d" duration="00:00:00.0005998" startTime="2025-12-04T22:42:18.2178557+00:00" endTime="2025-12-04T22:42:18.2183967+00:00" testType="13cdc9d9-ddb5-4fa4-a97d-d965ccfc6d4b" outcome="Passed" testListId="8c84fa94-04c1-424b-9868-57a2d4851a1d" relativeResultsDirectory="cbe378d3-48c5-4e88-a5e0-593c6c6042b1" />
[...]
      Iteration 1362 payload 1184.7514748616368 result 34.4202189833481
dbug: TheatreCenter.UnitTests.Tests.Monitoring.MonitoringScenario[0]
      Iteration 1363 payload 1192.3051881660417 result 34.52977248934666
dbug: TheatreCenter.UnitTests.Tests.Monitoring.MonitoringScenario[0]
      Iteration 1364 payload 1199.7493858384048 result 34.63739865865225
dbug: TheatreCenter.UnitTests.Tests.Monitoring.MonitoringScenario[0]
      Iteration 1365 payload 1207.0831481604916 result 34.74310216662426
dbug: TheatreCenter.UnitTests.Tests.Monitoring.MonitoringScenario[0]
      Iteration 1366 payload 1214.3055655036596 result 34.846887457901595
dbug: TheatreCenter.UnitTests.Tests.Monitoring.MonitoringScenario[0]
      Iteration 1367 payload 1221.4157384374464 result 34.94875875388776
dbug: TheatreCenter.UnitTests.Tests.Monitoring.MonitoringScenario[0]
      Iteration 1368 payload 1228.4127778372306 result 35.048720059899914
dbug: TheatreCenter.UnitTests.Tests.Monitoring.MonitoringScenario[0]
      Iteration 1369 payload 1235.2958049909557 result 35.146775171997724
dbug: TheatreCenter.UnitTests.Tests.Monitoring.MonitoringScenario[0]
      Iteration 1370 payload 1242.0639517049024 result 35.24292768350698
dbug: TheatreCenter.UnitTests.Tests.Monitoring.MonitoringScenario[0]
      Iteration 1371 payload 1248.716360408492 result 35.33718099125186
dbug: TheatreCenter.UnitTests.Tests.Monitoring.MonitoringScenario[0]
      Iteration 1372 payload 1255.2521842581264 result 35.42953830150947
dbug: TheatreCenter.UnitTests.Tests.Monitoring.MonitoringScenario[0]
      Iteration 1373 payload 1261.670587240027 result 35.52000263569848
dbug: TheatreCenter.UnitTests.Tests.Monitoring.MonitoringScenario[0]
      Iteration 1374 payload 1267.9707442720805 result 35.608576835814155
dbug: TheatreCenter.UnitTests.Tests.Monitoring.MonitoringScenario[0]
      Iteration 1375 payload 1274.151841304671 result 35.69526356962042
dbug: TheatreCenter.UnitTests.Tests.Monitoring.MonitoringScenario[0]
      Iteration 1376 payload 1280.2130754204877 result 35.78006533560954
dbug: TheatreCenter.UnitTests.Tests.Monitoring.MonitoringScenario[0]
      Iteration 1377 payload 1286.1536549332975 result 35.862984467739125
dbug: TheatreCenter.UnitTests.Tests.Monitoring.MonitoringScenario[0]
      Iteration 1378 payload 1291.9727994856705 result 35.944023139955696
dbug: TheatreCenter.UnitTests.Tests.Monitoring.MonitoringScenario[0]
      Iteration 1379 payload 1297.669740145641 result 36.02318337051351
dbug: TheatreCenter.UnitTests.Tests.Monitoring.MonitoringScenario[0]
      Iteration 1380 payload 1303.2437195023087 result 36.10046702609689
dbug: TheatreCenter.UnitTests.Tests.Monitoring.MonitoringScenario[0]
      Iteration 1381 payload 1308.693991760347 result 36.17587582575364
dbug: TheatreCenter.UnitTests.Tests.Monitoring.MonitoringScenario[0]
      Iteration 1382 payload 1314.0198228334225 result 36.249411344647
dbug: TheatreCenter.UnitTests.Tests.Monitoring.MonitoringScenario[0]
      Iteration 1383 payload 1319.22049043651 result 36.32107501763281
dbug: TheatreCenter.UnitTests.Tests.Monitoring.MonitoringScenario[0]
      Iteration 1384 payload 1324.2952841770903 result 36.39086814266857
dbug: TheatreCenter.UnitTests.Tests.Monitoring.MonitoringScenario[0]
      Iteration 1385 payload 1329.2435056452214 result 36.458791884060304
dbug: TheatreCenter.UnitTests.Tests.Monitoring.MonitoringScenario[0]
      Iteration 1386 payload 1334.0644685024736 result 36.52484727555303
dbug: TheatreCenter.UnitTests.Tests.Monitoring.MonitoringScenario[0]
      Iteration 1387 payload 1338.7574985697133 result 36.58903522327028
dbug: TheatreCenter.UnitTests.Tests.Monitoring.MonitoringScenario[0]
      Iteration 1388 payload 1343.3219339137288 result 36.65135650850769
dbug: TheatreCenter.UnitTests.Tests.Monitoring.MonitoringScenario[0]
      Iteration 1389 payload 1347.757124932688 result 36.711811790385504
dbug: TheatreCenter.UnitTests.Tests.Monitoring.MonitoringScenario[0]
      Iteration 1390 payload 1352.0624344404116 result 36.77040160836446
dbug: TheatreCenter.UnitTests.Tests.Monitoring.MonitoringScenario[0]
      Iteration 1391 payload 1356.237237749461 result 36.82712638462932
dbug: TheatreCenter.UnitTests.Tests.Monitoring.MonitoringScenario[0]
      Iteration 1392 payload 1360.2809227530195 result 36.88198642634395
dbug: TheatreCenter.UnitTests.Tests.Monitoring.MonitoringScenario[0]
      Iteration 1393 payload 1364.1928900055673 result 36.93498192778179
dbug: TheatreCenter.UnitTests.Tests.Monitoring.MonitoringScenario[0]
      Iteration 1394 payload 1367.972552802333 result 36.98611297233508
dbug: TheatreCenter.UnitTests.Tests.Monitoring.MonitoringScenario[0]
      Iteration 1395 payload 1371.6193372575137 result 37.035379534406204
dbug: TheatreCenter.UnitTests.Tests.Monitoring.MonitoringScenario[0]
      Iteration 1396 payload 1375.1326823812558 result 37.08278148118417
dbug: TheatreCenter.UnitTests.Tests.Monitoring.MonitoringScenario[0]
      Iteration 1397 payload 1378.512040155385 result 37.128318574309084
dbug: TheatreCenter.UnitTests.Tests.Monitoring.MonitoringScenario[0]
      Iteration 1398 payload 1381.7568756078763 result 37.17199047142722
dbug: TheatreCenter.UnitTests.Tests.Monitoring.MonitoringScenario[0]
      Iteration 1399 payload 1384.866666886054 result 37.213796727639256
dbug: TheatreCenter.UnitTests.Tests.Monitoring.MonitoringScenario[0]
      Iteration 1400 payload 1387.8409053285134 result 37.253736796843796
dbug: TheatreCenter.UnitTests.Tests.Monitoring.MonitoringScenario[0]
      Iteration 1401 payload 1390.6790955357553 result 37.29181003297849
dbug: TheatreCenter.UnitTests.Tests.Monitoring.MonitoringScenario[0]
      Iteration 1402 payload 1393.3807554395237 result 37.32801569116049
dbug: TheatreCenter.UnitTests.Tests.Monitoring.MonitoringScenario[0]
      Iteration 1403 payload 1395.9454163708356 result 37.36235292872808
dbug: TheatreCenter.UnitTests.Tests.Monitoring.MonitoringScenario[0]
      Iteration 1404 payload 1398.3726231266992 result 37.394820806185166
dbug: TheatreCenter.UnitTests.Tests.Monitoring.MonitoringScenario[0]
      Iteration 1405 payload 1400.6619340355073 result 37.42541828805
dbug: TheatreCenter.UnitTests.Tests.Monitoring.MonitoringScenario[0]
      Iteration 1406 payload 1402.8129210210993 result 37.454144243609406
dbug: TheatreCenter.UnitTests.Tests.Monitoring.MonitoringScenario[0]
      Iteration 1407 payload 1404.8251696654822 result 37.48099744757978
dbug: TheatreCenter.UnitTests.Tests.Monitoring.MonitoringScenario[0]
      Iteration 1408 payload 1406.6982792702051 result 37.50597658067585
dbug: TheatreCenter.UnitTests.Tests.Monitoring.MonitoringScenario[0]
      Iteration 1409 payload 1408.4318629163756 result 37.529080230087914
dbug: TheatreCenter.UnitTests.Tests.Monitoring.MonitoringScenario[0]
      Iteration 1410 payload 1410.0255475233118 result 37.55030688986858
dbug: TheatreCenter.UnitTests.Tests.Monitoring.MonitoringScenario[0]
      Iteration 1411 payload 1411.4789739058228 result 37.56965496122932
dbug: TheatreCenter.UnitTests.Tests.Monitoring.MonitoringScenario[0]
      Iteration 1412 payload 1412.7917968301085 result 37.5871227527475
dbug: TheatreCenter.UnitTests.Tests.Monitoring.MonitoringScenario[0]
      Iteration 1413 payload 1413.963685068271 result 37.602708480484104
dbug: TheatreCenter.UnitTests.Tests.Monitoring.MonitoringScenario[0]
      Iteration 1414 payload 1414.9943214514328 result 37.61641026801245
dbug: TheatreCenter.UnitTests.Tests.Monitoring.MonitoringScenario[0]
      Iteration 1415 payload 1415.8834029214506 result 37.628226146357875
dbug: TheatreCenter.UnitTests.Tests.Monitoring.MonitoringScenario[0]
      Iteration 1416 payload 1416.6306405812206 result 37.638154053848346
dbug: TheatreCenter.UnitTests.Tests.Monitoring.MonitoringScenario[0]
      Iteration 1417 payload 1417.2357597435666 result 37.64619183587587
dbug: TheatreCenter.UnitTests.Tests.Monitoring.MonitoringScenario[0]
      Iteration 1418 payload 1417.6984999787044 result 37.65233724456829
dbug: TheatreCenter.UnitTests.Tests.Monitoring.MonitoringScenario[0]
      Iteration 1419 payload 1418.0186151602763 result 37.6565879383711
dbug: TheatreCenter.UnitTests.Tests.Monitoring.MonitoringScenario[0]
      Iteration 1420 payload 1418.19587350995 result 37.65894148153862
dbug: TheatreCenter.UnitTests.Tests.Monitoring.MonitoringScenario[0]
      Iteration 1421 payload 1418.2300576405703 result 37.65939534353373
dbug: TheatreCenter.UnitTests.Tests.Monitoring.MonitoringScenario[0]
      Iteration 1422 payload 1418.1209645978665 result 37.65794689833564
dbug: TheatreCenter.UnitTests.Tests.Monitoring.MonitoringScenario[0]
      Iteration 1423 payload 1417.868405900698 result 37.65459342365415
dbug: TheatreCenter.UnitTests.Tests.Monitoring.MonitoringScenario[0]
      Iteration 1424 payload 1417.4722075798436 result 37.64933210004985
dbug: TheatreCenter.UnitTests.Tests.Monitoring.MonitoringScenario[0]
      Iteration 1425 payload 1416.9322102153194 result 37.64216000995851
dbug: TheatreCenter.UnitTests.Tests.Monitoring.MonitoringScenario[0]
      Iteration 1426 payload 1416.248268972225 result 37.63307413661851
dbug: TheatreCenter.UnitTests.Tests.Monitoring.MonitoringScenario[0]
      Iteration 1427 payload 1415.42025363511 result 37.6220713628996
dbug: TheatreCenter.UnitTests.Tests.Monitoring.MonitoringScenario[0]
      Iteration 1428 payload 1414.4480486408547 result 37.60914847003126
dbug: TheatreCenter.UnitTests.Tests.Monitoring.MonitoringScenario[0]
      Iteration 1429 payload 1413.3315531100661 result 37.59430213622892
dbug: TheatreCenter.UnitTests.Tests.Monitoring.MonitoringScenario[0]
      Iteration 1430 payload 1412.0706808769717 result 37.57752893521568
dbug: TheatreCenter.UnitTests.Tests.Monitoring.MonitoringScenario[0]
      Iteration 1431 payload 1410.665360517819 result 37.558825334637646
dbug: TheatreCenter.UnitTests.Tests.Monitoring.MonitoringScenario[0]
      Iteration 1432 payload 1409.115535377769 result 37.53818769437024
dbug: TheatreCenter.UnitTests.Tests.Monitoring.MonitoringScenario[0]
      Iteration 1433 payload 1407.421163596279 result 37.51561226471293
dbug: TheatreCenter.UnitTests.Tests.Monitoring.MonitoringScenario[0]
      Iteration 1434 payload 1405.5822181309736 result 37.491095184469785
dbug: TheatreCenter.UnitTests.Tests.Monitoring.MonitoringScenario[0]
      Iteration 1435 payload 1403.5986867799961 result 37.46463247891264
dbug: TheatreCenter.UnitTests.Tests.Monitoring.MonitoringScenario[0]
      Iteration 1436 payload 1401.470572202838 result 37.43622005762385
dbug: TheatreCenter.UnitTests.Tests.Monitoring.MonitoringScenario[0]
      Iteration 1437 payload 1399.197891939641 result 37.40585371221516
dbug: TheatreCenter.UnitTests.Tests.Monitoring.MonitoringScenario[0]
      Iteration 1438 payload 1396.7806784289737 result 37.373529113919304
dbug: TheatreCenter.UnitTests.Tests.Monitoring.MonitoringScenario[0]
      Iteration 1439 payload 1394.218979024065 result 37.33924181105001
dbug: TheatreCenter.UnitTests.Tests.Monitoring.MonitoringScenario[0]
      Iteration 1440 payload 1391.5128560075088 result 37.30298722632691
dbug: TheatreCenter.UnitTests.Tests.Monitoring.MonitoringScenario[0]
      Iteration 1441 payload 1388.662386604423 result 37.2647606540606
dbug: TheatreCenter.UnitTests.Tests.Monitoring.MonitoringScenario[0]
      Iteration 1442 payload 1385.6676629940662 result 37.224557257193354
dbug: TheatreCenter.UnitTests.Tests.Monitoring.MonitoringScenario[0]
      Iteration 1443 payload 1382.5287923199044 result 37.18237206419064
dbug: TheatreCenter.UnitTests.Tests.Monitoring.MonitoringScenario[0]
      Iteration 1444 payload 1379.2458966981314 result 37.13819996577825
dbug: TheatreCenter.UnitTests.Tests.Monitoring.MonitoringScenario[0]
      Iteration 1445 payload 1375.8191132246322 result 37.09203571151942
dbug: TheatreCenter.UnitTests.Tests.Monitoring.MonitoringScenario[0]
      Iteration 1446 payload 1372.2485939803953 result 37.043873906226324
dbug: TheatreCenter.UnitTests.Tests.Monitoring.MonitoringScenario[0]
      Iteration 1447 payload 1368.5345060353593 result 36.99370900619941
dbug: TheatreCenter.UnitTests.Tests.Monitoring.MonitoringScenario[0]
      Iteration 1448 payload 1364.6770314507075 result 36.941535315288505
dbug: TheatreCenter.UnitTests.Tests.Monitoring.MonitoringScenario[0]
      Iteration 1449 payload 1360.676367279596 result 36.8873469807683
dbug: TheatreCenter.UnitTests.Tests.Monitoring.MonitoringScenario[0]
      Iteration 1450 payload 1356.532725566315 result 36.83113798902112
dbug: TheatreCenter.UnitTests.Tests.Monitoring.MonitoringScenario[0]
      Iteration 1451 payload 1352.2463333438895 result 36.77290216101919
dbug: TheatreCenter.UnitTests.Tests.Monitoring.MonitoringScenario[0]
      Iteration 1452 payload 1347.8174326301064 result 36.712633147597934
dbug: TheatreCenter.UnitTests.Tests.Monitoring.MonitoringScenario[0]
      Iteration 1453 payload 1343.2462804219745 result 36.650324424511915
dbug: TheatreCenter.UnitTests.Tests.Monitoring.MonitoringScenario[0]
      Iteration 1454 payload 1338.5331486886178 result 36.58596928726391
dbug: TheatreCenter.UnitTests.Tests.Monitoring.MonitoringScenario[0]
      Iteration 1455 payload 1333.6783243625866 result 36.51956084569729
dbug: TheatreCenter.UnitTests.Tests.Monitoring.MonitoringScenario[0]
      Iteration 1456 payload 1328.682109329607 result 36.451092018341605
dbug: TheatreCenter.UnitTests.Tests.Monitoring.MonitoringScenario[0]
      Iteration 1457 payload 1323.5448204167485 result 36.38055552649998
dbug: TheatreCenter.UnitTests.Tests.Monitoring.MonitoringScenario[0]
      Iteration 1458 payload 1318.266789379023 result 36.307943888067015
dbug: TheatreCenter.UnitTests.Tests.Monitoring.MonitoringScenario[0]
      Iteration 1459 payload 1312.8483628844047 result 36.233249411064484
dbug: TheatreCenter.UnitTests.Tests.Monitoring.MonitoringScenario[0]
      Iteration 1460 payload 1307.2899024972767 result 36.15646418688195
dbug: TheatreCenter.UnitTests.Tests.Monitoring.MonitoringScenario[0]
      Iteration 1461 payload 1301.5917846603027 result 36.077580083208225
dbug: TheatreCenter.UnitTests.Tests.Monitoring.MonitoringScenario[0]
      Iteration 1462 payload 1295.7544006747219 result 35.99658873663895
dbug: TheatreCenter.UnitTests.Tests.Monitoring.MonitoringScenario[0]
      Iteration 1463 payload 1289.7781566790725 result 35.913481544944545
dbug: TheatreCenter.UnitTests.Tests.Monitoring.MonitoringScenario[0]
      Iteration 1464 payload 1283.6634736263327 result 35.828249658981846
dbug: TheatreCenter.UnitTests.Tests.Monitoring.MonitoringScenario[0]
      Iteration 1465 payload 1277.4107872594952 result 35.74088397423174
dbug: TheatreCenter.UnitTests.Tests.Monitoring.MonitoringScenario[0]
      Iteration 1466 payload 1271.0205480855657 result 35.65137512194397
dbug: TheatreCenter.UnitTests.Tests.Monitoring.MonitoringScenario[0]
      Iteration 1467 payload 1264.4932213479858 result 35.55971345986896
dbug: TheatreCenter.UnitTests.Tests.Monitoring.MonitoringScenario[0]
      Iteration 1468 payload 1257.8292869974891 result 35.46588906255543
dbug: TheatreCenter.UnitTests.Tests.Monitoring.MonitoringScenario[0]
      Iteration 1469 payload 1251.0292396613813 result 35.36989171119105
dbug: TheatreCenter.UnitTests.Tests.Monitoring.MonitoringScenario[0]
      Iteration 1470 payload 1244.093588611255 result 35.271710882961926
dbug: TheatreCenter.UnitTests.Tests.Monitoring.MonitoringScenario[0]
      Iteration 1471 payload 1237.0228577291389 result 35.17133573990529
dbug: TheatreCenter.UnitTests.Tests.Monitoring.MonitoringScenario[0]
      Iteration 1472 payload 1229.8175854720705 result 35.06875511722751
dbug: TheatreCenter.UnitTests.Tests.Monitoring.MonitoringScenario[0]
      Iteration 1473 payload 1222.4783248351173 result 34.96395751105869
dbug: TheatreCenter.UnitTests.Tests.Monitoring.MonitoringScenario[0]
      Iteration 1474 payload 1215.0056433128286 result 34.856931065612024
dbug: TheatreCenter.UnitTests.Tests.Monitoring.MonitoringScenario[0]
      Iteration 1475 payload 1207.4001228591285 result 34.74766355971475
dbug: TheatreCenter.UnitTests.Tests.Monitoring.MonitoringScenario[0]
      Iteration 1476 payload 1199.6623598456524 result 34.63614239267491
dbug: TheatreCenter.UnitTests.Tests.Monitoring.MonitoringScenario[0]
      Iteration 1477 payload 1191.7929650185274 result 34.52235456944569
dbug: TheatreCenter.UnitTests.Tests.Monitoring.MonitoringScenario[0]
      Iteration 1478 payload 1183.792563453598 result 34.406286685046354
dbug: TheatreCenter.UnitTests.Tests.Monitoring.MonitoringScenario[0]
      Iteration 1479 payload 1175.6617945101123 result 34.28792490819636
dbug: TheatreCenter.UnitTests.Tests.Monitoring.MonitoringScenario[0]
      Iteration 1480 payload 1167.4013117828433 result 34.16725496411503
dbug: TheatreCenter.UnitTests.Tests.Monitoring.MonitoringScenario[0]
      Iteration 1481 payload 1159.011783052685 result 34.04426211643725
dbug: TheatreCenter.UnitTests.Tests.Monitoring.MonitoringScenario[0]
      Iteration 1482 payload 1150.4938902356969 result 33.91893114819064
dbug: TheatreCenter.UnitTests.Tests.Monitoring.MonitoringScenario[0]
      Iteration 1483 payload 1141.8483293306185 result 33.79124634177642
dbug: TheatreCenter.UnitTests.Tests.Monitoring.MonitoringScenario[0]
      Iteration 1484 payload 1133.0758103648468 result 33.66119145789178
dbug: TheatreCenter.UnitTests.Tests.Monitoring.MonitoringScenario[0]
      Iteration 1485 payload 1124.1770573388858 result 33.52874971332641
dbug: TheatreCenter.UnitTests.Tests.Monitoring.MonitoringScenario[0]
      Iteration 1486 payload 1115.1528081692722 result 33.39390375756138
dbug: TheatreCenter.UnitTests.Tests.Monitoring.MonitoringScenario[0]
      Iteration 1487 payload 1106.0038146299778 result 33.25663564809251
dbug: TheatreCenter.UnitTests.Tests.Monitoring.MonitoringScenario[0]
      Iteration 1488 payload 1096.7308422923024 result 33.11692682439454
dbug: TheatreCenter.UnitTests.Tests.Monitoring.MonitoringScenario[0]
      Iteration 1489 payload 1087.3346704632409 result 32.974758080435414
dbug: TheatreCenter.UnitTests.Tests.Monitoring.MonitoringScenario[0]
      Iteration 1490 payload 1077.8160921223562 result 32.83010953564359
dbug: TheatreCenter.UnitTests.Tests.Monitoring.MonitoringScenario[0]
      Iteration 1491 payload 1068.1759138571451 result 32.682960604222274
dbug: TheatreCenter.UnitTests.Tests.Monitoring.MonitoringScenario[0]
      Iteration 1492 payload 1058.4149557969045 result 32.53328996269674
dbug: TheatreCenter.UnitTests.Tests.Monitoring.MonitoringScenario[0]
      Iteration 1493 payload 1048.5340515451082 result 32.38107551557095
dbug: TheatreCenter.UnitTests.Tests.Monitoring.MonitoringScenario[0]
      Iteration 1494 payload 1038.5340481102955 result 32.22629435895936
dbug: TheatreCenter.UnitTests.Tests.Monitoring.MonitoringScenario[0]
      Iteration 1495 payload 1028.4158058354758 result 32.06892274204851
dbug: TheatreCenter.UnitTests.Tests.Monitoring.MonitoringScenario[0]
      Iteration 1496 payload 1018.1801983260677 result 31.908936026230453
dbug: TheatreCenter.UnitTests.Tests.Monitoring.MonitoringScenario[0]
      Iteration 1497 payload 1007.828112376349 result 31.746308641735798
dbug: TheatreCenter.UnitTests.Tests.Monitoring.MonitoringScenario[0]
      Iteration 1498 payload 997.360447894461 result 31.58101404157981
dbug: TheatreCenter.UnitTests.Tests.Monitoring.MonitoringScenario[0]
      Iteration 1499 payload 986.7781178259455 result 31.413024652617352
info: TheatreCenter.UnitTests.Tests.Monitoring.MonitoringScenario[0]
      Iteration checkpoint 0
info: TheatreCenter.UnitTests.Tests.Monitoring.MonitoringScenario[0]
      Iteration checkpoint 500
info: TheatreCenter.UnitTests.Tests.Monitoring.MonitoringScenario[0]
      Iteration checkpoint 1000
[xUnit.net 00:00:00.84]   Finished:    TheatreCenter.UnitTests
</StdOut>
    </Output>
  </ResultSummary>
</TestRun>