<?xml version="1.0" encoding="utf-8"?>
<TestRun id="03b8b7f7-b150-40dc-8da8-98e2b4652599" name="@82467e4e2c7a 2025-11-13 04:12:44" xmlns="http://microsoft.com/schemas/VisualStudio/TeamTest/2010">
  <Times creation="2025-11-13T04:12:44.5030978+00:00" queuing="2025-11-13T04:12:44.5030981+00:00" start="2025-11-13T04:12:42.2664013+00:00" finish="2025-11-13T04:12:46.7676422+00:00" />
  <TestSettings name="default" id="85922187-806d-4d92-ab06-151cf7c9d8bd">
    <Deployment runDeploymentRoot="_82467e4e2c7a_2025-11-13_04_12_44" />
  </TestSettings>
  <Results>
    <UnitTestResult executionId="f88688e8-9ea3-411f-a47e-e7bc0b1c659c" testId="50885ab8-c951-b4a0-9cd7-4c2042151255" testName="TheatreCenter.Tests.Repositories.AccountRepositoryTests.GetAllAsync_AccountsExist_ReturnsAccounts" computerName="82467e4e2c7a" duration="00:00:00.0091564" startTime="2025-11-13T04:12:46.4127675+00:00" endTime="2025-11-13T04:12:46.4218359+00:00" testType="13cdc9d9-ddb5-4fa4-a97d-d965ccfc6d4b" outcome="Passed" testListId="8c84fa94-04c1-424b-9868-57a2d4851a1d" relativeResultsDirectory="f88688e8-9ea3-411f-a47e-e7bc0b1c659c" />
    <UnitTestResult executionId="159617a1-0062-484c-a20d-5641f646068b" testId="2df2bbed-5663-311d-b259-7dfbbcafa740" testName="TheatreCenter.Tests.Repositories.MusicalRepositoryTests.GetByTheatreIdAsync_NoMusicalsForTheatre_ReturnsEmpty" computerName="82467e4e2c7a" duration="00:00:00.0330314" startTime="2025-11-13T04:12:46.0449117+00:00" endTime="2025-11-13T04:12:46.0818308+00:00" testType="13cdc9d9-ddb5-4fa4-a97d-d965ccfc6d4b" outcome="Passed" testListId="8c84fa94-04c1-424b-9868-57a2d4851a1d" relativeResultsDirectory="159617a1-0062-484c-a20d-5641f646068b" />
    <UnitTestResult executionId="17a0ec54-d82d-4088-b37e-d0a1cb64ee65" testId="c613b68e-c076-a6ee-db54-c66f4c54b11c" testName="TheatreCenter.Tests.Services.AccountServiceMockTests.RegisterAsync_NewUser_ReturnsAccount" computerName="82467e4e2c7a" duration="00:00:00.4013856" startTime="2025-11-13T04:12:44.0946559+00:00" endTime="2025-11-13T04:12:44.4282398+00:00" testType="13cdc9d9-ddb5-4fa4-a97d-d965ccfc6d4b" outcome="Passed" testListId="8c84fa94-04c1-424b-9868-57a2d4851a1d" relativeResultsDirectory="17a0ec54-d82d-4088-b37e-d0a1cb64ee65" />
    <UnitTestResult executionId="7e9628ae-ff9d-4106-9c19-435e795c7475" testId="ae9d2f96-53ee-ddca-4f37-a9020bb63518" testName="TheatreCenter.Tests.Services.RoleServiceMockTests.GetByIdAsync_RoleExists_ReturnsRole" computerName="82467e4e2c7a" duration="00:00:00.0123166" startTime="2025-11-13T04:12:44.6412600+00:00" endTime="2025-11-13T04:12:44.6561562+00:00" testType="13cdc9d9-ddb5-4fa4-a97d-d965ccfc6d4b" outcome="Passed" testListId="8c84fa94-04c1-424b-9868-57a2d4851a1d" relativeResultsDirectory="7e9628ae-ff9d-4106-9c19-435e795c7475" />
    <UnitTestResult executionId="57fd6067-7ab8-4917-a099-5be9c92cbfee" testId="0b8ff6d7-70b1-52e6-3da8-1293ae5afd9f" testName="TheatreCenter.Tests.Services.ActorServiceMockTests.GetAllActorsAsync_ActorsExist_ReturnsActors" computerName="82467e4e2c7a" duration="00:00:00.0366204" startTime="2025-11-13T04:12:44.6716575+00:00" endTime="2025-11-13T04:12:44.7294755+00:00" testType="13cdc9d9-ddb5-4fa4-a97d-d965ccfc6d4b" outcome="Passed" testListId="8c84fa94-04c1-424b-9868-57a2d4851a1d" relativeResultsDirectory="57fd6067-7ab8-4917-a099-5be9c92cbfee" />
    <UnitTestResult executionId="9c9a423c-727b-4fc7-b0d6-5b54e0b5db91" testId="8c49e42d-ede8-3c1b-14e7-e961aaf98fcb" testName="TheatreCenter.Tests.Services.TheatreServiceMockTests.CreateTheatreAsync_RepositoryThrowsException_ThrowsException" computerName="82467e4e2c7a" duration="00:00:00.0176743" startTime="2025-11-13T04:12:44.7047454+00:00" endTime="2025-11-13T04:12:44.7314461+00:00" testType="13cdc9d9-ddb5-4fa4-a97d-d965ccfc6d4b" outcome="Passed" testListId="8c84fa94-04c1-424b-9868-57a2d4851a1d" relativeResultsDirectory="9c9a423c-727b-4fc7-b0d6-5b54e0b5db91" />
    <UnitTestResult executionId="f7b5951c-0f72-4868-aaee-b3106e5d0d66" testId="f4f300e4-6604-d64e-5cc5-515386c5492b" testName="TheatreCenter.Tests.Services.TheatreServiceMockTests.DeleteTheatreAsync_TheatreNotExists_ReturnsFalse" computerName="82467e4e2c7a" duration="00:00:00.0062658" startTime="2025-11-13T04:12:44.7348491+00:00" endTime="2025-11-13T04:12:44.7373107+00:00" testType="13cdc9d9-ddb5-4fa4-a97d-d965ccfc6d4b" outcome="Passed" testListId="8c84fa94-04c1-424b-9868-57a2d4851a1d" relativeResultsDirectory="f7b5951c-0f72-4868-aaee-b3106e5d0d66" />
    <UnitTestResult executionId="ae6486cb-3c62-4c21-8eec-47d07c27398d" testId="b932e756-d6a8-25fc-fe3f-d8f47cbb9599" testName="TheatreCenter.Tests.Repositories.MusicalRepositoryTests.GetAllAsync_NoMusicals_ReturnsEmpty" computerName="82467e4e2c7a" duration="00:00:00.0015712" startTime="2025-11-13T04:12:46.0985815+00:00" endTime="2025-11-13T04:12:46.1020393+00:00" testType="13cdc9d9-ddb5-4fa4-a97d-d965ccfc6d4b" outcome="Passed" testListId="8c84fa94-04c1-424b-9868-57a2d4851a1d" relativeResultsDirectory="ae6486cb-3c62-4c21-8eec-47d07c27398d" />
    <UnitTestResult executionId="060ff9c4-cabb-4840-8fe7-d48a667f1ee8" testId="257b5747-bd20-a185-9f32-6ff1d1f76a50" testName="TheatreCenter.Tests.Services.CastMemberServiceMockTests.GetByIdAsync_CastMemberExists_ReturnsCastMember" computerName="82467e4e2c7a" duration="00:00:00.0537828" startTime="2025-11-13T04:12:44.5137326+00:00" endTime="2025-11-13T04:12:44.5678849+00:00" testType="13cdc9d9-ddb5-4fa4-a97d-d965ccfc6d4b" outcome="Passed" testListId="8c84fa94-04c1-424b-9868-57a2d4851a1d" relativeResultsDirectory="060ff9c4-cabb-4840-8fe7-d48a667f1ee8" />
    <UnitTestResult executionId="a99a0139-94aa-4883-8993-747bb7af6623" testId="d639e037-d8c4-cd31-af6c-cbb237639cd0" testName="TheatreCenter.Tests.Repositories.ShowRepositoryTests.GetUpcomingShowsAsync_FutureShowsExist_ReturnsShows" computerName="82467e4e2c7a" duration="00:00:00.2180466" startTime="2025-11-13T04:12:45.7956947+00:00" endTime="2025-11-13T04:12:46.0131631+00:00" testType="13cdc9d9-ddb5-4fa4-a97d-d965ccfc6d4b" outcome="Passed" testListId="8c84fa94-04c1-424b-9868-57a2d4851a1d" relativeResultsDirectory="a99a0139-94aa-4883-8993-747bb7af6623" />
    <UnitTestResult executionId="116acc9a-6576-4178-9e13-04531b0a827a" testId="1ca56c21-b450-5c77-fa85-b5e0b1b6f470" testName="TheatreCenter.Tests.Services.ShowServiceMockTests.GetByIdAsync_ShowNotFound_ThrowsKeyNotFoundException" computerName="82467e4e2c7a" duration="00:00:00.0146809" startTime="2025-11-13T04:12:44.5002039+00:00" endTime="2025-11-13T04:12:44.5157695+00:00" testType="13cdc9d9-ddb5-4fa4-a97d-d965ccfc6d4b" outcome="Passed" testListId="8c84fa94-04c1-424b-9868-57a2d4851a1d" relativeResultsDirectory="116acc9a-6576-4178-9e13-04531b0a827a" />
    <UnitTestResult executionId="96f7b120-8e7e-41de-8aff-8331e3d7681f" testId="c71190c3-ff05-7136-2577-49728e0c07ae" testName="TheatreCenter.Tests.Repositories.CastMemberRepositoryTests.RemoveAsync_CastMemberExists_RemovesCastMember" computerName="82467e4e2c7a" duration="00:00:00.0408747" startTime="2025-11-13T04:12:46.0445589+00:00" endTime="2025-11-13T04:12:46.0873850+00:00" testType="13cdc9d9-ddb5-4fa4-a97d-d965ccfc6d4b" outcome="Passed" testListId="8c84fa94-04c1-424b-9868-57a2d4851a1d" relativeResultsDirectory="96f7b120-8e7e-41de-8aff-8331e3d7681f" />
    <UnitTestResult executionId="af35e698-8821-461d-b13e-956a6c5d57cb" testId="92a85405-d94e-07f2-da73-1be838699f7a" testName="TheatreCenter.Tests.Services.ShowServiceMockTests.CreateAsync_ValidShow_ReturnsCreatedShow" computerName="82467e4e2c7a" duration="00:00:00.0202979" startTime="2025-11-13T04:12:44.6207620+00:00" endTime="2025-11-13T04:12:44.6420477+00:00" testType="13cdc9d9-ddb5-4fa4-a97d-d965ccfc6d4b" outcome="Passed" testListId="8c84fa94-04c1-424b-9868-57a2d4851a1d" relativeResultsDirectory="af35e698-8821-461d-b13e-956a6c5d57cb" />
    <UnitTestResult executionId="41c634c2-42ce-493a-a0ba-07b76d04f614" testId="72eae46e-8885-c815-b783-92379fa12da2" testName="TheatreCenter.Tests.Services.TheatreServiceMockTests.GetAllTheatresAsync_RepositoryThrowsException_ThrowsException" computerName="82467e4e2c7a" duration="00:00:00.0065392" startTime="2025-11-13T04:12:44.6261676+00:00" endTime="2025-11-13T04:12:44.6344380+00:00" testType="13cdc9d9-ddb5-4fa4-a97d-d965ccfc6d4b" outcome="Passed" testListId="8c84fa94-04c1-424b-9868-57a2d4851a1d" relativeResultsDirectory="41c634c2-42ce-493a-a0ba-07b76d04f614" />
    <UnitTestResult executionId="5dff88f7-59b2-4574-981f-183799145ce8" testId="f52cc6be-b3a3-f2e6-ac40-23d2ed0f3434" testName="TheatreCenter.Tests.Services.AccountServiceMockTests.UpdateAsync_ValidAccount_UpdatesSuccessfully" computerName="82467e4e2c7a" duration="00:00:00.0194393" startTime="2025-11-13T04:12:44.4742461+00:00" endTime="2025-11-13T04:12:44.4927456+00:00" testType="13cdc9d9-ddb5-4fa4-a97d-d965ccfc6d4b" outcome="Passed" testListId="8c84fa94-04c1-424b-9868-57a2d4851a1d" relativeResultsDirectory="5dff88f7-59b2-4574-981f-183799145ce8" />
    <UnitTestResult executionId="14074ce6-943f-4106-9d73-49067cbce732" testId="1fd587b5-9eb2-e437-1b2c-e2ea828e88e0" testName="TheatreCenter.Tests.Services.RoleServiceMockTests.CreateAsync_EmptyName_ThrowsArgumentException" computerName="82467e4e2c7a" duration="00:00:00.0285284" startTime="2025-11-13T04:12:44.5156356+00:00" endTime="2025-11-13T04:12:44.5426040+00:00" testType="13cdc9d9-ddb5-4fa4-a97d-d965ccfc6d4b" outcome="Passed" testListId="8c84fa94-04c1-424b-9868-57a2d4851a1d" relativeResultsDirectory="14074ce6-943f-4106-9d73-49067cbce732" />
    <UnitTestResult executionId="708f9c92-8086-4693-aea0-bc66d29ab4fa" testId="59da4877-9243-7481-6d49-a8167204c60e" testName="TheatreCenter.Tests.Services.RoleServiceMockTests.CreateAsync_MusicalNotFound_ThrowsArgumentException" computerName="82467e4e2c7a" duration="00:00:00.0096102" startTime="2025-11-13T04:12:44.5564939+00:00" endTime="2025-11-13T04:12:44.5652993+00:00" testType="13cdc9d9-ddb5-4fa4-a97d-d965ccfc6d4b" outcome="Passed" testListId="8c84fa94-04c1-424b-9868-57a2d4851a1d" relativeResultsDirectory="708f9c92-8086-4693-aea0-bc66d29ab4fa" />
    <UnitTestResult executionId="ca571230-c329-4aa8-bd09-5091e32764ca" testId="ffa793ac-4d6d-3a52-7308-7a306cfbbb00" testName="TheatreCenter.Tests.Repositories.AccountRepositoryTests.CreateAsync_ValidAccount_AddsToDatabase" computerName="82467e4e2c7a" duration="00:00:00.0050839" startTime="2025-11-13T04:12:46.3763584+00:00" endTime="2025-11-13T04:12:46.3811981+00:00" testType="13cdc9d9-ddb5-4fa4-a97d-d965ccfc6d4b" outcome="Passed" testListId="8c84fa94-04c1-424b-9868-57a2d4851a1d" relativeResultsDirectory="ca571230-c329-4aa8-bd09-5091e32764ca" />
    <UnitTestResult executionId="3f50e344-d544-431f-b894-5c41b277095a" testId="44f99f58-248b-516d-8dcb-36703b17dea5" testName="TheatreCenter.Tests.Repositories.RoleRepositoryTests.GetByMusicalIdAsync_ValidMusicalId_ReturnsRoles" computerName="82467e4e2c7a" duration="00:00:00.0097626" startTime="2025-11-13T04:12:46.1756151+00:00" endTime="2025-11-13T04:12:46.1852716+00:00" testType="13cdc9d9-ddb5-4fa4-a97d-d965ccfc6d4b" outcome="Passed" testListId="8c84fa94-04c1-424b-9868-57a2d4851a1d" relativeResultsDirectory="3f50e344-d544-431f-b894-5c41b277095a" />
    <UnitTestResult executionId="bf1b7620-e0a6-4ac8-9142-c32a823bdf1a" testId="7d26e4ce-e826-711b-a0b6-b2e469ba376f" testName="TheatreCenter.Tests.Repositories.RoleRepositoryTests.GetByIdAsync_RoleNotExists_ReturnsNull" computerName="82467e4e2c7a" duration="00:00:00.0033524" startTime="2025-11-13T04:12:46.1017724+00:00" endTime="2025-11-13T04:12:46.1032757+00:00" testType="13cdc9d9-ddb5-4fa4-a97d-d965ccfc6d4b" outcome="Passed" testListId="8c84fa94-04c1-424b-9868-57a2d4851a1d" relativeResultsDirectory="bf1b7620-e0a6-4ac8-9142-c32a823bdf1a" />
    <UnitTestResult executionId="38665b69-67ef-4ea8-bcb0-68268d9e4b32" testId="339e9b95-9a6f-3d03-55eb-28f01f4bc578" testName="TheatreCenter.Tests.Repositories.RoleRepositoryTests.GetByRoleTypeAsync_NoRolesWithType_ReturnsEmpty" computerName="82467e4e2c7a" duration="00:00:00.0297619" startTime="2025-11-13T04:12:46.0636984+00:00" endTime="2025-11-13T04:12:46.0919036+00:00" testType="13cdc9d9-ddb5-4fa4-a97d-d965ccfc6d4b" outcome="Passed" testListId="8c84fa94-04c1-424b-9868-57a2d4851a1d" relativeResultsDirectory="38665b69-67ef-4ea8-bcb0-68268d9e4b32" />
    <UnitTestResult executionId="a9aeb923-92c9-4ac0-87ce-52a2fa438b89" testId="207bcccd-5192-2027-4ca3-f2062f67b35f" testName="TheatreCenter.Tests.Services.ShowServiceMockTests.CreateAsync_MusicalNotFound_ThrowsArgumentException" computerName="82467e4e2c7a" duration="00:00:00.0114743" startTime="2025-11-13T04:12:44.5836140+00:00" endTime="2025-11-13T04:12:44.5942502+00:00" testType="13cdc9d9-ddb5-4fa4-a97d-d965ccfc6d4b" outcome="Passed" testListId="8c84fa94-04c1-424b-9868-57a2d4851a1d" relativeResultsDirectory="a9aeb923-92c9-4ac0-87ce-52a2fa438b89" />
    <UnitTestResult executionId="e07968bc-02d6-4afa-875c-478e615a6f2e" testId="72916445-774c-45d0-ac00-049e892b0888" testName="TheatreCenter.Tests.Repositories.CastMemberRepositoryTests.GetByActorIdAsync_NoCastMembersForActor_ReturnsEmpty" computerName="82467e4e2c7a" duration="00:00:00.0046900" startTime="2025-11-13T04:12:46.1888327+00:00" endTime="2025-11-13T04:12:46.1929751+00:00" testType="13cdc9d9-ddb5-4fa4-a97d-d965ccfc6d4b" outcome="Passed" testListId="8c84fa94-04c1-424b-9868-57a2d4851a1d" relativeResultsDirectory="e07968bc-02d6-4afa-875c-478e615a6f2e" />
    <UnitTestResult executionId="f71b8413-b71a-498a-915e-9a0ec25d0b9d" testId="b5820dd9-79ef-d2d2-dd17-a7fd903004f1" testName="TheatreCenter.Tests.Repositories.ThemeRepositoryTests.RemoveAsync_ThemeExists_RemovesTheme" computerName="82467e4e2c7a" duration="00:00:00.0850011" startTime="2025-11-13T04:12:45.9301558+00:00" endTime="2025-11-13T04:12:46.0142892+00:00" testType="13cdc9d9-ddb5-4fa4-a97d-d965ccfc6d4b" outcome="Passed" testListId="8c84fa94-04c1-424b-9868-57a2d4851a1d" relativeResultsDirectory="f71b8413-b71a-498a-915e-9a0ec25d0b9d" />
    <UnitTestResult executionId="d24c7b4f-60b2-44d0-af60-3035e4cf9e35" testId="19ea3626-006f-f784-dcd1-9e21f00b22f3" testName="TheatreCenter.Tests.Repositories.ActorRepositoryTests.GetAllAsync_ActorsExist_ReturnsActors" computerName="82467e4e2c7a" duration="00:00:00.0230659" startTime="2025-11-13T04:12:46.0813001+00:00" endTime="2025-11-13T04:12:46.0900809+00:00" testType="13cdc9d9-ddb5-4fa4-a97d-d965ccfc6d4b" outcome="Passed" testListId="8c84fa94-04c1-424b-9868-57a2d4851a1d" relativeResultsDirectory="d24c7b4f-60b2-44d0-af60-3035e4cf9e35" />
    <UnitTestResult executionId="80ed3af4-0b85-489d-a0d4-ceaa424edb15" testId="17d26306-7a32-f555-2324-bc079b29e821" testName="TheatreCenter.Tests.Repositories.TheatreRepositoryTests.UpdateAsync_ValidTheatre_UpdatesSuccessfully" computerName="82467e4e2c7a" duration="00:00:00.0131632" startTime="2025-11-13T04:12:46.0533584+00:00" endTime="2025-11-13T04:12:46.0638997+00:00" testType="13cdc9d9-ddb5-4fa4-a97d-d965ccfc6d4b" outcome="Passed" testListId="8c84fa94-04c1-424b-9868-57a2d4851a1d" relativeResultsDirectory="80ed3af4-0b85-489d-a0d4-ceaa424edb15" />
    <UnitTestResult executionId="cc2e4cc6-abd8-4f07-9c37-d8e67c50c857" testId="2ccea7c4-5783-a0e7-6630-f21a0ea5ba0a" testName="TheatreCenter.Tests.Repositories.CastMemberRepositoryTests.GetByShowAndRoleAsync_NoMatch_ReturnsNull" computerName="82467e4e2c7a" duration="00:00:00.0016622" startTime="2025-11-13T04:12:46.1882965+00:00" endTime="2025-11-13T04:12:46.1884175+00:00" testType="13cdc9d9-ddb5-4fa4-a97d-d965ccfc6d4b" outcome="Passed" testListId="8c84fa94-04c1-424b-9868-57a2d4851a1d" relativeResultsDirectory="cc2e4cc6-abd8-4f07-9c37-d8e67c50c857" />
    <UnitTestResult executionId="64b83046-1f3b-4e4e-a19f-8b072c8edbe9" testId="d1afd484-a074-a70f-c988-e34b61c51af2" testName="TheatreCenter.Tests.Repositories.ShowRepositoryTests.RemoveAsync_ShowExists_RemovesShow" computerName="82467e4e2c7a" duration="00:00:00.0318273" startTime="2025-11-13T04:12:46.0134020+00:00" endTime="2025-11-13T04:12:46.0450006+00:00" testType="13cdc9d9-ddb5-4fa4-a97d-d965ccfc6d4b" outcome="Passed" testListId="8c84fa94-04c1-424b-9868-57a2d4851a1d" relativeResultsDirectory="64b83046-1f3b-4e4e-a19f-8b072c8edbe9" />
    <UnitTestResult executionId="b5525209-f4cf-4818-bfdb-5176dcf94b09" testId="5411a142-a736-ac0f-8f72-5abf65963a01" testName="TheatreCenter.Tests.Repositories.MusicalRepositoryTests.UpdateAsync_ValidMusical_UpdatesSuccessfully" computerName="82467e4e2c7a" duration="00:00:00.0468438" startTime="2025-11-13T04:12:46.1073418+00:00" endTime="2025-11-13T04:12:46.1531559+00:00" testType="13cdc9d9-ddb5-4fa4-a97d-d965ccfc6d4b" outcome="Passed" testListId="8c84fa94-04c1-424b-9868-57a2d4851a1d" relativeResultsDirectory="b5525209-f4cf-4818-bfdb-5176dcf94b09" />
    <UnitTestResult executionId="50552504-ef58-4435-92c2-db419f4816a0" testId="17186257-6cbe-64c8-604d-dda79e804684" testName="TheatreCenter.Tests.Repositories.AccountRepositoryTests.AuthenticateAsync_InvalidCredentials_ReturnsNull" computerName="82467e4e2c7a" duration="00:00:00.0051304" startTime="2025-11-13T04:12:46.4073368+00:00" endTime="2025-11-13T04:12:46.4124261+00:00" testType="13cdc9d9-ddb5-4fa4-a97d-d965ccfc6d4b" outcome="Passed" testListId="8c84fa94-04c1-424b-9868-57a2d4851a1d" relativeResultsDirectory="50552504-ef58-4435-92c2-db419f4816a0" />
    <UnitTestResult executionId="ed9c96a7-bea8-4abe-ab54-96ad78f061b2" testId="87645369-6d38-aa66-0d49-dee7716ad007" testName="TheatreCenter.Tests.Services.ShowServiceMockTests.UpdateAsync_ValidShow_ReturnsUpdatedShow" computerName="82467e4e2c7a" duration="00:00:00.0637305" startTime="2025-11-13T04:12:44.6440446+00:00" endTime="2025-11-13T04:12:44.7143084+00:00" testType="13cdc9d9-ddb5-4fa4-a97d-d965ccfc6d4b" outcome="Passed" testListId="8c84fa94-04c1-424b-9868-57a2d4851a1d" relativeResultsDirectory="ed9c96a7-bea8-4abe-ab54-96ad78f061b2" />
    <UnitTestResult executionId="a5c38579-f882-4516-80b0-5fbdccc9c1ac" testId="b9e5387f-3fa4-c7fc-71e7-6081c9797ca9" testName="TheatreCenter.Tests.Services.ActorServiceMockTests.CreateActorAsync_NullActor_ThrowsArgumentNullException" computerName="82467e4e2c7a" duration="00:00:00.0075223" startTime="2025-11-13T04:12:44.7528825+00:00" endTime="2025-11-13T04:12:44.7603909+00:00" testType="13cdc9d9-ddb5-4fa4-a97d-d965ccfc6d4b" outcome="Passed" testListId="8c84fa94-04c1-424b-9868-57a2d4851a1d" relativeResultsDirectory="a5c38579-f882-4516-80b0-5fbdccc9c1ac" />
    <UnitTestResult executionId="eb001710-c0ce-4462-aaca-7c21bde50776" testId="ebe7c4f9-3c35-58f0-778b-8e8348b8ac77" testName="TheatreCenter.Tests.Repositories.AccountRepositoryTests.AuthenticateAsync_ValidCredentials_ReturnsAccount" computerName="82467e4e2c7a" duration="00:00:01.9932184" startTime="2025-11-13T04:12:44.0946107+00:00" endTime="2025-11-13T04:12:46.0315670+00:00" testType="13cdc9d9-ddb5-4fa4-a97d-d965ccfc6d4b" outcome="Passed" testListId="8c84fa94-04c1-424b-9868-57a2d4851a1d" relativeResultsDirectory="eb001710-c0ce-4462-aaca-7c21bde50776" />
    <UnitTestResult executionId="fbf8a767-aa89-41a8-bc52-14f673e1a0b5" testId="80aa0beb-ec46-5470-1481-3b2b057bcf54" testName="TheatreCenter.Tests.Repositories.TheatreRepositoryTests.GetByIdAsync_TheatreNotExists_ReturnsNull" computerName="82467e4e2c7a" duration="00:00:00.1434641" startTime="2025-11-13T04:12:45.8738223+00:00" endTime="2025-11-13T04:12:46.0146551+00:00" testType="13cdc9d9-ddb5-4fa4-a97d-d965ccfc6d4b" outcome="Passed" testListId="8c84fa94-04c1-424b-9868-57a2d4851a1d" relativeResultsDirectory="fbf8a767-aa89-41a8-bc52-14f673e1a0b5" />
    <UnitTestResult executionId="a905c3cc-2ef6-4ac2-8bc0-753cb516c39b" testId="2fb6c21a-3da5-9c3f-cf91-943dad0722b2" testName="TheatreCenter.Tests.Services.AccountServiceMockTests.UpdateAsync_AccountNotFound_ThrowsKeyNotFoundException" computerName="82467e4e2c7a" duration="00:00:00.0112297" startTime="2025-11-13T04:12:44.6318869+00:00" endTime="2025-11-13T04:12:44.6414024+00:00" testType="13cdc9d9-ddb5-4fa4-a97d-d965ccfc6d4b" outcome="Passed" testListId="8c84fa94-04c1-424b-9868-57a2d4851a1d" relativeResultsDirectory="a905c3cc-2ef6-4ac2-8bc0-753cb516c39b" />
    <UnitTestResult executionId="efd6c79b-4424-40cd-a13c-99323524572a" testId="d9489141-fb80-ffcd-d4f7-1c43a05de285" testName="TheatreCenter.Tests.Repositories.ShowRepositoryTests.GetByMusicalIdAsync_NoShowsForMusical_ReturnsEmpty" computerName="82467e4e2c7a" duration="00:00:00.0400601" startTime="2025-11-13T04:12:46.1092279+00:00" endTime="2025-11-13T04:12:46.1480786+00:00" testType="13cdc9d9-ddb5-4fa4-a97d-d965ccfc6d4b" outcome="Passed" testListId="8c84fa94-04c1-424b-9868-57a2d4851a1d" relativeResultsDirectory="efd6c79b-4424-40cd-a13c-99323524572a" />
    <UnitTestResult executionId="4060c823-a8d2-4504-84d9-f7f3b3a7f1d0" testId="ccd63bca-e611-9a5b-5b95-3b69f4e687f1" testName="TheatreCenter.Tests.Services.CastMemberServiceMockTests.CreateAsync_RoleAlreadyAssigned_ThrowsInvalidOperationException" computerName="82467e4e2c7a" duration="00:00:00.0724095" startTime="2025-11-13T04:12:44.6345052+00:00" endTime="2025-11-13T04:12:44.7134413+00:00" testType="13cdc9d9-ddb5-4fa4-a97d-d965ccfc6d4b" outcome="Passed" testListId="8c84fa94-04c1-424b-9868-57a2d4851a1d" relativeResultsDirectory="4060c823-a8d2-4504-84d9-f7f3b3a7f1d0" />
    <UnitTestResult executionId="5080a088-d2bf-496b-a580-a2413bd43760" testId="b51a149f-a9a0-6fdf-a3f1-3c07f90aa226" testName="TheatreCenter.Tests.Repositories.CastMemberRepositoryTests.GetByIdAsync_CastMemberNotExists_ReturnsNull" computerName="82467e4e2c7a" duration="00:00:00.0018795" startTime="2025-11-13T04:12:46.1712935+00:00" endTime="2025-11-13T04:12:46.1730419+00:00" testType="13cdc9d9-ddb5-4fa4-a97d-d965ccfc6d4b" outcome="Passed" testListId="8c84fa94-04c1-424b-9868-57a2d4851a1d" relativeResultsDirectory="5080a088-d2bf-496b-a580-a2413bd43760" />
    <UnitTestResult executionId="c8a0b9e4-29ff-420c-bb5c-547b4b713565" testId="ab36c658-d099-535d-d48e-357d1b6b03c4" testName="TheatreCenter.Tests.Repositories.AccountRepositoryTests.GetAllAsync_NoAccounts_ReturnsEmpty" computerName="82467e4e2c7a" duration="00:00:00.0093595" startTime="2025-11-13T04:12:46.3979032+00:00" endTime="2025-11-13T04:12:46.4069309+00:00" testType="13cdc9d9-ddb5-4fa4-a97d-d965ccfc6d4b" outcome="Passed" testListId="8c84fa94-04c1-424b-9868-57a2d4851a1d" relativeResultsDirectory="c8a0b9e4-29ff-420c-bb5c-547b4b713565" />
    <UnitTestResult executionId="960b5303-8020-4048-af6e-9f91c83415c5" testId="7d5106e8-4cb5-cf67-ff04-ed30460172a7" testName="TheatreCenter.Tests.Services.ShowServiceMockTests.DeleteAsync_FutureShow_ReturnsTrue" computerName="82467e4e2c7a" duration="00:00:00.0260144" startTime="2025-11-13T04:12:44.5952122+00:00" endTime="2025-11-13T04:12:44.6202806+00:00" testType="13cdc9d9-ddb5-4fa4-a97d-d965ccfc6d4b" outcome="Passed" testListId="8c84fa94-04c1-424b-9868-57a2d4851a1d" relativeResultsDirectory="960b5303-8020-4048-af6e-9f91c83415c5" />
    <UnitTestResult executionId="414da5bd-68c5-4223-b5bf-f39e1d35e7b9" testId="6406a12e-e1a0-31b6-01e3-3f150d7dfe97" testName="TheatreCenter.Tests.Repositories.ActorRepositoryTests.GetAllAsync_NoActors_ReturnsEmpty" computerName="82467e4e2c7a" duration="00:00:00.0150811" startTime="2025-11-13T04:12:46.0236586+00:00" endTime="2025-11-13T04:12:46.0388912+00:00" testType="13cdc9d9-ddb5-4fa4-a97d-d965ccfc6d4b" outcome="Passed" testListId="8c84fa94-04c1-424b-9868-57a2d4851a1d" relativeResultsDirectory="414da5bd-68c5-4223-b5bf-f39e1d35e7b9" />
    <UnitTestResult executionId="9a08dde2-ae3c-4fc5-a45c-afae9eaeffd7" testId="29dfe63a-b794-ae5f-7410-d76f1f4a1438" testName="TheatreCenter.Tests.Repositories.ActorRepositoryTests.GetByIdAsync_ActorExists_ReturnsActor" computerName="82467e4e2c7a" duration="00:00:00.0131076" startTime="2025-11-13T04:12:46.0395072+00:00" endTime="2025-11-13T04:12:46.0534778+00:00" testType="13cdc9d9-ddb5-4fa4-a97d-d965ccfc6d4b" outcome="Passed" testListId="8c84fa94-04c1-424b-9868-57a2d4851a1d" relativeResultsDirectory="9a08dde2-ae3c-4fc5-a45c-afae9eaeffd7" />
    <UnitTestResult executionId="7e03fc9f-107e-41b8-816b-daaca0a1079b" testId="bdb31920-d390-814e-e7da-eaf499498f1d" testName="TheatreCenter.Tests.Services.CastMemberServiceMockTests.GetByShowIdAsync_ValidId_ReturnsCastMembers" computerName="82467e4e2c7a" duration="00:00:00.0255731" startTime="2025-11-13T04:12:44.5797069+00:00" endTime="2025-11-13T04:12:44.6020800+00:00" testType="13cdc9d9-ddb5-4fa4-a97d-d965ccfc6d4b" outcome="Passed" testListId="8c84fa94-04c1-424b-9868-57a2d4851a1d" relativeResultsDirectory="7e03fc9f-107e-41b8-816b-daaca0a1079b" />
    <UnitTestResult executionId="663a7823-dad1-40a8-ab12-710d8a6ef3bd" testId="cfb17352-2dd6-7d90-9d2a-28ce0c96a26b" testName="TheatreCenter.Tests.Services.MusicalServiceMockTests.DeleteMusicalAsync_ValidMusical_ReturnsTrue" computerName="82467e4e2c7a" duration="00:00:00.0300886" startTime="2025-11-13T04:12:44.6004371+00:00" endTime="2025-11-13T04:12:44.6336401+00:00" testType="13cdc9d9-ddb5-4fa4-a97d-d965ccfc6d4b" outcome="Passed" testListId="8c84fa94-04c1-424b-9868-57a2d4851a1d" relativeResultsDirectory="663a7823-dad1-40a8-ab12-710d8a6ef3bd" />
    <UnitTestResult executionId="104f07c3-8da0-4b0a-92d0-9f474f64ec1e" testId="2f94db4f-558c-271f-66fd-4e7e8eb54737" testName="TheatreCenter.Tests.Repositories.CastMemberRepositoryTests.GetByShowIdAsync_NoCastMembersForShow_ReturnsEmpty" computerName="82467e4e2c7a" duration="00:00:01.9709635" startTime="2025-11-13T04:12:44.0920646+00:00" endTime="2025-11-13T04:12:46.0095585+00:00" testType="13cdc9d9-ddb5-4fa4-a97d-d965ccfc6d4b" outcome="Passed" testListId="8c84fa94-04c1-424b-9868-57a2d4851a1d" relativeResultsDirectory="104f07c3-8da0-4b0a-92d0-9f474f64ec1e" />
    <UnitTestResult executionId="21af403e-29b2-4fde-b31c-0b7bf106346f" testId="f04df164-cc9d-da24-65ed-d9d3667e5dcb" testName="TheatreCenter.Tests.Repositories.CastMemberRepositoryTests.GetByActorIdAsync_ValidActorId_ReturnsCastMembers" computerName="82467e4e2c7a" duration="00:00:00.0678055" startTime="2025-11-13T04:12:46.0989625+00:00" endTime="2025-11-13T04:12:46.1663501+00:00" testType="13cdc9d9-ddb5-4fa4-a97d-d965ccfc6d4b" outcome="Passed" testListId="8c84fa94-04c1-424b-9868-57a2d4851a1d" relativeResultsDirectory="21af403e-29b2-4fde-b31c-0b7bf106346f" />
    <UnitTestResult executionId="5eb16493-f58c-4edb-b385-577e825c7fe1" testId="145866a6-1e3c-02d6-cd92-dda8804ee470" testName="TheatreCenter.Tests.Services.AccountServiceMockTests.ChangePasswordAsync_AccountNotFound_ThrowsArgumentException" computerName="82467e4e2c7a" duration="00:00:00.0203496" startTime="2025-11-13T04:12:44.6487798+00:00" endTime="2025-11-13T04:12:44.6688577+00:00" testType="13cdc9d9-ddb5-4fa4-a97d-d965ccfc6d4b" outcome="Passed" testListId="8c84fa94-04c1-424b-9868-57a2d4851a1d" relativeResultsDirectory="5eb16493-f58c-4edb-b385-577e825c7fe1" />
    <UnitTestResult executionId="4d913217-39c9-4790-b262-758f1a154c94" testId="eeaf43d6-1a16-1906-173c-5fa0a0e8a63b" testName="TheatreCenter.Tests.Services.MusicalServiceMockTests.GetMusicalByIdAsync_MusicalNotFound_ThrowsKeyNotFoundException" computerName="82467e4e2c7a" duration="00:00:00.0269909" startTime="2025-11-13T04:12:44.5180518+00:00" endTime="2025-11-13T04:12:44.5465782+00:00" testType="13cdc9d9-ddb5-4fa4-a97d-d965ccfc6d4b" outcome="Passed" testListId="8c84fa94-04c1-424b-9868-57a2d4851a1d" relativeResultsDirectory="4d913217-39c9-4790-b262-758f1a154c94" />
    <UnitTestResult executionId="0a0015bd-c12e-4bd8-b0f0-4bd322109fcd" testId="f67b3a3d-0778-706b-3b98-0d430d3565e0" testName="TheatreCenter.Tests.Services.ActorServiceMockTests.GetActorByIdAsync_ActorNotFound_ThrowsArgumentNullException" computerName="82467e4e2c7a" duration="00:00:00.0078884" startTime="2025-11-13T04:12:44.7446858+00:00" endTime="2025-11-13T04:12:44.7525414+00:00" testType="13cdc9d9-ddb5-4fa4-a97d-d965ccfc6d4b" outcome="Passed" testListId="8c84fa94-04c1-424b-9868-57a2d4851a1d" relativeResultsDirectory="0a0015bd-c12e-4bd8-b0f0-4bd322109fcd" />
    <UnitTestResult executionId="b6cda39a-96ca-49f1-9c9f-56c424f93580" testId="3c096c3f-e482-6db7-2133-acf3d51b4689" testName="TheatreCenter.Tests.Repositories.AccountRepositoryTests.ProcessUpgradeRequestAsync_ValidAccount_ReturnsTrue" computerName="82467e4e2c7a" duration="00:00:00.0078441" startTime="2025-11-13T04:12:46.4222248+00:00" endTime="2025-11-13T04:12:46.4298382+00:00" testType="13cdc9d9-ddb5-4fa4-a97d-d965ccfc6d4b" outcome="Passed" testListId="8c84fa94-04c1-424b-9868-57a2d4851a1d" relativeResultsDirectory="b6cda39a-96ca-49f1-9c9f-56c424f93580" />
    <UnitTestResult executionId="c56de1da-8a1f-49c9-9599-fe34ba430ac0" testId="2153b0a8-de38-41d5-1751-88345f65dc84" testName="TheatreCenter.Tests.Services.TheatreServiceMockTests.GetAllTheatresAsync_NoTheatres_ReturnsEmptyList" computerName="82467e4e2c7a" duration="00:00:00.0195288" startTime="2025-11-13T04:12:44.5760330+00:00" endTime="2025-11-13T04:12:44.5972642+00:00" testType="13cdc9d9-ddb5-4fa4-a97d-d965ccfc6d4b" outcome="Passed" testListId="8c84fa94-04c1-424b-9868-57a2d4851a1d" relativeResultsDirectory="c56de1da-8a1f-49c9-9599-fe34ba430ac0" />
    <UnitTestResult executionId="18bb2596-b766-418d-9433-7358a5457318" testId="715b13ac-f729-a6bb-ad9b-e04d31531cf9" testName="TheatreCenter.Tests.Repositories.TheatreRepositoryTests.GetAllAsync_TheatresExist_ReturnsTheatres" computerName="82467e4e2c7a" duration="00:00:00.0259603" startTime="2025-11-13T04:12:46.0172044+00:00" endTime="2025-11-13T04:12:46.0405002+00:00" testType="13cdc9d9-ddb5-4fa4-a97d-d965ccfc6d4b" outcome="Passed" testListId="8c84fa94-04c1-424b-9868-57a2d4851a1d" relativeResultsDirectory="18bb2596-b766-418d-9433-7358a5457318" />
    <UnitTestResult executionId="208e71f4-fcca-41fc-8ef7-e7a4eb57ffea" testId="925fd431-30e3-5c40-5157-5890c2bbbb51" testName="TheatreCenter.Tests.Repositories.MusicalRepositoryTests.GetByTheatreIdAsync_ValidTheatreId_ReturnsMusicals" computerName="82467e4e2c7a" duration="00:00:00.0132415" startTime="2025-11-13T04:12:46.0859920+00:00" endTime="2025-11-13T04:12:46.0982519+00:00" testType="13cdc9d9-ddb5-4fa4-a97d-d965ccfc6d4b" outcome="Passed" testListId="8c84fa94-04c1-424b-9868-57a2d4851a1d" relativeResultsDirectory="208e71f4-fcca-41fc-8ef7-e7a4eb57ffea" />
    <UnitTestResult executionId="8f086721-1a1c-4266-87fc-3f6c190cf747" testId="e5d174bf-d760-26c6-ecb8-66d830021560" testName="TheatreCenter.Tests.Repositories.MusicalRepositoryTests.GetAllAsync_MusicalsExist_ReturnsMusicals" computerName="82467e4e2c7a" duration="00:00:01.8607916" startTime="2025-11-13T04:12:44.0922981+00:00" endTime="2025-11-13T04:12:45.8992161+00:00" testType="13cdc9d9-ddb5-4fa4-a97d-d965ccfc6d4b" outcome="Passed" testListId="8c84fa94-04c1-424b-9868-57a2d4851a1d" relativeResultsDirectory="8f086721-1a1c-4266-87fc-3f6c190cf747" />
    <UnitTestResult executionId="598bf502-262d-492c-8f77-5938dfbfd1af" testId="36325ef4-daab-b66d-1339-80f5de4b165f" testName="TheatreCenter.Tests.Repositories.RoleRepositoryTests.GetByRoleTypeAsync_ValidRoleType_ReturnsRoles" computerName="82467e4e2c7a" duration="00:00:00.0137246" startTime="2025-11-13T04:12:46.1541029+00:00" endTime="2025-11-13T04:12:46.1683722+00:00" testType="13cdc9d9-ddb5-4fa4-a97d-d965ccfc6d4b" outcome="Passed" testListId="8c84fa94-04c1-424b-9868-57a2d4851a1d" relativeResultsDirectory="598bf502-262d-492c-8f77-5938dfbfd1af" />
    <UnitTestResult executionId="bdd19469-5d80-4dc4-8a49-15ddc325fcf0" testId="98fcdd9f-84d9-c2e5-ac28-9bb247b2132b" testName="TheatreCenter.Tests.Repositories.ThemeRepositoryTests.UpdateAsync_ValidTheme_UpdatesSuccessfully" computerName="82467e4e2c7a" duration="00:00:00.0108530" startTime="2025-11-13T04:12:45.9181982+00:00" endTime="2025-11-13T04:12:45.9291111+00:00" testType="13cdc9d9-ddb5-4fa4-a97d-d965ccfc6d4b" outcome="Passed" testListId="8c84fa94-04c1-424b-9868-57a2d4851a1d" relativeResultsDirectory="bdd19469-5d80-4dc4-8a49-15ddc325fcf0" />
    <UnitTestResult executionId="7cf66522-df01-4a8e-bf9e-d908d303fbdf" testId="632908aa-89fa-99fe-c438-da1fbb6889e5" testName="TheatreCenter.Tests.Services.AccountServiceMockTests.ChangePasswordAsync_ValidAccount_ChangesPassword" computerName="82467e4e2c7a" duration="00:00:00.0225606" startTime="2025-11-13T04:12:44.4931773+00:00" endTime="2025-11-13T04:12:44.5162568+00:00" testType="13cdc9d9-ddb5-4fa4-a97d-d965ccfc6d4b" outcome="Passed" testListId="8c84fa94-04c1-424b-9868-57a2d4851a1d" relativeResultsDirectory="7cf66522-df01-4a8e-bf9e-d908d303fbdf" />
    <UnitTestResult executionId="36ccd247-24f6-43e9-a7d7-512a7349b97d" testId="648606a5-fc5a-7653-8c7f-f61369336063" testName="TheatreCenter.Tests.Repositories.ShowRepositoryTests.GetByIdAsync_ShowNotExists_ReturnsNull" computerName="82467e4e2c7a" duration="00:00:00.0034211" startTime="2025-11-13T04:12:46.1702918+00:00" endTime="2025-11-13T04:12:46.1736556+00:00" testType="13cdc9d9-ddb5-4fa4-a97d-d965ccfc6d4b" outcome="Passed" testListId="8c84fa94-04c1-424b-9868-57a2d4851a1d" relativeResultsDirectory="36ccd247-24f6-43e9-a7d7-512a7349b97d" />
    <UnitTestResult executionId="16750644-f37a-4815-873a-7cad4b511627" testId="e336112b-2ed5-5b2b-fd61-8809eb8a10cf" testName="TheatreCenter.Tests.Repositories.ShowRepositoryTests.GetAllAsync_ShowsExist_ReturnsShows" computerName="82467e4e2c7a" duration="00:00:00.0068851" startTime="2025-11-13T04:12:46.1631201+00:00" endTime="2025-11-13T04:12:46.1699186+00:00" testType="13cdc9d9-ddb5-4fa4-a97d-d965ccfc6d4b" outcome="Passed" testListId="8c84fa94-04c1-424b-9868-57a2d4851a1d" relativeResultsDirectory="16750644-f37a-4815-873a-7cad4b511627" />
    <UnitTestResult executionId="e2de9cf4-bc75-49e9-887d-1d38f6268ac3" testId="9c56f8a5-4089-6592-2a79-9f64e3247a6a" testName="TheatreCenter.Tests.Services.TheatreServiceMockTests.UpdateTheatreAsync_NullTheatre_ThrowsArgumentNullException" computerName="82467e4e2c7a" duration="00:00:00.0038170" startTime="2025-11-13T04:12:44.7497296+00:00" endTime="2025-11-13T04:12:44.7529853+00:00" testType="13cdc9d9-ddb5-4fa4-a97d-d965ccfc6d4b" outcome="Passed" testListId="8c84fa94-04c1-424b-9868-57a2d4851a1d" relativeResultsDirectory="e2de9cf4-bc75-49e9-887d-1d38f6268ac3" />
    <UnitTestResult executionId="8b0fe221-d405-4445-8312-8534fb9405df" testId="d596f806-f9e4-ffbe-00a7-b2440d249e06" testName="TheatreCenter.Tests.Repositories.CastMemberRepositoryTests.GetAllAsync_CastMembersExist_ReturnsCastMembers" computerName="82467e4e2c7a" duration="00:00:00.0131889" startTime="2025-11-13T04:12:46.1735406+00:00" endTime="2025-11-13T04:12:46.1864573+00:00" testType="13cdc9d9-ddb5-4fa4-a97d-d965ccfc6d4b" outcome="Passed" testListId="8c84fa94-04c1-424b-9868-57a2d4851a1d" relativeResultsDirectory="8b0fe221-d405-4445-8312-8534fb9405df" />
    <UnitTestResult executionId="ac4c8802-8367-4f1f-9931-7c55df319ea2" testId="130dade6-16f8-2655-676a-1a94e4cbcacd" testName="TheatreCenter.Tests.Services.TheatreServiceMockTests.UpdateTheatreAsync_RepositoryThrowsException_ThrowsException" computerName="82467e4e2c7a" duration="00:00:00.0468537" startTime="2025-11-13T04:12:44.6553419+00:00" endTime="2025-11-13T04:12:44.7041157+00:00" testType="13cdc9d9-ddb5-4fa4-a97d-d965ccfc6d4b" outcome="Passed" testListId="8c84fa94-04c1-424b-9868-57a2d4851a1d" relativeResultsDirectory="ac4c8802-8367-4f1f-9931-7c55df319ea2" />
    <UnitTestResult executionId="a3fecf17-ce14-44d8-88f6-e836d1275a6f" testId="38f5d702-6155-2576-7a18-740ca568ad74" testName="TheatreCenter.Tests.Repositories.CastMemberRepositoryTests.GetAllAsync_NoCastMembers_ReturnsEmpty" computerName="82467e4e2c7a" duration="00:00:00.0015138" startTime="2025-11-13T04:12:46.1932803+00:00" endTime="2025-11-13T04:12:46.1947246+00:00" testType="13cdc9d9-ddb5-4fa4-a97d-d965ccfc6d4b" outcome="Passed" testListId="8c84fa94-04c1-424b-9868-57a2d4851a1d" relativeResultsDirectory="a3fecf17-ce14-44d8-88f6-e836d1275a6f" />
    <UnitTestResult executionId="af32ec89-e5fc-4d34-a83a-3bb6f3db316f" testId="b161ffec-76b0-2ed5-d9f8-086c5ad494fa" testName="TheatreCenter.Tests.Repositories.RoleRepositoryTests.AddAsync_ValidRole_AddsToDatabase" computerName="82467e4e2c7a" duration="00:00:00.0117043" startTime="2025-11-13T04:12:46.0130860+00:00" endTime="2025-11-13T04:12:46.0245442+00:00" testType="13cdc9d9-ddb5-4fa4-a97d-d965ccfc6d4b" outcome="Passed" testListId="8c84fa94-04c1-424b-9868-57a2d4851a1d" relativeResultsDirectory="af32ec89-e5fc-4d34-a83a-3bb6f3db316f" />
    <UnitTestResult executionId="2639b6c1-3eb3-47e0-80e4-1812e148f38c" testId="4e30070c-9187-ca26-85c0-7c38c085a2c2" testName="TheatreCenter.Tests.Services.RoleServiceMockTests.CreateAsync_ValidRole_ReturnsCreatedRole" computerName="82467e4e2c7a" duration="00:00:00.4739564" startTime="2025-11-13T04:12:44.0945356+00:00" endTime="2025-11-13T04:12:44.5006368+00:00" testType="13cdc9d9-ddb5-4fa4-a97d-d965ccfc6d4b" outcome="Passed" testListId="8c84fa94-04c1-424b-9868-57a2d4851a1d" relativeResultsDirectory="2639b6c1-3eb3-47e0-80e4-1812e148f38c" />
    <UnitTestResult executionId="475f76fc-4ec4-49fe-aae5-fde5268fd7fe" testId="8962620f-60dd-a1e9-1a5d-fe904edd8141" testName="TheatreCenter.Tests.Repositories.AccountRepositoryTests.GetAccountsWithUpgradeRequestAsync_AccountsExist_ReturnsAccounts" computerName="82467e4e2c7a" duration="00:00:00.0069236" startTime="2025-11-13T04:12:46.4531772+00:00" endTime="2025-11-13T04:12:46.4599797+00:00" testType="13cdc9d9-ddb5-4fa4-a97d-d965ccfc6d4b" outcome="Passed" testListId="8c84fa94-04c1-424b-9868-57a2d4851a1d" relativeResultsDirectory="475f76fc-4ec4-49fe-aae5-fde5268fd7fe" />
    <UnitTestResult executionId="689ab0a4-a0fe-4204-a865-b96df3936909" testId="7b28f451-0bea-ace6-8cfc-c08c82550386" testName="TheatreCenter.Tests.Repositories.RoleRepositoryTests.GetAllAsync_RolesExist_ReturnsRoles" computerName="82467e4e2c7a" duration="00:00:00.0076093" startTime="2025-11-13T04:12:46.1686685+00:00" endTime="2025-11-13T04:12:46.1751982+00:00" testType="13cdc9d9-ddb5-4fa4-a97d-d965ccfc6d4b" outcome="Passed" testListId="8c84fa94-04c1-424b-9868-57a2d4851a1d" relativeResultsDirectory="689ab0a4-a0fe-4204-a865-b96df3936909" />
    <UnitTestResult executionId="213d72e3-96e1-4584-a6ec-60dbecf2feb5" testId="e7847343-6a51-43d5-2106-5f48391d6c5f" testName="TheatreCenter.Tests.Services.AccountServiceMockTests.GetByIdAsync_AccountNotExists_ReturnsNull" computerName="82467e4e2c7a" duration="00:00:00.0133974" startTime="2025-11-13T04:12:44.5912910+00:00" endTime="2025-11-13T04:12:44.6017987+00:00" testType="13cdc9d9-ddb5-4fa4-a97d-d965ccfc6d4b" outcome="Passed" testListId="8c84fa94-04c1-424b-9868-57a2d4851a1d" relativeResultsDirectory="213d72e3-96e1-4584-a6ec-60dbecf2feb5" />
    <UnitTestResult executionId="98de2923-b602-4950-b256-0b292ccee695" testId="29d440f4-948e-3d0e-18b8-3c100770154f" testName="TheatreCenter.Tests.Services.CastMemberServiceMockTests.GetByShowIdAsync_InvalidId_ThrowsArgumentException" computerName="82467e4e2c7a" duration="00:00:00.0055187" startTime="2025-11-13T04:12:44.7344204+00:00" endTime="2025-11-13T04:12:44.7349484+00:00" testType="13cdc9d9-ddb5-4fa4-a97d-d965ccfc6d4b" outcome="Passed" testListId="8c84fa94-04c1-424b-9868-57a2d4851a1d" relativeResultsDirectory="98de2923-b602-4950-b256-0b292ccee695" />
    <UnitTestResult executionId="c47ecc94-6ffe-4946-9549-aef2df2450af" testId="2b9ac397-04c9-24aa-e3ed-b03d86fc2f68" testName="TheatreCenter.Tests.Repositories.RoleRepositoryTests.RemoveAsync_RoleExists_RemovesRole" computerName="82467e4e2c7a" duration="00:00:00.0227397" startTime="2025-11-13T04:12:46.0255019+00:00" endTime="2025-11-13T04:12:46.0474594+00:00" testType="13cdc9d9-ddb5-4fa4-a97d-d965ccfc6d4b" outcome="Passed" testListId="8c84fa94-04c1-424b-9868-57a2d4851a1d" relativeResultsDirectory="c47ecc94-6ffe-4946-9549-aef2df2450af" />
    <UnitTestResult executionId="efe81a74-d0f9-461f-bd62-a49e45f51d37" testId="d8d89b69-7050-a249-6f01-1976c8460a01" testName="TheatreCenter.Tests.Repositories.ThemeRepositoryTests.GetAllAsync_NoThemes_ReturnsEmpty" computerName="82467e4e2c7a" duration="00:00:00.0068182" startTime="2025-11-13T04:12:46.0269434+00:00" endTime="2025-11-13T04:12:46.0327504+00:00" testType="13cdc9d9-ddb5-4fa4-a97d-d965ccfc6d4b" outcome="Passed" testListId="8c84fa94-04c1-424b-9868-57a2d4851a1d" relativeResultsDirectory="efe81a74-d0f9-461f-bd62-a49e45f51d37" />
    <UnitTestResult executionId="31a69e77-fafd-4292-baae-d418d82bb63f" testId="84c15b28-9d6e-3674-a6bd-1c5e9a39b6b4" testName="TheatreCenter.Tests.Repositories.TheatreRepositoryTests.GetAllAsync_NoTheatres_ReturnsEmpty" computerName="82467e4e2c7a" duration="00:00:00.0019937" startTime="2025-11-13T04:12:46.0437616+00:00" endTime="2025-11-13T04:12:46.0439018+00:00" testType="13cdc9d9-ddb5-4fa4-a97d-d965ccfc6d4b" outcome="Passed" testListId="8c84fa94-04c1-424b-9868-57a2d4851a1d" relativeResultsDirectory="31a69e77-fafd-4292-baae-d418d82bb63f" />
    <UnitTestResult executionId="663e765f-e1a8-4aac-96cd-3b54e5d87d0e" testId="91c25b4a-cfcb-bb00-f0d5-e458ae730307" testName="TheatreCenter.Tests.Repositories.AccountRepositoryTests.UpdateAsync_ValidAccount_UpdatesSuccessfully" computerName="82467e4e2c7a" duration="00:00:00.0068264" startTime="2025-11-13T04:12:46.2747223+00:00" endTime="2025-11-13T04:12:46.2814828+00:00" testType="13cdc9d9-ddb5-4fa4-a97d-d965ccfc6d4b" outcome="Passed" testListId="8c84fa94-04c1-424b-9868-57a2d4851a1d" relativeResultsDirectory="663e765f-e1a8-4aac-96cd-3b54e5d87d0e" />
    <UnitTestResult executionId="d3515857-33a7-41cb-ac1d-7815d77af03d" testId="73eeab13-e94f-36b6-971a-6d2da5564e91" testName="TheatreCenter.Tests.Services.MusicalServiceMockTests.CreateMusicalAsync_InvalidDuration_ThrowsArgumentException" computerName="82467e4e2c7a" duration="00:00:00.0081571" startTime="2025-11-13T04:12:44.6340101+00:00" endTime="2025-11-13T04:12:44.6379713+00:00" testType="13cdc9d9-ddb5-4fa4-a97d-d965ccfc6d4b" outcome="Passed" testListId="8c84fa94-04c1-424b-9868-57a2d4851a1d" relativeResultsDirectory="d3515857-33a7-41cb-ac1d-7815d77af03d" />
    <UnitTestResult executionId="7d70d4ed-eb06-4761-abdc-77269a380d04" testId="eb500613-4642-12af-b199-52fb4e466e7f" testName="TheatreCenter.Tests.Repositories.ShowRepositoryTests.GetByMusicalIdAsync_ValidMusicalId_ReturnsShows" computerName="82467e4e2c7a" duration="00:00:00.0380069" startTime="2025-11-13T04:12:46.0560857+00:00" endTime="2025-11-13T04:12:46.0938520+00:00" testType="13cdc9d9-ddb5-4fa4-a97d-d965ccfc6d4b" outcome="Passed" testListId="8c84fa94-04c1-424b-9868-57a2d4851a1d" relativeResultsDirectory="7d70d4ed-eb06-4761-abdc-77269a380d04" />
    <UnitTestResult executionId="de4c91d2-bd89-453f-bc4e-d6acb9f2cbbe" testId="1e98df6f-2ab0-f889-eb24-be2f715a54d9" testName="TheatreCenter.Tests.Services.AccountServiceMockTests.GetByIdAsync_AccountExists_ReturnsAccount" computerName="82467e4e2c7a" duration="00:00:00.0259471" startTime="2025-11-13T04:12:44.6039842+00:00" endTime="2025-11-13T04:12:44.6307761+00:00" testType="13cdc9d9-ddb5-4fa4-a97d-d965ccfc6d4b" outcome="Passed" testListId="8c84fa94-04c1-424b-9868-57a2d4851a1d" relativeResultsDirectory="de4c91d2-bd89-453f-bc4e-d6acb9f2cbbe" />
    <UnitTestResult executionId="941303e5-3664-455d-8a99-2f960d58c987" testId="0f3c1056-e6ac-7dba-b68e-fac1a049edce" testName="TheatreCenter.Tests.Services.TheatreServiceMockTests.GetTheatreByIdAsync_RepositoryThrowsException_ThrowsException" computerName="82467e4e2c7a" duration="00:00:00.0073600" startTime="2025-11-13T04:12:44.6362838+00:00" endTime="2025-11-13T04:12:44.6405492+00:00" testType="13cdc9d9-ddb5-4fa4-a97d-d965ccfc6d4b" outcome="Passed" testListId="8c84fa94-04c1-424b-9868-57a2d4851a1d" relativeResultsDirectory="941303e5-3664-455d-8a99-2f960d58c987" />
    <UnitTestResult executionId="d29880fe-7c7b-41b6-99ad-b7a891389804" testId="48add2b7-e8cc-c167-b632-0232b5f9b6fc" testName="TheatreCenter.Tests.Repositories.AccountRepositoryTests.GetByIdAsync_AccountNotExists_ReturnsNull" computerName="82467e4e2c7a" duration="00:00:00.0019584" startTime="2025-11-13T04:12:46.3612037+00:00" endTime="2025-11-13T04:12:46.3613310+00:00" testType="13cdc9d9-ddb5-4fa4-a97d-d965ccfc6d4b" outcome="Passed" testListId="8c84fa94-04c1-424b-9868-57a2d4851a1d" relativeResultsDirectory="d29880fe-7c7b-41b6-99ad-b7a891389804" />
    <UnitTestResult executionId="4e954359-e79d-415e-a349-bf92b4671da7" testId="98ffa484-479c-02ec-225f-b4fb028b936e" testName="TheatreCenter.Tests.Services.TheatreServiceMockTests.GetAllTheatresAsync_TheatresExist_ReturnsTheatres" computerName="82467e4e2c7a" duration="00:00:00.0054280" startTime="2025-11-13T04:12:44.7376381+00:00" endTime="2025-11-13T04:12:44.7429865+00:00" testType="13cdc9d9-ddb5-4fa4-a97d-d965ccfc6d4b" outcome="Passed" testListId="8c84fa94-04c1-424b-9868-57a2d4851a1d" relativeResultsDirectory="4e954359-e79d-415e-a349-bf92b4671da7" />
    <UnitTestResult executionId="ef435185-63d5-43b5-a447-57eb037bf72c" testId="0242f2b4-b74c-167c-3728-52bbad979adb" testName="TheatreCenter.Tests.Services.MusicalServiceMockTests.DeleteMusicalAsync_MusicalWithShows_ThrowsInvalidOperationException" computerName="82467e4e2c7a" duration="00:00:00.3433074" startTime="2025-11-13T04:12:44.0947838+00:00" endTime="2025-11-13T04:12:44.3704843+00:00" testType="13cdc9d9-ddb5-4fa4-a97d-d965ccfc6d4b" outcome="Passed" testListId="8c84fa94-04c1-424b-9868-57a2d4851a1d" relativeResultsDirectory="ef435185-63d5-43b5-a447-57eb037bf72c" />
    <UnitTestResult executionId="17e1917b-ccf9-4d82-a73a-303980e903bb" testId="fe3d6643-cf08-339c-eb18-a0bc9e5129f5" testName="TheatreCenter.Tests.Repositories.ThemeRepositoryTests.GetByIdAsync_ThemeNotExists_ReturnsNull" computerName="82467e4e2c7a" duration="00:00:00.0102239" startTime="2025-11-13T04:12:46.0172989+00:00" endTime="2025-11-13T04:12:46.0259089+00:00" testType="13cdc9d9-ddb5-4fa4-a97d-d965ccfc6d4b" outcome="Passed" testListId="8c84fa94-04c1-424b-9868-57a2d4851a1d" relativeResultsDirectory="17e1917b-ccf9-4d82-a73a-303980e903bb" />
    <UnitTestResult executionId="ee49f0eb-8c1f-4dbf-87da-a6c1254f468c" testId="887e68b3-c4fe-8b55-8859-c5b189eee0f6" testName="TheatreCenter.Tests.Services.TheatreServiceMockTests.CreateTheatreAsync_ValidTheatre_ReturnsCreatedTheatre" computerName="82467e4e2c7a" duration="00:00:00.0056523" startTime="2025-11-13T04:12:44.7433666+00:00" endTime="2025-11-13T04:12:44.7491131+00:00" testType="13cdc9d9-ddb5-4fa4-a97d-d965ccfc6d4b" outcome="Passed" testListId="8c84fa94-04c1-424b-9868-57a2d4851a1d" relativeResultsDirectory="ee49f0eb-8c1f-4dbf-87da-a6c1254f468c" />
    <UnitTestResult executionId="9e85a704-3c3c-4e1d-8358-527bff69f1b0" testId="148d5faa-418d-a235-574b-993b7187f08f" testName="TheatreCenter.Tests.Services.AccountServiceMockTests.RegisterAsync_UsernameExists_ThrowsArgumentException" computerName="82467e4e2c7a" duration="00:00:00.0191084" startTime="2025-11-13T04:12:44.5568969+00:00" endTime="2025-11-13T04:12:44.5762113+00:00" testType="13cdc9d9-ddb5-4fa4-a97d-d965ccfc6d4b" outcome="Passed" testListId="8c84fa94-04c1-424b-9868-57a2d4851a1d" relativeResultsDirectory="9e85a704-3c3c-4e1d-8358-527bff69f1b0" />
    <UnitTestResult executionId="c8c97e0e-356c-4349-a205-92c37db7a711" testId="2723228c-42b2-29c9-f096-15f5194bdaf0" testName="TheatreCenter.Tests.Services.TheatreServiceMockTests.DeleteTheatreAsync_ValidId_ReturnsTrue" computerName="82467e4e2c7a" duration="00:00:00.0298667" startTime="2025-11-13T04:12:44.5976834+00:00" endTime="2025-11-13T04:12:44.6250783+00:00" testType="13cdc9d9-ddb5-4fa4-a97d-d965ccfc6d4b" outcome="Passed" testListId="8c84fa94-04c1-424b-9868-57a2d4851a1d" relativeResultsDirectory="c8c97e0e-356c-4349-a205-92c37db7a711" />
    <UnitTestResult executionId="15431808-402d-4036-811f-3ff770fe4524" testId="31203775-f63a-6b4d-f6c3-edc8ec852d7f" testName="TheatreCenter.Tests.Repositories.ShowRepositoryTests.GetByIdAsync_ShowExists_ReturnsShow" computerName="82467e4e2c7a" duration="00:00:00.0062436" startTime="2025-11-13T04:12:46.0942391+00:00" endTime="2025-11-13T04:12:46.0996838+00:00" testType="13cdc9d9-ddb5-4fa4-a97d-d965ccfc6d4b" outcome="Passed" testListId="8c84fa94-04c1-424b-9868-57a2d4851a1d" relativeResultsDirectory="15431808-402d-4036-811f-3ff770fe4524" />
    <UnitTestResult executionId="98bf5304-0f6a-4c7b-b1d5-1eb52c04e26a" testId="19598e97-740b-73d3-1352-52f0bd468a97" testName="TheatreCenter.Tests.Repositories.AccountRepositoryTests.GetByUsernameAsync_UsernameNotExists_ReturnsNull" computerName="82467e4e2c7a" duration="00:00:00.0016610" startTime="2025-11-13T04:12:46.4302882+00:00" endTime="2025-11-13T04:12:46.4316814+00:00" testType="13cdc9d9-ddb5-4fa4-a97d-d965ccfc6d4b" outcome="Passed" testListId="8c84fa94-04c1-424b-9868-57a2d4851a1d" relativeResultsDirectory="98bf5304-0f6a-4c7b-b1d5-1eb52c04e26a" />
    <UnitTestResult executionId="d59b3609-2c7f-4676-9a0c-fa83b856e624" testId="7769fef5-fc97-2ccc-77cb-8b314b903fbc" testName="TheatreCenter.Tests.Repositories.ActorRepositoryTests.RemoveAsync_ActorExists_RemovesActor" computerName="82467e4e2c7a" duration="00:00:00.0140572" startTime="2025-11-13T04:12:46.1580281+00:00" endTime="2025-11-13T04:12:46.1714362+00:00" testType="13cdc9d9-ddb5-4fa4-a97d-d965ccfc6d4b" outcome="Passed" testListId="8c84fa94-04c1-424b-9868-57a2d4851a1d" relativeResultsDirectory="d59b3609-2c7f-4676-9a0c-fa83b856e624" />
    <UnitTestResult executionId="76a5cff6-0c18-4625-9861-2eb48e9ff775" testId="9ea04b0d-2348-aca0-d1b7-d5967bfa7da9" testName="TheatreCenter.Tests.Services.AccountServiceMockTests.DeleteAsync_ValidId_DeletesSuccessfully" computerName="82467e4e2c7a" duration="00:00:00.0122731" startTime="2025-11-13T04:12:44.5787890+00:00" endTime="2025-11-13T04:12:44.5890279+00:00" testType="13cdc9d9-ddb5-4fa4-a97d-d965ccfc6d4b" outcome="Passed" testListId="8c84fa94-04c1-424b-9868-57a2d4851a1d" relativeResultsDirectory="76a5cff6-0c18-4625-9861-2eb48e9ff775" />
    <UnitTestResult executionId="5bf34b90-ee0f-4786-bac2-1f4f7de8b6af" testId="58ca7e48-608e-01ce-1f20-6e77222d3b30" testName="TheatreCenter.Tests.Repositories.AccountRepositoryTests.ProcessUpgradeRequestAsync_AccountNotExists_ReturnsFalse" computerName="82467e4e2c7a" duration="00:00:00.0107246" startTime="2025-11-13T04:12:46.4334593+00:00" endTime="2025-11-13T04:12:46.4426347+00:00" testType="13cdc9d9-ddb5-4fa4-a97d-d965ccfc6d4b" outcome="Passed" testListId="8c84fa94-04c1-424b-9868-57a2d4851a1d" relativeResultsDirectory="5bf34b90-ee0f-4786-bac2-1f4f7de8b6af" />
    <UnitTestResult executionId="dc5343e7-57f7-473c-a227-309c88551fab" testId="53a78241-2da0-c886-0e26-cc8638570280" testName="TheatreCenter.Tests.Services.ActorServiceMockTests.GetActorByIdAsync_InvalidId_ThrowsArgumentException" computerName="82467e4e2c7a" duration="00:00:00.0055182" startTime="2025-11-13T04:12:44.7418527+00:00" endTime="2025-11-13T04:12:44.7443404+00:00" testType="13cdc9d9-ddb5-4fa4-a97d-d965ccfc6d4b" outcome="Passed" testListId="8c84fa94-04c1-424b-9868-57a2d4851a1d" relativeResultsDirectory="dc5343e7-57f7-473c-a227-309c88551fab" />
    <UnitTestResult executionId="64b61a64-59dc-44a0-bbe0-f6d9454b985f" testId="ef308d39-86c4-3f2d-a745-3d3072995ae8" testName="TheatreCenter.Tests.Services.ShowServiceMockTests.GetUpcomingShowsAsync_ReturnsShows" computerName="82467e4e2c7a" duration="00:00:00.0250637" startTime="2025-11-13T04:12:44.5410426+00:00" endTime="2025-11-13T04:12:44.5656579+00:00" testType="13cdc9d9-ddb5-4fa4-a97d-d965ccfc6d4b" outcome="Passed" testListId="8c84fa94-04c1-424b-9868-57a2d4851a1d" relativeResultsDirectory="64b61a64-59dc-44a0-bbe0-f6d9454b985f" />
    <UnitTestResult executionId="6c62247b-b29b-4cc9-9f96-7e90936ef39b" testId="6cd2bad4-b9b9-93d6-8720-c0c8f2226cb0" testName="TheatreCenter.Tests.Services.ShowServiceMockTests.GetByIdAsync_InvalidId_ThrowsArgumentException" computerName="82467e4e2c7a" duration="00:00:00.2247960" startTime="2025-11-13T04:12:44.0921264+00:00" endTime="2025-11-13T04:12:44.2641401+00:00" testType="13cdc9d9-ddb5-4fa4-a97d-d965ccfc6d4b" outcome="Passed" testListId="8c84fa94-04c1-424b-9868-57a2d4851a1d" relativeResultsDirectory="6c62247b-b29b-4cc9-9f96-7e90936ef39b" />
    <UnitTestResult executionId="7cc882ef-779a-4f5e-bc3f-0c727706b7e5" testId="3510f459-9cad-9af5-d7fa-6f9bbef81717" testName="TheatreCenter.Tests.Repositories.ShowRepositoryTests.GetAllAsync_NoShows_ReturnsEmpty" computerName="82467e4e2c7a" duration="00:00:01.7565835" startTime="2025-11-13T04:12:44.0922153+00:00" endTime="2025-11-13T04:12:45.7952033+00:00" testType="13cdc9d9-ddb5-4fa4-a97d-d965ccfc6d4b" outcome="Passed" testListId="8c84fa94-04c1-424b-9868-57a2d4851a1d" relativeResultsDirectory="7cc882ef-779a-4f5e-bc3f-0c727706b7e5" />
    <UnitTestResult executionId="a3246414-b105-49d4-b1e3-b6e691b40235" testId="a03e466d-e997-dede-32ee-41d551cdf38b" testName="TheatreCenter.Tests.Services.TheatreServiceMockTests.GetTheatreByIdAsync_TheatreNotExists_ReturnsNull" computerName="82467e4e2c7a" duration="00:00:00.0121078" startTime="2025-11-13T04:12:44.6411449+00:00" endTime="2025-11-13T04:12:44.6514736+00:00" testType="13cdc9d9-ddb5-4fa4-a97d-d965ccfc6d4b" outcome="Passed" testListId="8c84fa94-04c1-424b-9868-57a2d4851a1d" relativeResultsDirectory="a3246414-b105-49d4-b1e3-b6e691b40235" />
    <UnitTestResult executionId="441818c9-957b-49d0-ad79-9dc73a984d64" testId="19e97e1b-7694-26e4-d6ba-0c487b86c169" testName="TheatreCenter.Tests.Services.TheatreServiceMockTests.GetTheatreByIdAsync_TheatreExists_ReturnsTheatre" computerName="82467e4e2c7a" duration="00:00:00.0133138" startTime="2025-11-13T04:12:44.5116489+00:00" endTime="2025-11-13T04:12:44.5173179+00:00" testType="13cdc9d9-ddb5-4fa4-a97d-d965ccfc6d4b" outcome="Passed" testListId="8c84fa94-04c1-424b-9868-57a2d4851a1d" relativeResultsDirectory="441818c9-957b-49d0-ad79-9dc73a984d64" />
    <UnitTestResult executionId="f1647a4b-b3a7-40b2-8398-a722a2a2736a" testId="3ed5fab7-06de-532a-1b84-2e60f1a56f6d" testName="TheatreCenter.Tests.Repositories.ActorRepositoryTests.GetByVoiceTypeAsync_ValidVoiceType_ReturnsActors" computerName="82467e4e2c7a" duration="00:00:01.9847808" startTime="2025-11-13T04:12:44.0918425+00:00" endTime="2025-11-13T04:12:46.0233100+00:00" testType="13cdc9d9-ddb5-4fa4-a97d-d965ccfc6d4b" outcome="Passed" testListId="8c84fa94-04c1-424b-9868-57a2d4851a1d" relativeResultsDirectory="f1647a4b-b3a7-40b2-8398-a722a2a2736a" />
    <UnitTestResult executionId="87a59cd6-d0cc-4c17-88c3-4fc85e367fbf" testId="8ab17f1c-e551-80f5-8aa5-a024aa122075" testName="TheatreCenter.Tests.Repositories.TheatreRepositoryTests.RemoveAsync_TheatreExists_RemovesTheatre" computerName="82467e4e2c7a" duration="00:00:00.0178341" startTime="2025-11-13T04:12:46.0647274+00:00" endTime="2025-11-13T04:12:46.0832717+00:00" testType="13cdc9d9-ddb5-4fa4-a97d-d965ccfc6d4b" outcome="Passed" testListId="8c84fa94-04c1-424b-9868-57a2d4851a1d" relativeResultsDirectory="87a59cd6-d0cc-4c17-88c3-4fc85e367fbf" />
    <UnitTestResult executionId="a7daacce-7c2d-4f82-9d15-2ef12beee1bf" testId="7f4fbde7-9bf8-8278-5b2d-a2ae881c3734" testName="TheatreCenter.Tests.Services.RoleServiceMockTests.GetByIdAsync_RoleNotFound_ThrowsKeyNotFoundException" computerName="82467e4e2c7a" duration="00:00:00.0098222" startTime="2025-11-13T04:12:44.6334882+00:00" endTime="2025-11-13T04:12:44.6395104+00:00" testType="13cdc9d9-ddb5-4fa4-a97d-d965ccfc6d4b" outcome="Passed" testListId="8c84fa94-04c1-424b-9868-57a2d4851a1d" relativeResultsDirectory="a7daacce-7c2d-4f82-9d15-2ef12beee1bf" />
    <UnitTestResult executionId="1af8cef8-702c-4894-a960-1d3dea8082fc" testId="ed4846d6-9dc9-4c26-1b09-b52b33997f10" testName="TheatreCenter.Tests.Repositories.MusicalRepositoryTests.AddAsync_ValidMusical_AddsToDatabase" computerName="82467e4e2c7a" duration="00:00:00.0057432" startTime="2025-11-13T04:12:46.1023313+00:00" endTime="2025-11-13T04:12:46.1061067+00:00" testType="13cdc9d9-ddb5-4fa4-a97d-d965ccfc6d4b" outcome="Passed" testListId="8c84fa94-04c1-424b-9868-57a2d4851a1d" relativeResultsDirectory="1af8cef8-702c-4894-a960-1d3dea8082fc" />
    <UnitTestResult executionId="f6c3196d-b47a-4249-aa83-0793334dfacb" testId="75564e37-65e1-e779-c53d-7cb28b9ce209" testName="TheatreCenter.Tests.Repositories.AccountRepositoryTests.GetAccountsWithUpgradeRequestAsync_NoRequests_ReturnsEmpty" computerName="82467e4e2c7a" duration="00:00:00.0144370" startTime="2025-11-13T04:12:46.3616070+00:00" endTime="2025-11-13T04:12:46.3758037+00:00" testType="13cdc9d9-ddb5-4fa4-a97d-d965ccfc6d4b" outcome="Passed" testListId="8c84fa94-04c1-424b-9868-57a2d4851a1d" relativeResultsDirectory="f6c3196d-b47a-4249-aa83-0793334dfacb" />
    <UnitTestResult executionId="14393443-3910-4b51-b8b1-6f2618122eab" testId="49979a83-cd00-5b78-629b-16b7daf4d3bb" testName="TheatreCenter.Tests.Services.RoleServiceMockTests.GetByIdAsync_InvalidId_ThrowsArgumentException" computerName="82467e4e2c7a" duration="00:00:00.0127107" startTime="2025-11-13T04:12:44.5464655+00:00" endTime="2025-11-13T04:12:44.5560965+00:00" testType="13cdc9d9-ddb5-4fa4-a97d-d965ccfc6d4b" outcome="Passed" testListId="8c84fa94-04c1-424b-9868-57a2d4851a1d" relativeResultsDirectory="14393443-3910-4b51-b8b1-6f2618122eab" />
    <UnitTestResult executionId="4ac85545-531e-4f2d-b919-872a1c8d144b" testId="183967ff-0601-b179-91bf-f2128edf8ea7" testName="TheatreCenter.Tests.Repositories.RoleRepositoryTests.GetByMusicalIdAsync_NoRolesForMusical_ReturnsEmpty" computerName="82467e4e2c7a" duration="00:00:01.9744654" startTime="2025-11-13T04:12:44.0919620+00:00" endTime="2025-11-13T04:12:46.0126467+00:00" testType="13cdc9d9-ddb5-4fa4-a97d-d965ccfc6d4b" outcome="Passed" testListId="8c84fa94-04c1-424b-9868-57a2d4851a1d" relativeResultsDirectory="4ac85545-531e-4f2d-b919-872a1c8d144b" />
    <UnitTestResult executionId="06aeca71-807e-4819-9416-11532ce9beed" testId="e99f64d3-8320-7ddd-6a85-50da6c78dfd6" testName="TheatreCenter.Tests.Services.AccountServiceMockTests.AuthenticateAsync_ValidCredentials_ReturnsAccount" computerName="82467e4e2c7a" duration="00:00:00.0207780" startTime="2025-11-13T04:12:44.6855834+00:00" endTime="2025-11-13T04:12:44.7189881+00:00" testType="13cdc9d9-ddb5-4fa4-a97d-d965ccfc6d4b" outcome="Passed" testListId="8c84fa94-04c1-424b-9868-57a2d4851a1d" relativeResultsDirectory="06aeca71-807e-4819-9416-11532ce9beed" />
    <UnitTestResult executionId="3addcd85-7e67-446c-8bc1-b4a6ad95d540" testId="445ffbd4-e9e5-c3cc-241e-f20fc3706b49" testName="TheatreCenter.Tests.Services.MusicalServiceMockTests.GetMusicalsByTheatreAsync_InvalidId_ThrowsArgumentException" computerName="82467e4e2c7a" duration="00:00:00.0320934" startTime="2025-11-13T04:12:44.5557477+00:00" endTime="2025-11-13T04:12:44.5870741+00:00" testType="13cdc9d9-ddb5-4fa4-a97d-d965ccfc6d4b" outcome="Passed" testListId="8c84fa94-04c1-424b-9868-57a2d4851a1d" relativeResultsDirectory="3addcd85-7e67-446c-8bc1-b4a6ad95d540" />
    <UnitTestResult executionId="af7c48f9-5450-4998-b747-626cdc0eab2a" testId="bcbae016-76ba-19bd-64e0-449193e8747c" testName="TheatreCenter.Tests.Services.CastMemberServiceMockTests.CreateAsync_ValidCastMember_ReturnsCreatedCastMember" computerName="82467e4e2c7a" duration="00:00:00.4857399" startTime="2025-11-13T04:12:44.0921716+00:00" endTime="2025-11-13T04:12:44.5131570+00:00" testType="13cdc9d9-ddb5-4fa4-a97d-d965ccfc6d4b" outcome="Passed" testListId="8c84fa94-04c1-424b-9868-57a2d4851a1d" relativeResultsDirectory="af7c48f9-5450-4998-b747-626cdc0eab2a" />
    <UnitTestResult executionId="497116d1-cc1a-441b-81b4-807fb3859590" testId="56cb9d58-baf0-9f96-6cd9-7525598033a7" testName="TheatreCenter.Tests.Repositories.ActorRepositoryTests.UpdateAsync_ValidActor_UpdatesSuccessfully" computerName="82467e4e2c7a" duration="00:00:00.0448540" startTime="2025-11-13T04:12:46.1478366+00:00" endTime="2025-11-13T04:12:46.1570840+00:00" testType="13cdc9d9-ddb5-4fa4-a97d-d965ccfc6d4b" outcome="Passed" testListId="8c84fa94-04c1-424b-9868-57a2d4851a1d" relativeResultsDirectory="497116d1-cc1a-441b-81b4-807fb3859590" />
    <UnitTestResult executionId="1091850b-0abe-4d63-b103-be3e99b85bd2" testId="bfd93530-6cfa-8e64-b9d3-40c161dd1c39" testName="TheatreCenter.Tests.Services.ShowServiceMockTests.GetByIdAsync_ShowExists_ReturnsShow" computerName="82467e4e2c7a" duration="00:00:00.1347106" startTime="2025-11-13T04:12:44.3692417+00:00" endTime="2025-11-13T04:12:44.4991716+00:00" testType="13cdc9d9-ddb5-4fa4-a97d-d965ccfc6d4b" outcome="Passed" testListId="8c84fa94-04c1-424b-9868-57a2d4851a1d" relativeResultsDirectory="1091850b-0abe-4d63-b103-be3e99b85bd2" />
    <UnitTestResult executionId="3ca69580-db02-4a81-a144-df1e5a3b7afd" testId="c360e3a9-bd8d-0ad1-7a94-97c967c6a452" testName="TheatreCenter.Tests.Repositories.TheatreRepositoryTests.AddAsync_ValidTheatre_AddsToDatabase" computerName="82467e4e2c7a" duration="00:00:01.8319816" startTime="2025-11-13T04:12:44.0946996+00:00" endTime="2025-11-13T04:12:45.8706976+00:00" testType="13cdc9d9-ddb5-4fa4-a97d-d965ccfc6d4b" outcome="Passed" testListId="8c84fa94-04c1-424b-9868-57a2d4851a1d" relativeResultsDirectory="3ca69580-db02-4a81-a144-df1e5a3b7afd" />
    <UnitTestResult executionId="3e8737e4-c3d0-438a-b2a5-6ae123014841" testId="493630b0-743a-af09-e650-22f161ccde24" testName="TheatreCenter.Tests.Services.TheatreServiceMockTests.UpdateTheatreAsync_ValidTheatre_ReturnsUpdatedTheatre" computerName="82467e4e2c7a" duration="00:00:00.4768080" startTime="2025-11-13T04:12:44.0947416+00:00" endTime="2025-11-13T04:12:44.5112975+00:00" testType="13cdc9d9-ddb5-4fa4-a97d-d965ccfc6d4b" outcome="Passed" testListId="8c84fa94-04c1-424b-9868-57a2d4851a1d" relativeResultsDirectory="3e8737e4-c3d0-438a-b2a5-6ae123014841" />
    <UnitTestResult executionId="039547fd-ad2d-4fa9-9227-7105179ed12f" testId="84e598f1-07d8-a820-27c6-b01eb283f140" testName="TheatreCenter.Tests.Repositories.ActorRepositoryTests.GetByIdAsync_ActorNotExists_ReturnsNull" computerName="82467e4e2c7a" duration="00:00:00.0158976" startTime="2025-11-13T04:12:46.0959482+00:00" endTime="2025-11-13T04:12:46.1118470+00:00" testType="13cdc9d9-ddb5-4fa4-a97d-d965ccfc6d4b" outcome="Passed" testListId="8c84fa94-04c1-424b-9868-57a2d4851a1d" relativeResultsDirectory="039547fd-ad2d-4fa9-9227-7105179ed12f" />
    <UnitTestResult executionId="c6d99fbe-3bf2-4b23-aefe-aea806164d3a" testId="b1cfb503-c7ac-de4b-1178-d14e38f7afb8" testName="TheatreCenter.Tests.Repositories.ShowRepositoryTests.UpdateAsync_ValidShow_UpdatesSuccessfully" computerName="82467e4e2c7a" duration="00:00:00.0151424" startTime="2025-11-13T04:12:46.1487769+00:00" endTime="2025-11-13T04:12:46.1626827+00:00" testType="13cdc9d9-ddb5-4fa4-a97d-d965ccfc6d4b" outcome="Passed" testListId="8c84fa94-04c1-424b-9868-57a2d4851a1d" relativeResultsDirectory="c6d99fbe-3bf2-4b23-aefe-aea806164d3a" />
    <UnitTestResult executionId="ad5cdffd-d7ef-486d-aa27-0b1ce9b0135d" testId="5871b081-e878-206e-4f2a-bff54bc1777d" testName="TheatreCenter.Tests.Services.MusicalServiceMockTests.CreateMusicalAsync_ValidMusical_ReturnsCreatedMusical" computerName="82467e4e2c7a" duration="00:00:00.1320339" startTime="2025-11-13T04:12:44.3710534+00:00" endTime="2025-11-13T04:12:44.5108986+00:00" testType="13cdc9d9-ddb5-4fa4-a97d-d965ccfc6d4b" outcome="Passed" testListId="8c84fa94-04c1-424b-9868-57a2d4851a1d" relativeResultsDirectory="ad5cdffd-d7ef-486d-aa27-0b1ce9b0135d" />
    <UnitTestResult executionId="9a8d3bee-06bc-4003-8643-ed671a7fd9f1" testId="336ec73b-d886-f8a5-8d1b-4d4b8a5a1871" testName="TheatreCenter.Tests.Repositories.CastMemberRepositoryTests.UpdateAsync_ValidCastMember_UpdatesSuccessfully" computerName="82467e4e2c7a" duration="00:00:00.0055016" startTime="2025-11-13T04:12:46.1950507+00:00" endTime="2025-11-13T04:12:46.2003568+00:00" testType="13cdc9d9-ddb5-4fa4-a97d-d965ccfc6d4b" outcome="Passed" testListId="8c84fa94-04c1-424b-9868-57a2d4851a1d" relativeResultsDirectory="9a8d3bee-06bc-4003-8643-ed671a7fd9f1" />
    <UnitTestResult executionId="75d3fc32-0b38-45a9-80fa-1d431e436d27" testId="33c4f3cd-f576-3c4b-da74-91f01323fe8b" testName="TheatreCenter.Tests.Services.AccountServiceMockTests.SubmitUpgradeRequestAsync_AccountNotFound_ReturnsFalse" computerName="82467e4e2c7a" duration="00:00:00.0153920" startTime="2025-11-13T04:12:44.6694950+00:00" endTime="2025-11-13T04:12:44.6846912+00:00" testType="13cdc9d9-ddb5-4fa4-a97d-d965ccfc6d4b" outcome="Passed" testListId="8c84fa94-04c1-424b-9868-57a2d4851a1d" relativeResultsDirectory="75d3fc32-0b38-45a9-80fa-1d431e436d27" />
    <UnitTestResult executionId="f0edc000-78a4-4cf8-be78-6ea70c6f8dc9" testId="497554aa-612d-5398-6ac1-cb26e4bbadd4" testName="TheatreCenter.Tests.Repositories.CastMemberRepositoryTests.AddAsync_ValidCastMember_AddsToDatabase" computerName="82467e4e2c7a" duration="00:00:00.0042563" startTime="2025-11-13T04:12:46.1682645+00:00" endTime="2025-11-13T04:12:46.1708341+00:00" testType="13cdc9d9-ddb5-4fa4-a97d-d965ccfc6d4b" outcome="Passed" testListId="8c84fa94-04c1-424b-9868-57a2d4851a1d" relativeResultsDirectory="f0edc000-78a4-4cf8-be78-6ea70c6f8dc9" />
    <UnitTestResult executionId="3fa11819-b509-4a09-a7cd-fd5e33f14f66" testId="35a484c7-621f-d2fe-fcfa-beac128c6983" testName="TheatreCenter.Tests.Repositories.RoleRepositoryTests.GetByIdAsync_RoleExists_ReturnsRole" computerName="82467e4e2c7a" duration="00:00:00.0075545" startTime="2025-11-13T04:12:46.0937267+00:00" endTime="2025-11-13T04:12:46.0997598+00:00" testType="13cdc9d9-ddb5-4fa4-a97d-d965ccfc6d4b" outcome="Passed" testListId="8c84fa94-04c1-424b-9868-57a2d4851a1d" relativeResultsDirectory="3fa11819-b509-4a09-a7cd-fd5e33f14f66" />
    <UnitTestResult executionId="b9f0dbc4-5032-40e6-bbed-fba72d523a65" testId="6bed8b59-a40f-883e-7efa-2d441d4ff52b" testName="TheatreCenter.Tests.Services.RoleServiceMockTests.DeleteAsync_ValidRole_ReturnsTrue" computerName="82467e4e2c7a" duration="00:00:00.0299824" startTime="2025-11-13T04:12:44.5888529+00:00" endTime="2025-11-13T04:12:44.6181325+00:00" testType="13cdc9d9-ddb5-4fa4-a97d-d965ccfc6d4b" outcome="Passed" testListId="8c84fa94-04c1-424b-9868-57a2d4851a1d" relativeResultsDirectory="b9f0dbc4-5032-40e6-bbed-fba72d523a65" />
    <UnitTestResult executionId="ec89d5c8-bba9-4f07-9e8c-30e14ca4b1e5" testId="fdbaee09-3a0f-9667-aba8-390d0309f492" testName="TheatreCenter.Tests.Services.ActorServiceMockTests.CreateActorAsync_ValidActor_ReturnsCreatedActor" computerName="82467e4e2c7a" duration="00:00:00.0255700" startTime="2025-11-13T04:12:44.4839174+00:00" endTime="2025-11-13T04:12:44.5117700+00:00" testType="13cdc9d9-ddb5-4fa4-a97d-d965ccfc6d4b" outcome="Passed" testListId="8c84fa94-04c1-424b-9868-57a2d4851a1d" relativeResultsDirectory="ec89d5c8-bba9-4f07-9e8c-30e14ca4b1e5" />
    <UnitTestResult executionId="f5883e22-4aa1-4ff6-bb14-544104de8300" testId="99bb59da-346d-74b7-97c8-ea7d16bcb9a6" testName="TheatreCenter.Tests.Services.RoleServiceMockTests.GetByMusicalIdAsync_InvalidId_ThrowsArgumentException" computerName="82467e4e2c7a" duration="00:00:00.0105408" startTime="2025-11-13T04:12:44.6192724+00:00" endTime="2025-11-13T04:12:44.6322201+00:00" testType="13cdc9d9-ddb5-4fa4-a97d-d965ccfc6d4b" outcome="Passed" testListId="8c84fa94-04c1-424b-9868-57a2d4851a1d" relativeResultsDirectory="f5883e22-4aa1-4ff6-bb14-544104de8300" />
    <UnitTestResult executionId="4ffab685-1ebd-47ef-9408-18fe06a68127" testId="ef18fd4f-bbef-447c-c0ad-4cd022f92d7f" testName="TheatreCenter.Tests.Services.TheatreServiceMockTests.DeleteTheatreAsync_RepositoryThrowsException_ThrowsException" computerName="82467e4e2c7a" duration="00:00:00.0451437" startTime="2025-11-13T04:12:44.5177965+00:00" endTime="2025-11-13T04:12:44.5628689+00:00" testType="13cdc9d9-ddb5-4fa4-a97d-d965ccfc6d4b" outcome="Passed" testListId="8c84fa94-04c1-424b-9868-57a2d4851a1d" relativeResultsDirectory="4ffab685-1ebd-47ef-9408-18fe06a68127" />
    <UnitTestResult executionId="69c2342e-3ada-46e1-9e88-89c35b6fb99b" testId="741bd98c-3d1e-becd-486b-e2cb0b74d552" testName="TheatreCenter.Tests.Services.ActorServiceMockTests.CreateActorAsync_FutureBirthDate_ThrowsArgumentException" computerName="82467e4e2c7a" duration="00:00:00.0257974" startTime="2025-11-13T04:12:44.5685639+00:00" endTime="2025-11-13T04:12:44.5955689+00:00" testType="13cdc9d9-ddb5-4fa4-a97d-d965ccfc6d4b" outcome="Passed" testListId="8c84fa94-04c1-424b-9868-57a2d4851a1d" relativeResultsDirectory="69c2342e-3ada-46e1-9e88-89c35b6fb99b" />
    <UnitTestResult executionId="9f59c480-bd36-499c-8087-4ad590d35a47" testId="1cfe0427-d193-6224-6930-57a927e32d92" testName="TheatreCenter.Tests.Services.ShowServiceMockTests.GetByMusicalIdAsync_InvalidId_ThrowsArgumentException" computerName="82467e4e2c7a" duration="00:00:00.0153721" startTime="2025-11-13T04:12:44.3537238+00:00" endTime="2025-11-13T04:12:44.3549682+00:00" testType="13cdc9d9-ddb5-4fa4-a97d-d965ccfc6d4b" outcome="Passed" testListId="8c84fa94-04c1-424b-9868-57a2d4851a1d" relativeResultsDirectory="9f59c480-bd36-499c-8087-4ad590d35a47" />
    <UnitTestResult executionId="2be570a8-2432-428a-944f-b3cb602a6e82" testId="973141f5-9849-0bb9-ede0-151f115dd471" testName="TheatreCenter.Tests.Services.CastMemberServiceMockTests.GetByIdAsync_CastMemberNotFound_ThrowsKeyNotFoundException" computerName="82467e4e2c7a" duration="00:00:00.0072612" startTime="2025-11-13T04:12:44.6247574+00:00" endTime="2025-11-13T04:12:44.6341218+00:00" testType="13cdc9d9-ddb5-4fa4-a97d-d965ccfc6d4b" outcome="Passed" testListId="8c84fa94-04c1-424b-9868-57a2d4851a1d" relativeResultsDirectory="2be570a8-2432-428a-944f-b3cb602a6e82" />
    <UnitTestResult executionId="fb95efd8-ce3c-486a-af2f-85bc581d35bd" testId="4dfd5655-d529-57b3-c01f-8523dc94c45f" testName="TheatreCenter.Tests.Repositories.AccountRepositoryTests.GetFavoritesAsync_AccountExists_ReturnsFavorites" computerName="82467e4e2c7a" duration="00:00:00.0284455" startTime="2025-11-13T04:12:46.3308572+00:00" endTime="2025-11-13T04:12:46.3590386+00:00" testType="13cdc9d9-ddb5-4fa4-a97d-d965ccfc6d4b" outcome="Passed" testListId="8c84fa94-04c1-424b-9868-57a2d4851a1d" relativeResultsDirectory="fb95efd8-ce3c-486a-af2f-85bc581d35bd" />
    <UnitTestResult executionId="533ebf44-70f4-4a91-ad46-0823b00d176b" testId="4c991c94-6cc1-df16-3802-de8e952cbf67" testName="TheatreCenter.Tests.Services.CastMemberServiceMockTests.GetByActorIdAsync_ValidId_ReturnsCastMembers" computerName="82467e4e2c7a" duration="00:00:00.0221046" startTime="2025-11-13T04:12:44.7140930+00:00" endTime="2025-11-13T04:12:44.7331656+00:00" testType="13cdc9d9-ddb5-4fa4-a97d-d965ccfc6d4b" outcome="Passed" testListId="8c84fa94-04c1-424b-9868-57a2d4851a1d" relativeResultsDirectory="533ebf44-70f4-4a91-ad46-0823b00d176b" />
    <UnitTestResult executionId="6938bcfd-13b5-43d9-8ef0-1df51035d562" testId="f8b3090f-837e-20e6-e886-3a88bb3860f4" testName="TheatreCenter.Tests.Services.ShowServiceMockTests.CreateAsync_PastDate_ThrowsArgumentException" computerName="82467e4e2c7a" duration="00:00:00.0255340" startTime="2025-11-13T04:12:44.5161343+00:00" endTime="2025-11-13T04:12:44.5401712+00:00" testType="13cdc9d9-ddb5-4fa4-a97d-d965ccfc6d4b" outcome="Passed" testListId="8c84fa94-04c1-424b-9868-57a2d4851a1d" relativeResultsDirectory="6938bcfd-13b5-43d9-8ef0-1df51035d562" />
    <UnitTestResult executionId="6980dc4b-ab35-415f-bc44-17f5646cef92" testId="87b0abc2-e970-0c58-f0bf-83424aae8e00" testName="TheatreCenter.Tests.Repositories.AccountRepositoryTests.DeleteAsync_AccountExists_RemovesAccount" computerName="82467e4e2c7a" duration="00:00:00.2425215" startTime="2025-11-13T04:12:46.0329912+00:00" endTime="2025-11-13T04:12:46.2743511+00:00" testType="13cdc9d9-ddb5-4fa4-a97d-d965ccfc6d4b" outcome="Passed" testListId="8c84fa94-04c1-424b-9868-57a2d4851a1d" relativeResultsDirectory="6980dc4b-ab35-415f-bc44-17f5646cef92" />
    <UnitTestResult executionId="a83efc0d-f436-4052-a4c4-287912e1b4b4" testId="132910fb-53b0-62f5-c16c-3e13705ffa13" testName="TheatreCenter.Tests.Services.MusicalServiceMockTests.GetMusicalByIdAsync_InvalidId_ThrowsArgumentException" computerName="82467e4e2c7a" duration="00:00:00.0035829" startTime="2025-11-13T04:12:44.6389629+00:00" endTime="2025-11-13T04:12:44.6441790+00:00" testType="13cdc9d9-ddb5-4fa4-a97d-d965ccfc6d4b" outcome="Passed" testListId="8c84fa94-04c1-424b-9868-57a2d4851a1d" relativeResultsDirectory="a83efc0d-f436-4052-a4c4-287912e1b4b4" />
    <UnitTestResult executionId="9461feb9-cf20-4f96-aa9f-a65702a46318" testId="d86b6472-26f5-816a-d159-2c1795e900ac" testName="TheatreCenter.Tests.Repositories.ThemeRepositoryTests.GetByIdAsync_ThemeExists_ReturnsTheme" computerName="82467e4e2c7a" duration="00:00:01.8349696" startTime="2025-11-13T04:12:44.0882408+00:00" endTime="2025-11-13T04:12:45.8740572+00:00" testType="13cdc9d9-ddb5-4fa4-a97d-d965ccfc6d4b" outcome="Passed" testListId="8c84fa94-04c1-424b-9868-57a2d4851a1d" relativeResultsDirectory="9461feb9-cf20-4f96-aa9f-a65702a46318" />
    <UnitTestResult executionId="fc2fbe2d-59de-43bb-be1a-04ce0282f7f5" testId="95e28f35-ff16-5b77-8142-049d31619ec6" testName="TheatreCenter.Tests.Repositories.RoleRepositoryTests.GetAllAsync_NoRoles_ReturnsEmpty" computerName="82467e4e2c7a" duration="00:00:00.0499757" startTime="2025-11-13T04:12:46.1035696+00:00" endTime="2025-11-13T04:12:46.1537229+00:00" testType="13cdc9d9-ddb5-4fa4-a97d-d965ccfc6d4b" outcome="Passed" testListId="8c84fa94-04c1-424b-9868-57a2d4851a1d" relativeResultsDirectory="fc2fbe2d-59de-43bb-be1a-04ce0282f7f5" />
    <UnitTestResult executionId="9938425c-6c22-4505-b5b4-6f6bc14eba22" testId="1446828a-dca2-b7ee-1b73-190e45e6849f" testName="TheatreCenter.Tests.Repositories.AccountRepositoryTests.DeleteAsync_AccountNotExists_DoesNothing" computerName="82467e4e2c7a" duration="00:00:00.0049248" startTime="2025-11-13T04:12:46.4479058+00:00" endTime="2025-11-13T04:12:46.4528514+00:00" testType="13cdc9d9-ddb5-4fa4-a97d-d965ccfc6d4b" outcome="Passed" testListId="8c84fa94-04c1-424b-9868-57a2d4851a1d" relativeResultsDirectory="9938425c-6c22-4505-b5b4-6f6bc14eba22" />
    <UnitTestResult executionId="485b6f86-a70b-4179-9e91-3cd33d42dcd2" testId="964bf5a3-3eeb-a499-37fe-9fcb4223698f" testName="TheatreCenter.Tests.Services.TheatreServiceMockTests.CreateTheatreAsync_NullTheatre_ThrowsArgumentNullException" computerName="82467e4e2c7a" duration="00:00:00.0118790" startTime="2025-11-13T04:12:44.5639277+00:00" endTime="2025-11-13T04:12:44.5750267+00:00" testType="13cdc9d9-ddb5-4fa4-a97d-d965ccfc6d4b" outcome="Passed" testListId="8c84fa94-04c1-424b-9868-57a2d4851a1d" relativeResultsDirectory="485b6f86-a70b-4179-9e91-3cd33d42dcd2" />
    <UnitTestResult executionId="d38f4e8a-bfbd-4fb3-b0cc-13b44b4245cd" testId="9c9524a8-854f-4364-a0a3-e10ba8d1c19d" testName="TheatreCenter.Tests.Repositories.MusicalRepositoryTests.GetByIdAsync_MusicalExists_ReturnsMusical" computerName="82467e4e2c7a" duration="00:00:00.0118200" startTime="2025-11-13T04:12:45.8995991+00:00" endTime="2025-11-13T04:12:45.9113920+00:00" testType="13cdc9d9-ddb5-4fa4-a97d-d965ccfc6d4b" outcome="Passed" testListId="8c84fa94-04c1-424b-9868-57a2d4851a1d" relativeResultsDirectory="d38f4e8a-bfbd-4fb3-b0cc-13b44b4245cd" />
    <UnitTestResult executionId="eec162c0-48a1-4eb3-95fc-6e7c051e09d3" testId="54eef5c9-0630-c0c6-2486-f946389abd9a" testName="TheatreCenter.Tests.Services.RoleServiceMockTests.DeleteAsync_RoleWithActors_ThrowsInvalidOperationException" computerName="82467e4e2c7a" duration="00:00:00.0222756" startTime="2025-11-13T04:12:44.5677616+00:00" endTime="2025-11-13T04:12:44.5884979+00:00" testType="13cdc9d9-ddb5-4fa4-a97d-d965ccfc6d4b" outcome="Passed" testListId="8c84fa94-04c1-424b-9868-57a2d4851a1d" relativeResultsDirectory="eec162c0-48a1-4eb3-95fc-6e7c051e09d3" />
    <UnitTestResult executionId="e377fd9b-464b-4920-a7fe-cc6c4fa37173" testId="da0d630d-bc16-cd1c-db36-26a40e05a163" testName="TheatreCenter.Tests.Services.RoleServiceMockTests.GetByMusicalIdAsync_ValidId_ReturnsRoles" computerName="82467e4e2c7a" duration="00:00:00.0314123" startTime="2025-11-13T04:12:44.6678806+00:00" endTime="2025-11-13T04:12:44.6836907+00:00" testType="13cdc9d9-ddb5-4fa4-a97d-d965ccfc6d4b" outcome="Passed" testListId="8c84fa94-04c1-424b-9868-57a2d4851a1d" relativeResultsDirectory="e377fd9b-464b-4920-a7fe-cc6c4fa37173" />
    <UnitTestResult executionId="20e680a6-f11e-4b2b-bc0a-48f335359d92" testId="ff3648e1-b7d7-ff7d-bbd3-bf4e67543aa1" testName="TheatreCenter.Tests.Services.MusicalServiceMockTests.CreateMusicalAsync_TheatreNotFound_ThrowsArgumentException" computerName="82467e4e2c7a" duration="00:00:00.0141410" startTime="2025-11-13T04:12:44.5111992+00:00" endTime="2025-11-13T04:12:44.5174099+00:00" testType="13cdc9d9-ddb5-4fa4-a97d-d965ccfc6d4b" outcome="Passed" testListId="8c84fa94-04c1-424b-9868-57a2d4851a1d" relativeResultsDirectory="20e680a6-f11e-4b2b-bc0a-48f335359d92" />
    <UnitTestResult executionId="b3691d18-1de9-42a0-a8c8-cfb4f0f73b08" testId="22c631fd-5f89-b2ab-7732-ba58e3b80ef3" testName="TheatreCenter.Tests.Repositories.ActorRepositoryTests.AddAsync_ValidActor_AddsToDatabase" computerName="82467e4e2c7a" duration="00:00:00.0145014" startTime="2025-11-13T04:12:46.0540489+00:00" endTime="2025-11-13T04:12:46.0668694+00:00" testType="13cdc9d9-ddb5-4fa4-a97d-d965ccfc6d4b" outcome="Passed" testListId="8c84fa94-04c1-424b-9868-57a2d4851a1d" relativeResultsDirectory="b3691d18-1de9-42a0-a8c8-cfb4f0f73b08" />
    <UnitTestResult executionId="94854384-0d2f-4159-a0bf-bc1815d47ff3" testId="5f51da8e-6044-c386-435c-00f1209f52ed" testName="TheatreCenter.Tests.Services.CastMemberServiceMockTests.GetByIdAsync_InvalidId_ThrowsArgumentException" computerName="82467e4e2c7a" duration="00:00:00.0089323" startTime="2025-11-13T04:12:44.5682134+00:00" endTime="2025-11-13T04:12:44.5792112+00:00" testType="13cdc9d9-ddb5-4fa4-a97d-d965ccfc6d4b" outcome="Passed" testListId="8c84fa94-04c1-424b-9868-57a2d4851a1d" relativeResultsDirectory="94854384-0d2f-4159-a0bf-bc1815d47ff3" />
    <UnitTestResult executionId="f574d8e6-bbf1-4115-8272-2bc5cf86e4cb" testId="bea14ba5-2e67-65d7-47cf-6874f2333ad2" testName="TheatreCenter.Tests.Repositories.ShowRepositoryTests.GetUpcomingShowsAsync_NoFutureShows_ReturnsEmpty" computerName="82467e4e2c7a" duration="00:00:00.0069811" startTime="2025-11-13T04:12:46.1019433+00:00" endTime="2025-11-13T04:12:46.1082385+00:00" testType="13cdc9d9-ddb5-4fa4-a97d-d965ccfc6d4b" outcome="Passed" testListId="8c84fa94-04c1-424b-9868-57a2d4851a1d" relativeResultsDirectory="f574d8e6-bbf1-4115-8272-2bc5cf86e4cb" />
    <UnitTestResult executionId="8aa25afc-a932-4fa8-a7f9-a503049b488c" testId="d11470df-1e41-0fce-432d-720824e12271" testName="TheatreCenter.Tests.Services.AccountServiceMockTests.AuthenticateAsync_InvalidPassword_ThrowsUnauthorizedAccessException" computerName="82467e4e2c7a" duration="00:00:00.0407622" startTime="2025-11-13T04:12:44.5165971+00:00" endTime="2025-11-13T04:12:44.5566018+00:00" testType="13cdc9d9-ddb5-4fa4-a97d-d965ccfc6d4b" outcome="Passed" testListId="8c84fa94-04c1-424b-9868-57a2d4851a1d" relativeResultsDirectory="8aa25afc-a932-4fa8-a7f9-a503049b488c" />
    <UnitTestResult executionId="f8bb7cd1-069e-47d8-9c6b-55ca72b3dc1e" testId="7ab09f16-3a04-7052-62eb-c398355f45ec" testName="TheatreCenter.Tests.Repositories.AccountRepositoryTests.GetFavoritesAsync_AccountNotExists_ReturnsNull" computerName="82467e4e2c7a" duration="00:00:00.0486786" startTime="2025-11-13T04:12:46.2818054+00:00" endTime="2025-11-13T04:12:46.3304360+00:00" testType="13cdc9d9-ddb5-4fa4-a97d-d965ccfc6d4b" outcome="Passed" testListId="8c84fa94-04c1-424b-9868-57a2d4851a1d" relativeResultsDirectory="f8bb7cd1-069e-47d8-9c6b-55ca72b3dc1e" />
    <UnitTestResult executionId="7ec287b2-a7b3-4689-9bb9-9b2630014ef9" testId="b031f0dd-43b9-f21e-727c-145cd420709c" testName="TheatreCenter.Tests.Services.ActorServiceMockTests.DeleteActorAsync_ActorWithRoles_ThrowsInvalidOperationException" computerName="82467e4e2c7a" duration="00:00:00.0195162" startTime="2025-11-13T04:12:44.4695720+00:00" endTime="2025-11-13T04:12:44.4832780+00:00" testType="13cdc9d9-ddb5-4fa4-a97d-d965ccfc6d4b" outcome="Passed" testListId="8c84fa94-04c1-424b-9868-57a2d4851a1d" relativeResultsDirectory="7ec287b2-a7b3-4689-9bb9-9b2630014ef9" />
[...]
    <TestEntry testId="38f5d702-6155-2576-7a18-740ca568ad74" executionId="a3fecf17-ce14-44d8-88f6-e836d1275a6f" testListId="8c84fa94-04c1-424b-9868-57a2d4851a1d" />
    <TestEntry testId="b161ffec-76b0-2ed5-d9f8-086c5ad494fa" executionId="af32ec89-e5fc-4d34-a83a-3bb6f3db316f" testListId="8c84fa94-04c1-424b-9868-57a2d4851a1d" />
    <TestEntry testId="4e30070c-9187-ca26-85c0-7c38c085a2c2" executionId="2639b6c1-3eb3-47e0-80e4-1812e148f38c" testListId="8c84fa94-04c1-424b-9868-57a2d4851a1d" />
    <TestEntry testId="8962620f-60dd-a1e9-1a5d-fe904edd8141" executionId="475f76fc-4ec4-49fe-aae5-fde5268fd7fe" testListId="8c84fa94-04c1-424b-9868-57a2d4851a1d" />
    <TestEntry testId="7b28f451-0bea-ace6-8cfc-c08c82550386" executionId="689ab0a4-a0fe-4204-a865-b96df3936909" testListId="8c84fa94-04c1-424b-9868-57a2d4851a1d" />
    <TestEntry testId="e7847343-6a51-43d5-2106-5f48391d6c5f" executionId="213d72e3-96e1-4584-a6ec-60dbecf2feb5" testListId="8c84fa94-04c1-424b-9868-57a2d4851a1d" />
    <TestEntry testId="29d440f4-948e-3d0e-18b8-3c100770154f" executionId="98de2923-b602-4950-b256-0b292ccee695" testListId="8c84fa94-04c1-424b-9868-57a2d4851a1d" />
    <TestEntry testId="2b9ac397-04c9-24aa-e3ed-b03d86fc2f68" executionId="c47ecc94-6ffe-4946-9549-aef2df2450af" testListId="8c84fa94-04c1-424b-9868-57a2d4851a1d" />
    <TestEntry testId="d8d89b69-7050-a249-6f01-1976c8460a01" executionId="efe81a74-d0f9-461f-bd62-a49e45f51d37" testListId="8c84fa94-04c1-424b-9868-57a2d4851a1d" />
    <TestEntry testId="84c15b28-9d6e-3674-a6bd-1c5e9a39b6b4" executionId="31a69e77-fafd-4292-baae-d418d82bb63f" testListId="8c84fa94-04c1-424b-9868-57a2d4851a1d" />
    <TestEntry testId="91c25b4a-cfcb-bb00-f0d5-e458ae730307" executionId="663e765f-e1a8-4aac-96cd-3b54e5d87d0e" testListId="8c84fa94-04c1-424b-9868-57a2d4851a1d" />
    <TestEntry testId="73eeab13-e94f-36b6-971a-6d2da5564e91" executionId="d3515857-33a7-41cb-ac1d-7815d77af03d" testListId="8c84fa94-04c1-424b-9868-57a2d4851a1d" />
    <TestEntry testId="eb500613-4642-12af-b199-52fb4e466e7f" executionId="7d70d4ed-eb06-4761-abdc-77269a380d04" testListId="8c84fa94-04c1-424b-9868-57a2d4851a1d" />
    <TestEntry testId="1e98df6f-2ab0-f889-eb24-be2f715a54d9" executionId="de4c91d2-bd89-453f-bc4e-d6acb9f2cbbe" testListId="8c84fa94-04c1-424b-9868-57a2d4851a1d" />
    <TestEntry testId="0f3c1056-e6ac-7dba-b68e-fac1a049edce" executionId="941303e5-3664-455d-8a99-2f960d58c987" testListId="8c84fa94-04c1-424b-9868-57a2d4851a1d" />
    <TestEntry testId="48add2b7-e8cc-c167-b632-0232b5f9b6fc" executionId="d29880fe-7c7b-41b6-99ad-b7a891389804" testListId="8c84fa94-04c1-424b-9868-57a2d4851a1d" />
    <TestEntry testId="98ffa484-479c-02ec-225f-b4fb028b936e" executionId="4e954359-e79d-415e-a349-bf92b4671da7" testListId="8c84fa94-04c1-424b-9868-57a2d4851a1d" />
    <TestEntry testId="0242f2b4-b74c-167c-3728-52bbad979adb" executionId="ef435185-63d5-43b5-a447-57eb037bf72c" testListId="8c84fa94-04c1-424b-9868-57a2d4851a1d" />
    <TestEntry testId="fe3d6643-cf08-339c-eb18-a0bc9e5129f5" executionId="17e1917b-ccf9-4d82-a73a-303980e903bb" testListId="8c84fa94-04c1-424b-9868-57a2d4851a1d" />
    <TestEntry testId="887e68b3-c4fe-8b55-8859-c5b189eee0f6" executionId="ee49f0eb-8c1f-4dbf-87da-a6c1254f468c" testListId="8c84fa94-04c1-424b-9868-57a2d4851a1d" />
    <TestEntry testId="148d5faa-418d-a235-574b-993b7187f08f" executionId="9e85a704-3c3c-4e1d-8358-527bff69f1b0" testListId="8c84fa94-04c1-424b-9868-57a2d4851a1d" />
    <TestEntry testId="2723228c-42b2-29c9-f096-15f5194bdaf0" executionId="c8c97e0e-356c-4349-a205-92c37db7a711" testListId="8c84fa94-04c1-424b-9868-57a2d4851a1d" />
    <TestEntry testId="31203775-f63a-6b4d-f6c3-edc8ec852d7f" executionId="15431808-402d-4036-811f-3ff770fe4524" testListId="8c84fa94-04c1-424b-9868-57a2d4851a1d" />
    <TestEntry testId="19598e97-740b-73d3-1352-52f0bd468a97" executionId="98bf5304-0f6a-4c7b-b1d5-1eb52c04e26a" testListId="8c84fa94-04c1-424b-9868-57a2d4851a1d" />
    <TestEntry testId="7769fef5-fc97-2ccc-77cb-8b314b903fbc" executionId="d59b3609-2c7f-4676-9a0c-fa83b856e624" testListId="8c84fa94-04c1-424b-9868-57a2d4851a1d" />
    <TestEntry testId="9ea04b0d-2348-aca0-d1b7-d5967bfa7da9" executionId="76a5cff6-0c18-4625-9861-2eb48e9ff775" testListId="8c84fa94-04c1-424b-9868-57a2d4851a1d" />
    <TestEntry testId="58ca7e48-608e-01ce-1f20-6e77222d3b30" executionId="5bf34b90-ee0f-4786-bac2-1f4f7de8b6af" testListId="8c84fa94-04c1-424b-9868-57a2d4851a1d" />
    <TestEntry testId="53a78241-2da0-c886-0e26-cc8638570280" executionId="dc5343e7-57f7-473c-a227-309c88551fab" testListId="8c84fa94-04c1-424b-9868-57a2d4851a1d" />
    <TestEntry testId="ef308d39-86c4-3f2d-a745-3d3072995ae8" executionId="64b61a64-59dc-44a0-bbe0-f6d9454b985f" testListId="8c84fa94-04c1-424b-9868-57a2d4851a1d" />
    <TestEntry testId="6cd2bad4-b9b9-93d6-8720-c0c8f2226cb0" executionId="6c62247b-b29b-4cc9-9f96-7e90936ef39b" testListId="8c84fa94-04c1-424b-9868-57a2d4851a1d" />
    <TestEntry testId="3510f459-9cad-9af5-d7fa-6f9bbef81717" executionId="7cc882ef-779a-4f5e-bc3f-0c727706b7e5" testListId="8c84fa94-04c1-424b-9868-57a2d4851a1d" />
    <TestEntry testId="a03e466d-e997-dede-32ee-41d551cdf38b" executionId="a3246414-b105-49d4-b1e3-b6e691b40235" testListId="8c84fa94-04c1-424b-9868-57a2d4851a1d" />
    <TestEntry testId="19e97e1b-7694-26e4-d6ba-0c487b86c169" executionId="441818c9-957b-49d0-ad79-9dc73a984d64" testListId="8c84fa94-04c1-424b-9868-57a2d4851a1d" />
    <TestEntry testId="3ed5fab7-06de-532a-1b84-2e60f1a56f6d" executionId="f1647a4b-b3a7-40b2-8398-a722a2a2736a" testListId="8c84fa94-04c1-424b-9868-57a2d4851a1d" />
    <TestEntry testId="8ab17f1c-e551-80f5-8aa5-a024aa122075" executionId="87a59cd6-d0cc-4c17-88c3-4fc85e367fbf" testListId="8c84fa94-04c1-424b-9868-57a2d4851a1d" />
    <TestEntry testId="7f4fbde7-9bf8-8278-5b2d-a2ae881c3734" executionId="a7daacce-7c2d-4f82-9d15-2ef12beee1bf" testListId="8c84fa94-04c1-424b-9868-57a2d4851a1d" />
    <TestEntry testId="ed4846d6-9dc9-4c26-1b09-b52b33997f10" executionId="1af8cef8-702c-4894-a960-1d3dea8082fc" testListId="8c84fa94-04c1-424b-9868-57a2d4851a1d" />
    <TestEntry testId="75564e37-65e1-e779-c53d-7cb28b9ce209" executionId="f6c3196d-b47a-4249-aa83-0793334dfacb" testListId="8c84fa94-04c1-424b-9868-57a2d4851a1d" />
    <TestEntry testId="49979a83-cd00-5b78-629b-16b7daf4d3bb" executionId="14393443-3910-4b51-b8b1-6f2618122eab" testListId="8c84fa94-04c1-424b-9868-57a2d4851a1d" />
    <TestEntry testId="183967ff-0601-b179-91bf-f2128edf8ea7" executionId="4ac85545-531e-4f2d-b919-872a1c8d144b" testListId="8c84fa94-04c1-424b-9868-57a2d4851a1d" />
    <TestEntry testId="e99f64d3-8320-7ddd-6a85-50da6c78dfd6" executionId="06aeca71-807e-4819-9416-11532ce9beed" testListId="8c84fa94-04c1-424b-9868-57a2d4851a1d" />
    <TestEntry testId="445ffbd4-e9e5-c3cc-241e-f20fc3706b49" executionId="3addcd85-7e67-446c-8bc1-b4a6ad95d540" testListId="8c84fa94-04c1-424b-9868-57a2d4851a1d" />
    <TestEntry testId="bcbae016-76ba-19bd-64e0-449193e8747c" executionId="af7c48f9-5450-4998-b747-626cdc0eab2a" testListId="8c84fa94-04c1-424b-9868-57a2d4851a1d" />
    <TestEntry testId="56cb9d58-baf0-9f96-6cd9-7525598033a7" executionId="497116d1-cc1a-441b-81b4-807fb3859590" testListId="8c84fa94-04c1-424b-9868-57a2d4851a1d" />
    <TestEntry testId="bfd93530-6cfa-8e64-b9d3-40c161dd1c39" executionId="1091850b-0abe-4d63-b103-be3e99b85bd2" testListId="8c84fa94-04c1-424b-9868-57a2d4851a1d" />
    <TestEntry testId="c360e3a9-bd8d-0ad1-7a94-97c967c6a452" executionId="3ca69580-db02-4a81-a144-df1e5a3b7afd" testListId="8c84fa94-04c1-424b-9868-57a2d4851a1d" />
    <TestEntry testId="493630b0-743a-af09-e650-22f161ccde24" executionId="3e8737e4-c3d0-438a-b2a5-6ae123014841" testListId="8c84fa94-04c1-424b-9868-57a2d4851a1d" />
    <TestEntry testId="84e598f1-07d8-a820-27c6-b01eb283f140" executionId="039547fd-ad2d-4fa9-9227-7105179ed12f" testListId="8c84fa94-04c1-424b-9868-57a2d4851a1d" />
    <TestEntry testId="b1cfb503-c7ac-de4b-1178-d14e38f7afb8" executionId="c6d99fbe-3bf2-4b23-aefe-aea806164d3a" testListId="8c84fa94-04c1-424b-9868-57a2d4851a1d" />
    <TestEntry testId="5871b081-e878-206e-4f2a-bff54bc1777d" executionId="ad5cdffd-d7ef-486d-aa27-0b1ce9b0135d" testListId="8c84fa94-04c1-424b-9868-57a2d4851a1d" />
    <TestEntry testId="336ec73b-d886-f8a5-8d1b-4d4b8a5a1871" executionId="9a8d3bee-06bc-4003-8643-ed671a7fd9f1" testListId="8c84fa94-04c1-424b-9868-57a2d4851a1d" />
    <TestEntry testId="33c4f3cd-f576-3c4b-da74-91f01323fe8b" executionId="75d3fc32-0b38-45a9-80fa-1d431e436d27" testListId="8c84fa94-04c1-424b-9868-57a2d4851a1d" />
    <TestEntry testId="497554aa-612d-5398-6ac1-cb26e4bbadd4" executionId="f0edc000-78a4-4cf8-be78-6ea70c6f8dc9" testListId="8c84fa94-04c1-424b-9868-57a2d4851a1d" />
    <TestEntry testId="35a484c7-621f-d2fe-fcfa-beac128c6983" executionId="3fa11819-b509-4a09-a7cd-fd5e33f14f66" testListId="8c84fa94-04c1-424b-9868-57a2d4851a1d" />
    <TestEntry testId="6bed8b59-a40f-883e-7efa-2d441d4ff52b" executionId="b9f0dbc4-5032-40e6-bbed-fba72d523a65" testListId="8c84fa94-04c1-424b-9868-57a2d4851a1d" />
    <TestEntry testId="fdbaee09-3a0f-9667-aba8-390d0309f492" executionId="ec89d5c8-bba9-4f07-9e8c-30e14ca4b1e5" testListId="8c84fa94-04c1-424b-9868-57a2d4851a1d" />
    <TestEntry testId="99bb59da-346d-74b7-97c8-ea7d16bcb9a6" executionId="f5883e22-4aa1-4ff6-bb14-544104de8300" testListId="8c84fa94-04c1-424b-9868-57a2d4851a1d" />
    <TestEntry testId="ef18fd4f-bbef-447c-c0ad-4cd022f92d7f" executionId="4ffab685-1ebd-47ef-9408-18fe06a68127" testListId="8c84fa94-04c1-424b-9868-57a2d4851a1d" />
    <TestEntry testId="741bd98c-3d1e-becd-486b-e2cb0b74d552" executionId="69c2342e-3ada-46e1-9e88-89c35b6fb99b" testListId="8c84fa94-04c1-424b-9868-57a2d4851a1d" />
    <TestEntry testId="1cfe0427-d193-6224-6930-57a927e32d92" executionId="9f59c480-bd36-499c-8087-4ad590d35a47" testListId="8c84fa94-04c1-424b-9868-57a2d4851a1d" />
    <TestEntry testId="973141f5-9849-0bb9-ede0-151f115dd471" executionId="2be570a8-2432-428a-944f-b3cb602a6e82" testListId="8c84fa94-04c1-424b-9868-57a2d4851a1d" />
    <TestEntry testId="4dfd5655-d529-57b3-c01f-8523dc94c45f" executionId="fb95efd8-ce3c-486a-af2f-85bc581d35bd" testListId="8c84fa94-04c1-424b-9868-57a2d4851a1d" />
    <TestEntry testId="4c991c94-6cc1-df16-3802-de8e952cbf67" executionId="533ebf44-70f4-4a91-ad46-0823b00d176b" testListId="8c84fa94-04c1-424b-9868-57a2d4851a1d" />
    <TestEntry testId="f8b3090f-837e-20e6-e886-3a88bb3860f4" executionId="6938bcfd-13b5-43d9-8ef0-1df51035d562" testListId="8c84fa94-04c1-424b-9868-57a2d4851a1d" />
    <TestEntry testId="87b0abc2-e970-0c58-f0bf-83424aae8e00" executionId="6980dc4b-ab35-415f-bc44-17f5646cef92" testListId="8c84fa94-04c1-424b-9868-57a2d4851a1d" />
    <TestEntry testId="132910fb-53b0-62f5-c16c-3e13705ffa13" executionId="a83efc0d-f436-4052-a4c4-287912e1b4b4" testListId="8c84fa94-04c1-424b-9868-57a2d4851a1d" />
    <TestEntry testId="d86b6472-26f5-816a-d159-2c1795e900ac" executionId="9461feb9-cf20-4f96-aa9f-a65702a46318" testListId="8c84fa94-04c1-424b-9868-57a2d4851a1d" />
    <TestEntry testId="95e28f35-ff16-5b77-8142-049d31619ec6" executionId="fc2fbe2d-59de-43bb-be1a-04ce0282f7f5" testListId="8c84fa94-04c1-424b-9868-57a2d4851a1d" />
    <TestEntry testId="1446828a-dca2-b7ee-1b73-190e45e6849f" executionId="9938425c-6c22-4505-b5b4-6f6bc14eba22" testListId="8c84fa94-04c1-424b-9868-57a2d4851a1d" />
    <TestEntry testId="964bf5a3-3eeb-a499-37fe-9fcb4223698f" executionId="485b6f86-a70b-4179-9e91-3cd33d42dcd2" testListId="8c84fa94-04c1-424b-9868-57a2d4851a1d" />
    <TestEntry testId="9c9524a8-854f-4364-a0a3-e10ba8d1c19d" executionId="d38f4e8a-bfbd-4fb3-b0cc-13b44b4245cd" testListId="8c84fa94-04c1-424b-9868-57a2d4851a1d" />
    <TestEntry testId="54eef5c9-0630-c0c6-2486-f946389abd9a" executionId="eec162c0-48a1-4eb3-95fc-6e7c051e09d3" testListId="8c84fa94-04c1-424b-9868-57a2d4851a1d" />
    <TestEntry testId="da0d630d-bc16-cd1c-db36-26a40e05a163" executionId="e377fd9b-464b-4920-a7fe-cc6c4fa37173" testListId="8c84fa94-04c1-424b-9868-57a2d4851a1d" />
    <TestEntry testId="ff3648e1-b7d7-ff7d-bbd3-bf4e67543aa1" executionId="20e680a6-f11e-4b2b-bc0a-48f335359d92" testListId="8c84fa94-04c1-424b-9868-57a2d4851a1d" />
    <TestEntry testId="22c631fd-5f89-b2ab-7732-ba58e3b80ef3" executionId="b3691d18-1de9-42a0-a8c8-cfb4f0f73b08" testListId="8c84fa94-04c1-424b-9868-57a2d4851a1d" />
    <TestEntry testId="5f51da8e-6044-c386-435c-00f1209f52ed" executionId="94854384-0d2f-4159-a0bf-bc1815d47ff3" testListId="8c84fa94-04c1-424b-9868-57a2d4851a1d" />
    <TestEntry testId="bea14ba5-2e67-65d7-47cf-6874f2333ad2" executionId="f574d8e6-bbf1-4115-8272-2bc5cf86e4cb" testListId="8c84fa94-04c1-424b-9868-57a2d4851a1d" />
    <TestEntry testId="d11470df-1e41-0fce-432d-720824e12271" executionId="8aa25afc-a932-4fa8-a7f9-a503049b488c" testListId="8c84fa94-04c1-424b-9868-57a2d4851a1d" />
    <TestEntry testId="7ab09f16-3a04-7052-62eb-c398355f45ec" executionId="f8bb7cd1-069e-47d8-9c6b-55ca72b3dc1e" testListId="8c84fa94-04c1-424b-9868-57a2d4851a1d" />
    <TestEntry testId="b031f0dd-43b9-f21e-727c-145cd420709c" executionId="7ec287b2-a7b3-4689-9bb9-9b2630014ef9" testListId="8c84fa94-04c1-424b-9868-57a2d4851a1d" />
    <TestEntry testId="f4571693-2a00-ddeb-3e0c-3ee1c6afe4fc" executionId="58759585-563f-4a22-b35b-fb8428a16e65" testListId="8c84fa94-04c1-424b-9868-57a2d4851a1d" />
    <TestEntry testId="42e9a238-c0b7-d120-7bde-7c49cf0ba155" executionId="045ef6a8-f43c-495f-83c2-a94a8adbe31e" testListId="8c84fa94-04c1-424b-9868-57a2d4851a1d" />
    <TestEntry testId="8e6d9fe6-a401-bff1-271b-b88c92b2606c" executionId="ecdbad5e-d12c-41d2-be0a-08eb4cc42d8a" testListId="8c84fa94-04c1-424b-9868-57a2d4851a1d" />
    <TestEntry testId="c5bb147c-877c-6b3e-6e23-2c006512103f" executionId="559c7cc7-7531-4e47-9056-45d6f1e1da6e" testListId="8c84fa94-04c1-424b-9868-57a2d4851a1d" />
    <TestEntry testId="f1b1383d-6e37-1b11-2097-913c6ddda414" executionId="38cd87e4-4469-4f9a-a2ed-fc7ccac7e745" testListId="8c84fa94-04c1-424b-9868-57a2d4851a1d" />
    <TestEntry testId="4fee6ddd-eccd-e4c5-66dd-92a1dfa6facd" executionId="9f24ef2a-9075-4eec-9292-ed8f3c944485" testListId="8c84fa94-04c1-424b-9868-57a2d4851a1d" />
    <TestEntry testId="2bd04e49-e56f-94a6-f1e5-6e0b8f88a1ae" executionId="5a78f4a1-1c5d-4b4e-833b-c255d6c9fa08" testListId="8c84fa94-04c1-424b-9868-57a2d4851a1d" />
    <TestEntry testId="06abd993-f418-8dea-4e1a-b8bffb3f2dc6" executionId="7b585a00-dd34-493f-93fe-09b2141e3790" testListId="8c84fa94-04c1-424b-9868-57a2d4851a1d" />
    <TestEntry testId="257fe9b5-212e-fee6-d430-e009eeeabe89" executionId="43b2bde6-d08b-4ad8-9fa4-b2abe6aa742d" testListId="8c84fa94-04c1-424b-9868-57a2d4851a1d" />
    <TestEntry testId="29db070a-116a-d87c-ebce-19a3b9a8e79e" executionId="82c3ce4e-9c92-44bc-bde0-a8a491ff346c" testListId="8c84fa94-04c1-424b-9868-57a2d4851a1d" />
    <TestEntry testId="f8d677ca-6ac5-9352-8054-e2ff100b6cbb" executionId="a40ec284-3c4b-41fb-bee6-73e7bce6e05d" testListId="8c84fa94-04c1-424b-9868-57a2d4851a1d" />
    <TestEntry testId="e5b82b09-2bc8-85c8-d5ab-0a53f1e7b284" executionId="5ecb2a44-f30b-4377-9aff-58257c348666" testListId="8c84fa94-04c1-424b-9868-57a2d4851a1d" />
    <TestEntry testId="5594ae73-18d7-6a31-1eef-e5cefd03c317" executionId="3fdd9ff0-a806-4dbc-82a0-bd63a1946358" testListId="8c84fa94-04c1-424b-9868-57a2d4851a1d" />
    <TestEntry testId="0f67109c-d384-de4a-5c45-2730dfdbc902" executionId="0210f337-db42-4bac-bab6-15f4faa8f1b0" testListId="8c84fa94-04c1-424b-9868-57a2d4851a1d" />
    <TestEntry testId="ad55f318-28d5-ed2f-887a-884b240f516f" executionId="03ec2ad1-66e8-4b36-8a16-a332f56e039b" testListId="8c84fa94-04c1-424b-9868-57a2d4851a1d" />
    <TestEntry testId="96555bea-b4c7-3573-d333-74ff99a10557" executionId="2d5e1bbb-0d3c-451f-b5a9-1a48a176d4b7" testListId="8c84fa94-04c1-424b-9868-57a2d4851a1d" />
    <TestEntry testId="bae98a04-5ff9-d592-ff13-245cee8d9643" executionId="67591620-b6d0-4d00-b1ec-c71db83f6418" testListId="8c84fa94-04c1-424b-9868-57a2d4851a1d" />
    <TestEntry testId="a1b0ee18-d4da-12ad-f816-0883002576c3" executionId="f0b32fd9-66a5-4d6c-be86-f28171f93f82" testListId="8c84fa94-04c1-424b-9868-57a2d4851a1d" />
    <TestEntry testId="02cf2ee9-cc7c-4e26-c4f4-dfa7cac88451" executionId="927fd3f7-3eb1-4af0-8bad-a86c78b8a0f7" testListId="8c84fa94-04c1-424b-9868-57a2d4851a1d" />
    <TestEntry testId="a54ac10d-47d7-d5cd-a820-29ec6c5c2003" executionId="29346bef-d1cd-48db-9652-6d77d940063c" testListId="8c84fa94-04c1-424b-9868-57a2d4851a1d" />
    <TestEntry testId="e2c257a3-bda3-c0bb-cd6a-ea8604de21c5" executionId="3bff8990-125a-4f27-b7a9-3b58232248ca" testListId="8c84fa94-04c1-424b-9868-57a2d4851a1d" />
    <TestEntry testId="25ba74fb-ac32-bdfa-b99b-357c8975c669" executionId="b63285b7-86da-4791-878a-c6e25d762d26" testListId="8c84fa94-04c1-424b-9868-57a2d4851a1d" />
    <TestEntry testId="37f72e01-87f2-0841-5a78-109ca34c6b87" executionId="3b5b08ab-d93f-45fc-9b4b-8042f0d69271" testListId="8c84fa94-04c1-424b-9868-57a2d4851a1d" />
    <TestEntry testId="c7b1e48d-4f56-3270-d3d6-2ebf0ef93173" executionId="512be60a-f103-4bee-86db-e9f6187d1e2e" testListId="8c84fa94-04c1-424b-9868-57a2d4851a1d" />
    <TestEntry testId="d995ebad-1463-0988-7b5d-464e8a788d39" executionId="ca594e1c-42c6-4a06-9db0-8993d5dffb85" testListId="8c84fa94-04c1-424b-9868-57a2d4851a1d" />
    <TestEntry testId="12b5228f-41a4-b71b-e041-50249e689bdc" executionId="333153d8-e52c-4b00-9f83-226d6e3ed015" testListId="8c84fa94-04c1-424b-9868-57a2d4851a1d" />
    <TestEntry testId="15cddb2d-7b0b-4675-a329-f2affee8cce9" executionId="c75a66ad-2745-43c0-ad67-7e9646e28808" testListId="8c84fa94-04c1-424b-9868-57a2d4851a1d" />
    <TestEntry testId="22331429-bd56-7488-739b-af3b89b515bb" executionId="272ba11c-4ec8-46d3-bce7-8b78d79ff5b6" testListId="8c84fa94-04c1-424b-9868-57a2d4851a1d" />
    <TestEntry testId="9ba8027d-81a9-fe72-0e89-2f0911322859" executionId="5ad33422-e20d-4842-a362-51835302e3b5" testListId="8c84fa94-04c1-424b-9868-57a2d4851a1d" />
    <TestEntry testId="f1b2ac44-ad81-3cf6-85cd-dc94fae680a4" executionId="560bba46-3922-4de3-b50c-94d4aedcbebf" testListId="8c84fa94-04c1-424b-9868-57a2d4851a1d" />
    <TestEntry testId="91e77d45-bf47-58d1-791b-2aaf95efa374" executionId="2d9cc024-3c6b-4043-90f0-39d22898772a" testListId="8c84fa94-04c1-424b-9868-57a2d4851a1d" />
  </TestEntries>
  <TestLists>
    <TestList name="Results Not in a List" id="8c84fa94-04c1-424b-9868-57a2d4851a1d" />
    <TestList name="All Loaded Results" id="19431567-8539-422a-85d7-44ee4e166bda" />
  </TestLists>
  <ResultSummary outcome="Completed">
    <Counters total="173" executed="173" passed="173" failed="0" error="0" timeout="0" aborted="0" inconclusive="0" passedButRunAborted="0" notRunnable="0" notExecuted="0" disconnected="0" warning="0" completed="0" inProgress="0" pending="0" />
    <Output>
      <StdOut>[xUnit.net 00:00:00.00] xUnit.net VSTest Adapter v3.1.5+1b188a7b0a (64-bit .NET 8.0.22)
[xUnit.net 00:00:00.25]   Discovering: TheatreCenter.UnitTests
[xUnit.net 00:00:00.43]   Discovered:  TheatreCenter.UnitTests
[xUnit.net 00:00:00.55]   Starting:    TheatreCenter.UnitTests
     Warning:
     The component "Fluent Assertions" is governed by the rules defined in the Xceed License Agreement and
     the Xceed Fluent Assertions Community License. You may use Fluent Assertions free of charge for
     non-commercial use only. An active subscription is required to use Fluent Assertions for commercial use.
     Please contact Xceed Sales mailto:sales@xceed.com to acquire a subscription at a very low cost.
     A paid commercial license supports the development and continued increasing support of
     Fluent Assertions users under both commercial and community licenses. Help us
     keep Fluent Assertions at the forefront of unit testing.
     For more information, visit https://xceed.com/products/unit-testing/fluent-assertions/
[xUnit.net 00:00:03.18]   Finished:    TheatreCenter.UnitTests
</StdOut>
    </Output>
  </ResultSummary>
</TestRun>