<?xml version="1.0" encoding="utf-8"?>
<TestRun id="bb41a701-4ebd-4ecd-9100-6342082cf301" name="@92b546afc7cc 2025-12-04 22:42:24" xmlns="http://microsoft.com/schemas/VisualStudio/TeamTest/2010">
  <Times creation="2025-12-04T22:42:24.3823076+00:00" queuing="2025-12-04T22:42:24.3823077+00:00" start="2025-12-04T22:42:22.8808019+00:00" finish="2025-12-04T22:42:24.3864317+00:00" />
  <TestSettings name="default" id="0f88e7a4-daee-438c-9987-9dcf61aa95e9">
    <Deployment runDeploymentRoot="_92b546afc7cc_2025-12-04_22_42_24" />
  </TestSettings>
  <Results>
    <UnitTestResult executionId="0285e413-b1f5-4ea1-b2a7-e49a72037b83" testId="1fb84e21-04ce-18b3-36b2-821ac1df65c8" testName="TheatreCenter.UnitTests.Tests.E2ETests.TheatreServiceE2ETests.ScenarioE2E_MusicalAndRolesManagement" computerName="92b546afc7cc" duration="00:00:00.4128460" startTime="2025-12-04T22:42:23.3615194+00:00" endTime="2025-12-04T22:42:24.2549205+00:00" testType="13cdc9d9-ddb5-4fa4-a97d-d965ccfc6d4b" outcome="Passed" testListId="8c84fa94-04c1-424b-9868-57a2d4851a1d" relativeResultsDirectory="0285e413-b1f5-4ea1-b2a7-e49a72037b83" />
  </Results>
  <TestDefinitions>
    <UnitTest name="TheatreCenter.UnitTests.Tests.E2ETests.TheatreServiceE2ETests.ScenarioE2E_MusicalAndRolesManagement" storage="/src/theatrecenter.unittests/bin/release/net8.0/theatrecenter.unittests.dll" id="1fb84e21-04ce-18b3-36b2-821ac1df65c8">
      <Execution id="0285e413-b1f5-4ea1-b2a7-e49a72037b83" />
      <TestMethod codeBase="/src/TheatreCenter.UnitTests/bin/Release/net8.0/TheatreCenter.UnitTests.dll" adapterTypeName="executor://xunit/VsTestRunner3/netcore/" className="TheatreCenter.UnitTests.Tests.E2ETests.TheatreServiceE2ETests" name="ScenarioE2E_MusicalAndRolesManagement" />
    </UnitTest>
  </TestDefinitions>
  <TestEntries>
    <TestEntry testId="1fb84e21-04ce-18b3-36b2-821ac1df65c8" executionId="0285e413-b1f5-4ea1-b2a7-e49a72037b83" testListId="8c84fa94-04c1-424b-9868-57a2d4851a1d" />
  </TestEntries>
  <TestLists>
    <TestList name="Results Not in a List" id="8c84fa94-04c1-424b-9868-57a2d4851a1d" />
    <TestList name="All Loaded Results" id="19431567-8539-422a-85d7-44ee4e166bda" />
  </TestLists>
  <ResultSummary outcome="Completed">
    <Counters total="1" executed="1" passed="1" failed="0" error="0" timeout="0" aborted="0" inconclusive="0" passedButRunAborted="0" notRunnable="0" notExecuted="0" disconnected="0" warning="0" completed="0" inProgress="0" pending="0" />
    <Output>
      <StdOut>[xUnit.net 00:00:00.00] xUnit.net VSTest Adapter v3.1.5+1b188a7b0a (64-bit .NET 8.0.22)
[xUnit.net 00:00:00.06]   Discovering: TheatreCenter.UnitTests
[xUnit.net 00:00:00.12]   Discovered:  TheatreCenter.UnitTests
[xUnit.net 00:00:00.14]   Starting:    TheatreCenter.UnitTests
[xUnit.net 00:00:01.08]   Finished:    TheatreCenter.UnitTests
</StdOut>
    </Output>
  </ResultSummary>
</TestRun>