<?xml version="1.0" encoding="utf-8"?>
<TestRun id="144f52c2-843b-4b32-93ea-d62c5a5380e4" name="@8feaea7c99d3 2025-12-12 22:08:15" xmlns="http://microsoft.com/schemas/VisualStudio/TeamTest/2010">
  <Times creation="2025-12-12T22:08:15.6853361+00:00" queuing="2025-12-12T22:08:15.6853362+00:00" start="2025-12-12T22:08:10.2722955+00:00" finish="2025-12-12T22:08:16.3459079+00:00" />
  <TestSettings name="default" id="3ce3eb2d-1b7d-4400-88c8-bb3733949e3c">
    <Deployment runDeploymentRoot="_8feaea7c99d3_2025-12-12_22_08_15" />
  </TestSettings>
  <Results>
    <UnitTestResult executionId="c2eebca2-ac0c-44da-9051-3459a1b24020" testId="6c7308fd-68fc-fa7c-6dbb-ec0e71308f36" testName="TheatreCenter.UnitTests.Tests.E2ETests.PaymentE2ETests.PaymentScenario_Declined_WhenForced" computerName="8feaea7c99d3" duration="00:00:00.0697260" startTime="2025-12-12T22:08:15.6959825+00:00" endTime="2025-12-12T22:08:15.9860322+00:00" testType="13cdc9d9-ddb5-4fa4-a97d-d965ccfc6d4b" outcome="Passed" testListId="8c84fa94-04c1-424b-9868-57a2d4851a1d" relativeResultsDirectory="c2eebca2-ac0c-44da-9051-3459a1b24020" />
    <UnitTestResult executionId="eedecd54-87a2-42e5-93a0-4e836756b76c" testId="5090e64d-df38-bbda-d184-a285d99c06c1" testName="TheatreCenter.UnitTests.Tests.E2ETests.PaymentE2ETests.PaymentScenario_Succeeds_AndRefunds" computerName="8feaea7c99d3" duration="00:00:02.3185728" startTime="2025-12-12T22:08:11.7972654+00:00" endTime="2025-12-12T22:08:15.6942736+00:00" testType="13cdc9d9-ddb5-4fa4-a97d-d965ccfc6d4b" outcome="Passed" testListId="8c84fa94-04c1-424b-9868-57a2d4851a1d" relativeResultsDirectory="eedecd54-87a2-42e5-93a0-4e836756b76c" />
    <UnitTestResult executionId="8b96ce89-c2a3-4f47-8529-3ddf2fef256a" testId="1fb84e21-04ce-18b3-36b2-821ac1df65c8" testName="TheatreCenter.UnitTests.Tests.E2ETests.TheatreServiceE2ETests.ScenarioE2E_MusicalAndRolesManagement" computerName="8feaea7c99d3" duration="00:00:02.0624896" startTime="2025-12-12T22:08:11.7925978+00:00" endTime="2025-12-12T22:08:15.4387662+00:00" testType="13cdc9d9-ddb5-4fa4-a97d-d965ccfc6d4b" outcome="Passed" testListId="8c84fa94-04c1-424b-9868-57a2d4851a1d" relativeResultsDirectory="8b96ce89-c2a3-4f47-8529-3ddf2fef256a" />
  </Results>
  <TestDefinitions>
    <UnitTest name="TheatreCenter.UnitTests.Tests.E2ETests.PaymentE2ETests.PaymentScenario_Declined_WhenForced" storage="/src/theatrecenter.unittests/bin/release/net8.0/theatrecenter.unittests.dll" id="6c7308fd-68fc-fa7c-6dbb-ec0e71308f36">
      <Execution id="c2eebca2-ac0c-44da-9051-3459a1b24020" />
      <TestMethod codeBase="/src/TheatreCenter.UnitTests/bin/Release/net8.0/TheatreCenter.UnitTests.dll" adapterTypeName="executor://xunit/VsTestRunner3/netcore/" className="TheatreCenter.UnitTests.Tests.E2ETests.PaymentE2ETests" name="PaymentScenario_Declined_WhenForced" />
    </UnitTest>
    <UnitTest name="TheatreCenter.UnitTests.Tests.E2ETests.TheatreServiceE2ETests.ScenarioE2E_MusicalAndRolesManagement" storage="/src/theatrecenter.unittests/bin/release/net8.0/theatrecenter.unittests.dll" id="1fb84e21-04ce-18b3-36b2-821ac1df65c8">
      <Execution id="8b96ce89-c2a3-4f47-8529-3ddf2fef256a" />
      <TestMethod codeBase="/src/TheatreCenter.UnitTests/bin/Release/net8.0/TheatreCenter.UnitTests.dll" adapterTypeName="executor://xunit/VsTestRunner3/netcore/" className="TheatreCenter.UnitTests.Tests.E2ETests.TheatreServiceE2ETests" name="ScenarioE2E_MusicalAndRolesManagement" />
    </UnitTest>
    <UnitTest name="TheatreCenter.UnitTests.Tests.E2ETests.PaymentE2ETests.PaymentScenario_Succeeds_AndRefunds" storage="/src/theatrecenter.unittests/bin/release/net8.0/theatrecenter.unittests.dll" id="5090e64d-df38-bbda-d184-a285d99c06c1">
      <Execution id="eedecd54-87a2-42e5-93a0-4e836756b76c" />
      <TestMethod codeBase="/src/TheatreCenter.UnitTests/bin/Release/net8.0/TheatreCenter.UnitTests.dll" adapterTypeName="executor://xunit/VsTestRunner3/netcore/" className="TheatreCenter.UnitTests.Tests.E2ETests.PaymentE2ETests" name="PaymentScenario_Succeeds_AndRefunds" />
    </UnitTest>
  </TestDefinitions>
  <TestEntries>
    <TestEntry testId="6c7308fd-68fc-fa7c-6dbb-ec0e71308f36" executionId="c2eebca2-ac0c-44da-9051-3459a1b24020" testListId="8c84fa94-04c1-424b-9868-57a2d4851a1d" />
    <TestEntry testId="5090e64d-df38-bbda-d184-a285d99c06c1" executionId="eedecd54-87a2-42e5-93a0-4e836756b76c" testListId="8c84fa94-04c1-424b-9868-57a2d4851a1d" />
    <TestEntry testId="1fb84e21-04ce-18b3-36b2-821ac1df65c8" executionId="8b96ce89-c2a3-4f47-8529-3ddf2fef256a" testListId="8c84fa94-04c1-424b-9868-57a2d4851a1d" />
  </TestEntries>
  <TestLists>
    <TestList name="Results Not in a List" id="8c84fa94-04c1-424b-9868-57a2d4851a1d" />
    <TestList name="All Loaded Results" id="19431567-8539-422a-85d7-44ee4e166bda" />
  </TestLists>
  <ResultSummary outcome="Completed">
    <Counters total="3" executed="3" passed="3" failed="0" error="0" timeout="0" aborted="0" inconclusive="0" passedButRunAborted="0" notRunnable="0" notExecuted="0" disconnected="0" warning="0" completed="0" inProgress="0" pending="0" />
    <Output>
      <StdOut>[xUnit.net 00:00:00.00] xUnit.net VSTest Adapter v3.1.5+1b188a7b0a (64-bit .NET 8.0.22)
[xUnit.net 00:00:00.21]   Discovering: TheatreCenter.UnitTests
[xUnit.net 00:00:00.37]   Discovered:  TheatreCenter.UnitTests
[xUnit.net 00:00:00.44]   Starting:    TheatreCenter.UnitTests
info: Microsoft.Hosting.Lifetime[14]
      Now listening on: http://localhost:18081
info: Microsoft.Hosting.Lifetime[0]
      Application started. Press Ctrl+C to shut down.
info: Microsoft.Hosting.Lifetime[0]
      Hosting environment: Development
info: Microsoft.Hosting.Lifetime[0]
      Content root path: /src/TheatreCenter.UnitTests/bin/Release/net8.0
info: Microsoft.AspNetCore.Hosting.Diagnostics[1]
      Request starting HTTP/1.1 POST http://localhost:18081/payments/cards/charge - application/json;+charset=utf-8 -
info: Microsoft.AspNetCore.Routing.EndpointMiddleware[0]
      Executing endpoint 'HTTP: POST /payments/cards/charge'
info: Microsoft.AspNetCore.Http.Result.JsonResult[3]
      Writing value of type 'CloudPaymentResponse' as Json.
info: Microsoft.AspNetCore.Routing.EndpointMiddleware[1]
      Executed endpoint 'HTTP: POST /payments/cards/charge'
info: Microsoft.AspNetCore.Hosting.Diagnostics[2]
      Request finished HTTP/1.1 POST http://localhost:18081/payments/cards/charge - 200 - application/json;+charset=utf-8 195.7303ms
info: Microsoft.AspNetCore.Hosting.Diagnostics[1]
      Request starting HTTP/1.1 POST http://localhost:18081/payments/get - application/json;+charset=utf-8 -
info: Microsoft.AspNetCore.Routing.EndpointMiddleware[0]
      Executing endpoint 'HTTP: POST /payments/get'
info: Microsoft.AspNetCore.Http.Result.JsonResult[3]
      Writing value of type 'CloudPaymentResponse' as Json.
info: Microsoft.AspNetCore.Routing.EndpointMiddleware[1]
      Executed endpoint 'HTTP: POST /payments/get'
info: Microsoft.AspNetCore.Hosting.Diagnostics[2]
      Request finished HTTP/1.1 POST http://localhost:18081/payments/get - 200 - application/json;+charset=utf-8 6.2683ms
info: Microsoft.AspNetCore.Hosting.Diagnostics[1]
      Request starting HTTP/1.1 POST http://localhost:18081/payments/refund - application/json;+charset=utf-8 -
info: Microsoft.AspNetCore.Routing.EndpointMiddleware[0]
      Executing endpoint 'HTTP: POST /payments/refund'
info: Microsoft.AspNetCore.Http.Result.JsonResult[3]
      Writing value of type 'CloudPaymentResponse' as Json.
info: Microsoft.AspNetCore.Routing.EndpointMiddleware[1]
      Executed endpoint 'HTTP: POST /payments/refund'
info: Microsoft.AspNetCore.Hosting.Diagnostics[2]
      Request finished HTTP/1.1 POST http://localhost:18081/payments/refund - 200 - application/json;+charset=utf-8 3.6601ms
info: Microsoft.Hosting.Lifetime[0]
      Application is shutting down...
info: Microsoft.Hosting.Lifetime[14]
      Now listening on: http://localhost:18081
info: Microsoft.Hosting.Lifetime[0]
      Application started. Press Ctrl+C to shut down.
info: Microsoft.Hosting.Lifetime[0]
      Hosting environment: Development
info: Microsoft.Hosting.Lifetime[0]
      Content root path: /src/TheatreCenter.UnitTests/bin/Release/net8.0
info: Microsoft.AspNetCore.Hosting.Diagnostics[1]
      Request starting HTTP/1.1 POST http://localhost:18081/payments/cards/charge - application/json;+charset=utf-8 -
info: Microsoft.AspNetCore.Routing.EndpointMiddleware[0]
      Executing endpoint 'HTTP: POST /payments/cards/charge'
info: Microsoft.AspNetCore.Http.Result.JsonResult[3]
      Writing value of type 'CloudPaymentResponse' as Json.
info: Microsoft.AspNetCore.Routing.EndpointMiddleware[1]
      Executed endpoint 'HTTP: POST /payments/cards/charge'
info: Microsoft.AspNetCore.Hosting.Diagnostics[2]
      Request finished HTTP/1.1 POST http://localhost:18081/payments/cards/charge - 200 - application/json;+charset=utf-8 9.9904ms
info: Microsoft.AspNetCore.Hosting.Diagnostics[1]
      Request starting HTTP/1.1 POST http://localhost:18081/payments/get - application/json;+charset=utf-8 -
info: Microsoft.AspNetCore.Routing.EndpointMiddleware[0]
      Executing endpoint 'HTTP: POST /payments/get'
info: Microsoft.AspNetCore.Http.Result.JsonResult[3]
      Writing value of type 'CloudPaymentResponse' as Json.
info: Microsoft.AspNetCore.Routing.EndpointMiddleware[1]
      Executed endpoint 'HTTP: POST /payments/get'
info: Microsoft.AspNetCore.Hosting.Diagnostics[2]
      Request finished HTTP/1.1 POST http://localhost:18081/payments/get - 200 - application/json;+charset=utf-8 2.6792ms
info: Microsoft.Hosting.Lifetime[0]
      Application is shutting down...
[xUnit.net 00:00:04.76]   Finished:    TheatreCenter.UnitTests
</StdOut>
    </Output>
  </ResultSummary>
</TestRun>