<?xml version="1.0" encoding="utf-8"?>
<TestRun id="71e39b88-b497-4309-b1ff-c78df5f8ca6c" name="@bf0b694f947c 2025-11-12 16:37:31" xmlns="http://microsoft.com/schemas/VisualStudio/TeamTest/2010">
  <Times creation="2025-11-12T16:37:31.0730449+00:00" queuing="2025-11-12T16:37:31.0730452+00:00" start="2025-11-12T16:37:27.7996765+00:00" finish="2025-11-12T16:37:41.3675529+00:00" />
  <TestSettings name="default" id="3d2c4193-2e7d-41af-8f02-7f362c91f03a">
    <Deployment runDeploymentRoot="_bf0b694f947c_2025-11-12_16_37_31" />
  </TestSettings>
  <Results>
    <UnitTestResult executionId="9763959b-5f68-41ca-b5fe-0139915199dc" testId="132910fb-53b0-62f5-c16c-3e13705ffa13" testName="TheatreCenter.Tests.Services.MusicalServiceMockTests.GetMusicalByIdAsync_InvalidId_ThrowsArgumentException" computerName="bf0b694f947c" duration="00:00:00.0114184" startTime="2025-11-12T16:37:31.3435157+00:00" endTime="2025-11-12T16:37:31.3601788+00:00" testType="13cdc9d9-ddb5-4fa4-a97d-d965ccfc6d4b" outcome="Passed" testListId="8c84fa94-04c1-424b-9868-57a2d4851a1d" relativeResultsDirectory="9763959b-5f68-41ca-b5fe-0139915199dc" />
    <UnitTestResult executionId="2c6c88a7-12aa-4cd3-aefe-62874e55add0" testId="ae9e9e55-8a10-ded4-4d8c-541506626770" testName="TheatreCenter.Tests.IntegrationTests.Repositories.TheatreRepositoryIt.Theatre_FullCycle_WithMusicals" computerName="bf0b694f947c" duration="00:00:00.0478251" startTime="2025-11-12T16:37:37.0846750+00:00" endTime="2025-11-12T16:37:37.1433549+00:00" testType="13cdc9d9-ddb5-4fa4-a97d-d965ccfc6d4b" outcome="Passed" testListId="8c84fa94-04c1-424b-9868-57a2d4851a1d" relativeResultsDirectory="2c6c88a7-12aa-4cd3-aefe-62874e55add0" />
    <UnitTestResult executionId="dce3d06e-f874-4377-8d54-e0dd27fd7d7a" testId="72eae46e-8885-c815-b783-92379fa12da2" testName="TheatreCenter.Tests.Services.TheatreServiceMockTests.GetAllTheatresAsync_RepositoryThrowsException_ThrowsException" computerName="bf0b694f947c" duration="00:00:00.0110379" startTime="2025-11-12T16:37:31.3797045+00:00" endTime="2025-11-12T16:37:31.3834867+00:00" testType="13cdc9d9-ddb5-4fa4-a97d-d965ccfc6d4b" outcome="Passed" testListId="8c84fa94-04c1-424b-9868-57a2d4851a1d" relativeResultsDirectory="dce3d06e-f874-4377-8d54-e0dd27fd7d7a" />
    <UnitTestResult executionId="cec74c39-d128-40af-8538-c6bc388f0138" testId="bcbae016-76ba-19bd-64e0-449193e8747c" testName="TheatreCenter.Tests.Services.CastMemberServiceMockTests.CreateAsync_ValidCastMember_ReturnsCreatedCastMember" computerName="bf0b694f947c" duration="00:00:00.7522287" startTime="2025-11-12T16:37:30.5504479+00:00" endTime="2025-11-12T16:37:31.1823621+00:00" testType="13cdc9d9-ddb5-4fa4-a97d-d965ccfc6d4b" outcome="Passed" testListId="8c84fa94-04c1-424b-9868-57a2d4851a1d" relativeResultsDirectory="cec74c39-d128-40af-8538-c6bc388f0138" />
    <UnitTestResult executionId="263b4456-812d-4afa-9982-63cd52321545" testId="c613b68e-c076-a6ee-db54-c66f4c54b11c" testName="TheatreCenter.Tests.Services.AccountServiceMockTests.RegisterAsync_NewUser_ReturnsAccount" computerName="bf0b694f947c" duration="00:00:00.5889210" startTime="2025-11-12T16:37:30.5502506+00:00" endTime="2025-11-12T16:37:31.0194829+00:00" testType="13cdc9d9-ddb5-4fa4-a97d-d965ccfc6d4b" outcome="Passed" testListId="8c84fa94-04c1-424b-9868-57a2d4851a1d" relativeResultsDirectory="263b4456-812d-4afa-9982-63cd52321545" />
    <UnitTestResult executionId="d42dff23-5853-4106-9b65-7953b913a7c9" testId="75564e37-65e1-e779-c53d-7cb28b9ce209" testName="TheatreCenter.Tests.Repositories.AccountRepositoryTests.GetAccountsWithUpgradeRequestAsync_NoRequests_ReturnsEmpty" computerName="bf0b694f947c" duration="00:00:00.0481507" startTime="2025-11-12T16:37:34.4054745+00:00" endTime="2025-11-12T16:37:34.4509460+00:00" testType="13cdc9d9-ddb5-4fa4-a97d-d965ccfc6d4b" outcome="Passed" testListId="8c84fa94-04c1-424b-9868-57a2d4851a1d" relativeResultsDirectory="d42dff23-5853-4106-9b65-7953b913a7c9" />
    <UnitTestResult executionId="35d4a499-1955-49a7-9be7-c36fd8acb238" testId="2df2bbed-5663-311d-b259-7dfbbcafa740" testName="TheatreCenter.Tests.Repositories.MusicalRepositoryTests.GetByTheatreIdAsync_NoMusicalsForTheatre_ReturnsEmpty" computerName="bf0b694f947c" duration="00:00:00.0349617" startTime="2025-11-12T16:37:33.9064740+00:00" endTime="2025-11-12T16:37:33.9383760+00:00" testType="13cdc9d9-ddb5-4fa4-a97d-d965ccfc6d4b" outcome="Passed" testListId="8c84fa94-04c1-424b-9868-57a2d4851a1d" relativeResultsDirectory="35d4a499-1955-49a7-9be7-c36fd8acb238" />
    <UnitTestResult executionId="0c86530e-8b38-4e93-b544-440e71e134fb" testId="caeecf7f-b166-0fcf-dc0e-781bc16af4c0" testName="TheatreCenter.UnitTests.Tests.IntegrationTests.Services.ShowServiceIt.Show_FullCycle_WithFixtures" computerName="bf0b694f947c" duration="00:00:00.3499809" startTime="2025-11-12T16:37:36.2963089+00:00" endTime="2025-11-12T16:37:36.8870034+00:00" testType="13cdc9d9-ddb5-4fa4-a97d-d965ccfc6d4b" outcome="Passed" testListId="8c84fa94-04c1-424b-9868-57a2d4851a1d" relativeResultsDirectory="0c86530e-8b38-4e93-b544-440e71e134fb" />
    <UnitTestResult executionId="482e617d-1ee4-4caf-ab56-c5089d03b041" testId="8ab17f1c-e551-80f5-8aa5-a024aa122075" testName="TheatreCenter.Tests.Repositories.TheatreRepositoryTests.RemoveAsync_TheatreExists_RemovesTheatre" computerName="bf0b694f947c" duration="00:00:00.0083037" startTime="2025-11-12T16:37:33.9241717+00:00" endTime="2025-11-12T16:37:33.9270169+00:00" testType="13cdc9d9-ddb5-4fa4-a97d-d965ccfc6d4b" outcome="Passed" testListId="8c84fa94-04c1-424b-9868-57a2d4851a1d" relativeResultsDirectory="482e617d-1ee4-4caf-ab56-c5089d03b041" />
    <UnitTestResult executionId="1384c7b6-90d3-4581-8beb-3fcfcf2ff97b" testId="3510f459-9cad-9af5-d7fa-6f9bbef81717" testName="TheatreCenter.Tests.Repositories.ShowRepositoryTests.GetAllAsync_NoShows_ReturnsEmpty" computerName="bf0b694f947c" duration="00:00:02.9914145" startTime="2025-11-12T16:37:30.5507436+00:00" endTime="2025-11-12T16:37:33.4372963+00:00" testType="13cdc9d9-ddb5-4fa4-a97d-d965ccfc6d4b" outcome="Passed" testListId="8c84fa94-04c1-424b-9868-57a2d4851a1d" relativeResultsDirectory="1384c7b6-90d3-4581-8beb-3fcfcf2ff97b" />
    <UnitTestResult executionId="9043aca0-9d3f-4e45-86c3-b7fca89cecd7" testId="9ea04b0d-2348-aca0-d1b7-d5967bfa7da9" testName="TheatreCenter.Tests.Services.AccountServiceMockTests.DeleteAsync_ValidId_DeletesSuccessfully" computerName="bf0b694f947c" duration="00:00:00.0191122" startTime="2025-11-12T16:37:31.3304147+00:00" endTime="2025-11-12T16:37:31.3466283+00:00" testType="13cdc9d9-ddb5-4fa4-a97d-d965ccfc6d4b" outcome="Passed" testListId="8c84fa94-04c1-424b-9868-57a2d4851a1d" relativeResultsDirectory="9043aca0-9d3f-4e45-86c3-b7fca89cecd7" />
    <UnitTestResult executionId="3704ddd3-e5b1-4c07-9e5e-4610cdc2ab52" testId="84c15b28-9d6e-3674-a6bd-1c5e9a39b6b4" testName="TheatreCenter.Tests.Repositories.TheatreRepositoryTests.GetAllAsync_NoTheatres_ReturnsEmpty" computerName="bf0b694f947c" duration="00:00:00.0155094" startTime="2025-11-12T16:37:33.8673006+00:00" endTime="2025-11-12T16:37:33.8824912+00:00" testType="13cdc9d9-ddb5-4fa4-a97d-d965ccfc6d4b" outcome="Passed" testListId="8c84fa94-04c1-424b-9868-57a2d4851a1d" relativeResultsDirectory="3704ddd3-e5b1-4c07-9e5e-4610cdc2ab52" />
    <UnitTestResult executionId="8a7dfbf2-f3b4-46bf-b09e-9075c6be9ef0" testId="1cfe0427-d193-6224-6930-57a927e32d92" testName="TheatreCenter.Tests.Services.ShowServiceMockTests.GetByMusicalIdAsync_InvalidId_ThrowsArgumentException" computerName="bf0b694f947c" duration="00:00:00.0107844" startTime="2025-11-12T16:37:30.9215978+00:00" endTime="2025-11-12T16:37:30.9232746+00:00" testType="13cdc9d9-ddb5-4fa4-a97d-d965ccfc6d4b" outcome="Passed" testListId="8c84fa94-04c1-424b-9868-57a2d4851a1d" relativeResultsDirectory="8a7dfbf2-f3b4-46bf-b09e-9075c6be9ef0" />
    <UnitTestResult executionId="a0c45688-5bb5-406a-9389-c85712a636a9" testId="ae9d2f96-53ee-ddca-4f37-a9020bb63518" testName="TheatreCenter.Tests.Services.RoleServiceMockTests.GetByIdAsync_RoleExists_ReturnsRole" computerName="bf0b694f947c" duration="00:00:00.0177123" startTime="2025-11-12T16:37:31.3697168+00:00" endTime="2025-11-12T16:37:31.3943412+00:00" testType="13cdc9d9-ddb5-4fa4-a97d-d965ccfc6d4b" outcome="Passed" testListId="8c84fa94-04c1-424b-9868-57a2d4851a1d" relativeResultsDirectory="a0c45688-5bb5-406a-9389-c85712a636a9" />
    <UnitTestResult executionId="3eeee5b0-b206-4b49-ad6a-b83b36006f76" testId="1ca56c21-b450-5c77-fa85-b5e0b1b6f470" testName="TheatreCenter.Tests.Services.ShowServiceMockTests.GetByIdAsync_ShowNotFound_ThrowsKeyNotFoundException" computerName="bf0b694f947c" duration="00:00:00.0375940" startTime="2025-11-12T16:37:31.1106948+00:00" endTime="2025-11-12T16:37:31.1641631+00:00" testType="13cdc9d9-ddb5-4fa4-a97d-d965ccfc6d4b" outcome="Passed" testListId="8c84fa94-04c1-424b-9868-57a2d4851a1d" relativeResultsDirectory="3eeee5b0-b206-4b49-ad6a-b83b36006f76" />
    <UnitTestResult executionId="3e23e9a8-88f3-4677-8122-89cfb20ceb20" testId="2f447320-9533-cd14-f92d-81ae735744ad" testName="TheatreCenter.Tests.IntegrationTests.Services.ActorServiceIt.Actor_FullCycle_WithFixtures" computerName="bf0b694f947c" duration="00:00:00.0790346" startTime="2025-11-12T16:37:38.5124231+00:00" endTime="2025-11-12T16:37:38.6075703+00:00" testType="13cdc9d9-ddb5-4fa4-a97d-d965ccfc6d4b" outcome="Passed" testListId="8c84fa94-04c1-424b-9868-57a2d4851a1d" relativeResultsDirectory="3e23e9a8-88f3-4677-8122-89cfb20ceb20" />
    <UnitTestResult executionId="8ec54a25-c66e-4a44-92ad-34b3cd37cacd" testId="e99f64d3-8320-7ddd-6a85-50da6c78dfd6" testName="TheatreCenter.Tests.Services.AccountServiceMockTests.AuthenticateAsync_ValidCredentials_ReturnsAccount" computerName="bf0b694f947c" duration="00:00:00.0208179" startTime="2025-11-12T16:37:31.4690173+00:00" endTime="2025-11-12T16:37:31.4914862+00:00" testType="13cdc9d9-ddb5-4fa4-a97d-d965ccfc6d4b" outcome="Passed" testListId="8c84fa94-04c1-424b-9868-57a2d4851a1d" relativeResultsDirectory="8ec54a25-c66e-4a44-92ad-34b3cd37cacd" />
    <UnitTestResult executionId="c3b30f27-d13d-4278-9cab-7e86acd5e9b6" testId="0b8ff6d7-70b1-52e6-3da8-1293ae5afd9f" testName="TheatreCenter.Tests.Services.ActorServiceMockTests.GetAllActorsAsync_ActorsExist_ReturnsActors" computerName="bf0b694f947c" duration="00:00:00.0315897" startTime="2025-11-12T16:37:31.4591887+00:00" endTime="2025-11-12T16:37:31.4877700+00:00" testType="13cdc9d9-ddb5-4fa4-a97d-d965ccfc6d4b" outcome="Passed" testListId="8c84fa94-04c1-424b-9868-57a2d4851a1d" relativeResultsDirectory="c3b30f27-d13d-4278-9cab-7e86acd5e9b6" />
    <UnitTestResult executionId="24f13459-ba49-450c-87f9-619305ab5b9b" testId="873bff76-c662-ac75-9b8c-c3a8db84131f" testName="TheatreCenter.Tests.IntegrationTests.Repositories.MusicalRepositoryIt.Musical_FullCycle_WithAgeRestriction" computerName="bf0b694f947c" duration="00:00:00.0832402" startTime="2025-11-12T16:37:37.3196401+00:00" endTime="2025-11-12T16:37:37.4124924+00:00" testType="13cdc9d9-ddb5-4fa4-a97d-d965ccfc6d4b" outcome="Passed" testListId="8c84fa94-04c1-424b-9868-57a2d4851a1d" relativeResultsDirectory="24f13459-ba49-450c-87f9-619305ab5b9b" />
    <UnitTestResult executionId="5e392e6b-a98d-4239-a2b0-0438e2173be8" testId="77bcee64-9d94-459f-8dbb-1b20ea4567a8" testName="TheatreCenter.Tests.IntegrationTests.Repositories.ThemeRepositoryIt.Theme_FullCycle" computerName="bf0b694f947c" duration="00:00:00.0786881" startTime="2025-11-12T16:37:36.9893856+00:00" endTime="2025-11-12T16:37:37.0839351+00:00" testType="13cdc9d9-ddb5-4fa4-a97d-d965ccfc6d4b" outcome="Passed" testListId="8c84fa94-04c1-424b-9868-57a2d4851a1d" relativeResultsDirectory="5e392e6b-a98d-4239-a2b0-0438e2173be8" />
    <UnitTestResult executionId="4832709a-fdce-447a-a196-4713d6b022d4" testId="6406a12e-e1a0-31b6-01e3-3f150d7dfe97" testName="TheatreCenter.Tests.Repositories.ActorRepositoryTests.GetAllAsync_NoActors_ReturnsEmpty" computerName="bf0b694f947c" duration="00:00:00.1043926" startTime="2025-11-12T16:37:33.8608439+00:00" endTime="2025-11-12T16:37:33.8919394+00:00" testType="13cdc9d9-ddb5-4fa4-a97d-d965ccfc6d4b" outcome="Passed" testListId="8c84fa94-04c1-424b-9868-57a2d4851a1d" relativeResultsDirectory="4832709a-fdce-447a-a196-4713d6b022d4" />
    <UnitTestResult executionId="06224e10-22dd-4882-b34b-e0d7a87044e7" testId="b031f0dd-43b9-f21e-727c-145cd420709c" testName="TheatreCenter.Tests.Services.ActorServiceMockTests.DeleteActorAsync_ActorWithRoles_ThrowsInvalidOperationException" computerName="bf0b694f947c" duration="00:00:00.0402007" startTime="2025-11-12T16:37:31.0925509+00:00" endTime="2025-11-12T16:37:31.1575989+00:00" testType="13cdc9d9-ddb5-4fa4-a97d-d965ccfc6d4b" outcome="Passed" testListId="8c84fa94-04c1-424b-9868-57a2d4851a1d" relativeResultsDirectory="06224e10-22dd-4882-b34b-e0d7a87044e7" />
    <UnitTestResult executionId="da76110a-4cfa-4168-8d4e-cefade6f870f" testId="b161ffec-76b0-2ed5-d9f8-086c5ad494fa" testName="TheatreCenter.Tests.Repositories.RoleRepositoryTests.AddAsync_ValidRole_AddsToDatabase" computerName="bf0b694f947c" duration="00:00:00.0275330" startTime="2025-11-12T16:37:33.7495683+00:00" endTime="2025-11-12T16:37:33.7722816+00:00" testType="13cdc9d9-ddb5-4fa4-a97d-d965ccfc6d4b" outcome="Passed" testListId="8c84fa94-04c1-424b-9868-57a2d4851a1d" relativeResultsDirectory="da76110a-4cfa-4168-8d4e-cefade6f870f" />
    <UnitTestResult executionId="f0481005-54f2-4d58-8c43-8a310a2b66a9" testId="7ab09f16-3a04-7052-62eb-c398355f45ec" testName="TheatreCenter.Tests.Repositories.AccountRepositoryTests.GetFavoritesAsync_AccountNotExists_ReturnsNull" computerName="bf0b694f947c" duration="00:00:00.0833136" startTime="2025-11-12T16:37:34.2628704+00:00" endTime="2025-11-12T16:37:34.3459927+00:00" testType="13cdc9d9-ddb5-4fa4-a97d-d965ccfc6d4b" outcome="Passed" testListId="8c84fa94-04c1-424b-9868-57a2d4851a1d" relativeResultsDirectory="f0481005-54f2-4d58-8c43-8a310a2b66a9" />
    <UnitTestResult executionId="cfce4442-f2d8-4a6d-969b-2ebac8b62fa9" testId="a54ac10d-47d7-d5cd-a820-29ec6c5c2003" testName="TheatreCenter.Tests.Services.TheatreServiceMockTests.UpdateTheatreAsync_TheatreNotExists_ThrowsKeyNotFoundException" computerName="bf0b694f947c" duration="00:00:00.0109003" startTime="2025-11-12T16:37:31.4873834+00:00" endTime="2025-11-12T16:37:31.5001056+00:00" testType="13cdc9d9-ddb5-4fa4-a97d-d965ccfc6d4b" outcome="Passed" testListId="8c84fa94-04c1-424b-9868-57a2d4851a1d" relativeResultsDirectory="cfce4442-f2d8-4a6d-969b-2ebac8b62fa9" />
    <UnitTestResult executionId="9b37d519-1282-4591-b0a2-e2f184a78b95" testId="3c096c3f-e482-6db7-2133-acf3d51b4689" testName="TheatreCenter.Tests.Repositories.AccountRepositoryTests.ProcessUpgradeRequestAsync_ValidAccount_ReturnsTrue" computerName="bf0b694f947c" duration="00:00:00.0136806" startTime="2025-11-12T16:37:34.5378429+00:00" endTime="2025-11-12T16:37:34.5505423+00:00" testType="13cdc9d9-ddb5-4fa4-a97d-d965ccfc6d4b" outcome="Passed" testListId="8c84fa94-04c1-424b-9868-57a2d4851a1d" relativeResultsDirectory="9b37d519-1282-4591-b0a2-e2f184a78b95" />
    <UnitTestResult executionId="d8f11c3f-e373-4048-9015-28d63dc98cd9" testId="2f94db4f-558c-271f-66fd-4e7e8eb54737" testName="TheatreCenter.Tests.Repositories.CastMemberRepositoryTests.GetByShowIdAsync_NoCastMembersForShow_ReturnsEmpty" computerName="bf0b694f947c" duration="00:00:03.2960040" startTime="2025-11-12T16:37:30.5459249+00:00" endTime="2025-11-12T16:37:33.7405156+00:00" testType="13cdc9d9-ddb5-4fa4-a97d-d965ccfc6d4b" outcome="Passed" testListId="8c84fa94-04c1-424b-9868-57a2d4851a1d" relativeResultsDirectory="d8f11c3f-e373-4048-9015-28d63dc98cd9" />
    <UnitTestResult executionId="d5d95abd-6cb0-473e-898a-80e3d2a0e58e" testId="9c56f8a5-4089-6592-2a79-9f64e3247a6a" testName="TheatreCenter.Tests.Services.TheatreServiceMockTests.UpdateTheatreAsync_NullTheatre_ThrowsArgumentNullException" computerName="bf0b694f947c" duration="00:00:00.0049251" startTime="2025-11-12T16:37:31.5435982+00:00" endTime="2025-11-12T16:37:31.5479689+00:00" testType="13cdc9d9-ddb5-4fa4-a97d-d965ccfc6d4b" outcome="Passed" testListId="8c84fa94-04c1-424b-9868-57a2d4851a1d" relativeResultsDirectory="d5d95abd-6cb0-473e-898a-80e3d2a0e58e" />
    <UnitTestResult executionId="1d3714b8-8273-47d4-918e-4c84fd1ff891" testId="f8d677ca-6ac5-9352-8054-e2ff100b6cbb" testName="TheatreCenter.Tests.Services.AccountServiceMockTests.SubmitUpgradeRequestAsync_ValidAccount_ReturnsTrue" computerName="bf0b694f947c" duration="00:00:00.0711897" startTime="2025-11-12T16:37:31.0211954+00:00" endTime="2025-11-12T16:37:31.0912831+00:00" testType="13cdc9d9-ddb5-4fa4-a97d-d965ccfc6d4b" outcome="Passed" testListId="8c84fa94-04c1-424b-9868-57a2d4851a1d" relativeResultsDirectory="1d3714b8-8273-47d4-918e-4c84fd1ff891" />
    <UnitTestResult executionId="3cee27a8-bd3b-4c72-90c4-983a7deb0046" testId="73eeab13-e94f-36b6-971a-6d2da5564e91" testName="TheatreCenter.Tests.Services.MusicalServiceMockTests.CreateMusicalAsync_InvalidDuration_ThrowsArgumentException" computerName="bf0b694f947c" duration="00:00:00.0334277" startTime="2025-11-12T16:37:31.3294010+00:00" endTime="2025-11-12T16:37:31.3404066+00:00" testType="13cdc9d9-ddb5-4fa4-a97d-d965ccfc6d4b" outcome="Passed" testListId="8c84fa94-04c1-424b-9868-57a2d4851a1d" relativeResultsDirectory="3cee27a8-bd3b-4c72-90c4-983a7deb0046" />
    <UnitTestResult executionId="e04c0a6d-9029-4e3d-a949-c31015b4f4b2" testId="a03e466d-e997-dede-32ee-41d551cdf38b" testName="TheatreCenter.Tests.Services.TheatreServiceMockTests.GetTheatreByIdAsync_TheatreNotExists_ReturnsNull" computerName="bf0b694f947c" duration="00:00:00.0216446" startTime="2025-11-12T16:37:31.4413586+00:00" endTime="2025-11-12T16:37:31.4568758+00:00" testType="13cdc9d9-ddb5-4fa4-a97d-d965ccfc6d4b" outcome="Passed" testListId="8c84fa94-04c1-424b-9868-57a2d4851a1d" relativeResultsDirectory="e04c0a6d-9029-4e3d-a949-c31015b4f4b2" />
    <UnitTestResult executionId="df39d9b7-3ee6-4874-bc8e-052d585c37b2" testId="35a484c7-621f-d2fe-fcfa-beac128c6983" testName="TheatreCenter.Tests.Repositories.RoleRepositoryTests.GetByIdAsync_RoleExists_ReturnsRole" computerName="bf0b694f947c" duration="00:00:00.0238836" startTime="2025-11-12T16:37:33.9668940+00:00" endTime="2025-11-12T16:37:33.9754700+00:00" testType="13cdc9d9-ddb5-4fa4-a97d-d965ccfc6d4b" outcome="Passed" testListId="8c84fa94-04c1-424b-9868-57a2d4851a1d" relativeResultsDirectory="df39d9b7-3ee6-4874-bc8e-052d585c37b2" />
    <UnitTestResult executionId="5f083acb-7986-41bb-8fee-62f41658d57a" testId="48add2b7-e8cc-c167-b632-0232b5f9b6fc" testName="TheatreCenter.Tests.Repositories.AccountRepositoryTests.GetByIdAsync_AccountNotExists_ReturnsNull" computerName="bf0b694f947c" duration="00:00:00.0048749" startTime="2025-11-12T16:37:34.4035182+00:00" endTime="2025-11-12T16:37:34.4040015+00:00" testType="13cdc9d9-ddb5-4fa4-a97d-d965ccfc6d4b" outcome="Passed" testListId="8c84fa94-04c1-424b-9868-57a2d4851a1d" relativeResultsDirectory="5f083acb-7986-41bb-8fee-62f41658d57a" />
    <UnitTestResult executionId="1cf3eb24-04c0-47b4-99f4-0bae1c1e0f82" testId="91c25b4a-cfcb-bb00-f0d5-e458ae730307" testName="TheatreCenter.Tests.Repositories.AccountRepositoryTests.UpdateAsync_ValidAccount_UpdatesSuccessfully" computerName="bf0b694f947c" duration="00:00:00.0130664" startTime="2025-11-12T16:37:34.2503696+00:00" endTime="2025-11-12T16:37:34.2621632+00:00" testType="13cdc9d9-ddb5-4fa4-a97d-d965ccfc6d4b" outcome="Passed" testListId="8c84fa94-04c1-424b-9868-57a2d4851a1d" relativeResultsDirectory="1cf3eb24-04c0-47b4-99f4-0bae1c1e0f82" />
    <UnitTestResult executionId="17ad363b-ba5c-4c74-8125-b838de07e1a6" testId="0f3c1056-e6ac-7dba-b68e-fac1a049edce" testName="TheatreCenter.Tests.Services.TheatreServiceMockTests.GetTheatreByIdAsync_RepositoryThrowsException_ThrowsException" computerName="bf0b694f947c" duration="00:00:00.0415335" startTime="2025-11-12T16:37:31.3846102+00:00" endTime="2025-11-12T16:37:31.4404375+00:00" testType="13cdc9d9-ddb5-4fa4-a97d-d965ccfc6d4b" outcome="Passed" testListId="8c84fa94-04c1-424b-9868-57a2d4851a1d" relativeResultsDirectory="17ad363b-ba5c-4c74-8125-b838de07e1a6" />
    <UnitTestResult executionId="7292a01b-e7f7-481f-bea8-179d239b67f6" testId="f4571693-2a00-ddeb-3e0c-3ee1c6afe4fc" testName="TheatreCenter.Tests.Repositories.AccountRepositoryTests.GetByUsernameAsync_UsernameExists_ReturnsAccount" computerName="bf0b694f947c" duration="00:00:00.0265942" startTime="2025-11-12T16:37:34.4623203+00:00" endTime="2025-11-12T16:37:34.4879645+00:00" testType="13cdc9d9-ddb5-4fa4-a97d-d965ccfc6d4b" outcome="Passed" testListId="8c84fa94-04c1-424b-9868-57a2d4851a1d" relativeResultsDirectory="7292a01b-e7f7-481f-bea8-179d239b67f6" />
    <UnitTestResult executionId="f1e32197-bee7-42ca-a2d5-409afccde601" testId="22331429-bd56-7488-739b-af3b89b515bb" testName="TheatreCenter.Tests.Services.MusicalServiceMockTests.GetMusicalsByTheatreAsync_ValidId_ReturnsMusicals" computerName="bf0b694f947c" duration="00:00:00.0328349" startTime="2025-11-12T16:37:31.3619004+00:00" endTime="2025-11-12T16:37:31.3874378+00:00" testType="13cdc9d9-ddb5-4fa4-a97d-d965ccfc6d4b" outcome="Passed" testListId="8c84fa94-04c1-424b-9868-57a2d4851a1d" relativeResultsDirectory="f1e32197-bee7-42ca-a2d5-409afccde601" />
    <UnitTestResult executionId="a8197529-d191-40c6-83d5-e9e334a4751f" testId="7f4fbde7-9bf8-8278-5b2d-a2ae881c3734" testName="TheatreCenter.Tests.Services.RoleServiceMockTests.GetByIdAsync_RoleNotFound_ThrowsKeyNotFoundException" computerName="bf0b694f947c" duration="00:00:00.0187274" startTime="2025-11-12T16:37:31.3506217+00:00" endTime="2025-11-12T16:37:31.3688421+00:00" testType="13cdc9d9-ddb5-4fa4-a97d-d965ccfc6d4b" outcome="Passed" testListId="8c84fa94-04c1-424b-9868-57a2d4851a1d" relativeResultsDirectory="a8197529-d191-40c6-83d5-e9e334a4751f" />
    <UnitTestResult executionId="85d4c2dc-73c9-4b2d-8990-ba6f500302fa" testId="2ccea7c4-5783-a0e7-6630-f21a0ea5ba0a" testName="TheatreCenter.Tests.Repositories.CastMemberRepositoryTests.GetByShowAndRoleAsync_NoMatch_ReturnsNull" computerName="bf0b694f947c" duration="00:00:00.0041634" startTime="2025-11-12T16:37:34.0729992+00:00" endTime="2025-11-12T16:37:34.0771392+00:00" testType="13cdc9d9-ddb5-4fa4-a97d-d965ccfc6d4b" outcome="Passed" testListId="8c84fa94-04c1-424b-9868-57a2d4851a1d" relativeResultsDirectory="85d4c2dc-73c9-4b2d-8990-ba6f500302fa" />
    <UnitTestResult executionId="8159720e-b707-419d-a336-06ed48f0c76c" testId="56cb9d58-baf0-9f96-6cd9-7525598033a7" testName="TheatreCenter.Tests.Repositories.ActorRepositoryTests.UpdateAsync_ValidActor_UpdatesSuccessfully" computerName="bf0b694f947c" duration="00:00:00.0238304" startTime="2025-11-12T16:37:34.0093276+00:00" endTime="2025-11-12T16:37:34.0321114+00:00" testType="13cdc9d9-ddb5-4fa4-a97d-d965ccfc6d4b" outcome="Passed" testListId="8c84fa94-04c1-424b-9868-57a2d4851a1d" relativeResultsDirectory="8159720e-b707-419d-a336-06ed48f0c76c" />
    <UnitTestResult executionId="5b569e08-46de-4ea1-8c39-9a3518619fa7" testId="bdb31920-d390-814e-e7da-eaf499498f1d" testName="TheatreCenter.Tests.Services.CastMemberServiceMockTests.GetByShowIdAsync_ValidId_ReturnsCastMembers" computerName="bf0b694f947c" duration="00:00:00.0591614" startTime="2025-11-12T16:37:31.2959748+00:00" endTime="2025-11-12T16:37:31.3510307+00:00" testType="13cdc9d9-ddb5-4fa4-a97d-d965ccfc6d4b" outcome="Passed" testListId="8c84fa94-04c1-424b-9868-57a2d4851a1d" relativeResultsDirectory="5b569e08-46de-4ea1-8c39-9a3518619fa7" />
    <UnitTestResult executionId="7e1363fa-5633-441b-bf24-f82473f2ab30" testId="0242f2b4-b74c-167c-3728-52bbad979adb" testName="TheatreCenter.Tests.Services.MusicalServiceMockTests.DeleteMusicalAsync_MusicalWithShows_ThrowsInvalidOperationException" computerName="bf0b694f947c" duration="00:00:00.5088914" startTime="2025-11-12T16:37:30.5454989+00:00" endTime="2025-11-12T16:37:30.9485954+00:00" testType="13cdc9d9-ddb5-4fa4-a97d-d965ccfc6d4b" outcome="Passed" testListId="8c84fa94-04c1-424b-9868-57a2d4851a1d" relativeResultsDirectory="7e1363fa-5633-441b-bf24-f82473f2ab30" />
    <UnitTestResult executionId="da688e23-ab13-4b4e-b13d-cf6a8678709e" testId="bae98a04-5ff9-d592-ff13-245cee8d9643" testName="TheatreCenter.Tests.Services.ShowServiceMockTests.GetByMusicalIdAsync_ValidId_ReturnsShows" computerName="bf0b694f947c" duration="00:00:00.0424988" startTime="2025-11-12T16:37:31.2946068+00:00" endTime="2025-11-12T16:37:31.3307477+00:00" testType="13cdc9d9-ddb5-4fa4-a97d-d965ccfc6d4b" outcome="Passed" testListId="8c84fa94-04c1-424b-9868-57a2d4851a1d" relativeResultsDirectory="da688e23-ab13-4b4e-b13d-cf6a8678709e" />
    <UnitTestResult executionId="d9b6cd57-3507-496b-8e35-8a62cddadc63" testId="17186257-6cbe-64c8-604d-dda79e804684" testName="TheatreCenter.Tests.Repositories.AccountRepositoryTests.AuthenticateAsync_InvalidCredentials_ReturnsNull" computerName="bf0b694f947c" duration="00:00:00.0133542" startTime="2025-11-12T16:37:34.5045832+00:00" endTime="2025-11-12T16:37:34.5175566+00:00" testType="13cdc9d9-ddb5-4fa4-a97d-d965ccfc6d4b" outcome="Passed" testListId="8c84fa94-04c1-424b-9868-57a2d4851a1d" relativeResultsDirectory="d9b6cd57-3507-496b-8e35-8a62cddadc63" />
    <UnitTestResult executionId="47340258-0cbe-4378-8fce-0444c62be6e7" testId="925fd431-30e3-5c40-5157-5890c2bbbb51" testName="TheatreCenter.Tests.Repositories.MusicalRepositoryTests.GetByTheatreIdAsync_ValidTheatreId_ReturnsMusicals" computerName="bf0b694f947c" duration="00:00:00.0241560" startTime="2025-11-12T16:37:33.9747927+00:00" endTime="2025-11-12T16:37:33.9933513+00:00" testType="13cdc9d9-ddb5-4fa4-a97d-d965ccfc6d4b" outcome="Passed" testListId="8c84fa94-04c1-424b-9868-57a2d4851a1d" relativeResultsDirectory="47340258-0cbe-4378-8fce-0444c62be6e7" />
    <UnitTestResult executionId="34eeaecb-d23c-4504-88c2-7517473fa027" testId="f8b3090f-837e-20e6-e886-3a88bb3860f4" testName="TheatreCenter.Tests.Services.ShowServiceMockTests.CreateAsync_PastDate_ThrowsArgumentException" computerName="bf0b694f947c" duration="00:00:00.0672726" startTime="2025-11-12T16:37:31.1647235+00:00" endTime="2025-11-12T16:37:31.2275682+00:00" testType="13cdc9d9-ddb5-4fa4-a97d-d965ccfc6d4b" outcome="Passed" testListId="8c84fa94-04c1-424b-9868-57a2d4851a1d" relativeResultsDirectory="34eeaecb-d23c-4504-88c2-7517473fa027" />
    <UnitTestResult executionId="997333aa-f1f7-4a16-8422-c42e7440233c" testId="e5d174bf-d760-26c6-ecb8-66d830021560" testName="TheatreCenter.Tests.Repositories.MusicalRepositoryTests.GetAllAsync_MusicalsExist_ReturnsMusicals" computerName="bf0b694f947c" duration="00:00:03.1598163" startTime="2025-11-12T16:37:30.5516026+00:00" endTime="2025-11-12T16:37:33.6061716+00:00" testType="13cdc9d9-ddb5-4fa4-a97d-d965ccfc6d4b" outcome="Passed" testListId="8c84fa94-04c1-424b-9868-57a2d4851a1d" relativeResultsDirectory="997333aa-f1f7-4a16-8422-c42e7440233c" />
    <UnitTestResult executionId="d18eb143-da44-429c-93ec-a24f6d978089" testId="493630b0-743a-af09-e650-22f161ccde24" testName="TheatreCenter.Tests.Services.TheatreServiceMockTests.UpdateTheatreAsync_ValidTheatre_ReturnsUpdatedTheatre" computerName="bf0b694f947c" duration="00:00:00.6817453" startTime="2025-11-12T16:37:30.5456919+00:00" endTime="2025-11-12T16:37:31.1556104+00:00" testType="13cdc9d9-ddb5-4fa4-a97d-d965ccfc6d4b" outcome="Passed" testListId="8c84fa94-04c1-424b-9868-57a2d4851a1d" relativeResultsDirectory="d18eb143-da44-429c-93ec-a24f6d978089" />
    <UnitTestResult executionId="f0892bd7-ce63-4187-9534-01007892b39b" testId="2b9ac397-04c9-24aa-e3ed-b03d86fc2f68" testName="TheatreCenter.Tests.Repositories.RoleRepositoryTests.RemoveAsync_RoleExists_RemovesRole" computerName="bf0b694f947c" duration="00:00:00.1292400" startTime="2025-11-12T16:37:33.7746801+00:00" endTime="2025-11-12T16:37:33.9027916+00:00" testType="13cdc9d9-ddb5-4fa4-a97d-d965ccfc6d4b" outcome="Passed" testListId="8c84fa94-04c1-424b-9868-57a2d4851a1d" relativeResultsDirectory="f0892bd7-ce63-4187-9534-01007892b39b" />
    <UnitTestResult executionId="89acfb26-5ea8-45fb-81a2-b8f41858d8d5" testId="445ffbd4-e9e5-c3cc-241e-f20fc3706b49" testName="TheatreCenter.Tests.Services.MusicalServiceMockTests.GetMusicalsByTheatreAsync_InvalidId_ThrowsArgumentException" computerName="bf0b694f947c" duration="00:00:00.0054087" startTime="2025-11-12T16:37:31.2380736+00:00" endTime="2025-11-12T16:37:31.2428109+00:00" testType="13cdc9d9-ddb5-4fa4-a97d-d965ccfc6d4b" outcome="Passed" testListId="8c84fa94-04c1-424b-9868-57a2d4851a1d" relativeResultsDirectory="89acfb26-5ea8-45fb-81a2-b8f41858d8d5" />
    <UnitTestResult executionId="8c85a53e-077c-43a6-97fc-89748863372d" testId="5f51da8e-6044-c386-435c-00f1209f52ed" testName="TheatreCenter.Tests.Services.CastMemberServiceMockTests.GetByIdAsync_InvalidId_ThrowsArgumentException" computerName="bf0b694f947c" duration="00:00:00.0083627" startTime="2025-11-12T16:37:31.2838930+00:00" endTime="2025-11-12T16:37:31.2950942+00:00" testType="13cdc9d9-ddb5-4fa4-a97d-d965ccfc6d4b" outcome="Passed" testListId="8c84fa94-04c1-424b-9868-57a2d4851a1d" relativeResultsDirectory="8c85a53e-077c-43a6-97fc-89748863372d" />
    <UnitTestResult executionId="f381afd7-63dc-4758-9602-963d69b33c44" testId="95e28f35-ff16-5b77-8142-049d31619ec6" testName="TheatreCenter.Tests.Repositories.RoleRepositoryTests.GetAllAsync_NoRoles_ReturnsEmpty" computerName="bf0b694f947c" duration="00:00:00.0187699" startTime="2025-11-12T16:37:33.9797873+00:00" endTime="2025-11-12T16:37:34.0006688+00:00" testType="13cdc9d9-ddb5-4fa4-a97d-d965ccfc6d4b" outcome="Passed" testListId="8c84fa94-04c1-424b-9868-57a2d4851a1d" relativeResultsDirectory="f381afd7-63dc-4758-9602-963d69b33c44" />
    <UnitTestResult executionId="cda636fd-481b-489e-bf74-154c42bf9462" testId="ebe7c4f9-3c35-58f0-778b-8e8348b8ac77" testName="TheatreCenter.Tests.Repositories.AccountRepositoryTests.AuthenticateAsync_ValidCredentials_ReturnsAccount" computerName="bf0b694f947c" duration="00:00:03.3222570" startTime="2025-11-12T16:37:30.5369730+00:00" endTime="2025-11-12T16:37:33.7669858+00:00" testType="13cdc9d9-ddb5-4fa4-a97d-d965ccfc6d4b" outcome="Passed" testListId="8c84fa94-04c1-424b-9868-57a2d4851a1d" relativeResultsDirectory="cda636fd-481b-489e-bf74-154c42bf9462" />
    <UnitTestResult executionId="66d27273-cd32-4bec-b9e6-f0aad946e930" testId="ccd63bca-e611-9a5b-5b95-3b69f4e687f1" testName="TheatreCenter.Tests.Services.CastMemberServiceMockTests.CreateAsync_RoleAlreadyAssigned_ThrowsInvalidOperationException" computerName="bf0b694f947c" duration="00:00:00.0809569" startTime="2025-11-12T16:37:31.3809326+00:00" endTime="2025-11-12T16:37:31.4608009+00:00" testType="13cdc9d9-ddb5-4fa4-a97d-d965ccfc6d4b" outcome="Passed" testListId="8c84fa94-04c1-424b-9868-57a2d4851a1d" relativeResultsDirectory="66d27273-cd32-4bec-b9e6-f0aad946e930" />
    <UnitTestResult executionId="3dd24f15-ba67-45b3-899c-94def0ffc3a1" testId="5411a142-a736-ac0f-8f72-5abf65963a01" testName="TheatreCenter.Tests.Repositories.MusicalRepositoryTests.UpdateAsync_ValidMusical_UpdatesSuccessfully" computerName="bf0b694f947c" duration="00:00:00.0315348" startTime="2025-11-12T16:37:34.0237835+00:00" endTime="2025-11-12T16:37:34.0521565+00:00" testType="13cdc9d9-ddb5-4fa4-a97d-d965ccfc6d4b" outcome="Passed" testListId="8c84fa94-04c1-424b-9868-57a2d4851a1d" relativeResultsDirectory="3dd24f15-ba67-45b3-899c-94def0ffc3a1" />
    <UnitTestResult executionId="9476c768-8dd7-4002-b90c-229d008e746e" testId="cfb17352-2dd6-7d90-9d2a-28ce0c96a26b" testName="TheatreCenter.Tests.Services.MusicalServiceMockTests.DeleteMusicalAsync_ValidMusical_ReturnsTrue" computerName="bf0b694f947c" duration="00:00:00.0242213" startTime="2025-11-12T16:37:31.2871737+00:00" endTime="2025-11-12T16:37:31.3259285+00:00" testType="13cdc9d9-ddb5-4fa4-a97d-d965ccfc6d4b" outcome="Passed" testListId="8c84fa94-04c1-424b-9868-57a2d4851a1d" relativeResultsDirectory="9476c768-8dd7-4002-b90c-229d008e746e" />
    <UnitTestResult executionId="c6019bf0-ca2e-43fc-831e-7c606abde989" testId="f2cc76f7-8b8c-19ea-e2b2-9ff056b69c8c" testName="TheatreCenter.Tests.IntegrationTests.Services.MusicalServiceIt.Musical_FullCycle_WithFixtures" computerName="bf0b694f947c" duration="00:00:00.1105441" startTime="2025-11-12T16:37:38.3853278+00:00" endTime="2025-11-12T16:37:38.5104007+00:00" testType="13cdc9d9-ddb5-4fa4-a97d-d965ccfc6d4b" outcome="Passed" testListId="8c84fa94-04c1-424b-9868-57a2d4851a1d" relativeResultsDirectory="c6019bf0-ca2e-43fc-831e-7c606abde989" />
    <UnitTestResult executionId="268eb205-dfe5-4fd2-985a-64cdaa84b65f" testId="257b5747-bd20-a185-9f32-6ff1d1f76a50" testName="TheatreCenter.Tests.Services.CastMemberServiceMockTests.GetByIdAsync_CastMemberExists_ReturnsCastMember" computerName="bf0b694f947c" duration="00:00:00.0988705" startTime="2025-11-12T16:37:31.1841177+00:00" endTime="2025-11-12T16:37:31.2817795+00:00" testType="13cdc9d9-ddb5-4fa4-a97d-d965ccfc6d4b" outcome="Passed" testListId="8c84fa94-04c1-424b-9868-57a2d4851a1d" relativeResultsDirectory="268eb205-dfe5-4fd2-985a-64cdaa84b65f" />
    <UnitTestResult executionId="b7241c4d-8566-4dc3-ae69-5804dca282b8" testId="b9e5387f-3fa4-c7fc-71e7-6081c9797ca9" testName="TheatreCenter.Tests.Services.ActorServiceMockTests.CreateActorAsync_NullActor_ThrowsArgumentNullException" computerName="bf0b694f947c" duration="00:00:00.0112360" startTime="2025-11-12T16:37:31.5643787+00:00" endTime="2025-11-12T16:37:31.5725520+00:00" testType="13cdc9d9-ddb5-4fa4-a97d-d965ccfc6d4b" outcome="Passed" testListId="8c84fa94-04c1-424b-9868-57a2d4851a1d" relativeResultsDirectory="b7241c4d-8566-4dc3-ae69-5804dca282b8" />
    <UnitTestResult executionId="021c0cfa-3ab2-4c18-9cac-39a7c79bb14f" testId="87b0abc2-e970-0c58-f0bf-83424aae8e00" testName="TheatreCenter.Tests.Repositories.AccountRepositoryTests.DeleteAsync_AccountExists_RemovesAccount" computerName="bf0b694f947c" duration="00:00:00.4815130" startTime="2025-11-12T16:37:33.7696527+00:00" endTime="2025-11-12T16:37:34.2490150+00:00" testType="13cdc9d9-ddb5-4fa4-a97d-d965ccfc6d4b" outcome="Passed" testListId="8c84fa94-04c1-424b-9868-57a2d4851a1d" relativeResultsDirectory="021c0cfa-3ab2-4c18-9cac-39a7c79bb14f" />
    <UnitTestResult executionId="db44f991-0047-45e1-93e0-1a82ee3d53ab" testId="a1b0ee18-d4da-12ad-f816-0883002576c3" testName="TheatreCenter.Tests.Services.CastMemberServiceMockTests.GetByActorIdAsync_InvalidId_ThrowsArgumentException" computerName="bf0b694f947c" duration="00:00:00.0166337" startTime="2025-11-12T16:37:31.3524746+00:00" endTime="2025-11-12T16:37:31.3675719+00:00" testType="13cdc9d9-ddb5-4fa4-a97d-d965ccfc6d4b" outcome="Passed" testListId="8c84fa94-04c1-424b-9868-57a2d4851a1d" relativeResultsDirectory="db44f991-0047-45e1-93e0-1a82ee3d53ab" />
    <UnitTestResult executionId="b55a4b8a-07b6-4a2a-bc26-a815c5396fcc" testId="4e30070c-9187-ca26-85c0-7c38c085a2c2" testName="TheatreCenter.Tests.Services.RoleServiceMockTests.CreateAsync_ValidRole_ReturnsCreatedRole" computerName="bf0b694f947c" duration="00:00:00.6807879" startTime="2025-11-12T16:37:30.5506264+00:00" endTime="2025-11-12T16:37:31.1110107+00:00" testType="13cdc9d9-ddb5-4fa4-a97d-d965ccfc6d4b" outcome="Passed" testListId="8c84fa94-04c1-424b-9868-57a2d4851a1d" relativeResultsDirectory="b55a4b8a-07b6-4a2a-bc26-a815c5396fcc" />
    <UnitTestResult executionId="e6c142fe-5fad-4b75-ba52-419a0eef89e1" testId="19598e97-740b-73d3-1352-52f0bd468a97" testName="TheatreCenter.Tests.Repositories.AccountRepositoryTests.GetByUsernameAsync_UsernameNotExists_ReturnsNull" computerName="bf0b694f947c" duration="00:00:00.0029297" startTime="2025-11-12T16:37:34.5515042+00:00" endTime="2025-11-12T16:37:34.5537775+00:00" testType="13cdc9d9-ddb5-4fa4-a97d-d965ccfc6d4b" outcome="Passed" testListId="8c84fa94-04c1-424b-9868-57a2d4851a1d" relativeResultsDirectory="e6c142fe-5fad-4b75-ba52-419a0eef89e1" />
    <UnitTestResult executionId="de5c0666-e1d2-4dad-b46b-5a455c4440f5" testId="0f67109c-d384-de4a-5c45-2730dfdbc902" testName="TheatreCenter.Tests.Services.ActorServiceMockTests.CreateActorAsync_EmptyName_ThrowsArgumentException" computerName="bf0b694f947c" duration="00:00:00.0214847" startTime="2025-11-12T16:37:31.3785372+00:00" endTime="2025-11-12T16:37:31.4297515+00:00" testType="13cdc9d9-ddb5-4fa4-a97d-d965ccfc6d4b" outcome="Passed" testListId="8c84fa94-04c1-424b-9868-57a2d4851a1d" relativeResultsDirectory="de5c0666-e1d2-4dad-b46b-5a455c4440f5" />
    <UnitTestResult executionId="fad55744-d057-4807-86a9-46949f521375" testId="e2c257a3-bda3-c0bb-cd6a-ea8604de21c5" testName="TheatreCenter.Tests.Services.MusicalServiceMockTests.CreateMusicalAsync_EmptyTitle_ThrowsArgumentException" computerName="bf0b694f947c" duration="00:00:00.0190918" startTime="2025-11-12T16:37:31.2197249+00:00" endTime="2025-11-12T16:37:31.2371637+00:00" testType="13cdc9d9-ddb5-4fa4-a97d-d965ccfc6d4b" outcome="Passed" testListId="8c84fa94-04c1-424b-9868-57a2d4851a1d" relativeResultsDirectory="fad55744-d057-4807-86a9-46949f521375" />
    <UnitTestResult executionId="37410b3b-65bb-43d6-98bc-0749fc016163" testId="ffa793ac-4d6d-3a52-7308-7a306cfbbb00" testName="TheatreCenter.Tests.Repositories.AccountRepositoryTests.CreateAsync_ValidAccount_AddsToDatabase" computerName="bf0b694f947c" duration="00:00:00.0097751" startTime="2025-11-12T16:37:34.4518277+00:00" endTime="2025-11-12T16:37:34.4610366+00:00" testType="13cdc9d9-ddb5-4fa4-a97d-d965ccfc6d4b" outcome="Passed" testListId="8c84fa94-04c1-424b-9868-57a2d4851a1d" relativeResultsDirectory="37410b3b-65bb-43d6-98bc-0749fc016163" />
    <UnitTestResult executionId="21bd20d2-49af-40ee-9fa1-081956970330" testId="3ed5fab7-06de-532a-1b84-2e60f1a56f6d" testName="TheatreCenter.Tests.Repositories.ActorRepositoryTests.GetByVoiceTypeAsync_ValidVoiceType_ReturnsActors" computerName="bf0b694f947c" duration="00:00:03.3421518" startTime="2025-11-12T16:37:30.5514040+00:00" endTime="2025-11-12T16:37:33.7875523+00:00" testType="13cdc9d9-ddb5-4fa4-a97d-d965ccfc6d4b" outcome="Passed" testListId="8c84fa94-04c1-424b-9868-57a2d4851a1d" relativeResultsDirectory="21bd20d2-49af-40ee-9fa1-081956970330" />
    <UnitTestResult executionId="ef9dab83-293c-4b68-ad50-f442231def2a" testId="eeaf43d6-1a16-1906-173c-5fa0a0e8a63b" testName="TheatreCenter.Tests.Services.MusicalServiceMockTests.GetMusicalByIdAsync_MusicalNotFound_ThrowsKeyNotFoundException" computerName="bf0b694f947c" duration="00:00:00.0771722" startTime="2025-11-12T16:37:31.1594614+00:00" endTime="2025-11-12T16:37:31.2190952+00:00" testType="13cdc9d9-ddb5-4fa4-a97d-d965ccfc6d4b" outcome="Passed" testListId="8c84fa94-04c1-424b-9868-57a2d4851a1d" relativeResultsDirectory="ef9dab83-293c-4b68-ad50-f442231def2a" />
    <UnitTestResult executionId="e3e652c3-1252-4aa4-8f9c-9f680ad4054d" testId="ef308d39-86c4-3f2d-a745-3d3072995ae8" testName="TheatreCenter.Tests.Services.ShowServiceMockTests.GetUpcomingShowsAsync_ReturnsShows" computerName="bf0b694f947c" duration="00:00:00.0594956" startTime="2025-11-12T16:37:31.2284132+00:00" endTime="2025-11-12T16:37:31.2937581+00:00" testType="13cdc9d9-ddb5-4fa4-a97d-d965ccfc6d4b" outcome="Passed" testListId="8c84fa94-04c1-424b-9868-57a2d4851a1d" relativeResultsDirectory="e3e652c3-1252-4aa4-8f9c-9f680ad4054d" />
    <UnitTestResult executionId="3b8571cb-2c70-4dbb-9122-747940a539bc" testId="ad55f318-28d5-ed2f-887a-884b240f516f" testName="TheatreCenter.Tests.Services.RoleServiceMockTests.CreateAsync_NullRole_ThrowsArgumentNullException" computerName="bf0b694f947c" duration="00:00:00.0458954" startTime="2025-11-12T16:37:31.1552430+00:00" endTime="2025-11-12T16:37:31.1596397+00:00" testType="13cdc9d9-ddb5-4fa4-a97d-d965ccfc6d4b" outcome="Passed" testListId="8c84fa94-04c1-424b-9868-57a2d4851a1d" relativeResultsDirectory="3b8571cb-2c70-4dbb-9122-747940a539bc" />
    <UnitTestResult executionId="cd62df63-6265-4254-be44-7f3aa1af3b63" testId="42e9a238-c0b7-d120-7bde-7c49cf0ba155" testName="TheatreCenter.Tests.Services.ActorServiceMockTests.GetActorByIdAsync_ActorExists_ReturnsActor" computerName="bf0b694f947c" duration="00:00:00.0643968" startTime="2025-11-12T16:37:31.4314592+00:00" endTime="2025-11-12T16:37:31.4578474+00:00" testType="13cdc9d9-ddb5-4fa4-a97d-d965ccfc6d4b" outcome="Passed" testListId="8c84fa94-04c1-424b-9868-57a2d4851a1d" relativeResultsDirectory="cd62df63-6265-4254-be44-7f3aa1af3b63" />
    <UnitTestResult executionId="e3331595-e916-4952-aeed-c5252a38bf54" testId="49979a83-cd00-5b78-629b-16b7daf4d3bb" testName="TheatreCenter.Tests.Services.RoleServiceMockTests.GetByIdAsync_InvalidId_ThrowsArgumentException" computerName="bf0b694f947c" duration="00:00:00.0700630" startTime="2025-11-12T16:37:31.1821526+00:00" endTime="2025-11-12T16:37:31.2522020+00:00" testType="13cdc9d9-ddb5-4fa4-a97d-d965ccfc6d4b" outcome="Passed" testListId="8c84fa94-04c1-424b-9868-57a2d4851a1d" relativeResultsDirectory="e3331595-e916-4952-aeed-c5252a38bf54" />
    <UnitTestResult executionId="e4048f8c-e309-4b45-9743-c7c5490253cd" testId="53a78241-2da0-c886-0e26-cc8638570280" testName="TheatreCenter.Tests.Services.ActorServiceMockTests.GetActorByIdAsync_InvalidId_ThrowsArgumentException" computerName="bf0b694f947c" duration="00:00:00.0099437" startTime="2025-11-12T16:37:31.5399669+00:00" endTime="2025-11-12T16:37:31.5498311+00:00" testType="13cdc9d9-ddb5-4fa4-a97d-d965ccfc6d4b" outcome="Passed" testListId="8c84fa94-04c1-424b-9868-57a2d4851a1d" relativeResultsDirectory="e4048f8c-e309-4b45-9743-c7c5490253cd" />
    <UnitTestResult executionId="3dbf05bd-e3d1-4b2a-9117-3d9c20aaf577" testId="da0d630d-bc16-cd1c-db36-26a40e05a163" testName="TheatreCenter.Tests.Services.RoleServiceMockTests.GetByMusicalIdAsync_ValidId_ReturnsRoles" computerName="bf0b694f947c" duration="00:00:00.0613456" startTime="2025-11-12T16:37:31.4291600+00:00" endTime="2025-11-12T16:37:31.4552552+00:00" testType="13cdc9d9-ddb5-4fa4-a97d-d965ccfc6d4b" outcome="Passed" testListId="8c84fa94-04c1-424b-9868-57a2d4851a1d" relativeResultsDirectory="3dbf05bd-e3d1-4b2a-9117-3d9c20aaf577" />
    <UnitTestResult executionId="3bc1e5e9-d673-47a8-9dbe-1adc65d63617" testId="98fcdd9f-84d9-c2e5-ac28-9bb247b2132b" testName="TheatreCenter.Tests.Repositories.ThemeRepositoryTests.UpdateAsync_ValidTheme_UpdatesSuccessfully" computerName="bf0b694f947c" duration="00:00:00.0183486" startTime="2025-11-12T16:37:33.6634460+00:00" endTime="2025-11-12T16:37:33.6816837+00:00" testType="13cdc9d9-ddb5-4fa4-a97d-d965ccfc6d4b" outcome="Passed" testListId="8c84fa94-04c1-424b-9868-57a2d4851a1d" relativeResultsDirectory="3bc1e5e9-d673-47a8-9dbe-1adc65d63617" />
    <UnitTestResult executionId="7dc424b8-9c48-457e-8368-34a8162a2b39" testId="ed4846d6-9dc9-4c26-1b09-b52b33997f10" testName="TheatreCenter.Tests.Repositories.MusicalRepositoryTests.AddAsync_ValidMusical_AddsToDatabase" computerName="bf0b694f947c" duration="00:00:00.0196015" startTime="2025-11-12T16:37:34.0055765+00:00" endTime="2025-11-12T16:37:34.0220292+00:00" testType="13cdc9d9-ddb5-4fa4-a97d-d965ccfc6d4b" outcome="Passed" testListId="8c84fa94-04c1-424b-9868-57a2d4851a1d" relativeResultsDirectory="7dc424b8-9c48-457e-8368-34a8162a2b39" />
    <UnitTestResult executionId="024b387d-d797-40eb-a387-87491a4c1858" testId="207bcccd-5192-2027-4ca3-f2062f67b35f" testName="TheatreCenter.Tests.Services.ShowServiceMockTests.CreateAsync_MusicalNotFound_ThrowsArgumentException" computerName="bf0b694f947c" duration="00:00:00.0122715" startTime="2025-11-12T16:37:31.3315402+00:00" endTime="2025-11-12T16:37:31.3437140+00:00" testType="13cdc9d9-ddb5-4fa4-a97d-d965ccfc6d4b" outcome="Passed" testListId="8c84fa94-04c1-424b-9868-57a2d4851a1d" relativeResultsDirectory="024b387d-d797-40eb-a387-87491a4c1858" />
    <UnitTestResult executionId="8e8b7d1f-296b-4eea-bcb5-dab414d33a38" testId="339e9b95-9a6f-3d03-55eb-28f01f4bc578" testName="TheatreCenter.Tests.Repositories.RoleRepositoryTests.GetByRoleTypeAsync_NoRolesWithType_ReturnsEmpty" computerName="bf0b694f947c" duration="00:00:00.0318916" startTime="2025-11-12T16:37:33.9231099+00:00" endTime="2025-11-12T16:37:33.9485204+00:00" testType="13cdc9d9-ddb5-4fa4-a97d-d965ccfc6d4b" outcome="Passed" testListId="8c84fa94-04c1-424b-9868-57a2d4851a1d" relativeResultsDirectory="8e8b7d1f-296b-4eea-bcb5-dab414d33a38" />
    <UnitTestResult executionId="4c5b476a-e233-4bc2-a132-b81fcbbd3fea" testId="7d5106e8-4cb5-cf67-ff04-ed30460172a7" testName="TheatreCenter.Tests.Services.ShowServiceMockTests.DeleteAsync_FutureShow_ReturnsTrue" computerName="bf0b694f947c" duration="00:00:00.0262599" startTime="2025-11-12T16:37:31.3445681+00:00" endTime="2025-11-12T16:37:31.3698712+00:00" testType="13cdc9d9-ddb5-4fa4-a97d-d965ccfc6d4b" outcome="Passed" testListId="8c84fa94-04c1-424b-9868-57a2d4851a1d" relativeResultsDirectory="4c5b476a-e233-4bc2-a132-b81fcbbd3fea" />
    <UnitTestResult executionId="153f0cc3-394f-4cfd-8730-206cbd51281f" testId="1fb84e21-04ce-18b3-36b2-821ac1df65c8" testName="TheatreCenter.UnitTests.Tests.E2ETests.TheatreServiceE2ETests.ScenarioE2E_MusicalAndRolesManagement" computerName="bf0b694f947c" duration="00:00:01.3122120" startTime="2025-11-12T16:37:32.8414805+00:00" endTime="2025-11-12T16:37:35.6351535+00:00" testType="13cdc9d9-ddb5-4fa4-a97d-d965ccfc6d4b" outcome="Passed" testListId="8c84fa94-04c1-424b-9868-57a2d4851a1d" relativeResultsDirectory="153f0cc3-394f-4cfd-8730-206cbd51281f">
      <Output>
        <StdOut>=== Starting Musical and Roles Management E2E Test ===
Step 1: Creating theatre and musical...
Created theatre: Test Theatre Roles, musical: Test Musical Gamma
Step 2: Creating multiple roles...
Created 3 roles: Test Role Alpha, Test Role Beta, Test Role Gamma
Step 3: Getting roles by type...
Roles filtered by type successfully
Step 4: Getting roles by musical...
Musical has 3 roles
Step 5: Updating role...
Updated role name to: Test Role Alpha Updated
Step 6: Deleting role...
Role deleted successfully
=== Musical and Roles Management E2E Test Completed Successfully ===</StdOut>
      </Output>
    </UnitTestResult>
    <UnitTestResult executionId="dae4b6d4-05b3-475a-ba16-4eb96a1a1d1c" testId="37f72e01-87f2-0841-5a78-109ca34c6b87" testName="TheatreCenter.Tests.Repositories.ShowRepositoryTests.AddAsync_ValidShow_AddsToDatabase" computerName="bf0b694f947c" duration="00:00:00.0097053" startTime="2025-11-12T16:37:33.8991862+00:00" endTime="2025-11-12T16:37:33.9069519+00:00" testType="13cdc9d9-ddb5-4fa4-a97d-d965ccfc6d4b" outcome="Passed" testListId="8c84fa94-04c1-424b-9868-57a2d4851a1d" relativeResultsDirectory="dae4b6d4-05b3-475a-ba16-4eb96a1a1d1c" />
    <UnitTestResult executionId="eeac0d91-6ae2-4990-81d7-d90628f22344" testId="f1b1383d-6e37-1b11-2097-913c6ddda414" testName="TheatreCenter.Tests.Services.ActorServiceMockTests.DeleteActorAsync_ValidActor_ReturnsTrue" computerName="bf0b694f947c" duration="00:00:00.0693738" startTime="2025-11-12T16:37:31.0231192+00:00" endTime="2025-11-12T16:37:31.0916271+00:00" testType="13cdc9d9-ddb5-4fa4-a97d-d965ccfc6d4b" outcome="Passed" testListId="8c84fa94-04c1-424b-9868-57a2d4851a1d" relativeResultsDirectory="eeac0d91-6ae2-4990-81d7-d90628f22344" />
    <UnitTestResult executionId="0d5d7c56-5f6d-4c7d-896c-f6acb3c99df5" testId="4c991c94-6cc1-df16-3802-de8e952cbf67" testName="TheatreCenter.Tests.Services.CastMemberServiceMockTests.GetByActorIdAsync_ValidId_ReturnsCastMembers" computerName="bf0b694f947c" duration="00:00:00.0168862" startTime="2025-11-12T16:37:31.4618707+00:00" endTime="2025-11-12T16:37:31.4779314+00:00" testType="13cdc9d9-ddb5-4fa4-a97d-d965ccfc6d4b" outcome="Passed" testListId="8c84fa94-04c1-424b-9868-57a2d4851a1d" relativeResultsDirectory="0d5d7c56-5f6d-4c7d-896c-f6acb3c99df5" />
    <UnitTestResult executionId="7cfcddd3-d328-431a-9323-271d455bf183" testId="8962620f-60dd-a1e9-1a5d-fe904edd8141" testName="TheatreCenter.Tests.Repositories.AccountRepositoryTests.GetAccountsWithUpgradeRequestAsync_AccountsExist_ReturnsAccounts" computerName="bf0b694f947c" duration="00:00:00.0112517" startTime="2025-11-12T16:37:34.5943453+00:00" endTime="2025-11-12T16:37:34.6035770+00:00" testType="13cdc9d9-ddb5-4fa4-a97d-d965ccfc6d4b" outcome="Passed" testListId="8c84fa94-04c1-424b-9868-57a2d4851a1d" relativeResultsDirectory="7cfcddd3-d328-431a-9323-271d455bf183" />
    <UnitTestResult executionId="7f39f23a-39ad-499e-80da-9cd2f75100f7" testId="7cb21dcc-1369-98b9-8886-29960671bbfe" testName="TheatreCenter.Tests.IntegrationTests.Repositories.CastMemberRepositoryIt.CastMember_FullCycle_WithRelationships" computerName="bf0b694f947c" duration="00:00:00.2798963" startTime="2025-11-12T16:37:37.4135512+00:00" endTime="2025-11-12T16:37:37.7018139+00:00" testType="13cdc9d9-ddb5-4fa4-a97d-d965ccfc6d4b" outcome="Passed" testListId="8c84fa94-04c1-424b-9868-57a2d4851a1d" relativeResultsDirectory="7f39f23a-39ad-499e-80da-9cd2f75100f7" />
    <UnitTestResult executionId="0587c3c2-0f03-4c42-9dcc-ff94a05aec7b" testId="257fe9b5-212e-fee6-d430-e009eeeabe89" testName="TheatreCenter.Tests.Services.ShowServiceMockTests.DeleteAsync_PastShow_ThrowsInvalidOperationException" computerName="bf0b694f947c" duration="00:00:00.1236019" startTime="2025-11-12T16:37:30.9448901+00:00" endTime="2025-11-12T16:37:30.9454718+00:00" testType="13cdc9d9-ddb5-4fa4-a97d-d965ccfc6d4b" outcome="Passed" testListId="8c84fa94-04c1-424b-9868-57a2d4851a1d" relativeResultsDirectory="0587c3c2-0f03-4c42-9dcc-ff94a05aec7b" />
    <UnitTestResult executionId="1c426c0b-713e-4270-9f1c-1de1250edf9d" testId="f52cc6be-b3a3-f2e6-ac40-23d2ed0f3434" testName="TheatreCenter.Tests.Services.AccountServiceMockTests.UpdateAsync_ValidAccount_UpdatesSuccessfully" computerName="bf0b694f947c" duration="00:00:00.0672194" startTime="2025-11-12T16:37:31.0928859+00:00" endTime="2025-11-12T16:37:31.1606276+00:00" testType="13cdc9d9-ddb5-4fa4-a97d-d965ccfc6d4b" outcome="Passed" testListId="8c84fa94-04c1-424b-9868-57a2d4851a1d" relativeResultsDirectory="1c426c0b-713e-4270-9f1c-1de1250edf9d" />
    <UnitTestResult executionId="12bd830c-604d-4183-8c55-0948efd0373e" testId="d8d89b69-7050-a249-6f01-1976c8460a01" testName="TheatreCenter.Tests.Repositories.ThemeRepositoryTests.GetAllAsync_NoThemes_ReturnsEmpty" computerName="bf0b694f947c" duration="00:00:00.0187857" startTime="2025-11-12T16:37:33.8823205+00:00" endTime="2025-11-12T16:37:33.9016192+00:00" testType="13cdc9d9-ddb5-4fa4-a97d-d965ccfc6d4b" outcome="Passed" testListId="8c84fa94-04c1-424b-9868-57a2d4851a1d" relativeResultsDirectory="12bd830c-604d-4183-8c55-0948efd0373e" />
    <UnitTestResult executionId="e45a2b32-0d35-482e-8229-ab23d0967451" testId="ff3648e1-b7d7-ff7d-bbd3-bf4e67543aa1" testName="TheatreCenter.Tests.Services.MusicalServiceMockTests.CreateMusicalAsync_TheatreNotFound_ThrowsArgumentException" computerName="bf0b694f947c" duration="00:00:00.0281005" startTime="2025-11-12T16:37:31.1570679+00:00" endTime="2025-11-12T16:37:31.1589001+00:00" testType="13cdc9d9-ddb5-4fa4-a97d-d965ccfc6d4b" outcome="Passed" testListId="8c84fa94-04c1-424b-9868-57a2d4851a1d" relativeResultsDirectory="e45a2b32-0d35-482e-8229-ab23d0967451" />
    <UnitTestResult executionId="7eca2f03-ea8d-4e1a-842c-4c311d6720ba" testId="252c3add-6d6c-3c95-1f3f-a643569a60da" testName="TheatreCenter.Tests.IntegrationTests.Repositories.RoleRepositoryIt.Role_FullCycle_WithRoleType" computerName="bf0b694f947c" duration="00:00:00.0710495" startTime="2025-11-12T16:37:37.2379696+00:00" endTime="2025-11-12T16:37:37.3181723+00:00" testType="13cdc9d9-ddb5-4fa4-a97d-d965ccfc6d4b" outcome="Passed" testListId="8c84fa94-04c1-424b-9868-57a2d4851a1d" relativeResultsDirectory="7eca2f03-ea8d-4e1a-842c-4c311d6720ba" />
    <UnitTestResult executionId="23a05906-68c3-4ff7-85e3-1c1c89f2d3a4" testId="6bed8b59-a40f-883e-7efa-2d441d4ff52b" testName="TheatreCenter.Tests.Services.RoleServiceMockTests.DeleteAsync_ValidRole_ReturnsTrue" computerName="bf0b694f947c" duration="00:00:00.0404274" startTime="2025-11-12T16:37:31.2981292+00:00" endTime="2025-11-12T16:37:31.3379303+00:00" testType="13cdc9d9-ddb5-4fa4-a97d-d965ccfc6d4b" outcome="Passed" testListId="8c84fa94-04c1-424b-9868-57a2d4851a1d" relativeResultsDirectory="23a05906-68c3-4ff7-85e3-1c1c89f2d3a4" />
    <UnitTestResult executionId="11a87a57-498b-4fc1-9e9e-f0a06d893a4b" testId="e5b82b09-2bc8-85c8-d5ab-0a53f1e7b284" testName="TheatreCenter.Tests.Repositories.MusicalRepositoryTests.GetByIdAsync_MusicalNotExists_ReturnsNull" computerName="bf0b694f947c" duration="00:00:00.1092226" startTime="2025-11-12T16:37:33.6380435+00:00" endTime="2025-11-12T16:37:33.7449089+00:00" testType="13cdc9d9-ddb5-4fa4-a97d-d965ccfc6d4b" outcome="Passed" testListId="8c84fa94-04c1-424b-9868-57a2d4851a1d" relativeResultsDirectory="11a87a57-498b-4fc1-9e9e-f0a06d893a4b" />
    <UnitTestResult executionId="471d8718-1bb5-48f6-92ac-58c8cf18d802" testId="4fee6ddd-eccd-e4c5-66dd-92a1dfa6facd" testName="TheatreCenter.Tests.Services.ActorServiceMockTests.GetActorsByVoiceTypeAsync_ValidVoiceType_ReturnsActors" computerName="bf0b694f947c" duration="00:00:00.0511878" startTime="2025-11-12T16:37:31.4911918+00:00" endTime="2025-11-12T16:37:31.5393505+00:00" testType="13cdc9d9-ddb5-4fa4-a97d-d965ccfc6d4b" outcome="Passed" testListId="8c84fa94-04c1-424b-9868-57a2d4851a1d" relativeResultsDirectory="471d8718-1bb5-48f6-92ac-58c8cf18d802" />
    <UnitTestResult executionId="ae0a6ed7-1e45-45cf-b223-df38cea4a2c0" testId="06abd993-f418-8dea-4e1a-b8bffb3f2dc6" testName="TheatreCenter.Tests.Repositories.AccountRepositoryTests.GetByIdAsync_AccountExists_ReturnsAccount" computerName="bf0b694f947c" duration="00:00:00.0108324" startTime="2025-11-12T16:37:34.5725745+00:00" endTime="2025-11-12T16:37:34.5831957+00:00" testType="13cdc9d9-ddb5-4fa4-a97d-d965ccfc6d4b" outcome="Passed" testListId="8c84fa94-04c1-424b-9868-57a2d4851a1d" relativeResultsDirectory="ae0a6ed7-1e45-45cf-b223-df38cea4a2c0" />
    <UnitTestResult executionId="76e1ce50-b6f9-43ff-8a32-b630b57034cc" testId="99bb59da-346d-74b7-97c8-ea7d16bcb9a6" testName="TheatreCenter.Tests.Services.RoleServiceMockTests.GetByMusicalIdAsync_InvalidId_ThrowsArgumentException" computerName="bf0b694f947c" duration="00:00:00.0103675" startTime="2025-11-12T16:37:31.3393901+00:00" endTime="2025-11-12T16:37:31.3491257+00:00" testType="13cdc9d9-ddb5-4fa4-a97d-d965ccfc6d4b" outcome="Passed" testListId="8c84fa94-04c1-424b-9868-57a2d4851a1d" relativeResultsDirectory="76e1ce50-b6f9-43ff-8a32-b630b57034cc" />
    <UnitTestResult executionId="d1975099-8091-4687-9400-211fe201af9e" testId="54eef5c9-0630-c0c6-2486-f946389abd9a" testName="TheatreCenter.Tests.Services.RoleServiceMockTests.DeleteAsync_RoleWithActors_ThrowsInvalidOperationException" computerName="bf0b694f947c" duration="00:00:00.0320396" startTime="2025-11-12T16:37:31.2681597+00:00" endTime="2025-11-12T16:37:31.2972728+00:00" testType="13cdc9d9-ddb5-4fa4-a97d-d965ccfc6d4b" outcome="Passed" testListId="8c84fa94-04c1-424b-9868-57a2d4851a1d" relativeResultsDirectory="d1975099-8091-4687-9400-211fe201af9e" />
    <UnitTestResult executionId="278fb8a8-091f-428a-b4d5-533ebc627f8e" testId="2153b0a8-de38-41d5-1751-88345f65dc84" testName="TheatreCenter.Tests.Services.TheatreServiceMockTests.GetAllTheatresAsync_NoTheatres_ReturnsEmptyList" computerName="bf0b694f947c" duration="00:00:00.0594766" startTime="2025-11-12T16:37:31.2970613+00:00" endTime="2025-11-12T16:37:31.3530151+00:00" testType="13cdc9d9-ddb5-4fa4-a97d-d965ccfc6d4b" outcome="Passed" testListId="8c84fa94-04c1-424b-9868-57a2d4851a1d" relativeResultsDirectory="278fb8a8-091f-428a-b4d5-533ebc627f8e" />
    <UnitTestResult executionId="4c3578d6-e83d-4a31-a7b6-104b9b323b75" testId="bfd93530-6cfa-8e64-b9d3-40c161dd1c39" testName="TheatreCenter.Tests.Services.ShowServiceMockTests.GetByIdAsync_ShowExists_ReturnsShow" computerName="bf0b694f947c" duration="00:00:00.1722195" startTime="2025-11-12T16:37:30.9481497+00:00" endTime="2025-11-12T16:37:31.1076185+00:00" testType="13cdc9d9-ddb5-4fa4-a97d-d965ccfc6d4b" outcome="Passed" testListId="8c84fa94-04c1-424b-9868-57a2d4851a1d" relativeResultsDirectory="4c3578d6-e83d-4a31-a7b6-104b9b323b75" />
    <UnitTestResult executionId="58792f11-261d-4364-9310-6999af686f36" testId="b1cfb503-c7ac-de4b-1178-d14e38f7afb8" testName="TheatreCenter.Tests.Repositories.ShowRepositoryTests.UpdateAsync_ValidShow_UpdatesSuccessfully" computerName="bf0b694f947c" duration="00:00:00.0363600" startTime="2025-11-12T16:37:34.0042668+00:00" endTime="2025-11-12T16:37:34.0342463+00:00" testType="13cdc9d9-ddb5-4fa4-a97d-d965ccfc6d4b" outcome="Passed" testListId="8c84fa94-04c1-424b-9868-57a2d4851a1d" relativeResultsDirectory="58792f11-261d-4364-9310-6999af686f36" />
    <UnitTestResult executionId="d8935ebb-6282-4b28-9cdf-37ab061d1262" testId="f1b2ac44-ad81-3cf6-85cd-dc94fae680a4" testName="TheatreCenter.Tests.Repositories.TheatreRepositoryTests.GetByIdAsync_TheatreExists_ReturnsTheatre" computerName="bf0b694f947c" duration="00:00:00.0225282" startTime="2025-11-12T16:37:33.8832159+00:00" endTime="2025-11-12T16:37:33.9088289+00:00" testType="13cdc9d9-ddb5-4fa4-a97d-d965ccfc6d4b" outcome="Passed" testListId="8c84fa94-04c1-424b-9868-57a2d4851a1d" relativeResultsDirectory="d8935ebb-6282-4b28-9cdf-37ab061d1262" />
    <UnitTestResult executionId="50525b75-0614-467f-8a52-07d863f4f914" testId="ab36c658-d099-535d-d48e-357d1b6b03c4" testName="TheatreCenter.Tests.Repositories.AccountRepositoryTests.GetAllAsync_NoAccounts_ReturnsEmpty" computerName="bf0b694f947c" duration="00:00:00.0155050" startTime="2025-11-12T16:37:34.4887937+00:00" endTime="2025-11-12T16:37:34.5038844+00:00" testType="13cdc9d9-ddb5-4fa4-a97d-d965ccfc6d4b" outcome="Passed" testListId="8c84fa94-04c1-424b-9868-57a2d4851a1d" relativeResultsDirectory="50525b75-0614-467f-8a52-07d863f4f914" />
    <UnitTestResult executionId="b491017a-2fd9-4d6f-b759-fe64f25f6092" testId="fe3d6643-cf08-339c-eb18-a0bc9e5129f5" testName="TheatreCenter.Tests.Repositories.ThemeRepositoryTests.GetByIdAsync_ThemeNotExists_ReturnsNull" computerName="bf0b694f947c" duration="00:00:00.1015292" startTime="2025-11-12T16:37:33.7836478+00:00" endTime="2025-11-12T16:37:33.8816329+00:00" testType="13cdc9d9-ddb5-4fa4-a97d-d965ccfc6d4b" outcome="Passed" testListId="8c84fa94-04c1-424b-9868-57a2d4851a1d" relativeResultsDirectory="b491017a-2fd9-4d6f-b759-fe64f25f6092" />
    <UnitTestResult executionId="b1ed3d23-3a86-4ad3-86bb-3818c92ea9c5" testId="d995ebad-1463-0988-7b5d-464e8a788d39" testName="TheatreCenter.Tests.Services.ActorServiceMockTests.CreateActorAsync_InvalidHeight_ThrowsArgumentException" computerName="bf0b694f947c" duration="00:00:00.5911111" startTime="2025-11-12T16:37:30.5505550+00:00" endTime="2025-11-12T16:37:31.0217015+00:00" testType="13cdc9d9-ddb5-4fa4-a97d-d965ccfc6d4b" outcome="Passed" testListId="8c84fa94-04c1-424b-9868-57a2d4851a1d" relativeResultsDirectory="b1ed3d23-3a86-4ad3-86bb-3818c92ea9c5" />
    <UnitTestResult executionId="50a060ef-b6aa-4111-9c62-748202118f29" testId="b932e756-d6a8-25fc-fe3f-d8f47cbb9599" testName="TheatreCenter.Tests.Repositories.MusicalRepositoryTests.GetAllAsync_NoMusicals_ReturnsEmpty" computerName="bf0b694f947c" duration="00:00:00.0054719" startTime="2025-11-12T16:37:34.0003504+00:00" endTime="2025-11-12T16:37:34.0048717+00:00" testType="13cdc9d9-ddb5-4fa4-a97d-d965ccfc6d4b" outcome="Passed" testListId="8c84fa94-04c1-424b-9868-57a2d4851a1d" relativeResultsDirectory="50a060ef-b6aa-4111-9c62-748202118f29" />
    <UnitTestResult executionId="4610a486-3e86-4d86-817e-811a7fcdc0a0" testId="eb500613-4642-12af-b199-52fb4e466e7f" testName="TheatreCenter.Tests.Repositories.ShowRepositoryTests.GetByMusicalIdAsync_ValidMusicalId_ReturnsShows" computerName="bf0b694f947c" duration="00:00:00.0439030" startTime="2025-11-12T16:37:33.9084100+00:00" endTime="2025-11-12T16:37:33.9674798+00:00" testType="13cdc9d9-ddb5-4fa4-a97d-d965ccfc6d4b" outcome="Passed" testListId="8c84fa94-04c1-424b-9868-57a2d4851a1d" relativeResultsDirectory="4610a486-3e86-4d86-817e-811a7fcdc0a0" />
    <UnitTestResult executionId="42139592-b671-4239-bd18-1832ef5caca0" testId="19e97e1b-7694-26e4-d6ba-0c487b86c169" testName="TheatreCenter.Tests.Services.TheatreServiceMockTests.GetTheatreByIdAsync_TheatreExists_ReturnsTheatre" computerName="bf0b694f947c" duration="00:00:00.0610285" startTime="2025-11-12T16:37:31.1569698+00:00" endTime="2025-11-12T16:37:31.1731246+00:00" testType="13cdc9d9-ddb5-4fa4-a97d-d965ccfc6d4b" outcome="Passed" testListId="8c84fa94-04c1-424b-9868-57a2d4851a1d" relativeResultsDirectory="42139592-b671-4239-bd18-1832ef5caca0" />
    <UnitTestResult executionId="9905bed0-c0f1-47a1-a434-5d2e4944e8d3" testId="31203775-f63a-6b4d-f6c3-edc8ec852d7f" testName="TheatreCenter.Tests.Repositories.ShowRepositoryTests.GetByIdAsync_ShowExists_ReturnsShow" computerName="bf0b694f947c" duration="00:00:00.0088451" startTime="2025-11-12T16:37:33.9686801+00:00" endTime="2025-11-12T16:37:33.9770929+00:00" testType="13cdc9d9-ddb5-4fa4-a97d-d965ccfc6d4b" outcome="Passed" testListId="8c84fa94-04c1-424b-9868-57a2d4851a1d" relativeResultsDirectory="9905bed0-c0f1-47a1-a434-5d2e4944e8d3" />
    <UnitTestResult executionId="5871c6fa-dd49-431e-b835-cf64d1ecd120" testId="5594ae73-18d7-6a31-1eef-e5cefd03c317" testName="TheatreCenter.Tests.Repositories.ThemeRepositoryTests.AddAsync_ValidTheme_AddsToDatabase" computerName="bf0b694f947c" duration="00:00:00.0855737" startTime="2025-11-12T16:37:33.5478180+00:00" endTime="2025-11-12T16:37:33.6321547+00:00" testType="13cdc9d9-ddb5-4fa4-a97d-d965ccfc6d4b" outcome="Passed" testListId="8c84fa94-04c1-424b-9868-57a2d4851a1d" relativeResultsDirectory="5871c6fa-dd49-431e-b835-cf64d1ecd120" />
    <UnitTestResult executionId="83aaf927-33d2-4b1d-89ad-5bef2efb78bb" testId="15cddb2d-7b0b-4675-a329-f2affee8cce9" testName="TheatreCenter.Tests.Repositories.CastMemberRepositoryTests.GetByIdAsync_CastMemberExists_ReturnsCastMember" computerName="bf0b694f947c" duration="00:00:00.0097515" startTime="2025-11-12T16:37:34.1071479+00:00" endTime="2025-11-12T16:37:34.1157583+00:00" testType="13cdc9d9-ddb5-4fa4-a97d-d965ccfc6d4b" outcome="Passed" testListId="8c84fa94-04c1-424b-9868-57a2d4851a1d" relativeResultsDirectory="83aaf927-33d2-4b1d-89ad-5bef2efb78bb" />
    <UnitTestResult executionId="e0521afa-7c66-477d-b8c0-93a1ed2ca3a1" testId="741bd98c-3d1e-becd-486b-e2cb0b74d552" testName="TheatreCenter.Tests.Services.ActorServiceMockTests.CreateActorAsync_FutureBirthDate_ThrowsArgumentException" computerName="bf0b694f947c" duration="00:00:00.0356932" startTime="2025-11-12T16:37:31.3349457+00:00" endTime="2025-11-12T16:37:31.3700359+00:00" testType="13cdc9d9-ddb5-4fa4-a97d-d965ccfc6d4b" outcome="Passed" testListId="8c84fa94-04c1-424b-9868-57a2d4851a1d" relativeResultsDirectory="e0521afa-7c66-477d-b8c0-93a1ed2ca3a1" />
    <UnitTestResult executionId="e4681bff-a7df-4aea-a9a4-fd5b25bff280" testId="7d26e4ce-e826-711b-a0b6-b2e469ba376f" testName="TheatreCenter.Tests.Repositories.RoleRepositoryTests.GetByIdAsync_RoleNotExists_ReturnsNull" computerName="bf0b694f947c" duration="00:00:00.0039587" startTime="2025-11-12T16:37:33.9766136+00:00" endTime="2025-11-12T16:37:33.9792020+00:00" testType="13cdc9d9-ddb5-4fa4-a97d-d965ccfc6d4b" outcome="Passed" testListId="8c84fa94-04c1-424b-9868-57a2d4851a1d" relativeResultsDirectory="e4681bff-a7df-4aea-a9a4-fd5b25bff280" />
    <UnitTestResult executionId="01d2fd8e-74f4-4b37-9805-5d2cbcf023d2" testId="7c0e6e0c-5ac5-7f0d-ba2f-19dced97aeba" testName="TheatreCenter.Tests.IntegrationTests.Repositories.ShowRepositoryIt.Show_FullCycle_WithUpcomingShows" computerName="bf0b694f947c" duration="00:00:00.0825840" startTime="2025-11-12T16:37:37.1441607+00:00" endTime="2025-11-12T16:37:37.2371576+00:00" testType="13cdc9d9-ddb5-4fa4-a97d-d965ccfc6d4b" outcome="Passed" testListId="8c84fa94-04c1-424b-9868-57a2d4851a1d" relativeResultsDirectory="01d2fd8e-74f4-4b37-9805-5d2cbcf023d2" />
    <UnitTestResult executionId="48e3ed73-c045-475d-b404-a9ea8b594dd6" testId="2723228c-42b2-29c9-f096-15f5194bdaf0" testName="TheatreCenter.Tests.Services.TheatreServiceMockTests.DeleteTheatreAsync_ValidId_ReturnsTrue" computerName="bf0b694f947c" duration="00:00:00.0203465" startTime="2025-11-12T16:37:31.3596038+00:00" endTime="2025-11-12T16:37:31.3789529+00:00" testType="13cdc9d9-ddb5-4fa4-a97d-d965ccfc6d4b" outcome="Passed" testListId="8c84fa94-04c1-424b-9868-57a2d4851a1d" relativeResultsDirectory="48e3ed73-c045-475d-b404-a9ea8b594dd6" />
    <UnitTestResult executionId="fb1a76e3-d42c-419e-b6ff-c7f3f49c90c0" testId="d596f806-f9e4-ffbe-00a7-b2440d249e06" testName="TheatreCenter.Tests.Repositories.CastMemberRepositoryTests.GetAllAsync_CastMembersExist_ReturnsCastMembers" computerName="bf0b694f947c" duration="00:00:00.0496547" startTime="2025-11-12T16:37:34.0260817+00:00" endTime="2025-11-12T16:37:34.0724370+00:00" testType="13cdc9d9-ddb5-4fa4-a97d-d965ccfc6d4b" outcome="Passed" testListId="8c84fa94-04c1-424b-9868-57a2d4851a1d" relativeResultsDirectory="fb1a76e3-d42c-419e-b6ff-c7f3f49c90c0" />
    <UnitTestResult executionId="d9a44ab0-b4e9-442a-baa6-74a0787f72cb" testId="497554aa-612d-5398-6ac1-cb26e4bbadd4" testName="TheatreCenter.Tests.Repositories.CastMemberRepositoryTests.AddAsync_ValidCastMember_AddsToDatabase" computerName="bf0b694f947c" duration="00:00:00.0110289" startTime="2025-11-12T16:37:34.0124019+00:00" endTime="2025-11-12T16:37:34.0244358+00:00" testType="13cdc9d9-ddb5-4fa4-a97d-d965ccfc6d4b" outcome="Passed" testListId="8c84fa94-04c1-424b-9868-57a2d4851a1d" relativeResultsDirectory="d9a44ab0-b4e9-442a-baa6-74a0787f72cb" />
    <UnitTestResult executionId="eb819c1f-cbcf-4fd3-b4d8-881b2ab97fbf" testId="29d440f4-948e-3d0e-18b8-3c100770154f" testName="TheatreCenter.Tests.Services.CastMemberServiceMockTests.GetByShowIdAsync_InvalidId_ThrowsArgumentException" computerName="bf0b694f947c" duration="00:00:00.0054291" startTime="2025-11-12T16:37:31.4785322+00:00" endTime="2025-11-12T16:37:31.4838870+00:00" testType="13cdc9d9-ddb5-4fa4-a97d-d965ccfc6d4b" outcome="Passed" testListId="8c84fa94-04c1-424b-9868-57a2d4851a1d" relativeResultsDirectory="eb819c1f-cbcf-4fd3-b4d8-881b2ab97fbf" />
    <UnitTestResult executionId="2fe01247-d20a-4314-9ff5-b60a29d9eba4" testId="c71190c3-ff05-7136-2577-49728e0c07ae" testName="TheatreCenter.Tests.Repositories.CastMemberRepositoryTests.RemoveAsync_CastMemberExists_RemovesCastMember" computerName="bf0b694f947c" duration="00:00:00.0583169" startTime="2025-11-12T16:37:33.8653596+00:00" endTime="2025-11-12T16:37:33.9252378+00:00" testType="13cdc9d9-ddb5-4fa4-a97d-d965ccfc6d4b" outcome="Passed" testListId="8c84fa94-04c1-424b-9868-57a2d4851a1d" relativeResultsDirectory="2fe01247-d20a-4314-9ff5-b60a29d9eba4" />
    <UnitTestResult executionId="25e772d5-82a0-4e8b-b018-bfb33f293c3e" testId="5871b081-e878-206e-4f2a-bff54bc1777d" testName="TheatreCenter.Tests.Services.MusicalServiceMockTests.CreateMusicalAsync_ValidMusical_ReturnsCreatedMusical" computerName="bf0b694f947c" duration="00:00:00.1726964" startTime="2025-11-12T16:37:31.0047315+00:00" endTime="2025-11-12T16:37:31.1558249+00:00" testType="13cdc9d9-ddb5-4fa4-a97d-d965ccfc6d4b" outcome="Passed" testListId="8c84fa94-04c1-424b-9868-57a2d4851a1d" relativeResultsDirectory="25e772d5-82a0-4e8b-b018-bfb33f293c3e" />
    <UnitTestResult executionId="b7dfe433-a6a4-4c3f-b95a-730a3bcf5c75" testId="b51a149f-a9a0-6fdf-a3f1-3c07f90aa226" testName="TheatreCenter.Tests.Repositories.CastMemberRepositoryTests.GetByIdAsync_CastMemberNotExists_ReturnsNull" computerName="bf0b694f947c" duration="00:00:00.0031517" startTime="2025-11-12T16:37:34.0250427+00:00" endTime="2025-11-12T16:37:34.0252776+00:00" testType="13cdc9d9-ddb5-4fa4-a97d-d965ccfc6d4b" outcome="Passed" testListId="8c84fa94-04c1-424b-9868-57a2d4851a1d" relativeResultsDirectory="b7dfe433-a6a4-4c3f-b95a-730a3bcf5c75" />
    <UnitTestResult executionId="6345022b-79b7-4814-8b4f-693df1528f8a" testId="22c631fd-5f89-b2ab-7732-ba58e3b80ef3" testName="TheatreCenter.Tests.Repositories.ActorRepositoryTests.AddAsync_ValidActor_AddsToDatabase" computerName="bf0b694f947c" duration="00:00:00.0111068" startTime="2025-11-12T16:37:33.9219845+00:00" endTime="2025-11-12T16:37:33.9243545+00:00" testType="13cdc9d9-ddb5-4fa4-a97d-d965ccfc6d4b" outcome="Passed" testListId="8c84fa94-04c1-424b-9868-57a2d4851a1d" relativeResultsDirectory="6345022b-79b7-4814-8b4f-693df1528f8a" />
    <UnitTestResult executionId="d3b10ff1-2135-4a42-9031-15a919047cf0" testId="4dfd5655-d529-57b3-c01f-8523dc94c45f" testName="TheatreCenter.Tests.Repositories.AccountRepositoryTests.GetFavoritesAsync_AccountExists_ReturnsFavorites" computerName="bf0b694f947c" duration="00:00:00.0508020" startTime="2025-11-12T16:37:34.3468632+00:00" endTime="2025-11-12T16:37:34.3972603+00:00" testType="13cdc9d9-ddb5-4fa4-a97d-d965ccfc6d4b" outcome="Passed" testListId="8c84fa94-04c1-424b-9868-57a2d4851a1d" relativeResultsDirectory="d3b10ff1-2135-4a42-9031-15a919047cf0" />
    <UnitTestResult executionId="d400bbea-2c40-4823-a51e-1ba1339be83a" testId="38f5d702-6155-2576-7a18-740ca568ad74" testName="TheatreCenter.Tests.Repositories.CastMemberRepositoryTests.GetAllAsync_NoCastMembers_ReturnsEmpty" computerName="bf0b694f947c" duration="00:00:00.0036068" startTime="2025-11-12T16:37:34.0898693+00:00" endTime="2025-11-12T16:37:34.0924947+00:00" testType="13cdc9d9-ddb5-4fa4-a97d-d965ccfc6d4b" outcome="Passed" testListId="8c84fa94-04c1-424b-9868-57a2d4851a1d" relativeResultsDirectory="d400bbea-2c40-4823-a51e-1ba1339be83a" />
    <UnitTestResult executionId="c8f6b90d-c9c8-410c-b45e-afdf83aeb7ff" testId="d1afd484-a074-a70f-c988-e34b61c51af2" testName="TheatreCenter.Tests.Repositories.ShowRepositoryTests.RemoveAsync_ShowExists_RemovesShow" computerName="bf0b694f947c" duration="00:00:00.1345395" startTime="2025-11-12T16:37:33.7616240+00:00" endTime="2025-11-12T16:37:33.8947766+00:00" testType="13cdc9d9-ddb5-4fa4-a97d-d965ccfc6d4b" outcome="Passed" testListId="8c84fa94-04c1-424b-9868-57a2d4851a1d" relativeResultsDirectory="c8f6b90d-c9c8-410c-b45e-afdf83aeb7ff" />
    <UnitTestResult executionId="8df5ba00-e483-4ad7-a895-2c88a1bd59ec" testId="59da4877-9243-7481-6d49-a8167204c60e" testName="TheatreCenter.Tests.Services.RoleServiceMockTests.CreateAsync_MusicalNotFound_ThrowsArgumentException" computerName="bf0b694f947c" duration="00:00:00.0131610" startTime="2025-11-12T16:37:31.2590632+00:00" endTime="2025-11-12T16:37:31.2675383+00:00" testType="13cdc9d9-ddb5-4fa4-a97d-d965ccfc6d4b" outcome="Passed" testListId="8c84fa94-04c1-424b-9868-57a2d4851a1d" relativeResultsDirectory="8df5ba00-e483-4ad7-a895-2c88a1bd59ec" />
    <UnitTestResult executionId="5a09d201-0e82-4dd9-be76-e372ddba35e1" testId="36325ef4-daab-b66d-1339-80f5de4b165f" testName="TheatreCenter.Tests.Repositories.RoleRepositoryTests.GetByRoleTypeAsync_ValidRoleType_ReturnsRoles" computerName="bf0b694f947c" duration="00:00:00.0348243" startTime="2025-11-12T16:37:34.0018096+00:00" endTime="2025-11-12T16:37:34.0307007+00:00" testType="13cdc9d9-ddb5-4fa4-a97d-d965ccfc6d4b" outcome="Passed" testListId="8c84fa94-04c1-424b-9868-57a2d4851a1d" relativeResultsDirectory="5a09d201-0e82-4dd9-be76-e372ddba35e1" />
    <UnitTestResult executionId="976e9bce-0753-47b0-b630-e4a33a51d7da" testId="183967ff-0601-b179-91bf-f2128edf8ea7" testName="TheatreCenter.Tests.Repositories.RoleRepositoryTests.GetByMusicalIdAsync_NoRolesForMusical_ReturnsEmpty" computerName="bf0b694f947c" duration="00:00:03.2978355" startTime="2025-11-12T16:37:30.5515383+00:00" endTime="2025-11-12T16:37:33.7442462+00:00" testType="13cdc9d9-ddb5-4fa4-a97d-d965ccfc6d4b" outcome="Passed" testListId="8c84fa94-04c1-424b-9868-57a2d4851a1d" relativeResultsDirectory="976e9bce-0753-47b0-b630-e4a33a51d7da" />
    <UnitTestResult executionId="6b53583c-47f6-452c-b5b9-a819b1d6937b" testId="c7b1e48d-4f56-3270-d3d6-2ebf0ef93173" testName="TheatreCenter.Tests.Services.MusicalServiceMockTests.GetMusicalByIdAsync_MusicalExists_ReturnsMusical" computerName="bf0b694f947c" duration="00:00:00.0387402" startTime="2025-11-12T16:37:31.2436491+00:00" endTime="2025-11-12T16:37:31.2834072+00:00" testType="13cdc9d9-ddb5-4fa4-a97d-d965ccfc6d4b" outcome="Passed" testListId="8c84fa94-04c1-424b-9868-57a2d4851a1d" relativeResultsDirectory="6b53583c-47f6-452c-b5b9-a819b1d6937b" />
    <UnitTestResult executionId="9b1647ab-915e-44b8-87ea-52b9f5812392" testId="f4f300e4-6604-d64e-5cc5-515386c5492b" testName="TheatreCenter.Tests.Services.TheatreServiceMockTests.DeleteTheatreAsync_TheatreNotExists_ReturnsFalse" computerName="bf0b694f947c" duration="00:00:00.0101396" startTime="2025-11-12T16:37:31.5007506+00:00" endTime="2025-11-12T16:37:31.5084056+00:00" testType="13cdc9d9-ddb5-4fa4-a97d-d965ccfc6d4b" outcome="Passed" testListId="8c84fa94-04c1-424b-9868-57a2d4851a1d" relativeResultsDirectory="9b1647ab-915e-44b8-87ea-52b9f5812392" />
    <UnitTestResult executionId="f24f720a-e38e-48ba-88fc-2f94bc38a0c5" testId="84e598f1-07d8-a820-27c6-b01eb283f140" testName="TheatreCenter.Tests.Repositories.ActorRepositoryTests.GetByIdAsync_ActorNotExists_ReturnsNull" computerName="bf0b694f947c" duration="00:00:00.0300906" startTime="2025-11-12T16:37:33.9809398+00:00" endTime="2025-11-12T16:37:34.0080958+00:00" testType="13cdc9d9-ddb5-4fa4-a97d-d965ccfc6d4b" outcome="Passed" testListId="8c84fa94-04c1-424b-9868-57a2d4851a1d" relativeResultsDirectory="f24f720a-e38e-48ba-88fc-2f94bc38a0c5" />
    <UnitTestResult executionId="8aca845c-ac1b-413c-a0b3-139dd32d4a0c" testId="130dade6-16f8-2655-676a-1a94e4cbcacd" testName="TheatreCenter.Tests.Services.TheatreServiceMockTests.UpdateTheatreAsync_RepositoryThrowsException_ThrowsException" computerName="bf0b694f947c" duration="00:00:00.0238376" startTime="2025-11-12T16:37:31.4575044+00:00" endTime="2025-11-12T16:37:31.4722365+00:00" testType="13cdc9d9-ddb5-4fa4-a97d-d965ccfc6d4b" outcome="Passed" testListId="8c84fa94-04c1-424b-9868-57a2d4851a1d" relativeResultsDirectory="8aca845c-ac1b-413c-a0b3-139dd32d4a0c" />
    <UnitTestResult executionId="9555c617-506c-4332-a89c-de9651adcfa2" testId="98ffa484-479c-02ec-225f-b4fb028b936e" testName="TheatreCenter.Tests.Services.TheatreServiceMockTests.GetAllTheatresAsync_TheatresExist_ReturnsTheatres" computerName="bf0b694f947c" duration="00:00:00.0059342" startTime="2025-11-12T16:37:31.5090985+00:00" endTime="2025-11-12T16:37:31.5148897+00:00" testType="13cdc9d9-ddb5-4fa4-a97d-d965ccfc6d4b" outcome="Passed" testListId="8c84fa94-04c1-424b-9868-57a2d4851a1d" relativeResultsDirectory="9555c617-506c-4332-a89c-de9651adcfa2" />
    <UnitTestResult executionId="3d586723-10c8-4f28-ac25-3f0ca9f6ebb6" testId="91e77d45-bf47-58d1-791b-2aaf95efa374" testName="TheatreCenter.Tests.Repositories.MusicalRepositoryTests.RemoveAsync_MusicalExists_RemovesMusical" computerName="bf0b694f947c" duration="00:00:00.0186511" startTime="2025-11-12T16:37:34.0529589+00:00" endTime="2025-11-12T16:37:34.0695737+00:00" testType="13cdc9d9-ddb5-4fa4-a97d-d965ccfc6d4b" outcome="Passed" testListId="8c84fa94-04c1-424b-9868-57a2d4851a1d" relativeResultsDirectory="3d586723-10c8-4f28-ac25-3f0ca9f6ebb6" />
    <UnitTestResult executionId="2c876587-b282-47c6-9400-a89ce07ad800" testId="6cd2bad4-b9b9-93d6-8720-c0c8f2226cb0" testName="TheatreCenter.Tests.Services.ShowServiceMockTests.GetByIdAsync_InvalidId_ThrowsArgumentException" computerName="bf0b694f947c" duration="00:00:00.3586969" startTime="2025-11-12T16:37:30.5451249+00:00" endTime="2025-11-12T16:37:30.8019995+00:00" testType="13cdc9d9-ddb5-4fa4-a97d-d965ccfc6d4b" outcome="Passed" testListId="8c84fa94-04c1-424b-9868-57a2d4851a1d" relativeResultsDirectory="2c876587-b282-47c6-9400-a89ce07ad800" />
    <UnitTestResult executionId="d229971a-f93f-4888-8c63-8675f0bffd75" testId="9c9524a8-854f-4364-a0a3-e10ba8d1c19d" testName="TheatreCenter.Tests.Repositories.MusicalRepositoryTests.GetByIdAsync_MusicalExists_ReturnsMusical" computerName="bf0b694f947c" duration="00:00:00.0283299" startTime="2025-11-12T16:37:33.6069043+00:00" endTime="2025-11-12T16:37:33.6348578+00:00" testType="13cdc9d9-ddb5-4fa4-a97d-d965ccfc6d4b" outcome="Passed" testListId="8c84fa94-04c1-424b-9868-57a2d4851a1d" relativeResultsDirectory="d229971a-f93f-4888-8c63-8675f0bffd75" />
    <UnitTestResult executionId="c6d28c18-f1c4-4b89-8329-ba02229ea3a3" testId="02cf2ee9-cc7c-4e26-c4f4-dfa7cac88451" testName="TheatreCenter.Tests.Repositories.CastMemberRepositoryTests.GetByShowAndRoleAsync_ValidData_ReturnsCastMember" computerName="bf0b694f947c" duration="00:00:00.1214279" startTime="2025-11-12T16:37:33.7411851+00:00" endTime="2025-11-12T16:37:33.8631265+00:00" testType="13cdc9d9-ddb5-4fa4-a97d-d965ccfc6d4b" outcome="Passed" testListId="8c84fa94-04c1-424b-9868-57a2d4851a1d" relativeResultsDirectory="c6d28c18-f1c4-4b89-8329-ba02229ea3a3" />
    <UnitTestResult executionId="f3aa07b5-c0e7-41bb-93de-9cf789f2cadc" testId="1930936c-3d1d-e5b6-35e6-305c91e29d37" testName="TheatreCenter.UnitTests.Tests.IntegrationTests.Services.TheatreServiceIt.Theatre_FullCycle_WithFixtures" computerName="bf0b694f947c" duration="00:00:00.1150080" startTime="2025-11-12T16:37:36.1307933+00:00" endTime="2025-11-12T16:37:36.2918846+00:00" testType="13cdc9d9-ddb5-4fa4-a97d-d965ccfc6d4b" outcome="Passed" testListId="8c84fa94-04c1-424b-9868-57a2d4851a1d" relativeResultsDirectory="f3aa07b5-c0e7-41bb-93de-9cf789f2cadc" />
    <UnitTestResult executionId="259cf777-5fa2-4ee5-9765-c0f24cf06098" testId="47b9cc41-1586-ea85-1b67-97f3dc12c859" testName="TheatreCenter.Tests.IntegrationTests.Services.AccountServiceIt.Account_FullCycle_WithFixtures" computerName="bf0b694f947c" duration="00:00:00.0844744" startTime="2025-11-12T16:37:38.6091919+00:00" endTime="2025-11-12T16:37:38.7106677+00:00" testType="13cdc9d9-ddb5-4fa4-a97d-d965ccfc6d4b" outcome="Passed" testListId="8c84fa94-04c1-424b-9868-57a2d4851a1d" relativeResultsDirectory="259cf777-5fa2-4ee5-9765-c0f24cf06098" />
    <UnitTestResult executionId="6e45b542-9bb2-4315-aa34-1f3a35753483" testId="87645369-6d38-aa66-0d49-dee7716ad007" testName="TheatreCenter.Tests.Services.ShowServiceMockTests.UpdateAsync_ValidShow_ReturnsUpdatedShow" computerName="bf0b694f947c" duration="00:00:00.0548068" startTime="2025-11-12T16:37:31.4422898+00:00" endTime="2025-11-12T16:37:31.4866146+00:00" testType="13cdc9d9-ddb5-4fa4-a97d-d965ccfc6d4b" outcome="Passed" testListId="8c84fa94-04c1-424b-9868-57a2d4851a1d" relativeResultsDirectory="6e45b542-9bb2-4315-aa34-1f3a35753483" />
    <UnitTestResult executionId="45bc3358-40ce-4314-9c40-5410d23235dc" testId="92a85405-d94e-07f2-da73-1be838699f7a" testName="TheatreCenter.Tests.Services.ShowServiceMockTests.CreateAsync_ValidShow_ReturnsCreatedShow" computerName="bf0b694f947c" duration="00:00:00.0614795" startTime="2025-11-12T16:37:31.3786712+00:00" endTime="2025-11-12T16:37:31.4416243+00:00" testType="13cdc9d9-ddb5-4fa4-a97d-d965ccfc6d4b" outcome="Passed" testListId="8c84fa94-04c1-424b-9868-57a2d4851a1d" relativeResultsDirectory="45bc3358-40ce-4314-9c40-5410d23235dc" />
    <UnitTestResult executionId="9bb21bf4-5a58-4877-b647-5744e321000e" testId="fdbaee09-3a0f-9667-aba8-390d0309f492" testName="TheatreCenter.Tests.Services.ActorServiceMockTests.CreateActorAsync_ValidActor_ReturnsCreatedActor" computerName="bf0b694f947c" duration="00:00:00.0555388" startTime="2025-11-12T16:37:31.1583870+00:00" endTime="2025-11-12T16:37:31.2179058+00:00" testType="13cdc9d9-ddb5-4fa4-a97d-d965ccfc6d4b" outcome="Passed" testListId="8c84fa94-04c1-424b-9868-57a2d4851a1d" relativeResultsDirectory="9bb21bf4-5a58-4877-b647-5744e321000e" />
    <UnitTestResult executionId="33dd1278-5ca6-47b2-8887-617b89f39183" testId="bea14ba5-2e67-65d7-47cf-6874f2333ad2" testName="TheatreCenter.Tests.Repositories.ShowRepositoryTests.GetUpcomingShowsAsync_NoFutureShows_ReturnsEmpty" computerName="bf0b694f947c" duration="00:00:00.0082276" startTime="2025-11-12T16:37:33.9789275+00:00" endTime="2025-11-12T16:37:33.9839586+00:00" testType="13cdc9d9-ddb5-4fa4-a97d-d965ccfc6d4b" outcome="Passed" testListId="8c84fa94-04c1-424b-9868-57a2d4851a1d" relativeResultsDirectory="33dd1278-5ca6-47b2-8887-617b89f39183" />
[...]
    <TestEntry testId="339e9b95-9a6f-3d03-55eb-28f01f4bc578" executionId="8e8b7d1f-296b-4eea-bcb5-dab414d33a38" testListId="8c84fa94-04c1-424b-9868-57a2d4851a1d" />
    <TestEntry testId="7d5106e8-4cb5-cf67-ff04-ed30460172a7" executionId="4c5b476a-e233-4bc2-a132-b81fcbbd3fea" testListId="8c84fa94-04c1-424b-9868-57a2d4851a1d" />
    <TestEntry testId="1fb84e21-04ce-18b3-36b2-821ac1df65c8" executionId="153f0cc3-394f-4cfd-8730-206cbd51281f" testListId="8c84fa94-04c1-424b-9868-57a2d4851a1d" />
    <TestEntry testId="37f72e01-87f2-0841-5a78-109ca34c6b87" executionId="dae4b6d4-05b3-475a-ba16-4eb96a1a1d1c" testListId="8c84fa94-04c1-424b-9868-57a2d4851a1d" />
    <TestEntry testId="f1b1383d-6e37-1b11-2097-913c6ddda414" executionId="eeac0d91-6ae2-4990-81d7-d90628f22344" testListId="8c84fa94-04c1-424b-9868-57a2d4851a1d" />
    <TestEntry testId="4c991c94-6cc1-df16-3802-de8e952cbf67" executionId="0d5d7c56-5f6d-4c7d-896c-f6acb3c99df5" testListId="8c84fa94-04c1-424b-9868-57a2d4851a1d" />
    <TestEntry testId="8962620f-60dd-a1e9-1a5d-fe904edd8141" executionId="7cfcddd3-d328-431a-9323-271d455bf183" testListId="8c84fa94-04c1-424b-9868-57a2d4851a1d" />
    <TestEntry testId="7cb21dcc-1369-98b9-8886-29960671bbfe" executionId="7f39f23a-39ad-499e-80da-9cd2f75100f7" testListId="8c84fa94-04c1-424b-9868-57a2d4851a1d" />
    <TestEntry testId="257fe9b5-212e-fee6-d430-e009eeeabe89" executionId="0587c3c2-0f03-4c42-9dcc-ff94a05aec7b" testListId="8c84fa94-04c1-424b-9868-57a2d4851a1d" />
    <TestEntry testId="f52cc6be-b3a3-f2e6-ac40-23d2ed0f3434" executionId="1c426c0b-713e-4270-9f1c-1de1250edf9d" testListId="8c84fa94-04c1-424b-9868-57a2d4851a1d" />
    <TestEntry testId="d8d89b69-7050-a249-6f01-1976c8460a01" executionId="12bd830c-604d-4183-8c55-0948efd0373e" testListId="8c84fa94-04c1-424b-9868-57a2d4851a1d" />
    <TestEntry testId="ff3648e1-b7d7-ff7d-bbd3-bf4e67543aa1" executionId="e45a2b32-0d35-482e-8229-ab23d0967451" testListId="8c84fa94-04c1-424b-9868-57a2d4851a1d" />
    <TestEntry testId="252c3add-6d6c-3c95-1f3f-a643569a60da" executionId="7eca2f03-ea8d-4e1a-842c-4c311d6720ba" testListId="8c84fa94-04c1-424b-9868-57a2d4851a1d" />
    <TestEntry testId="6bed8b59-a40f-883e-7efa-2d441d4ff52b" executionId="23a05906-68c3-4ff7-85e3-1c1c89f2d3a4" testListId="8c84fa94-04c1-424b-9868-57a2d4851a1d" />
    <TestEntry testId="e5b82b09-2bc8-85c8-d5ab-0a53f1e7b284" executionId="11a87a57-498b-4fc1-9e9e-f0a06d893a4b" testListId="8c84fa94-04c1-424b-9868-57a2d4851a1d" />
    <TestEntry testId="4fee6ddd-eccd-e4c5-66dd-92a1dfa6facd" executionId="471d8718-1bb5-48f6-92ac-58c8cf18d802" testListId="8c84fa94-04c1-424b-9868-57a2d4851a1d" />
    <TestEntry testId="06abd993-f418-8dea-4e1a-b8bffb3f2dc6" executionId="ae0a6ed7-1e45-45cf-b223-df38cea4a2c0" testListId="8c84fa94-04c1-424b-9868-57a2d4851a1d" />
    <TestEntry testId="99bb59da-346d-74b7-97c8-ea7d16bcb9a6" executionId="76e1ce50-b6f9-43ff-8a32-b630b57034cc" testListId="8c84fa94-04c1-424b-9868-57a2d4851a1d" />
    <TestEntry testId="54eef5c9-0630-c0c6-2486-f946389abd9a" executionId="d1975099-8091-4687-9400-211fe201af9e" testListId="8c84fa94-04c1-424b-9868-57a2d4851a1d" />
    <TestEntry testId="2153b0a8-de38-41d5-1751-88345f65dc84" executionId="278fb8a8-091f-428a-b4d5-533ebc627f8e" testListId="8c84fa94-04c1-424b-9868-57a2d4851a1d" />
    <TestEntry testId="bfd93530-6cfa-8e64-b9d3-40c161dd1c39" executionId="4c3578d6-e83d-4a31-a7b6-104b9b323b75" testListId="8c84fa94-04c1-424b-9868-57a2d4851a1d" />
    <TestEntry testId="b1cfb503-c7ac-de4b-1178-d14e38f7afb8" executionId="58792f11-261d-4364-9310-6999af686f36" testListId="8c84fa94-04c1-424b-9868-57a2d4851a1d" />
    <TestEntry testId="f1b2ac44-ad81-3cf6-85cd-dc94fae680a4" executionId="d8935ebb-6282-4b28-9cdf-37ab061d1262" testListId="8c84fa94-04c1-424b-9868-57a2d4851a1d" />
    <TestEntry testId="ab36c658-d099-535d-d48e-357d1b6b03c4" executionId="50525b75-0614-467f-8a52-07d863f4f914" testListId="8c84fa94-04c1-424b-9868-57a2d4851a1d" />
    <TestEntry testId="fe3d6643-cf08-339c-eb18-a0bc9e5129f5" executionId="b491017a-2fd9-4d6f-b759-fe64f25f6092" testListId="8c84fa94-04c1-424b-9868-57a2d4851a1d" />
    <TestEntry testId="d995ebad-1463-0988-7b5d-464e8a788d39" executionId="b1ed3d23-3a86-4ad3-86bb-3818c92ea9c5" testListId="8c84fa94-04c1-424b-9868-57a2d4851a1d" />
    <TestEntry testId="b932e756-d6a8-25fc-fe3f-d8f47cbb9599" executionId="50a060ef-b6aa-4111-9c62-748202118f29" testListId="8c84fa94-04c1-424b-9868-57a2d4851a1d" />
    <TestEntry testId="eb500613-4642-12af-b199-52fb4e466e7f" executionId="4610a486-3e86-4d86-817e-811a7fcdc0a0" testListId="8c84fa94-04c1-424b-9868-57a2d4851a1d" />
    <TestEntry testId="19e97e1b-7694-26e4-d6ba-0c487b86c169" executionId="42139592-b671-4239-bd18-1832ef5caca0" testListId="8c84fa94-04c1-424b-9868-57a2d4851a1d" />
    <TestEntry testId="31203775-f63a-6b4d-f6c3-edc8ec852d7f" executionId="9905bed0-c0f1-47a1-a434-5d2e4944e8d3" testListId="8c84fa94-04c1-424b-9868-57a2d4851a1d" />
    <TestEntry testId="5594ae73-18d7-6a31-1eef-e5cefd03c317" executionId="5871c6fa-dd49-431e-b835-cf64d1ecd120" testListId="8c84fa94-04c1-424b-9868-57a2d4851a1d" />
    <TestEntry testId="15cddb2d-7b0b-4675-a329-f2affee8cce9" executionId="83aaf927-33d2-4b1d-89ad-5bef2efb78bb" testListId="8c84fa94-04c1-424b-9868-57a2d4851a1d" />
    <TestEntry testId="741bd98c-3d1e-becd-486b-e2cb0b74d552" executionId="e0521afa-7c66-477d-b8c0-93a1ed2ca3a1" testListId="8c84fa94-04c1-424b-9868-57a2d4851a1d" />
    <TestEntry testId="7d26e4ce-e826-711b-a0b6-b2e469ba376f" executionId="e4681bff-a7df-4aea-a9a4-fd5b25bff280" testListId="8c84fa94-04c1-424b-9868-57a2d4851a1d" />
    <TestEntry testId="7c0e6e0c-5ac5-7f0d-ba2f-19dced97aeba" executionId="01d2fd8e-74f4-4b37-9805-5d2cbcf023d2" testListId="8c84fa94-04c1-424b-9868-57a2d4851a1d" />
    <TestEntry testId="2723228c-42b2-29c9-f096-15f5194bdaf0" executionId="48e3ed73-c045-475d-b404-a9ea8b594dd6" testListId="8c84fa94-04c1-424b-9868-57a2d4851a1d" />
    <TestEntry testId="d596f806-f9e4-ffbe-00a7-b2440d249e06" executionId="fb1a76e3-d42c-419e-b6ff-c7f3f49c90c0" testListId="8c84fa94-04c1-424b-9868-57a2d4851a1d" />
    <TestEntry testId="497554aa-612d-5398-6ac1-cb26e4bbadd4" executionId="d9a44ab0-b4e9-442a-baa6-74a0787f72cb" testListId="8c84fa94-04c1-424b-9868-57a2d4851a1d" />
    <TestEntry testId="29d440f4-948e-3d0e-18b8-3c100770154f" executionId="eb819c1f-cbcf-4fd3-b4d8-881b2ab97fbf" testListId="8c84fa94-04c1-424b-9868-57a2d4851a1d" />
    <TestEntry testId="c71190c3-ff05-7136-2577-49728e0c07ae" executionId="2fe01247-d20a-4314-9ff5-b60a29d9eba4" testListId="8c84fa94-04c1-424b-9868-57a2d4851a1d" />
    <TestEntry testId="5871b081-e878-206e-4f2a-bff54bc1777d" executionId="25e772d5-82a0-4e8b-b018-bfb33f293c3e" testListId="8c84fa94-04c1-424b-9868-57a2d4851a1d" />
    <TestEntry testId="b51a149f-a9a0-6fdf-a3f1-3c07f90aa226" executionId="b7dfe433-a6a4-4c3f-b95a-730a3bcf5c75" testListId="8c84fa94-04c1-424b-9868-57a2d4851a1d" />
    <TestEntry testId="22c631fd-5f89-b2ab-7732-ba58e3b80ef3" executionId="6345022b-79b7-4814-8b4f-693df1528f8a" testListId="8c84fa94-04c1-424b-9868-57a2d4851a1d" />
    <TestEntry testId="4dfd5655-d529-57b3-c01f-8523dc94c45f" executionId="d3b10ff1-2135-4a42-9031-15a919047cf0" testListId="8c84fa94-04c1-424b-9868-57a2d4851a1d" />
    <TestEntry testId="38f5d702-6155-2576-7a18-740ca568ad74" executionId="d400bbea-2c40-4823-a51e-1ba1339be83a" testListId="8c84fa94-04c1-424b-9868-57a2d4851a1d" />
    <TestEntry testId="d1afd484-a074-a70f-c988-e34b61c51af2" executionId="c8f6b90d-c9c8-410c-b45e-afdf83aeb7ff" testListId="8c84fa94-04c1-424b-9868-57a2d4851a1d" />
    <TestEntry testId="59da4877-9243-7481-6d49-a8167204c60e" executionId="8df5ba00-e483-4ad7-a895-2c88a1bd59ec" testListId="8c84fa94-04c1-424b-9868-57a2d4851a1d" />
    <TestEntry testId="36325ef4-daab-b66d-1339-80f5de4b165f" executionId="5a09d201-0e82-4dd9-be76-e372ddba35e1" testListId="8c84fa94-04c1-424b-9868-57a2d4851a1d" />
    <TestEntry testId="183967ff-0601-b179-91bf-f2128edf8ea7" executionId="976e9bce-0753-47b0-b630-e4a33a51d7da" testListId="8c84fa94-04c1-424b-9868-57a2d4851a1d" />
    <TestEntry testId="c7b1e48d-4f56-3270-d3d6-2ebf0ef93173" executionId="6b53583c-47f6-452c-b5b9-a819b1d6937b" testListId="8c84fa94-04c1-424b-9868-57a2d4851a1d" />
    <TestEntry testId="f4f300e4-6604-d64e-5cc5-515386c5492b" executionId="9b1647ab-915e-44b8-87ea-52b9f5812392" testListId="8c84fa94-04c1-424b-9868-57a2d4851a1d" />
    <TestEntry testId="84e598f1-07d8-a820-27c6-b01eb283f140" executionId="f24f720a-e38e-48ba-88fc-2f94bc38a0c5" testListId="8c84fa94-04c1-424b-9868-57a2d4851a1d" />
    <TestEntry testId="130dade6-16f8-2655-676a-1a94e4cbcacd" executionId="8aca845c-ac1b-413c-a0b3-139dd32d4a0c" testListId="8c84fa94-04c1-424b-9868-57a2d4851a1d" />
    <TestEntry testId="98ffa484-479c-02ec-225f-b4fb028b936e" executionId="9555c617-506c-4332-a89c-de9651adcfa2" testListId="8c84fa94-04c1-424b-9868-57a2d4851a1d" />
    <TestEntry testId="91e77d45-bf47-58d1-791b-2aaf95efa374" executionId="3d586723-10c8-4f28-ac25-3f0ca9f6ebb6" testListId="8c84fa94-04c1-424b-9868-57a2d4851a1d" />
    <TestEntry testId="6cd2bad4-b9b9-93d6-8720-c0c8f2226cb0" executionId="2c876587-b282-47c6-9400-a89ce07ad800" testListId="8c84fa94-04c1-424b-9868-57a2d4851a1d" />
    <TestEntry testId="9c9524a8-854f-4364-a0a3-e10ba8d1c19d" executionId="d229971a-f93f-4888-8c63-8675f0bffd75" testListId="8c84fa94-04c1-424b-9868-57a2d4851a1d" />
    <TestEntry testId="02cf2ee9-cc7c-4e26-c4f4-dfa7cac88451" executionId="c6d28c18-f1c4-4b89-8329-ba02229ea3a3" testListId="8c84fa94-04c1-424b-9868-57a2d4851a1d" />
    <TestEntry testId="1930936c-3d1d-e5b6-35e6-305c91e29d37" executionId="f3aa07b5-c0e7-41bb-93de-9cf789f2cadc" testListId="8c84fa94-04c1-424b-9868-57a2d4851a1d" />
    <TestEntry testId="47b9cc41-1586-ea85-1b67-97f3dc12c859" executionId="259cf777-5fa2-4ee5-9765-c0f24cf06098" testListId="8c84fa94-04c1-424b-9868-57a2d4851a1d" />
    <TestEntry testId="87645369-6d38-aa66-0d49-dee7716ad007" executionId="6e45b542-9bb2-4315-aa34-1f3a35753483" testListId="8c84fa94-04c1-424b-9868-57a2d4851a1d" />
    <TestEntry testId="92a85405-d94e-07f2-da73-1be838699f7a" executionId="45bc3358-40ce-4314-9c40-5410d23235dc" testListId="8c84fa94-04c1-424b-9868-57a2d4851a1d" />
    <TestEntry testId="fdbaee09-3a0f-9667-aba8-390d0309f492" executionId="9bb21bf4-5a58-4877-b647-5744e321000e" testListId="8c84fa94-04c1-424b-9868-57a2d4851a1d" />
    <TestEntry testId="bea14ba5-2e67-65d7-47cf-6874f2333ad2" executionId="33dd1278-5ca6-47b2-8887-617b89f39183" testListId="8c84fa94-04c1-424b-9868-57a2d4851a1d" />
    <TestEntry testId="96555bea-b4c7-3573-d333-74ff99a10557" executionId="88ac7f23-e3c3-4cc5-bfb6-d3e3e677b7a9" testListId="8c84fa94-04c1-424b-9868-57a2d4851a1d" />
    <TestEntry testId="d11470df-1e41-0fce-432d-720824e12271" executionId="3a31fa4e-8cf0-4b1e-81e5-7772c232c850" testListId="8c84fa94-04c1-424b-9868-57a2d4851a1d" />
    <TestEntry testId="2078354a-9bbe-d0bf-653a-96b0c474a412" executionId="deebb28f-3d0d-4467-8060-546bd904b926" testListId="8c84fa94-04c1-424b-9868-57a2d4851a1d" />
    <TestEntry testId="58ca7e48-608e-01ce-1f20-6e77222d3b30" executionId="15e2a603-e800-4a57-87af-75e9bc6d1c30" testListId="8c84fa94-04c1-424b-9868-57a2d4851a1d" />
    <TestEntry testId="f67b3a3d-0778-706b-3b98-0d430d3565e0" executionId="77ae248f-d0c6-4716-ac5c-435f91fad571" testListId="8c84fa94-04c1-424b-9868-57a2d4851a1d" />
    <TestEntry testId="964bf5a3-3eeb-a499-37fe-9fcb4223698f" executionId="1a55d8e8-2f73-4523-b84c-6ca879f8c2b5" testListId="8c84fa94-04c1-424b-9868-57a2d4851a1d" />
    <TestEntry testId="8c49e42d-ede8-3c1b-14e7-e961aaf98fcb" executionId="8d1b2900-a2d2-4f34-b973-e98bc54a72b4" testListId="8c84fa94-04c1-424b-9868-57a2d4851a1d" />
    <TestEntry testId="fb9f353c-6d12-02cf-d8a0-7bca03c75f32" executionId="a5d7c755-9f82-42c7-a9e0-a8c614933ea8" testListId="8c84fa94-04c1-424b-9868-57a2d4851a1d" />
    <TestEntry testId="9ba8027d-81a9-fe72-0e89-2f0911322859" executionId="7869ed24-1dcc-4800-8b56-6e5a4e8a338b" testListId="8c84fa94-04c1-424b-9868-57a2d4851a1d" />
    <TestEntry testId="973141f5-9849-0bb9-ede0-151f115dd471" executionId="c71289e8-e468-4d1e-883f-a37d9be6c2a0" testListId="8c84fa94-04c1-424b-9868-57a2d4851a1d" />
    <TestEntry testId="e7847343-6a51-43d5-2106-5f48391d6c5f" executionId="12275e98-24ec-49a9-b18e-0f99ab0dbad7" testListId="8c84fa94-04c1-424b-9868-57a2d4851a1d" />
    <TestEntry testId="8e6d9fe6-a401-bff1-271b-b88c92b2606c" executionId="0edc05f2-2931-4020-9c5f-daf18bf6e9ca" testListId="8c84fa94-04c1-424b-9868-57a2d4851a1d" />
    <TestEntry testId="f04df164-cc9d-da24-65ed-d9d3667e5dcb" executionId="0ec633cf-26c9-4d7b-949a-8809638c6f1e" testListId="8c84fa94-04c1-424b-9868-57a2d4851a1d" />
    <TestEntry testId="d86b6472-26f5-816a-d159-2c1795e900ac" executionId="a8f1980b-37a9-45cf-97a3-9bf3b831cff0" testListId="8c84fa94-04c1-424b-9868-57a2d4851a1d" />
    <TestEntry testId="50885ab8-c951-b4a0-9cd7-4c2042151255" executionId="5664c308-99d6-40ba-9699-817d5a2605f0" testListId="8c84fa94-04c1-424b-9868-57a2d4851a1d" />
    <TestEntry testId="25ba74fb-ac32-bdfa-b99b-357c8975c669" executionId="42276d98-a0a5-40b3-a397-91a0d33ac5d0" testListId="8c84fa94-04c1-424b-9868-57a2d4851a1d" />
    <TestEntry testId="d9489141-fb80-ffcd-d4f7-1c43a05de285" executionId="88d9273c-1331-415a-bbcf-398c4162a22f" testListId="8c84fa94-04c1-424b-9868-57a2d4851a1d" />
    <TestEntry testId="44f99f58-248b-516d-8dcb-36703b17dea5" executionId="f9dc4387-2db5-4dc7-bf56-7d1bca8ce7e9" testListId="8c84fa94-04c1-424b-9868-57a2d4851a1d" />
    <TestEntry testId="d639e037-d8c4-cd31-af6c-cbb237639cd0" executionId="85c3aa1c-83be-4758-be71-2b69c45cd43f" testListId="8c84fa94-04c1-424b-9868-57a2d4851a1d" />
    <TestEntry testId="b5820dd9-79ef-d2d2-dd17-a7fd903004f1" executionId="9fec85cd-94eb-4bd0-8737-44473584a9c9" testListId="8c84fa94-04c1-424b-9868-57a2d4851a1d" />
    <TestEntry testId="ef18fd4f-bbef-447c-c0ad-4cd022f92d7f" executionId="3737a228-c390-4910-b038-796fb0196657" testListId="8c84fa94-04c1-424b-9868-57a2d4851a1d" />
    <TestEntry testId="1446828a-dca2-b7ee-1b73-190e45e6849f" executionId="45736657-e8d0-49f8-9f23-d09a3ca35759" testListId="8c84fa94-04c1-424b-9868-57a2d4851a1d" />
    <TestEntry testId="29dfe63a-b794-ae5f-7410-d76f1f4a1438" executionId="19ab5b06-1d8a-4baf-9ea5-4c1dfb0bfcb2" testListId="8c84fa94-04c1-424b-9868-57a2d4851a1d" />
    <TestEntry testId="7b28f451-0bea-ace6-8cfc-c08c82550386" executionId="6891f26f-2309-428d-8e88-0acb76eeb597" testListId="8c84fa94-04c1-424b-9868-57a2d4851a1d" />
    <TestEntry testId="1fd587b5-9eb2-e437-1b2c-e2ea828e88e0" executionId="7a558d02-1e72-4570-b017-105b564c34d6" testListId="8c84fa94-04c1-424b-9868-57a2d4851a1d" />
    <TestEntry testId="336ec73b-d886-f8a5-8d1b-4d4b8a5a1871" executionId="0632836a-4b5c-4a4c-b68f-9eb0aeca074b" testListId="8c84fa94-04c1-424b-9868-57a2d4851a1d" />
    <TestEntry testId="632908aa-89fa-99fe-c438-da1fbb6889e5" executionId="1429c840-7ce3-480d-aa01-b674aa7ef788" testListId="8c84fa94-04c1-424b-9868-57a2d4851a1d" />
    <TestEntry testId="2bd04e49-e56f-94a6-f1e5-6e0b8f88a1ae" executionId="9306b143-f4a0-4bf3-9275-05dfefacccb2" testListId="8c84fa94-04c1-424b-9868-57a2d4851a1d" />
    <TestEntry testId="72916445-774c-45d0-ac00-049e892b0888" executionId="2bb6a154-c9d2-4452-ba5e-58a5cc80e4b7" testListId="8c84fa94-04c1-424b-9868-57a2d4851a1d" />
    <TestEntry testId="148d5faa-418d-a235-574b-993b7187f08f" executionId="817d8ae5-e975-4fb1-b2fb-5336b3517a19" testListId="8c84fa94-04c1-424b-9868-57a2d4851a1d" />
    <TestEntry testId="c840e931-3763-7243-6256-c5229ee25766" executionId="88f7201e-e3cc-4dbb-a960-d92632ea27cb" testListId="8c84fa94-04c1-424b-9868-57a2d4851a1d" />
    <TestEntry testId="648606a5-fc5a-7653-8c7f-f61369336063" executionId="ca6a86af-335b-4182-b7ef-e4b45527bcbb" testListId="8c84fa94-04c1-424b-9868-57a2d4851a1d" />
    <TestEntry testId="33c4f3cd-f576-3c4b-da74-91f01323fe8b" executionId="25a71b50-11f4-4c6d-ba79-5eeb84c292ea" testListId="8c84fa94-04c1-424b-9868-57a2d4851a1d" />
    <TestEntry testId="19ea3626-006f-f784-dcd1-9e21f00b22f3" executionId="959ddb1d-e97b-4bfa-ba93-e05fd2be9bfd" testListId="8c84fa94-04c1-424b-9868-57a2d4851a1d" />
    <TestEntry testId="12b5228f-41a4-b71b-e041-50249e689bdc" executionId="792bead1-6d86-46a3-9663-9e32b7e2045b" testListId="8c84fa94-04c1-424b-9868-57a2d4851a1d" />
    <TestEntry testId="17d26306-7a32-f555-2324-bc079b29e821" executionId="10b58a60-ad50-4dc7-8d35-be582d205dde" testListId="8c84fa94-04c1-424b-9868-57a2d4851a1d" />
    <TestEntry testId="29db070a-116a-d87c-ebce-19a3b9a8e79e" executionId="e8ef0795-8c65-4a39-ba82-96f2a992d0f2" testListId="8c84fa94-04c1-424b-9868-57a2d4851a1d" />
    <TestEntry testId="c360e3a9-bd8d-0ad1-7a94-97c967c6a452" executionId="b2a31512-c415-4d9d-b7c5-de095191f72b" testListId="8c84fa94-04c1-424b-9868-57a2d4851a1d" />
    <TestEntry testId="80aa0beb-ec46-5470-1481-3b2b057bcf54" executionId="016d0e05-35fb-4b68-85c5-6a1f564bfd80" testListId="8c84fa94-04c1-424b-9868-57a2d4851a1d" />
    <TestEntry testId="e336112b-2ed5-5b2b-fd61-8809eb8a10cf" executionId="2d11e78d-caef-40c9-9fd7-4885054c6462" testListId="8c84fa94-04c1-424b-9868-57a2d4851a1d" />
    <TestEntry testId="1e98df6f-2ab0-f889-eb24-be2f715a54d9" executionId="16e29119-8dea-47be-9e53-a7bd57796a97" testListId="8c84fa94-04c1-424b-9868-57a2d4851a1d" />
    <TestEntry testId="887e68b3-c4fe-8b55-8859-c5b189eee0f6" executionId="ecf8270e-9def-4ebf-a890-e23e3afe8516" testListId="8c84fa94-04c1-424b-9868-57a2d4851a1d" />
    <TestEntry testId="7769fef5-fc97-2ccc-77cb-8b314b903fbc" executionId="9545968c-7d58-474d-ae73-7592536a0350" testListId="8c84fa94-04c1-424b-9868-57a2d4851a1d" />
    <TestEntry testId="c5bb147c-877c-6b3e-6e23-2c006512103f" executionId="a709e662-4e94-47d0-84be-c6449d8464be" testListId="8c84fa94-04c1-424b-9868-57a2d4851a1d" />
    <TestEntry testId="715b13ac-f729-a6bb-ad9b-e04d31531cf9" executionId="c22d6964-a615-46f5-9381-78a6b1d15f6f" testListId="8c84fa94-04c1-424b-9868-57a2d4851a1d" />
    <TestEntry testId="2fb6c21a-3da5-9c3f-cf91-943dad0722b2" executionId="d6e7e802-aa2a-4684-b28c-ce9381d4be89" testListId="8c84fa94-04c1-424b-9868-57a2d4851a1d" />
    <TestEntry testId="145866a6-1e3c-02d6-cd92-dda8804ee470" executionId="a5c57e6f-1b45-4c90-adfc-c2e30dd21e29" testListId="8c84fa94-04c1-424b-9868-57a2d4851a1d" />
  </TestEntries>
  <TestLists>
    <TestList name="Results Not in a List" id="8c84fa94-04c1-424b-9868-57a2d4851a1d" />
    <TestList name="All Loaded Results" id="19431567-8539-422a-85d7-44ee4e166bda" />
  </TestLists>
  <ResultSummary outcome="Completed">
    <Counters total="188" executed="188" passed="188" failed="0" error="0" timeout="0" aborted="0" inconclusive="0" passedButRunAborted="0" notRunnable="0" notExecuted="0" disconnected="0" warning="0" completed="0" inProgress="0" pending="0" />
    <Output>
      <StdOut>[xUnit.net 00:00:00.00] xUnit.net VSTest Adapter v3.1.5+1b188a7b0a (64-bit .NET 8.0.22)
[xUnit.net 00:00:00.32]   Discovering: TheatreCenter.UnitTests
[xUnit.net 00:00:00.62]   Discovered:  TheatreCenter.UnitTests
[xUnit.net 00:00:00.82]   Starting:    TheatreCenter.UnitTests
     Warning:
     The component "Fluent Assertions" is governed by the rules defined in the Xceed License Agreement and
     the Xceed Fluent Assertions Community License. You may use Fluent Assertions free of charge for
     non-commercial use only. An active subscription is required to use Fluent Assertions for commercial use.
     Please contact Xceed Sales mailto:sales@xceed.com to acquire a subscription at a very low cost.
     A paid commercial license supports the development and continued increasing support of
     Fluent Assertions users under both commercial and community licenses. Help us
     keep Fluent Assertions at the forefront of unit testing.
     For more information, visit https://xceed.com/products/unit-testing/fluent-assertions/
[xUnit.net 00:00:11.53]   Finished:    TheatreCenter.UnitTests
</StdOut>
    </Output>
  </ResultSummary>
</TestRun>